<?xml version="1.0" encoding="UTF-8"?>
<coverage generated="1787204536200" clover="3.2.0">
  <project timestamp="1787204536201" name="All files">
    <metrics statements="7102" coveredstatements="17" conditionals="5383" coveredconditionals="0" methods="746" coveredmethods="1" elements="13231" coveredelements="18" complexity="0" loc="7102" ncloc="7102" packages="9" files="51" classes="51"/>
    <package name="API">
      <metrics statements="2896" coveredstatements="0" conditionals="2373" coveredconditionals="0" methods="278" coveredmethods="0"/>
      <file name="index.cjs" path="F:\GITHUB\FintechBankApp\API\index.cjs">
        <metrics statements="2896" coveredstatements="0" conditionals="2373" coveredconditionals="0" methods="278" coveredmethods="0"/>
        <line num="1" count="0" type="stmt"/>
        <line num="2" count="0" type="stmt"/>
        <line num="4" count="0" type="cond" truecount="0" falsecount="2"/>
        <line num="6" count="0" type="stmt"/>
        <line num="7" count="0" type="stmt"/>
        <line num="10" count="0" type="stmt"/>
        <line num="20" count="0" type="cond" truecount="0" falsecount="2"/>
        <line num="22" count="0" type="stmt"/>
        <line num="23" count="0" type="stmt"/>
        <line num="24" count="0" type="stmt"/>
        <line num="25" count="0" type="stmt"/>
        <line num="27" count="0" type="stmt"/>
        <line num="28" count="0" type="stmt"/>
        <line num="29" count="0" type="stmt"/>
        <line num="30" count="0" type="stmt"/>
        <line num="31" count="0" type="stmt"/>
        <line num="33" count="0" type="stmt"/>
        <line num="34" count="0" type="stmt"/>
        <line num="35" count="0" type="stmt"/>
        <line num="36" count="0" type="stmt"/>
        <line num="37" count="0" type="stmt"/>
        <line num="40" count="0" type="stmt"/>
        <line num="41" count="0" type="stmt"/>
        <line num="42" count="0" type="stmt"/>
        <line num="43" count="0" type="stmt"/>
        <line num="44" count="0" type="stmt"/>
        <line num="45" count="0" type="stmt"/>
        <line num="46" count="0" type="stmt"/>
        <line num="47" count="0" type="stmt"/>
        <line num="48" count="0" type="stmt"/>
        <line num="49" count="0" type="stmt"/>
        <line num="50" count="0" type="stmt"/>
        <line num="51" count="0" type="stmt"/>
        <line num="56" count="0" type="stmt"/>
        <line num="57" count="0" type="cond" truecount="0" falsecount="2"/>
        <line num="58" count="0" type="cond" truecount="0" falsecount="2"/>
        <line num="59" count="0" type="cond" truecount="0" falsecount="2"/>
        <line num="60" count="0" type="cond" truecount="0" falsecount="2"/>
        <line num="61" count="0" type="stmt"/>
        <line num="62" count="0" type="stmt"/>
        <line num="82" count="0" type="stmt"/>
        <line num="83" count="0" type="cond" truecount="0" falsecount="2"/>
        <line num="84" count="0" type="cond" truecount="0" falsecount="2"/>
        <line num="85" count="0" type="cond" truecount="0" falsecount="2"/>
        <line num="86" count="0" type="stmt"/>
        <line num="87" count="0" type="stmt"/>
        <line num="88" count="0" type="cond" truecount="0" falsecount="4"/>
        <line num="89" count="0" type="cond" truecount="0" falsecount="4"/>
        <line num="92" count="0" type="stmt"/>
        <line num="93" count="0" type="stmt"/>
        <line num="94" count="0" type="cond" truecount="0" falsecount="4"/>
        <line num="95" count="0" type="cond" truecount="0" falsecount="4"/>
        <line num="96" count="0" type="stmt"/>
        <line num="97" count="0" type="cond" truecount="0" falsecount="2"/>
        <line num="98" count="0" type="cond" truecount="0" falsecount="4"/>
        <line num="100" count="0" type="cond" truecount="0" falsecount="2"/>
        <line num="101" count="0" type="cond" truecount="0" falsecount="2"/>
        <line num="103" count="0" type="cond" truecount="0" falsecount="2"/>
        <line num="104" count="0" type="stmt"/>
        <line num="105" count="0" type="cond" truecount="0" falsecount="2"/>
        <line num="106" count="0" type="stmt"/>
        <line num="108" count="0" type="cond" truecount="0" falsecount="2"/>
        <line num="111" count="0" type="stmt"/>
        <line num="112" count="0" type="stmt"/>
        <line num="113" count="0" type="stmt"/>
        <line num="114" count="0" type="cond" truecount="0" falsecount="4"/>
        <line num="116" count="0" type="stmt"/>
        <line num="119" count="0" type="stmt"/>
        <line num="123" count="0" type="stmt"/>
        <line num="124" count="0" type="stmt"/>
        <line num="125" count="0" type="cond" truecount="0" falsecount="2"/>
        <line num="129" count="0" type="stmt"/>
        <line num="137" count="0" type="stmt"/>
        <line num="138" count="0" type="stmt"/>
        <line num="139" count="0" type="stmt"/>
        <line num="140" count="0" type="stmt"/>
        <line num="141" count="0" type="cond" truecount="0" falsecount="4"/>
        <line num="142" count="0" type="stmt"/>
        <line num="143" count="0" type="stmt"/>
        <line num="144" count="0" type="cond" truecount="0" falsecount="6"/>
        <line num="145" count="0" type="cond" truecount="0" falsecount="6"/>
        <line num="146" count="0" type="cond" truecount="0" falsecount="2"/>
        <line num="150" count="0" type="stmt"/>
        <line num="157" count="0" type="stmt"/>
        <line num="158" count="0" type="stmt"/>
        <line num="160" count="0" type="cond" truecount="0" falsecount="2"/>
        <line num="163" count="0" type="stmt"/>
        <line num="164" count="0" type="stmt"/>
        <line num="165" count="0" type="stmt"/>
        <line num="166" count="0" type="stmt"/>
        <line num="167" count="0" type="stmt"/>
        <line num="168" count="0" type="stmt"/>
        <line num="169" count="0" type="stmt"/>
        <line num="170" count="0" type="stmt"/>
        <line num="171" count="0" type="stmt"/>
        <line num="172" count="0" type="stmt"/>
        <line num="173" count="0" type="stmt"/>
        <line num="174" count="0" type="stmt"/>
        <line num="175" count="0" type="stmt"/>
        <line num="176" count="0" type="stmt"/>
        <line num="177" count="0" type="stmt"/>
        <line num="178" count="0" type="stmt"/>
        <line num="179" count="0" type="stmt"/>
        <line num="180" count="0" type="stmt"/>
        <line num="181" count="0" type="stmt"/>
        <line num="182" count="0" type="stmt"/>
        <line num="183" count="0" type="stmt"/>
        <line num="184" count="0" type="stmt"/>
        <line num="185" count="0" type="stmt"/>
        <line num="186" count="0" type="stmt"/>
        <line num="187" count="0" type="stmt"/>
        <line num="190" count="0" type="cond" truecount="0" falsecount="2"/>
        <line num="191" count="0" type="stmt"/>
        <line num="195" count="0" type="stmt"/>
        <line num="196" count="0" type="stmt"/>
        <line num="197" count="0" type="stmt"/>
        <line num="202" count="0" type="stmt"/>
        <line num="207" count="0" type="stmt"/>
        <line num="208" count="0" type="cond" truecount="0" falsecount="2"/>
        <line num="209" count="0" type="cond" truecount="0" falsecount="2"/>
        <line num="210" count="0" type="stmt"/>
        <line num="211" count="0" type="stmt"/>
        <line num="213" count="0" type="stmt"/>
        <line num="215" count="0" type="stmt"/>
        <line num="216" count="0" type="stmt"/>
        <line num="217" count="0" type="stmt"/>
        <line num="218" count="0" type="stmt"/>
        <line num="221" count="0" type="stmt"/>
        <line num="226" count="0" type="cond" truecount="0" falsecount="3"/>
        <line num="227" count="0" type="cond" truecount="0" falsecount="2"/>
        <line num="229" count="0" type="stmt"/>
        <line num="230" count="0" type="stmt"/>
        <line num="232" count="0" type="cond" truecount="0" falsecount="2"/>
        <line num="236" count="0" type="stmt"/>
        <line num="243" count="0" type="stmt"/>
        <line num="244" count="0" type="stmt"/>
        <line num="245" count="0" type="stmt"/>
        <line num="246" count="0" type="stmt"/>
        <line num="247" count="0" type="stmt"/>
        <line num="248" count="0" type="stmt"/>
        <line num="249" count="0" type="stmt"/>
        <line num="251" count="0" type="stmt"/>
        <line num="252" count="0" type="stmt"/>
        <line num="258" count="0" type="stmt"/>
        <line num="259" count="0" type="stmt"/>
        <line num="260" count="0" type="stmt"/>
        <line num="261" count="0" type="cond" truecount="0" falsecount="2"/>
        <line num="262" count="0" type="stmt"/>
        <line num="264" count="0" type="stmt"/>
        <line num="265" count="0" type="stmt"/>
        <line num="269" count="0" type="stmt"/>
        <line num="270" count="0" type="stmt"/>
        <line num="271" count="0" type="stmt"/>
        <line num="272" count="0" type="stmt"/>
        <line num="273" count="0" type="cond" truecount="0" falsecount="2"/>
        <line num="275" count="0" type="stmt"/>
        <line num="276" count="0" type="stmt"/>
        <line num="281" count="0" type="stmt"/>
        <line num="282" count="0" type="stmt"/>
        <line num="283" count="0" type="stmt"/>
        <line num="284" count="0" type="cond" truecount="0" falsecount="2"/>
        <line num="285" count="0" type="stmt"/>
        <line num="287" count="0" type="stmt"/>
        <line num="290" count="0" type="stmt"/>
        <line num="291" count="0" type="stmt"/>
        <line num="296" count="0" type="stmt"/>
        <line num="297" count="0" type="stmt"/>
        <line num="299" count="0" type="stmt"/>
        <line num="301" count="0" type="stmt"/>
        <line num="305" count="0" type="stmt"/>
        <line num="306" count="0" type="stmt"/>
        <line num="307" count="0" type="stmt"/>
        <line num="308" count="0" type="stmt"/>
        <line num="309" count="0" type="stmt"/>
        <line num="310" count="0" type="stmt"/>
        <line num="312" count="0" type="stmt"/>
        <line num="313" count="0" type="stmt"/>
        <line num="320" count="0" type="stmt"/>
        <line num="321" count="0" type="stmt"/>
        <line num="322" count="0" type="stmt"/>
        <line num="323" count="0" type="stmt"/>
        <line num="324" count="0" type="stmt"/>
        <line num="325" count="0" type="stmt"/>
        <line num="326" count="0" type="stmt"/>
        <line num="327" count="0" type="stmt"/>
        <line num="329" count="0" type="stmt"/>
        <line num="330" count="0" type="stmt"/>
        <line num="336" count="0" type="stmt"/>
        <line num="337" count="0" type="stmt"/>
        <line num="338" count="0" type="stmt"/>
        <line num="339" count="0" type="stmt"/>
        <line num="340" count="0" type="stmt"/>
        <line num="341" count="0" type="stmt"/>
        <line num="342" count="0" type="stmt"/>
        <line num="343" count="0" type="stmt"/>
        <line num="344" count="0" type="stmt"/>
        <line num="345" count="0" type="cond" truecount="0" falsecount="4"/>
        <line num="346" count="0" type="stmt"/>
        <line num="349" count="0" type="stmt"/>
        <line num="350" count="0" type="stmt"/>
        <line num="357" count="0" type="stmt"/>
        <line num="360" count="0" type="stmt"/>
        <line num="368" count="0" type="stmt"/>
        <line num="369" count="0" type="stmt"/>
        <line num="371" count="0" type="stmt"/>
        <line num="377" count="0" type="cond" truecount="0" falsecount="2"/>
        <line num="378" count="0" type="stmt"/>
        <line num="386" count="0" type="stmt"/>
        <line num="387" count="0" type="cond" truecount="0" falsecount="2"/>
        <line num="390" count="0" type="stmt"/>
        <line num="391" count="0" type="cond" truecount="0" falsecount="2"/>
        <line num="393" count="0" type="stmt"/>
        <line num="394" count="0" type="cond" truecount="0" falsecount="2"/>
        <line num="395" count="0" type="stmt"/>
        <line num="396" count="0" type="stmt"/>
        <line num="397" count="0" type="stmt"/>
        <line num="399" count="0" type="cond" truecount="0" falsecount="2"/>
        <line num="400" count="0" type="cond" truecount="0" falsecount="2"/>
        <line num="403" count="0" type="stmt"/>
        <line num="404" count="0" type="stmt"/>
        <line num="406" count="0" type="cond" truecount="0" falsecount="2"/>
        <line num="409" count="0" type="stmt"/>
        <line num="410" count="0" type="cond" truecount="0" falsecount="2"/>
        <line num="413" count="0" type="stmt"/>
        <line num="448" count="0" type="stmt"/>
        <line num="449" count="0" type="stmt"/>
        <line num="450" count="0" type="stmt"/>
        <line num="451" count="0" type="stmt"/>
        <line num="452" count="0" type="stmt"/>
        <line num="465" count="0" type="stmt"/>
        <line num="466" count="0" type="stmt"/>
        <line num="469" count="0" type="stmt"/>
        <line num="470" count="0" type="stmt"/>
        <line num="471" count="0" type="stmt"/>
        <line num="479" count="0" type="stmt"/>
        <line num="480" count="0" type="cond" truecount="0" falsecount="2"/>
        <line num="481" count="0" type="stmt"/>
        <line num="492" count="0" type="cond" truecount="0" falsecount="2"/>
        <line num="493" count="0" type="stmt"/>
        <line num="494" count="0" type="cond" truecount="0" falsecount="2"/>
        <line num="495" count="0" type="stmt"/>
        <line num="496" count="0" type="stmt"/>
        <line num="498" count="0" type="stmt"/>
        <line num="499" count="0" type="stmt"/>
        <line num="500" count="0" type="stmt"/>
        <line num="502" count="0" type="cond" truecount="0" falsecount="2"/>
        <line num="505" count="0" type="cond" truecount="0" falsecount="2"/>
        <line num="506" count="0" type="cond" truecount="0" falsecount="2"/>
        <line num="507" count="0" type="stmt"/>
        <line num="508" count="0" type="stmt"/>
        <line num="513" count="0" type="stmt"/>
        <line num="514" count="0" type="stmt"/>
        <line num="516" count="0" type="stmt"/>
        <line num="521" count="0" type="cond" truecount="0" falsecount="4"/>
        <line num="522" count="0" type="stmt"/>
        <line num="525" count="0" type="cond" truecount="0" falsecount="2"/>
        <line num="534" count="0" type="stmt"/>
        <line num="540" count="0" type="stmt"/>
        <line num="541" count="0" type="stmt"/>
        <line num="567" count="0" type="stmt"/>
        <line num="568" count="0" type="cond" truecount="0" falsecount="4"/>
        <line num="574" count="0" type="stmt"/>
        <line num="575" count="0" type="cond" truecount="0" falsecount="6"/>
        <line num="577" count="0" type="stmt"/>
        <line num="578" count="0" type="cond" truecount="0" falsecount="2"/>
        <line num="580" count="0" type="stmt"/>
        <line num="586" count="0" type="stmt"/>
        <line num="587" count="0" type="stmt"/>
        <line num="588" count="0" type="cond" truecount="0" falsecount="4"/>
        <line num="590" count="0" type="cond" truecount="0" falsecount="2"/>
        <line num="596" count="0" type="stmt"/>
        <line num="601" count="0" type="cond" truecount="0" falsecount="2"/>
        <line num="602" count="0" type="stmt"/>
        <line num="603" count="0" type="stmt"/>
        <line num="609" count="0" type="cond" truecount="0" falsecount="2"/>
        <line num="610" count="0" type="stmt"/>
        <line num="611" count="0" type="stmt"/>
        <line num="614" count="0" type="stmt"/>
        <line num="617" count="0" type="stmt"/>
        <line num="618" count="0" type="cond" truecount="0" falsecount="2"/>
        <line num="619" count="0" type="stmt"/>
        <line num="620" count="0" type="stmt"/>
        <line num="632" count="0" type="cond" truecount="0" falsecount="2"/>
        <line num="633" count="0" type="stmt"/>
        <line num="634" count="0" type="cond" truecount="0" falsecount="2"/>
        <line num="638" count="0" type="stmt"/>
        <line num="639" count="0" type="stmt"/>
        <line num="642" count="0" type="cond" truecount="0" falsecount="2"/>
        <line num="643" count="0" type="stmt"/>
        <line num="645" count="0" type="stmt"/>
        <line num="647" count="0" type="stmt"/>
        <line num="648" count="0" type="stmt"/>
        <line num="649" count="0" type="stmt"/>
        <line num="650" count="0" type="stmt"/>
        <line num="651" count="0" type="stmt"/>
        <line num="652" count="0" type="stmt"/>
        <line num="653" count="0" type="stmt"/>
        <line num="656" count="0" type="stmt"/>
        <line num="657" count="0" type="stmt"/>
        <line num="658" count="0" type="stmt"/>
        <line num="659" count="0" type="cond" truecount="0" falsecount="2"/>
        <line num="660" count="0" type="stmt"/>
        <line num="661" count="0" type="stmt"/>
        <line num="665" count="0" type="cond" truecount="0" falsecount="2"/>
        <line num="667" count="0" type="cond" truecount="0" falsecount="2"/>
        <line num="668" count="0" type="cond" truecount="0" falsecount="2"/>
        <line num="669" count="0" type="stmt"/>
        <line num="672" count="0" type="stmt"/>
        <line num="673" count="0" type="cond" truecount="0" falsecount="3"/>
        <line num="678" count="0" type="cond" truecount="0" falsecount="2"/>
        <line num="679" count="0" type="cond" truecount="0" falsecount="2"/>
        <line num="682" count="0" type="stmt"/>
        <line num="683" count="0" type="stmt"/>
        <line num="684" count="0" type="stmt"/>
        <line num="686" count="0" type="stmt"/>
        <line num="687" count="0" type="stmt"/>
        <line num="689" count="0" type="stmt"/>
        <line num="690" count="0" type="stmt"/>
        <line num="691" count="0" type="stmt"/>
        <line num="697" count="0" type="cond" truecount="0" falsecount="2"/>
        <line num="698" count="0" type="stmt"/>
        <line num="699" count="0" type="stmt"/>
        <line num="700" count="0" type="stmt"/>
        <line num="701" count="0" type="cond" truecount="0" falsecount="2"/>
        <line num="702" count="0" type="cond" truecount="0" falsecount="2"/>
        <line num="703" count="0" type="stmt"/>
        <line num="704" count="0" type="stmt"/>
        <line num="718" count="0" type="cond" truecount="0" falsecount="3"/>
        <line num="719" count="0" type="cond" truecount="0" falsecount="4"/>
        <line num="720" count="0" type="stmt"/>
        <line num="722" count="0" type="stmt"/>
        <line num="727" count="0" type="cond" truecount="0" falsecount="2"/>
        <line num="728" count="0" type="cond" truecount="0" falsecount="2"/>
        <line num="729" count="0" type="cond" truecount="0" falsecount="2"/>
        <line num="731" count="0" type="stmt"/>
        <line num="732" count="0" type="stmt"/>
        <line num="733" count="0" type="stmt"/>
        <line num="734" count="0" type="cond" truecount="0" falsecount="4"/>
        <line num="735" count="0" type="stmt"/>
        <line num="736" count="0" type="stmt"/>
        <line num="737" count="0" type="stmt"/>
        <line num="739" count="0" type="stmt"/>
        <line num="740" count="0" type="stmt"/>
        <line num="741" count="0" type="stmt"/>
        <line num="743" count="0" type="stmt"/>
        <line num="744" count="0" type="stmt"/>
        <line num="745" count="0" type="stmt"/>
        <line num="747" count="0" type="stmt"/>
        <line num="748" count="0" type="stmt"/>
        <line num="749" count="0" type="stmt"/>
        <line num="750" count="0" type="stmt"/>
        <line num="752" count="0" type="stmt"/>
        <line num="753" count="0" type="stmt"/>
        <line num="754" count="0" type="stmt"/>
        <line num="756" count="0" type="stmt"/>
        <line num="757" count="0" type="stmt"/>
        <line num="758" count="0" type="stmt"/>
        <line num="761" count="0" type="cond" truecount="0" falsecount="2"/>
        <line num="762" count="0" type="stmt"/>
        <line num="763" count="0" type="cond" truecount="0" falsecount="2"/>
        <line num="764" count="0" type="stmt"/>
        <line num="765" count="0" type="stmt"/>
        <line num="766" count="0" type="stmt"/>
        <line num="767" count="0" type="stmt"/>
        <line num="768" count="0" type="stmt"/>
        <line num="769" count="0" type="stmt"/>
        <line num="770" count="0" type="stmt"/>
        <line num="775" count="0" type="stmt"/>
        <line num="776" count="0" type="stmt"/>
        <line num="777" count="0" type="stmt"/>
        <line num="778" count="0" type="stmt"/>
        <line num="784" count="0" type="stmt"/>
        <line num="786" count="0" type="stmt"/>
        <line num="790" count="0" type="stmt"/>
        <line num="801" count="0" type="stmt"/>
        <line num="802" count="0" type="stmt"/>
        <line num="803" count="0" type="cond" truecount="0" falsecount="4"/>
        <line num="804" count="0" type="stmt"/>
        <line num="805" count="0" type="stmt"/>
        <line num="807" count="0" type="cond" truecount="0" falsecount="2"/>
        <line num="808" count="0" type="cond" truecount="0" falsecount="2"/>
        <line num="809" count="0" type="cond" truecount="0" falsecount="4"/>
        <line num="810" count="0" type="stmt"/>
        <line num="811" count="0" type="cond" truecount="0" falsecount="2"/>
        <line num="812" count="0" type="cond" truecount="0" falsecount="2"/>
        <line num="813" count="0" type="cond" truecount="0" falsecount="2"/>
        <line num="816" count="0" type="cond" truecount="0" falsecount="2"/>
        <line num="817" count="0" type="stmt"/>
        <line num="828" count="0" type="stmt"/>
        <line num="833" count="0" type="stmt"/>
        <line num="834" count="0" type="cond" truecount="0" falsecount="2"/>
        <line num="835" count="0" type="stmt"/>
        <line num="836" count="0" type="cond" truecount="0" falsecount="4"/>
        <line num="837" count="0" type="cond" truecount="0" falsecount="6"/>
        <line num="838" count="0" type="stmt"/>
        <line num="849" count="0" type="stmt"/>
        <line num="850" count="0" type="cond" truecount="0" falsecount="2"/>
        <line num="851" count="0" type="cond" truecount="0" falsecount="2"/>
        <line num="854" count="0" type="cond" truecount="0" falsecount="2"/>
        <line num="856" count="0" type="stmt"/>
        <line num="857" count="0" type="cond" truecount="0" falsecount="2"/>
        <line num="859" count="0" type="stmt"/>
        <line num="860" count="0" type="stmt"/>
        <line num="865" count="0" type="cond" truecount="0" falsecount="2"/>
        <line num="866" count="0" type="cond" truecount="0" falsecount="5"/>
        <line num="867" count="0" type="cond" truecount="0" falsecount="2"/>
        <line num="868" count="0" type="stmt"/>
        <line num="869" count="0" type="cond" truecount="0" falsecount="2"/>
        <line num="871" count="0" type="cond" truecount="0" falsecount="2"/>
        <line num="872" count="0" type="stmt"/>
        <line num="873" count="0" type="cond" truecount="0" falsecount="2"/>
        <line num="874" count="0" type="cond" truecount="0" falsecount="2"/>
        <line num="875" count="0" type="cond" truecount="0" falsecount="2"/>
        <line num="876" count="0" type="cond" truecount="0" falsecount="2"/>
        <line num="877" count="0" type="stmt"/>
        <line num="878" count="0" type="stmt"/>
        <line num="879" count="0" type="cond" truecount="0" falsecount="2"/>
        <line num="881" count="0" type="cond" truecount="0" falsecount="4"/>
        <line num="888" count="0" type="cond" truecount="0" falsecount="2"/>
        <line num="889" count="0" type="stmt"/>
        <line num="891" count="0" type="cond" truecount="0" falsecount="2"/>
        <line num="892" count="0" type="cond" truecount="0" falsecount="2"/>
        <line num="893" count="0" type="stmt"/>
        <line num="894" count="0" type="cond" truecount="0" falsecount="4"/>
        <line num="895" count="0" type="stmt"/>
        <line num="897" count="0" type="stmt"/>
        <line num="900" count="0" type="stmt"/>
        <line num="902" count="0" type="stmt"/>
        <line num="905" count="0" type="cond" truecount="0" falsecount="2"/>
        <line num="907" count="0" type="cond" truecount="0" falsecount="2"/>
        <line num="908" count="0" type="stmt"/>
        <line num="909" count="0" type="stmt"/>
        <line num="910" count="0" type="cond" truecount="0" falsecount="4"/>
        <line num="911" count="0" type="cond" truecount="0" falsecount="2"/>
        <line num="912" count="0" type="cond" truecount="0" falsecount="2"/>
        <line num="913" count="0" type="cond" truecount="0" falsecount="5"/>
        <line num="914" count="0" type="cond" truecount="0" falsecount="5"/>
        <line num="915" count="0" type="stmt"/>
        <line num="920" count="0" type="stmt"/>
        <line num="921" count="0" type="stmt"/>
        <line num="922" count="0" type="cond" truecount="0" falsecount="3"/>
        <line num="923" count="0" type="stmt"/>
        <line num="933" count="0" type="stmt"/>
        <line num="934" count="0" type="stmt"/>
        <line num="935" count="0" type="stmt"/>
        <line num="941" count="0" type="stmt"/>
        <line num="944" count="0" type="stmt"/>
        <line num="945" count="0" type="cond" truecount="0" falsecount="2"/>
        <line num="946" count="0" type="cond" truecount="0" falsecount="2"/>
        <line num="948" count="0" type="cond" truecount="0" falsecount="2"/>
        <line num="949" count="0" type="stmt"/>
        <line num="950" count="0" type="cond" truecount="0" falsecount="2"/>
        <line num="951" count="0" type="cond" truecount="0" falsecount="2"/>
        <line num="952" count="0" type="cond" truecount="0" falsecount="4"/>
        <line num="953" count="0" type="stmt"/>
        <line num="963" count="0" type="stmt"/>
        <line num="964" count="0" type="stmt"/>
        <line num="967" count="0" type="stmt"/>
        <line num="970" count="0" type="stmt"/>
        <line num="971" count="0" type="cond" truecount="0" falsecount="4"/>
        <line num="974" count="0" type="cond" truecount="0" falsecount="2"/>
        <line num="975" count="0" type="stmt"/>
        <line num="976" count="0" type="stmt"/>
        <line num="977" count="0" type="cond" truecount="0" falsecount="3"/>
        <line num="986" count="0" type="stmt"/>
        <line num="987" count="0" type="stmt"/>
        <line num="992" count="0" type="cond" truecount="0" falsecount="4"/>
        <line num="993" count="0" type="cond" truecount="0" falsecount="2"/>
        <line num="994" count="0" type="cond" truecount="0" falsecount="2"/>
        <line num="995" count="0" type="cond" truecount="0" falsecount="5"/>
        <line num="996" count="0" type="cond" truecount="0" falsecount="5"/>
        <line num="997" count="0" type="stmt"/>
        <line num="1001" count="0" type="stmt"/>
        <line num="1002" count="0" type="stmt"/>
        <line num="1006" count="0" type="cond" truecount="0" falsecount="2"/>
        <line num="1007" count="0" type="cond" truecount="0" falsecount="4"/>
        <line num="1009" count="0" type="stmt"/>
        <line num="1014" count="0" type="stmt"/>
        <line num="1015" count="0" type="stmt"/>
        <line num="1016" count="0" type="cond" truecount="0" falsecount="4"/>
        <line num="1019" count="0" type="cond" truecount="0" falsecount="4"/>
        <line num="1022" count="0" type="stmt"/>
        <line num="1025" count="0" type="stmt"/>
        <line num="1026" count="0" type="stmt"/>
        <line num="1027" count="0" type="stmt"/>
        <line num="1028" count="0" type="stmt"/>
        <line num="1029" count="0" type="stmt"/>
        <line num="1031" count="0" type="stmt"/>
        <line num="1036" count="0" type="cond" truecount="0" falsecount="2"/>
        <line num="1039" count="0" type="stmt"/>
        <line num="1044" count="0" type="cond" truecount="0" falsecount="2"/>
        <line num="1047" count="0" type="stmt"/>
        <line num="1055" count="0" type="cond" truecount="0" falsecount="2"/>
        <line num="1060" count="0" type="stmt"/>
        <line num="1062" count="0" type="stmt"/>
        <line num="1065" count="0" type="stmt"/>
        <line num="1066" count="0" type="stmt"/>
        <line num="1074" count="0" type="cond" truecount="0" falsecount="2"/>
        <line num="1075" count="0" type="cond" truecount="0" falsecount="2"/>
        <line num="1079" count="0" type="stmt"/>
        <line num="1081" count="0" type="stmt"/>
        <line num="1085" count="0" type="cond" truecount="0" falsecount="2"/>
        <line num="1086" count="0" type="stmt"/>
        <line num="1101" count="0" type="cond" truecount="0" falsecount="2"/>
        <line num="1102" count="0" type="stmt"/>
        <line num="1109" count="0" type="stmt"/>
        <line num="1110" count="0" type="stmt"/>
        <line num="1111" count="0" type="stmt"/>
        <line num="1117" count="0" type="cond" truecount="0" falsecount="4"/>
        <line num="1118" count="0" type="stmt"/>
        <line num="1119" count="0" type="cond" truecount="0" falsecount="2"/>
        <line num="1120" count="0" type="stmt"/>
        <line num="1127" count="0" type="stmt"/>
        <line num="1137" count="0" type="stmt"/>
        <line num="1139" count="0" type="cond" truecount="0" falsecount="2"/>
        <line num="1140" count="0" type="cond" truecount="0" falsecount="2"/>
        <line num="1141" count="0" type="stmt"/>
        <line num="1142" count="0" type="stmt"/>
        <line num="1143" count="0" type="cond" truecount="0" falsecount="4"/>
        <line num="1146" count="0" type="stmt"/>
        <line num="1147" count="0" type="stmt"/>
        <line num="1152" count="0" type="stmt"/>
        <line num="1153" count="0" type="cond" truecount="0" falsecount="2"/>
        <line num="1158" count="0" type="cond" truecount="0" falsecount="2"/>
        <line num="1166" count="0" type="stmt"/>
        <line num="1167" count="0" type="stmt"/>
        <line num="1179" count="0" type="cond" truecount="0" falsecount="2"/>
        <line num="1194" count="0" type="cond" truecount="0" falsecount="2"/>
        <line num="1197" count="0" type="cond" truecount="0" falsecount="2"/>
        <line num="1201" count="0" type="cond" truecount="0" falsecount="2"/>
        <line num="1203" count="0" type="stmt"/>
        <line num="1205" count="0" type="stmt"/>
        <line num="1209" count="0" type="stmt"/>
        <line num="1210" count="0" type="stmt"/>
        <line num="1212" count="0" type="stmt"/>
        <line num="1213" count="0" type="stmt"/>
        <line num="1219" count="0" type="stmt"/>
        <line num="1220" count="0" type="stmt"/>
        <line num="1221" count="0" type="cond" truecount="0" falsecount="2"/>
        <line num="1222" count="0" type="cond" truecount="0" falsecount="4"/>
        <line num="1223" count="0" type="stmt"/>
        <line num="1224" count="0" type="cond" truecount="0" falsecount="2"/>
        <line num="1225" count="0" type="cond" truecount="0" falsecount="2"/>
        <line num="1226" count="0" type="stmt"/>
        <line num="1227" count="0" type="stmt"/>
        <line num="1228" count="0" type="cond" truecount="0" falsecount="2"/>
        <line num="1229" count="0" type="stmt"/>
        <line num="1230" count="0" type="stmt"/>
        <line num="1231" count="0" type="cond" truecount="0" falsecount="2"/>
        <line num="1232" count="0" type="cond" truecount="0" falsecount="2"/>
        <line num="1233" count="0" type="stmt"/>
        <line num="1234" count="0" type="stmt"/>
        <line num="1235" count="0" type="stmt"/>
        <line num="1236" count="0" type="stmt"/>
        <line num="1239" count="0" type="stmt"/>
        <line num="1240" count="0" type="stmt"/>
        <line num="1242" count="0" type="stmt"/>
        <line num="1243" count="0" type="stmt"/>
        <line num="1244" count="0" type="stmt"/>
        <line num="1247" count="0" type="stmt"/>
        <line num="1248" count="0" type="stmt"/>
        <line num="1255" count="0" type="cond" truecount="0" falsecount="2"/>
        <line num="1266" count="0" type="stmt"/>
        <line num="1267" count="0" type="stmt"/>
        <line num="1271" count="0" type="cond" truecount="0" falsecount="1"/>
        <line num="1272" count="0" type="stmt"/>
        <line num="1273" count="0" type="stmt"/>
        <line num="1274" count="0" type="stmt"/>
        <line num="1275" count="0" type="stmt"/>
        <line num="1280" count="0" type="stmt"/>
        <line num="1281" count="0" type="cond" truecount="0" falsecount="2"/>
        <line num="1282" count="0" type="cond" truecount="0" falsecount="2"/>
        <line num="1283" count="0" type="stmt"/>
        <line num="1284" count="0" type="cond" truecount="0" falsecount="2"/>
        <line num="1285" count="0" type="cond" truecount="0" falsecount="2"/>
        <line num="1286" count="0" type="stmt"/>
        <line num="1287" count="0" type="cond" truecount="0" falsecount="2"/>
        <line num="1290" count="0" type="stmt"/>
        <line num="1291" count="0" type="cond" truecount="0" falsecount="2"/>
        <line num="1292" count="0" type="stmt"/>
        <line num="1304" count="0" type="stmt"/>
        <line num="1305" count="0" type="cond" truecount="0" falsecount="2"/>
        <line num="1306" count="0" type="stmt"/>
        <line num="1313" count="0" type="stmt"/>
        <line num="1314" count="0" type="stmt"/>
        <line num="1318" count="0" type="stmt"/>
        <line num="1319" count="0" type="cond" truecount="0" falsecount="2"/>
        <line num="1320" count="0" type="stmt"/>
        <line num="1324" count="0" type="stmt"/>
        <line num="1325" count="0" type="stmt"/>
        <line num="1327" count="0" type="stmt"/>
        <line num="1330" count="0" type="stmt"/>
        <line num="1333" count="0" type="stmt"/>
        <line num="1339" count="0" type="stmt"/>
        <line num="1341" count="0" type="cond" truecount="0" falsecount="8"/>
        <line num="1342" count="0" type="stmt"/>
        <line num="1354" count="0" type="stmt"/>
        <line num="1355" count="0" type="stmt"/>
        <line num="1356" count="0" type="stmt"/>
        <line num="1357" count="0" type="stmt"/>
        <line num="1358" count="0" type="stmt"/>
        <line num="1359" count="0" type="stmt"/>
        <line num="1361" count="0" type="stmt"/>
        <line num="1363" count="0" type="stmt"/>
        <line num="1364" count="0" type="stmt"/>
        <line num="1365" count="0" type="cond" truecount="0" falsecount="2"/>
        <line num="1366" count="0" type="stmt"/>
        <line num="1367" count="0" type="stmt"/>
        <line num="1368" count="0" type="stmt"/>
        <line num="1370" count="0" type="cond" truecount="0" falsecount="2"/>
        <line num="1371" count="0" type="stmt"/>
        <line num="1377" count="0" type="stmt"/>
        <line num="1380" count="0" type="stmt"/>
        <line num="1381" count="0" type="cond" truecount="0" falsecount="4"/>
        <line num="1382" count="0" type="stmt"/>
        <line num="1384" count="0" type="stmt"/>
        <line num="1387" count="0" type="stmt"/>
        <line num="1388" count="0" type="cond" truecount="0" falsecount="2"/>
        <line num="1389" count="0" type="stmt"/>
        <line num="1390" count="0" type="stmt"/>
        <line num="1391" count="0" type="stmt"/>
        <line num="1395" count="0" type="stmt"/>
        <line num="1399" count="0" type="stmt"/>
        <line num="1406" count="0" type="stmt"/>
        <line num="1410" count="0" type="stmt"/>
        <line num="1417" count="0" type="stmt"/>
        <line num="1421" count="0" type="stmt"/>
        <line num="1422" count="0" type="cond" truecount="0" falsecount="2"/>
        <line num="1423" count="0" type="stmt"/>
        <line num="1426" count="0" type="cond" truecount="0" falsecount="2"/>
        <line num="1427" count="0" type="stmt"/>
        <line num="1429" count="0" type="stmt"/>
        <line num="1433" count="0" type="stmt"/>
        <line num="1438" count="0" type="stmt"/>
        <line num="1446" count="0" type="stmt"/>
        <line num="1450" count="0" type="stmt"/>
        <line num="1453" count="0" type="stmt"/>
        <line num="1454" count="0" type="stmt"/>
        <line num="1455" count="0" type="stmt"/>
        <line num="1457" count="0" type="stmt"/>
        <line num="1459" count="0" type="stmt"/>
        <line num="1462" count="0" type="stmt"/>
        <line num="1463" count="0" type="cond" truecount="0" falsecount="2"/>
        <line num="1464" count="0" type="stmt"/>
        <line num="1467" count="0" type="stmt"/>
        <line num="1468" count="0" type="stmt"/>
        <line num="1469" count="0" type="cond" truecount="0" falsecount="2"/>
        <line num="1471" count="0" type="cond" truecount="0" falsecount="2"/>
        <line num="1472" count="0" type="stmt"/>
        <line num="1473" count="0" type="stmt"/>
        <line num="1475" count="0" type="stmt"/>
        <line num="1476" count="0" type="stmt"/>
        <line num="1477" count="0" type="stmt"/>
        <line num="1478" count="0" type="stmt"/>
        <line num="1479" count="0" type="stmt"/>
        <line num="1482" count="0" type="stmt"/>
        <line num="1483" count="0" type="stmt"/>
        <line num="1484" count="0" type="stmt"/>
        <line num="1485" count="0" type="stmt"/>
        <line num="1486" count="0" type="stmt"/>
        <line num="1487" count="0" type="stmt"/>
        <line num="1488" count="0" type="stmt"/>
        <line num="1489" count="0" type="stmt"/>
        <line num="1490" count="0" type="stmt"/>
        <line num="1491" count="0" type="stmt"/>
        <line num="1492" count="0" type="stmt"/>
        <line num="1493" count="0" type="stmt"/>
        <line num="1494" count="0" type="stmt"/>
        <line num="1497" count="0" type="stmt"/>
        <line num="1498" count="0" type="stmt"/>
        <line num="1499" count="0" type="stmt"/>
        <line num="1500" count="0" type="stmt"/>
        <line num="1501" count="0" type="stmt"/>
        <line num="1503" count="0" type="stmt"/>
        <line num="1504" count="0" type="stmt"/>
        <line num="1506" count="0" type="stmt"/>
        <line num="1507" count="0" type="stmt"/>
        <line num="1508" count="0" type="stmt"/>
        <line num="1510" count="0" type="stmt"/>
        <line num="1513" count="0" type="stmt"/>
        <line num="1514" count="0" type="stmt"/>
        <line num="1515" count="0" type="stmt"/>
        <line num="1516" count="0" type="stmt"/>
        <line num="1518" count="0" type="stmt"/>
        <line num="1528" count="0" type="cond" truecount="0" falsecount="2"/>
        <line num="1529" count="0" type="stmt"/>
        <line num="1530" count="0" type="stmt"/>
        <line num="1533" count="0" type="stmt"/>
        <line num="1534" count="0" type="stmt"/>
        <line num="1539" count="0" type="stmt"/>
        <line num="1541" count="0" type="stmt"/>
        <line num="1542" count="0" type="stmt"/>
        <line num="1548" count="0" type="stmt"/>
        <line num="1549" count="0" type="stmt"/>
        <line num="1552" count="0" type="stmt"/>
        <line num="1553" count="0" type="stmt"/>
        <line num="1558" count="0" type="cond" truecount="0" falsecount="2"/>
        <line num="1559" count="0" type="cond" truecount="0" falsecount="2"/>
        <line num="1560" count="0" type="cond" truecount="0" falsecount="2"/>
        <line num="1561" count="0" type="stmt"/>
        <line num="1572" count="0" type="cond" truecount="0" falsecount="2"/>
        <line num="1573" count="0" type="stmt"/>
        <line num="1575" count="0" type="cond" truecount="0" falsecount="2"/>
        <line num="1576" count="0" type="stmt"/>
        <line num="1577" count="0" type="stmt"/>
        <line num="1578" count="0" type="stmt"/>
        <line num="1580" count="0" type="stmt"/>
        <line num="1584" count="0" type="cond" truecount="0" falsecount="2"/>
        <line num="1585" count="0" type="stmt"/>
        <line num="1586" count="0" type="stmt"/>
        <line num="1589" count="0" type="stmt"/>
        <line num="1590" count="0" type="stmt"/>
        <line num="1591" count="0" type="stmt"/>
        <line num="1592" count="0" type="stmt"/>
        <line num="1593" count="0" type="stmt"/>
        <line num="1594" count="0" type="stmt"/>
        <line num="1596" count="0" type="stmt"/>
        <line num="1597" count="0" type="stmt"/>
        <line num="1598" count="0" type="stmt"/>
        <line num="1599" count="0" type="stmt"/>
        <line num="1603" count="0" type="stmt"/>
        <line num="1604" count="0" type="stmt"/>
        <line num="1605" count="0" type="stmt"/>
        <line num="1606" count="0" type="stmt"/>
        <line num="1607" count="0" type="cond" truecount="0" falsecount="2"/>
        <line num="1608" count="0" type="stmt"/>
        <line num="1610" count="0" type="stmt"/>
        <line num="1613" count="0" type="cond" truecount="0" falsecount="2"/>
        <line num="1614" count="0" type="stmt"/>
        <line num="1617" count="0" type="cond" truecount="0" falsecount="2"/>
        <line num="1618" count="0" type="cond" truecount="0" falsecount="2"/>
        <line num="1619" count="0" type="cond" truecount="0" falsecount="2"/>
        <line num="1621" count="0" type="stmt"/>
        <line num="1623" count="0" type="stmt"/>
        <line num="1624" count="0" type="stmt"/>
        <line num="1625" count="0" type="stmt"/>
        <line num="1626" count="0" type="stmt"/>
        <line num="1627" count="0" type="cond" truecount="0" falsecount="2"/>
        <line num="1628" count="0" type="cond" truecount="0" falsecount="2"/>
        <line num="1629" count="0" type="cond" truecount="0" falsecount="4"/>
        <line num="1630" count="0" type="stmt"/>
        <line num="1632" count="0" type="cond" truecount="0" falsecount="4"/>
        <line num="1634" count="0" type="cond" truecount="0" falsecount="2"/>
        <line num="1636" count="0" type="cond" truecount="0" falsecount="2"/>
        <line num="1637" count="0" type="stmt"/>
        <line num="1638" count="0" type="stmt"/>
        <line num="1641" count="0" type="cond" truecount="0" falsecount="2"/>
        <line num="1642" count="0" type="stmt"/>
        <line num="1643" count="0" type="stmt"/>
        <line num="1647" count="0" type="cond" truecount="0" falsecount="4"/>
        <line num="1648" count="0" type="stmt"/>
        <line num="1649" count="0" type="stmt"/>
        <line num="1652" count="0" type="stmt"/>
        <line num="1653" count="0" type="cond" truecount="0" falsecount="2"/>
        <line num="1654" count="0" type="cond" truecount="0" falsecount="2"/>
        <line num="1655" count="0" type="cond" truecount="0" falsecount="2"/>
        <line num="1656" count="0" type="stmt"/>
        <line num="1657" count="0" type="cond" truecount="0" falsecount="2"/>
        <line num="1660" count="0" type="cond" truecount="0" falsecount="2"/>
        <line num="1661" count="0" type="stmt"/>
        <line num="1663" count="0" type="cond" truecount="0" falsecount="2"/>
        <line num="1664" count="0" type="stmt"/>
        <line num="1665" count="0" type="cond" truecount="0" falsecount="2"/>
        <line num="1666" count="0" type="stmt"/>
        <line num="1670" count="0" type="cond" truecount="0" falsecount="2"/>
        <line num="1671" count="0" type="stmt"/>
        <line num="1672" count="0" type="stmt"/>
        <line num="1673" count="0" type="stmt"/>
        <line num="1678" count="0" type="stmt"/>
        <line num="1681" count="0" type="stmt"/>
        <line num="1682" count="0" type="stmt"/>
        <line num="1688" count="0" type="stmt"/>
        <line num="1689" count="0" type="stmt"/>
        <line num="1690" count="0" type="stmt"/>
        <line num="1696" count="0" type="stmt"/>
        <line num="1698" count="0" type="stmt"/>
        <line num="1699" count="0" type="stmt"/>
        <line num="1700" count="0" type="stmt"/>
        <line num="1704" count="0" type="stmt"/>
        <line num="1705" count="0" type="stmt"/>
        <line num="1706" count="0" type="stmt"/>
        <line num="1709" count="0" type="stmt"/>
        <line num="1710" count="0" type="stmt"/>
        <line num="1711" count="0" type="cond" truecount="0" falsecount="2"/>
        <line num="1712" count="0" type="stmt"/>
        <line num="1713" count="0" type="cond" truecount="0" falsecount="2"/>
        <line num="1714" count="0" type="stmt"/>
        <line num="1715" count="0" type="stmt"/>
        <line num="1716" count="0" type="stmt"/>
        <line num="1717" count="0" type="stmt"/>
        <line num="1723" count="0" type="stmt"/>
        <line num="1727" count="0" type="stmt"/>
        <line num="1728" count="0" type="stmt"/>
        <line num="1729" count="0" type="cond" truecount="0" falsecount="2"/>
        <line num="1731" count="0" type="stmt"/>
        <line num="1734" count="0" type="cond" truecount="0" falsecount="2"/>
        <line num="1735" count="0" type="stmt"/>
        <line num="1737" count="0" type="stmt"/>
        <line num="1738" count="0" type="stmt"/>
        <line num="1739" count="0" type="cond" truecount="0" falsecount="5"/>
        <line num="1740" count="0" type="stmt"/>
        <line num="1742" count="0" type="stmt"/>
        <line num="1743" count="0" type="cond" truecount="0" falsecount="2"/>
        <line num="1744" count="0" type="stmt"/>
        <line num="1746" count="0" type="stmt"/>
        <line num="1747" count="0" type="stmt"/>
        <line num="1748" count="0" type="stmt"/>
        <line num="1753" count="0" type="stmt"/>
        <line num="1758" count="0" type="stmt"/>
        <line num="1771" count="0" type="stmt"/>
        <line num="1775" count="0" type="stmt"/>
        <line num="1776" count="0" type="stmt"/>
        <line num="1779" count="0" type="stmt"/>
        <line num="1780" count="0" type="stmt"/>
        <line num="1781" count="0" type="stmt"/>
        <line num="1784" count="0" type="stmt"/>
        <line num="1785" count="0" type="stmt"/>
        <line num="1786" count="0" type="stmt"/>
        <line num="1787" count="0" type="stmt"/>
        <line num="1789" count="0" type="cond" truecount="0" falsecount="4"/>
        <line num="1791" count="0" type="cond" truecount="0" falsecount="7"/>
        <line num="1792" count="0" type="stmt"/>
        <line num="1795" count="0" type="cond" truecount="0" falsecount="2"/>
        <line num="1796" count="0" type="stmt"/>
        <line num="1797" count="0" type="cond" truecount="0" falsecount="2"/>
        <line num="1798" count="0" type="stmt"/>
        <line num="1800" count="0" type="cond" truecount="0" falsecount="2"/>
        <line num="1801" count="0" type="stmt"/>
        <line num="1803" count="0" type="cond" truecount="0" falsecount="2"/>
        <line num="1804" count="0" type="stmt"/>
        <line num="1806" count="0" type="cond" truecount="0" falsecount="2"/>
        <line num="1807" count="0" type="stmt"/>
        <line num="1811" count="0" type="stmt"/>
        <line num="1812" count="0" type="stmt"/>
        <line num="1813" count="0" type="stmt"/>
        <line num="1815" count="0" type="stmt"/>
        <line num="1816" count="0" type="stmt"/>
        <line num="1818" count="0" type="stmt"/>
        <line num="1819" count="0" type="stmt"/>
        <line num="1820" count="0" type="stmt"/>
        <line num="1830" count="0" type="cond" truecount="0" falsecount="2"/>
        <line num="1831" count="0" type="stmt"/>
        <line num="1832" count="0" type="stmt"/>
        <line num="1833" count="0" type="stmt"/>
        <line num="1840" count="0" type="cond" truecount="0" falsecount="2"/>
        <line num="1842" count="0" type="cond" truecount="0" falsecount="5"/>
        <line num="1843" count="0" type="stmt"/>
        <line num="1848" count="0" type="stmt"/>
        <line num="1855" count="0" type="stmt"/>
        <line num="1856" count="0" type="stmt"/>
        <line num="1859" count="0" type="stmt"/>
        <line num="1862" count="0" type="cond" truecount="0" falsecount="2"/>
        <line num="1863" count="0" type="stmt"/>
        <line num="1866" count="0" type="cond" truecount="0" falsecount="2"/>
        <line num="1867" count="0" type="stmt"/>
        <line num="1870" count="0" type="stmt"/>
        <line num="1872" count="0" type="cond" truecount="0" falsecount="2"/>
        <line num="1873" count="0" type="stmt"/>
        <line num="1874" count="0" type="stmt"/>
        <line num="1875" count="0" type="cond" truecount="0" falsecount="2"/>
        <line num="1876" count="0" type="cond" truecount="0" falsecount="2"/>
        <line num="1877" count="0" type="stmt"/>
        <line num="1881" count="0" type="cond" truecount="0" falsecount="4"/>
        <line num="1882" count="0" type="stmt"/>
        <line num="1883" count="0" type="cond" truecount="0" falsecount="4"/>
        <line num="1884" count="0" type="cond" truecount="0" falsecount="4"/>
        <line num="1885" count="0" type="stmt"/>
        <line num="1886" count="0" type="cond" truecount="0" falsecount="4"/>
        <line num="1887" count="0" type="stmt"/>
        <line num="1889" count="0" type="stmt"/>
        <line num="1892" count="0" type="stmt"/>
        <line num="1893" count="0" type="stmt"/>
        <line num="1895" count="0" type="stmt"/>
        <line num="1899" count="0" type="stmt"/>
        <line num="1909" count="0" type="stmt"/>
        <line num="1929" count="0" type="cond" truecount="0" falsecount="2"/>
        <line num="1930" count="0" type="stmt"/>
        <line num="1931" count="0" type="stmt"/>
        <line num="1935" count="0" type="stmt"/>
        <line num="1939" count="0" type="stmt"/>
        <line num="1940" count="0" type="stmt"/>
        <line num="1941" count="0" type="stmt"/>
        <line num="1942" count="0" type="stmt"/>
        <line num="1943" count="0" type="stmt"/>
        <line num="1951" count="0" type="stmt"/>
        <line num="1957" count="0" type="stmt"/>
        <line num="1958" count="0" type="stmt"/>
        <line num="1959" count="0" type="stmt"/>
        <line num="1969" count="0" type="stmt"/>
        <line num="1988" count="0" type="stmt"/>
        <line num="1989" count="0" type="cond" truecount="0" falsecount="2"/>
        <line num="1990" count="0" type="cond" truecount="0" falsecount="5"/>
        <line num="1991" count="0" type="stmt"/>
        <line num="1993" count="0" type="stmt"/>
        <line num="1995" count="0" type="stmt"/>
        <line num="1996" count="0" type="cond" truecount="0" falsecount="2"/>
        <line num="1997" count="0" type="cond" truecount="0" falsecount="5"/>
        <line num="1998" count="0" type="stmt"/>
        <line num="2000" count="0" type="stmt"/>
        <line num="2003" count="0" type="stmt"/>
        <line num="2004" count="0" type="cond" truecount="0" falsecount="2"/>
        <line num="2005" count="0" type="cond" truecount="0" falsecount="2"/>
        <line num="2008" count="0" type="cond" truecount="0" falsecount="2"/>
        <line num="2011" count="0" type="cond" truecount="0" falsecount="4"/>
        <line num="2012" count="0" type="stmt"/>
        <line num="2016" count="0" type="stmt"/>
        <line num="2020" count="0" type="cond" truecount="0" falsecount="5"/>
        <line num="2022" count="0" type="stmt"/>
        <line num="2023" count="0" type="stmt"/>
        <line num="2024" count="0" type="stmt"/>
        <line num="2030" count="0" type="stmt"/>
        <line num="2034" count="0" type="cond" truecount="0" falsecount="2"/>
        <line num="2035" count="0" type="stmt"/>
        <line num="2036" count="0" type="stmt"/>
        <line num="2037" count="0" type="stmt"/>
        <line num="2044" count="0" type="stmt"/>
        <line num="2047" count="0" type="cond" truecount="0" falsecount="2"/>
        <line num="2049" count="0" type="cond" truecount="0" falsecount="4"/>
        <line num="2054" count="0" type="cond" truecount="0" falsecount="2"/>
        <line num="2057" count="0" type="stmt"/>
        <line num="2060" count="0" type="cond" truecount="0" falsecount="4"/>
        <line num="2061" count="0" type="stmt"/>
        <line num="2069" count="0" type="stmt"/>
        <line num="2070" count="0" type="stmt"/>
        <line num="2071" count="0" type="stmt"/>
        <line num="2077" count="0" type="stmt"/>
        <line num="2081" count="0" type="cond" truecount="0" falsecount="4"/>
        <line num="2082" count="0" type="stmt"/>
        <line num="2083" count="0" type="cond" truecount="0" falsecount="4"/>
        <line num="2084" count="0" type="cond" truecount="0" falsecount="4"/>
        <line num="2085" count="0" type="stmt"/>
        <line num="2086" count="0" type="cond" truecount="0" falsecount="4"/>
        <line num="2087" count="0" type="stmt"/>
        <line num="2089" count="0" type="stmt"/>
        <line num="2091" count="0" type="stmt"/>
        <line num="2093" count="0" type="stmt"/>
        <line num="2094" count="0" type="stmt"/>
        <line num="2095" count="0" type="stmt"/>
        <line num="2104" count="0" type="stmt"/>
        <line num="2105" count="0" type="cond" truecount="0" falsecount="2"/>
        <line num="2106" count="0" type="cond" truecount="0" falsecount="2"/>
        <line num="2107" count="0" type="stmt"/>
        <line num="2108" count="0" type="stmt"/>
        <line num="2109" count="0" type="stmt"/>
        <line num="2110" count="0" type="stmt"/>
        <line num="2111" count="0" type="stmt"/>
        <line num="2112" count="0" type="stmt"/>
        <line num="2113" count="0" type="stmt"/>
        <line num="2114" count="0" type="stmt"/>
        <line num="2117" count="0" type="stmt"/>
        <line num="2129" count="0" type="cond" truecount="0" falsecount="2"/>
        <line num="2130" count="0" type="stmt"/>
        <line num="2133" count="0" type="stmt"/>
        <line num="2136" count="0" type="cond" truecount="0" falsecount="2"/>
        <line num="2137" count="0" type="cond" truecount="0" falsecount="2"/>
        <line num="2140" count="0" type="stmt"/>
        <line num="2141" count="0" type="stmt"/>
        <line num="2142" count="0" type="stmt"/>
        <line num="2144" count="0" type="stmt"/>
        <line num="2147" count="0" type="stmt"/>
        <line num="2148" count="0" type="stmt"/>
        <line num="2155" count="0" type="stmt"/>
        <line num="2156" count="0" type="stmt"/>
        <line num="2157" count="0" type="stmt"/>
        <line num="2159" count="0" type="stmt"/>
        <line num="2160" count="0" type="stmt"/>
        <line num="2161" count="0" type="stmt"/>
        <line num="2164" count="0" type="stmt"/>
        <line num="2165" count="0" type="stmt"/>
        <line num="2168" count="0" type="stmt"/>
        <line num="2169" count="0" type="stmt"/>
        <line num="2176" count="0" type="stmt"/>
        <line num="2177" count="0" type="stmt"/>
        <line num="2179" count="0" type="cond" truecount="0" falsecount="4"/>
        <line num="2180" count="0" type="stmt"/>
        <line num="2182" count="0" type="cond" truecount="0" falsecount="2"/>
        <line num="2183" count="0" type="stmt"/>
        <line num="2187" count="0" type="stmt"/>
        <line num="2189" count="0" type="cond" truecount="0" falsecount="2"/>
        <line num="2190" count="0" type="stmt"/>
        <line num="2194" count="0" type="stmt"/>
        <line num="2198" count="0" type="stmt"/>
        <line num="2202" count="0" type="stmt"/>
        <line num="2203" count="0" type="stmt"/>
        <line num="2208" count="0" type="stmt"/>
        <line num="2213" count="0" type="cond" truecount="0" falsecount="2"/>
        <line num="2214" count="0" type="stmt"/>
        <line num="2230" count="0" type="stmt"/>
        <line num="2234" count="0" type="stmt"/>
        <line num="2235" count="0" type="stmt"/>
        <line num="2236" count="0" type="stmt"/>
        <line num="2237" count="0" type="stmt"/>
        <line num="2238" count="0" type="stmt"/>
        <line num="2245" count="0" type="stmt"/>
        <line num="2251" count="0" type="stmt"/>
        <line num="2252" count="0" type="stmt"/>
        <line num="2253" count="0" type="stmt"/>
        <line num="2264" count="0" type="cond" truecount="0" falsecount="2"/>
        <line num="2265" count="0" type="stmt"/>
        <line num="2267" count="0" type="stmt"/>
        <line num="2272" count="0" type="stmt"/>
        <line num="2273" count="0" type="cond" truecount="0" falsecount="2"/>
        <line num="2275" count="0" type="stmt"/>
        <line num="2276" count="0" type="cond" truecount="0" falsecount="4"/>
        <line num="2277" count="0" type="cond" truecount="0" falsecount="4"/>
        <line num="2278" count="0" type="cond" truecount="0" falsecount="2"/>
        <line num="2279" count="0" type="cond" truecount="0" falsecount="2"/>
        <line num="2283" count="0" type="stmt"/>
        <line num="2290" count="0" type="stmt"/>
        <line num="2293" count="0" type="stmt"/>
        <line num="2312" count="0" type="stmt"/>
        <line num="2313" count="0" type="cond" truecount="0" falsecount="2"/>
        <line num="2314" count="0" type="stmt"/>
        <line num="2317" count="0" type="stmt"/>
        <line num="2322" count="0" type="stmt"/>
        <line num="2323" count="0" type="stmt"/>
        <line num="2326" count="0" type="stmt"/>
        <line num="2327" count="0" type="cond" truecount="0" falsecount="2"/>
        <line num="2328" count="0" type="cond" truecount="0" falsecount="2"/>
        <line num="2329" count="0" type="cond" truecount="0" falsecount="4"/>
        <line num="2330" count="0" type="stmt"/>
        <line num="2331" count="0" type="stmt"/>
        <line num="2332" count="0" type="stmt"/>
        <line num="2335" count="0" type="stmt"/>
        <line num="2336" count="0" type="cond" truecount="0" falsecount="2"/>
        <line num="2337" count="0" type="stmt"/>
        <line num="2338" count="0" type="cond" truecount="0" falsecount="2"/>
        <line num="2339" count="0" type="stmt"/>
        <line num="2340" count="0" type="stmt"/>
        <line num="2344" count="0" type="stmt"/>
        <line num="2345" count="0" type="stmt"/>
        <line num="2346" count="0" type="stmt"/>
        <line num="2348" count="0" type="cond" truecount="0" falsecount="2"/>
        <line num="2351" count="0" type="cond" truecount="0" falsecount="2"/>
        <line num="2354" count="0" type="stmt"/>
        <line num="2355" count="0" type="cond" truecount="0" falsecount="2"/>
        <line num="2356" count="0" type="stmt"/>
        <line num="2357" count="0" type="stmt"/>
        <line num="2360" count="0" type="stmt"/>
        <line num="2361" count="0" type="stmt"/>
        <line num="2363" count="0" type="cond" truecount="0" falsecount="2"/>
        <line num="2364" count="0" type="stmt"/>
        <line num="2365" count="0" type="stmt"/>
        <line num="2368" count="0" type="stmt"/>
        <line num="2371" count="0" type="cond" truecount="0" falsecount="2"/>
        <line num="2372" count="0" type="cond" truecount="0" falsecount="4"/>
        <line num="2373" count="0" type="stmt"/>
        <line num="2374" count="0" type="stmt"/>
        <line num="2377" count="0" type="stmt"/>
        <line num="2381" count="0" type="stmt"/>
        <line num="2382" count="0" type="stmt"/>
        <line num="2383" count="0" type="stmt"/>
        <line num="2386" count="0" type="stmt"/>
        <line num="2387" count="0" type="cond" truecount="0" falsecount="2"/>
        <line num="2388" count="0" type="cond" truecount="0" falsecount="4"/>
        <line num="2390" count="0" type="stmt"/>
        <line num="2393" count="0" type="cond" truecount="0" falsecount="4"/>
        <line num="2394" count="0" type="stmt"/>
        <line num="2398" count="0" type="stmt"/>
        <line num="2399" count="0" type="cond" truecount="0" falsecount="2"/>
        <line num="2400" count="0" type="stmt"/>
        <line num="2401" count="0" type="cond" truecount="0" falsecount="2"/>
        <line num="2402" count="0" type="stmt"/>
        <line num="2404" count="0" type="cond" truecount="0" falsecount="2"/>
        <line num="2405" count="0" type="cond" truecount="0" falsecount="2"/>
        <line num="2406" count="0" type="stmt"/>
        <line num="2408" count="0" type="stmt"/>
        <line num="2413" count="0" type="cond" truecount="0" falsecount="2"/>
        <line num="2415" count="0" type="cond" truecount="0" falsecount="2"/>
        <line num="2416" count="0" type="stmt"/>
        <line num="2417" count="0" type="stmt"/>
        <line num="2419" count="0" type="cond" truecount="0" falsecount="2"/>
        <line num="2422" count="0" type="cond" truecount="0" falsecount="2"/>
        <line num="2423" count="0" type="cond" truecount="0" falsecount="2"/>
        <line num="2424" count="0" type="stmt"/>
        <line num="2425" count="0" type="stmt"/>
        <line num="2431" count="0" type="stmt"/>
        <line num="2432" count="0" type="cond" truecount="0" falsecount="4"/>
        <line num="2433" count="0" type="stmt"/>
        <line num="2434" count="0" type="stmt"/>
        <line num="2438" count="0" type="stmt"/>
        <line num="2441" count="0" type="cond" truecount="0" falsecount="2"/>
        <line num="2442" count="0" type="stmt"/>
        <line num="2443" count="0" type="cond" truecount="0" falsecount="2"/>
        <line num="2444" count="0" type="stmt"/>
        <line num="2445" count="0" type="stmt"/>
        <line num="2450" count="0" type="stmt"/>
        <line num="2451" count="0" type="stmt"/>
        <line num="2452" count="0" type="stmt"/>
        <line num="2453" count="0" type="stmt"/>
        <line num="2456" count="0" type="stmt"/>
        <line num="2457" count="0" type="stmt"/>
        <line num="2459" count="0" type="stmt"/>
        <line num="2462" count="0" type="stmt"/>
        <line num="2463" count="0" type="cond" truecount="0" falsecount="2"/>
        <line num="2464" count="0" type="cond" truecount="0" falsecount="4"/>
        <line num="2465" count="0" type="stmt"/>
        <line num="2466" count="0" type="cond" truecount="0" falsecount="2"/>
        <line num="2467" count="0" type="stmt"/>
        <line num="2468" count="0" type="stmt"/>
        <line num="2472" count="0" type="stmt"/>
        <line num="2473" count="0" type="stmt"/>
        <line num="2474" count="0" type="cond" truecount="0" falsecount="2"/>
        <line num="2475" count="0" type="stmt"/>
        <line num="2477" count="0" type="cond" truecount="0" falsecount="2"/>
        <line num="2478" count="0" type="stmt"/>
        <line num="2479" count="0" type="stmt"/>
        <line num="2481" count="0" type="cond" truecount="0" falsecount="4"/>
        <line num="2482" count="0" type="stmt"/>
        <line num="2484" count="0" type="cond" truecount="0" falsecount="4"/>
        <line num="2485" count="0" type="stmt"/>
        <line num="2488" count="0" type="stmt"/>
        <line num="2491" count="0" type="cond" truecount="0" falsecount="2"/>
        <line num="2494" count="0" type="stmt"/>
        <line num="2495" count="0" type="cond" truecount="0" falsecount="2"/>
        <line num="2496" count="0" type="stmt"/>
        <line num="2499" count="0" type="stmt"/>
        <line num="2500" count="0" type="cond" truecount="0" falsecount="2"/>
        <line num="2501" count="0" type="stmt"/>
        <line num="2505" count="0" type="stmt"/>
        <line num="2506" count="0" type="cond" truecount="0" falsecount="4"/>
        <line num="2507" count="0" type="stmt"/>
        <line num="2509" count="0" type="stmt"/>
        <line num="2510" count="0" type="cond" truecount="0" falsecount="2"/>
        <line num="2511" count="0" type="cond" truecount="0" falsecount="2"/>
        <line num="2512" count="0" type="stmt"/>
        <line num="2516" count="0" type="stmt"/>
        <line num="2517" count="0" type="stmt"/>
        <line num="2522" count="0" type="cond" truecount="0" falsecount="2"/>
        <line num="2523" count="0" type="cond" truecount="0" falsecount="2"/>
        <line num="2525" count="0" type="cond" truecount="0" falsecount="2"/>
        <line num="2526" count="0" type="stmt"/>
        <line num="2530" count="0" type="stmt"/>
        <line num="2531" count="0" type="stmt"/>
        <line num="2533" count="0" type="stmt"/>
        <line num="2534" count="0" type="cond" truecount="0" falsecount="4"/>
        <line num="2535" count="0" type="cond" truecount="0" falsecount="2"/>
        <line num="2536" count="0" type="stmt"/>
        <line num="2540" count="0" type="stmt"/>
        <line num="2541" count="0" type="stmt"/>
        <line num="2542" count="0" type="stmt"/>
        <line num="2543" count="0" type="cond" truecount="0" falsecount="2"/>
        <line num="2545" count="0" type="stmt"/>
        <line num="2550" count="0" type="stmt"/>
        <line num="2551" count="0" type="stmt"/>
        <line num="2556" count="0" type="stmt"/>
        <line num="2557" count="0" type="stmt"/>
        <line num="2558" count="0" type="stmt"/>
        <line num="2560" count="0" type="stmt"/>
        <line num="2561" count="0" type="stmt"/>
        <line num="2565" count="0" type="stmt"/>
        <line num="2566" count="0" type="stmt"/>
        <line num="2567" count="0" type="cond" truecount="0" falsecount="2"/>
        <line num="2568" count="0" type="stmt"/>
        <line num="2569" count="0" type="cond" truecount="0" falsecount="2"/>
        <line num="2570" count="0" type="cond" truecount="0" falsecount="2"/>
        <line num="2573" count="0" type="cond" truecount="0" falsecount="2"/>
        <line num="2576" count="0" type="cond" truecount="0" falsecount="2"/>
        <line num="2577" count="0" type="stmt"/>
        <line num="2579" count="0" type="cond" truecount="0" falsecount="4"/>
        <line num="2580" count="0" type="stmt"/>
        <line num="2582" count="0" type="cond" truecount="0" falsecount="4"/>
        <line num="2583" count="0" type="stmt"/>
        <line num="2586" count="0" type="stmt"/>
        <line num="2589" count="0" type="cond" truecount="0" falsecount="4"/>
        <line num="2590" count="0" type="stmt"/>
        <line num="2594" count="0" type="stmt"/>
        <line num="2595" count="0" type="cond" truecount="0" falsecount="4"/>
        <line num="2596" count="0" type="stmt"/>
        <line num="2598" count="0" type="stmt"/>
        <line num="2601" count="0" type="cond" truecount="0" falsecount="2"/>
        <line num="2602" count="0" type="cond" truecount="0" falsecount="2"/>
        <line num="2603" count="0" type="stmt"/>
        <line num="2605" count="0" type="cond" truecount="0" falsecount="2"/>
        <line num="2606" count="0" type="stmt"/>
        <line num="2609" count="0" type="stmt"/>
        <line num="2610" count="0" type="stmt"/>
        <line num="2612" count="0" type="cond" truecount="0" falsecount="2"/>
        <line num="2613" count="0" type="cond" truecount="0" falsecount="2"/>
        <line num="2616" count="0" type="stmt"/>
        <line num="2617" count="0" type="stmt"/>
        <line num="2618" count="0" type="stmt"/>
        <line num="2619" count="0" type="stmt"/>
        <line num="2622" count="0" type="stmt"/>
        <line num="2623" count="0" type="stmt"/>
        <line num="2625" count="0" type="cond" truecount="0" falsecount="2"/>
        <line num="2626" count="0" type="stmt"/>
        <line num="2629" count="0" type="stmt"/>
        <line num="2630" count="0" type="stmt"/>
        <line num="2631" count="0" type="stmt"/>
        <line num="2633" count="0" type="cond" truecount="0" falsecount="2"/>
        <line num="2634" count="0" type="stmt"/>
        <line num="2638" count="0" type="stmt"/>
        <line num="2643" count="0" type="stmt"/>
        <line num="2644" count="0" type="stmt"/>
        <line num="2645" count="0" type="stmt"/>
        <line num="2647" count="0" type="stmt"/>
        <line num="2661" count="0" type="stmt"/>
        <line num="2679" count="0" type="stmt"/>
        <line num="2682" count="0" type="stmt"/>
        <line num="2683" count="0" type="stmt"/>
        <line num="2684" count="0" type="stmt"/>
        <line num="2687" count="0" type="stmt"/>
        <line num="2688" count="0" type="stmt"/>
        <line num="2689" count="0" type="stmt"/>
        <line num="2696" count="0" type="stmt"/>
        <line num="2698" count="0" type="cond" truecount="0" falsecount="2"/>
        <line num="2699" count="0" type="cond" truecount="0" falsecount="2"/>
        <line num="2703" count="0" type="stmt"/>
        <line num="2704" count="0" type="stmt"/>
        <line num="2705" count="0" type="stmt"/>
        <line num="2706" count="0" type="cond" truecount="0" falsecount="2"/>
        <line num="2707" count="0" type="stmt"/>
        <line num="2708" count="0" type="stmt"/>
        <line num="2711" count="0" type="stmt"/>
        <line num="2712" count="0" type="stmt"/>
        <line num="2713" count="0" type="stmt"/>
        <line num="2717" count="0" type="stmt"/>
        <line num="2718" count="0" type="stmt"/>
        <line num="2719" count="0" type="stmt"/>
        <line num="2720" count="0" type="stmt"/>
        <line num="2721" count="0" type="cond" truecount="0" falsecount="2"/>
        <line num="2722" count="0" type="stmt"/>
        <line num="2723" count="0" type="stmt"/>
        <line num="2725" count="0" type="stmt"/>
        <line num="2727" count="0" type="stmt"/>
        <line num="2730" count="0" type="stmt"/>
        <line num="2731" count="0" type="stmt"/>
        <line num="2732" count="0" type="stmt"/>
        <line num="2733" count="0" type="cond" truecount="0" falsecount="2"/>
        <line num="2735" count="0" type="cond" truecount="0" falsecount="2"/>
        <line num="2736" count="0" type="stmt"/>
        <line num="2737" count="0" type="cond" truecount="0" falsecount="2"/>
        <line num="2738" count="0" type="cond" truecount="0" falsecount="2"/>
        <line num="2739" count="0" type="stmt"/>
        <line num="2741" count="0" type="cond" truecount="0" falsecount="2"/>
        <line num="2742" count="0" type="cond" truecount="0" falsecount="2"/>
        <line num="2743" count="0" type="cond" truecount="0" falsecount="2"/>
        <line num="2744" count="0" type="cond" truecount="0" falsecount="5"/>
        <line num="2745" count="0" type="stmt"/>
        <line num="2747" count="0" type="stmt"/>
        <line num="2750" count="0" type="cond" truecount="0" falsecount="2"/>
        <line num="2751" count="0" type="stmt"/>
        <line num="2752" count="0" type="stmt"/>
        <line num="2753" count="0" type="stmt"/>
        <line num="2756" count="0" type="stmt"/>
        <line num="2757" count="0" type="stmt"/>
        <line num="2758" count="0" type="stmt"/>
        <line num="2763" count="0" type="stmt"/>
        <line num="2764" count="0" type="stmt"/>
        <line num="2765" count="0" type="stmt"/>
        <line num="2766" count="0" type="stmt"/>
        <line num="2769" count="0" type="stmt"/>
        <line num="2770" count="0" type="stmt"/>
        <line num="2771" count="0" type="stmt"/>
        <line num="2772" count="0" type="cond" truecount="0" falsecount="2"/>
        <line num="2773" count="0" type="cond" truecount="0" falsecount="2"/>
        <line num="2774" count="0" type="stmt"/>
        <line num="2777" count="0" type="stmt"/>
        <line num="2778" count="0" type="cond" truecount="0" falsecount="2"/>
        <line num="2779" count="0" type="cond" truecount="0" falsecount="2"/>
        <line num="2781" count="0" type="cond" truecount="0" falsecount="2"/>
        <line num="2782" count="0" type="stmt"/>
        <line num="2784" count="0" type="stmt"/>
        <line num="2785" count="0" type="stmt"/>
        <line num="2787" count="0" type="stmt"/>
        <line num="2788" count="0" type="cond" truecount="0" falsecount="2"/>
        <line num="2790" count="0" type="cond" truecount="0" falsecount="3"/>
        <line num="2791" count="0" type="cond" truecount="0" falsecount="4"/>
        <line num="2792" count="0" type="stmt"/>
        <line num="2795" count="0" type="stmt"/>
        <line num="2796" count="0" type="stmt"/>
        <line num="2797" count="0" type="cond" truecount="0" falsecount="2"/>
        <line num="2798" count="0" type="cond" truecount="0" falsecount="5"/>
        <line num="2799" count="0" type="stmt"/>
        <line num="2801" count="0" type="stmt"/>
        <line num="2802" count="0" type="stmt"/>
        <line num="2805" count="0" type="stmt"/>
        <line num="2806" count="0" type="stmt"/>
        <line num="2807" count="0" type="cond" truecount="0" falsecount="2"/>
        <line num="2808" count="0" type="cond" truecount="0" falsecount="2"/>
        <line num="2810" count="0" type="stmt"/>
        <line num="2811" count="0" type="cond" truecount="0" falsecount="2"/>
        <line num="2813" count="0" type="stmt"/>
        <line num="2814" count="0" type="stmt"/>
        <line num="2815" count="0" type="cond" truecount="0" falsecount="2"/>
        <line num="2817" count="0" type="cond" truecount="0" falsecount="2"/>
        <line num="2818" count="0" type="cond" truecount="0" falsecount="4"/>
        <line num="2819" count="0" type="cond" truecount="0" falsecount="2"/>
        <line num="2820" count="0" type="cond" truecount="0" falsecount="2"/>
        <line num="2821" count="0" type="cond" truecount="0" falsecount="2"/>
        <line num="2822" count="0" type="cond" truecount="0" falsecount="2"/>
        <line num="2824" count="0" type="cond" truecount="0" falsecount="3"/>
        <line num="2825" count="0" type="stmt"/>
        <line num="2826" count="0" type="cond" truecount="0" falsecount="3"/>
        <line num="2827" count="0" type="cond" truecount="0" falsecount="4"/>
        <line num="2829" count="0" type="cond" truecount="0" falsecount="2"/>
        <line num="2830" count="0" type="cond" truecount="0" falsecount="2"/>
        <line num="2831" count="0" type="cond" truecount="0" falsecount="2"/>
        <line num="2832" count="0" type="cond" truecount="0" falsecount="2"/>
        <line num="2833" count="0" type="cond" truecount="0" falsecount="2"/>
        <line num="2834" count="0" type="cond" truecount="0" falsecount="2"/>
        <line num="2836" count="0" type="cond" truecount="0" falsecount="2"/>
        <line num="2837" count="0" type="stmt"/>
        <line num="2838" count="0" type="cond" truecount="0" falsecount="2"/>
        <line num="2839" count="0" type="cond" truecount="0" falsecount="2"/>
        <line num="2840" count="0" type="stmt"/>
        <line num="2841" count="0" type="stmt"/>
        <line num="2844" count="0" type="cond" truecount="0" falsecount="2"/>
        <line num="2845" count="0" type="cond" truecount="0" falsecount="2"/>
        <line num="2846" count="0" type="cond" truecount="0" falsecount="4"/>
        <line num="2847" count="0" type="cond" truecount="0" falsecount="2"/>
        <line num="2848" count="0" type="stmt"/>
        <line num="2849" count="0" type="cond" truecount="0" falsecount="4"/>
        <line num="2850" count="0" type="stmt"/>
        <line num="2851" count="0" type="stmt"/>
        <line num="2854" count="0" type="stmt"/>
        <line num="2855" count="0" type="cond" truecount="0" falsecount="4"/>
        <line num="2856" count="0" type="stmt"/>
        <line num="2857" count="0" type="stmt"/>
        <line num="2858" count="0" type="stmt"/>
        <line num="2865" count="0" type="stmt"/>
        <line num="2877" count="0" type="stmt"/>
        <line num="2878" count="0" type="cond" truecount="0" falsecount="2"/>
        <line num="2879" count="0" type="stmt"/>
        <line num="2880" count="0" type="cond" truecount="0" falsecount="4"/>
        <line num="2881" count="0" type="stmt"/>
        <line num="2882" count="0" type="cond" truecount="0" falsecount="2"/>
        <line num="2884" count="0" type="cond" truecount="0" falsecount="4"/>
        <line num="2885" count="0" type="stmt"/>
        <line num="2888" count="0" type="stmt"/>
        <line num="2889" count="0" type="stmt"/>
        <line num="2890" count="0" type="stmt"/>
        <line num="2895" count="0" type="stmt"/>
        <line num="2896" count="0" type="cond" truecount="0" falsecount="2"/>
        <line num="2901" count="0" type="stmt"/>
        <line num="2902" count="0" type="cond" truecount="0" falsecount="3"/>
        <line num="2904" count="0" type="stmt"/>
        <line num="2905" count="0" type="stmt"/>
        <line num="2922" count="0" type="stmt"/>
        <line num="2926" count="0" type="stmt"/>
        <line num="2927" count="0" type="stmt"/>
        <line num="2928" count="0" type="stmt"/>
        <line num="2929" count="0" type="stmt"/>
        <line num="2930" count="0" type="stmt"/>
        <line num="2940" count="0" type="cond" truecount="0" falsecount="2"/>
        <line num="2941" count="0" type="cond" truecount="0" falsecount="3"/>
        <line num="2942" count="0" type="stmt"/>
        <line num="2943" count="0" type="stmt"/>
        <line num="2944" count="0" type="cond" truecount="0" falsecount="2"/>
        <line num="2945" count="0" type="cond" truecount="0" falsecount="2"/>
        <line num="2946" count="0" type="stmt"/>
        <line num="2947" count="0" type="cond" truecount="0" falsecount="2"/>
        <line num="2948" count="0" type="cond" truecount="0" falsecount="4"/>
        <line num="2949" count="0" type="cond" truecount="0" falsecount="2"/>
        <line num="2950" count="0" type="stmt"/>
        <line num="2951" count="0" type="stmt"/>
        <line num="2958" count="0" type="stmt"/>
        <line num="2967" count="0" type="stmt"/>
        <line num="2968" count="0" type="stmt"/>
        <line num="2969" count="0" type="cond" truecount="0" falsecount="2"/>
        <line num="2970" count="0" type="cond" truecount="0" falsecount="2"/>
        <line num="2971" count="0" type="cond" truecount="0" falsecount="2"/>
        <line num="2972" count="0" type="cond" truecount="0" falsecount="6"/>
        <line num="2973" count="0" type="cond" truecount="0" falsecount="2"/>
        <line num="2974" count="0" type="cond" truecount="0" falsecount="2"/>
        <line num="2975" count="0" type="stmt"/>
        <line num="2983" count="0" type="cond" truecount="0" falsecount="2"/>
        <line num="2985" count="0" type="cond" truecount="0" falsecount="7"/>
        <line num="2986" count="0" type="cond" truecount="0" falsecount="2"/>
        <line num="2987" count="0" type="stmt"/>
        <line num="2988" count="0" type="cond" truecount="0" falsecount="2"/>
        <line num="2989" count="0" type="stmt"/>
        <line num="2990" count="0" type="cond" truecount="0" falsecount="2"/>
        <line num="2991" count="0" type="cond" truecount="0" falsecount="2"/>
        <line num="2992" count="0" type="cond" truecount="0" falsecount="2"/>
        <line num="2995" count="0" type="cond" truecount="0" falsecount="2"/>
        <line num="2996" count="0" type="cond" truecount="0" falsecount="2"/>
        <line num="2999" count="0" type="stmt"/>
        <line num="3003" count="0" type="stmt"/>
        <line num="3004" count="0" type="stmt"/>
        <line num="3005" count="0" type="stmt"/>
        <line num="3006" count="0" type="stmt"/>
        <line num="3010" count="0" type="cond" truecount="0" falsecount="2"/>
[...]
        <metrics statements="228" coveredstatements="0" conditionals="205" coveredconditionals="0" methods="18" coveredmethods="0"/>
        <line num="1" count="0" type="stmt"/>
        <line num="9" count="0" type="stmt"/>
        <line num="26" count="0" type="stmt"/>
        <line num="27" count="0" type="stmt"/>
        <line num="28" count="0" type="stmt"/>
        <line num="31" count="0" type="stmt"/>
        <line num="32" count="0" type="stmt"/>
        <line num="33" count="0" type="stmt"/>
        <line num="34" count="0" type="stmt"/>
        <line num="36" count="0" type="cond" truecount="0" falsecount="4"/>
        <line num="38" count="0" type="cond" truecount="0" falsecount="7"/>
        <line num="39" count="0" type="stmt"/>
        <line num="42" count="0" type="cond" truecount="0" falsecount="2"/>
        <line num="43" count="0" type="stmt"/>
        <line num="44" count="0" type="cond" truecount="0" falsecount="2"/>
        <line num="45" count="0" type="stmt"/>
        <line num="47" count="0" type="cond" truecount="0" falsecount="2"/>
        <line num="48" count="0" type="stmt"/>
        <line num="50" count="0" type="cond" truecount="0" falsecount="2"/>
        <line num="51" count="0" type="stmt"/>
        <line num="53" count="0" type="cond" truecount="0" falsecount="2"/>
        <line num="54" count="0" type="stmt"/>
        <line num="58" count="0" type="stmt"/>
        <line num="59" count="0" type="stmt"/>
        <line num="60" count="0" type="stmt"/>
        <line num="62" count="0" type="stmt"/>
        <line num="63" count="0" type="stmt"/>
        <line num="65" count="0" type="stmt"/>
        <line num="66" count="0" type="stmt"/>
        <line num="67" count="0" type="stmt"/>
        <line num="77" count="0" type="cond" truecount="0" falsecount="2"/>
        <line num="78" count="0" type="stmt"/>
        <line num="79" count="0" type="stmt"/>
        <line num="80" count="0" type="stmt"/>
        <line num="87" count="0" type="cond" truecount="0" falsecount="2"/>
        <line num="89" count="0" type="cond" truecount="0" falsecount="5"/>
        <line num="90" count="0" type="stmt"/>
        <line num="95" count="0" type="stmt"/>
        <line num="102" count="0" type="stmt"/>
        <line num="103" count="0" type="stmt"/>
        <line num="106" count="0" type="stmt"/>
        <line num="109" count="0" type="cond" truecount="0" falsecount="2"/>
        <line num="110" count="0" type="stmt"/>
        <line num="113" count="0" type="cond" truecount="0" falsecount="2"/>
        <line num="114" count="0" type="stmt"/>
        <line num="117" count="0" type="stmt"/>
        <line num="119" count="0" type="cond" truecount="0" falsecount="2"/>
        <line num="120" count="0" type="stmt"/>
        <line num="121" count="0" type="stmt"/>
        <line num="122" count="0" type="cond" truecount="0" falsecount="2"/>
        <line num="123" count="0" type="cond" truecount="0" falsecount="2"/>
        <line num="124" count="0" type="stmt"/>
        <line num="128" count="0" type="cond" truecount="0" falsecount="4"/>
        <line num="129" count="0" type="stmt"/>
        <line num="130" count="0" type="cond" truecount="0" falsecount="4"/>
        <line num="131" count="0" type="cond" truecount="0" falsecount="4"/>
        <line num="132" count="0" type="stmt"/>
        <line num="133" count="0" type="cond" truecount="0" falsecount="4"/>
        <line num="134" count="0" type="stmt"/>
        <line num="136" count="0" type="stmt"/>
        <line num="139" count="0" type="stmt"/>
        <line num="140" count="0" type="stmt"/>
        <line num="142" count="0" type="stmt"/>
        <line num="146" count="0" type="stmt"/>
        <line num="156" count="0" type="stmt"/>
        <line num="176" count="0" type="cond" truecount="0" falsecount="2"/>
        <line num="177" count="0" type="stmt"/>
        <line num="178" count="0" type="stmt"/>
        <line num="182" count="0" type="stmt"/>
        <line num="186" count="0" type="stmt"/>
        <line num="187" count="0" type="stmt"/>
        <line num="188" count="0" type="stmt"/>
        <line num="189" count="0" type="stmt"/>
        <line num="190" count="0" type="stmt"/>
        <line num="198" count="0" type="stmt"/>
        <line num="204" count="0" type="stmt"/>
        <line num="205" count="0" type="stmt"/>
        <line num="206" count="0" type="stmt"/>
        <line num="216" count="0" type="stmt"/>
        <line num="235" count="0" type="stmt"/>
        <line num="236" count="0" type="cond" truecount="0" falsecount="2"/>
        <line num="237" count="0" type="stmt"/>
        <line num="238" count="0" type="stmt"/>
        <line num="239" count="0" type="stmt"/>
        <line num="240" count="0" type="stmt"/>
        <line num="241" count="0" type="cond" truecount="0" falsecount="2"/>
        <line num="242" count="0" type="stmt"/>
        <line num="246" count="0" type="cond" truecount="0" falsecount="4"/>
        <line num="247" count="0" type="stmt"/>
        <line num="248" count="0" type="cond" truecount="0" falsecount="4"/>
        <line num="249" count="0" type="cond" truecount="0" falsecount="4"/>
        <line num="250" count="0" type="stmt"/>
        <line num="251" count="0" type="cond" truecount="0" falsecount="4"/>
        <line num="252" count="0" type="stmt"/>
        <line num="254" count="0" type="stmt"/>
        <line num="256" count="0" type="stmt"/>
        <line num="258" count="0" type="stmt"/>
        <line num="266" count="0" type="stmt"/>
        <line num="276" count="0" type="stmt"/>
        <line num="296" count="0" type="stmt"/>
        <line num="297" count="0" type="cond" truecount="0" falsecount="2"/>
        <line num="298" count="0" type="cond" truecount="0" falsecount="5"/>
        <line num="299" count="0" type="stmt"/>
        <line num="301" count="0" type="stmt"/>
        <line num="303" count="0" type="stmt"/>
        <line num="304" count="0" type="cond" truecount="0" falsecount="2"/>
        <line num="305" count="0" type="cond" truecount="0" falsecount="5"/>
        <line num="306" count="0" type="stmt"/>
        <line num="308" count="0" type="stmt"/>
        <line num="311" count="0" type="stmt"/>
        <line num="312" count="0" type="cond" truecount="0" falsecount="2"/>
        <line num="313" count="0" type="cond" truecount="0" falsecount="2"/>
        <line num="316" count="0" type="cond" truecount="0" falsecount="2"/>
        <line num="319" count="0" type="cond" truecount="0" falsecount="4"/>
        <line num="320" count="0" type="stmt"/>
        <line num="324" count="0" type="stmt"/>
        <line num="328" count="0" type="cond" truecount="0" falsecount="5"/>
        <line num="330" count="0" type="stmt"/>
        <line num="331" count="0" type="stmt"/>
        <line num="332" count="0" type="stmt"/>
        <line num="338" count="0" type="stmt"/>
        <line num="342" count="0" type="cond" truecount="0" falsecount="2"/>
        <line num="343" count="0" type="stmt"/>
        <line num="344" count="0" type="stmt"/>
        <line num="345" count="0" type="stmt"/>
        <line num="352" count="0" type="stmt"/>
        <line num="355" count="0" type="cond" truecount="0" falsecount="2"/>
        <line num="357" count="0" type="cond" truecount="0" falsecount="4"/>
        <line num="362" count="0" type="cond" truecount="0" falsecount="2"/>
        <line num="365" count="0" type="stmt"/>
        <line num="368" count="0" type="cond" truecount="0" falsecount="4"/>
        <line num="369" count="0" type="stmt"/>
        <line num="370" count="0" type="stmt"/>
        <line num="378" count="0" type="stmt"/>
        <line num="379" count="0" type="stmt"/>
        <line num="380" count="0" type="stmt"/>
        <line num="386" count="0" type="stmt"/>
        <line num="387" count="0" type="stmt"/>
        <line num="391" count="0" type="cond" truecount="0" falsecount="4"/>
        <line num="392" count="0" type="stmt"/>
        <line num="393" count="0" type="cond" truecount="0" falsecount="4"/>
        <line num="394" count="0" type="cond" truecount="0" falsecount="4"/>
        <line num="395" count="0" type="stmt"/>
        <line num="396" count="0" type="cond" truecount="0" falsecount="4"/>
        <line num="397" count="0" type="stmt"/>
        <line num="399" count="0" type="stmt"/>
        <line num="401" count="0" type="stmt"/>
        <line num="403" count="0" type="stmt"/>
        <line num="404" count="0" type="stmt"/>
        <line num="405" count="0" type="stmt"/>
        <line num="414" count="0" type="stmt"/>
        <line num="415" count="0" type="cond" truecount="0" falsecount="2"/>
        <line num="416" count="0" type="cond" truecount="0" falsecount="2"/>
        <line num="417" count="0" type="stmt"/>
        <line num="418" count="0" type="stmt"/>
        <line num="419" count="0" type="stmt"/>
        <line num="420" count="0" type="stmt"/>
        <line num="421" count="0" type="stmt"/>
        <line num="422" count="0" type="stmt"/>
        <line num="423" count="0" type="stmt"/>
        <line num="424" count="0" type="stmt"/>
        <line num="427" count="0" type="stmt"/>
        <line num="439" count="0" type="cond" truecount="0" falsecount="2"/>
        <line num="440" count="0" type="stmt"/>
        <line num="443" count="0" type="stmt"/>
        <line num="446" count="0" type="cond" truecount="0" falsecount="2"/>
        <line num="447" count="0" type="cond" truecount="0" falsecount="2"/>
        <line num="450" count="0" type="stmt"/>
        <line num="451" count="0" type="stmt"/>
        <line num="452" count="0" type="stmt"/>
        <line num="454" count="0" type="stmt"/>
        <line num="457" count="0" type="stmt"/>
        <line num="458" count="0" type="stmt"/>
        <line num="465" count="0" type="stmt"/>
        <line num="466" count="0" type="stmt"/>
        <line num="467" count="0" type="stmt"/>
        <line num="469" count="0" type="stmt"/>
        <line num="470" count="0" type="stmt"/>
        <line num="471" count="0" type="stmt"/>
        <line num="474" count="0" type="stmt"/>
        <line num="475" count="0" type="stmt"/>
        <line num="478" count="0" type="stmt"/>
        <line num="479" count="0" type="stmt"/>
        <line num="486" count="0" type="stmt"/>
        <line num="487" count="0" type="stmt"/>
        <line num="489" count="0" type="cond" truecount="0" falsecount="4"/>
        <line num="490" count="0" type="stmt"/>
        <line num="492" count="0" type="cond" truecount="0" falsecount="2"/>
        <line num="493" count="0" type="stmt"/>
        <line num="497" count="0" type="stmt"/>
        <line num="499" count="0" type="cond" truecount="0" falsecount="2"/>
        <line num="500" count="0" type="stmt"/>
        <line num="504" count="0" type="stmt"/>
        <line num="508" count="0" type="stmt"/>
        <line num="512" count="0" type="stmt"/>
        <line num="513" count="0" type="stmt"/>
        <line num="518" count="0" type="stmt"/>
        <line num="523" count="0" type="cond" truecount="0" falsecount="2"/>
        <line num="524" count="0" type="stmt"/>
        <line num="540" count="0" type="stmt"/>
        <line num="544" count="0" type="stmt"/>
        <line num="545" count="0" type="stmt"/>
        <line num="546" count="0" type="stmt"/>
        <line num="547" count="0" type="stmt"/>
        <line num="548" count="0" type="stmt"/>
        <line num="555" count="0" type="stmt"/>
        <line num="561" count="0" type="stmt"/>
        <line num="562" count="0" type="stmt"/>
        <line num="563" count="0" type="stmt"/>
        <line num="574" count="0" type="cond" truecount="0" falsecount="2"/>
        <line num="575" count="0" type="stmt"/>
        <line num="577" count="0" type="stmt"/>
        <line num="582" count="0" type="stmt"/>
        <line num="583" count="0" type="cond" truecount="0" falsecount="2"/>
        <line num="585" count="0" type="stmt"/>
        <line num="586" count="0" type="cond" truecount="0" falsecount="4"/>
        <line num="587" count="0" type="cond" truecount="0" falsecount="4"/>
        <line num="588" count="0" type="cond" truecount="0" falsecount="2"/>
        <line num="589" count="0" type="cond" truecount="0" falsecount="2"/>
        <line num="593" count="0" type="stmt"/>
        <line num="600" count="0" type="stmt"/>
        <line num="603" count="0" type="stmt"/>
        <line num="620" count="0" type="stmt"/>
        <line num="621" count="0" type="stmt"/>
        <line num="622" count="0" type="cond" truecount="0" falsecount="4"/>
        <line num="623" count="0" type="stmt"/>
        <line num="625" count="0" type="stmt"/>
        <line num="626" count="0" type="stmt"/>
      </file>
      <file name="subscriptions.routes.js" path="F:\GITHUB\FintechBankApp\API\src\routes\subscriptions.routes.js">
        <metrics statements="53" coveredstatements="0" conditionals="41" coveredconditionals="0" methods="7" coveredmethods="0"/>
        <line num="8" count="0" type="stmt"/>
        <line num="22" count="0" type="stmt"/>
        <line num="23" count="0" type="stmt"/>
        <line num="24" count="0" type="stmt"/>
        <line num="25" count="0" type="stmt"/>
        <line num="28" count="0" type="stmt"/>
        <line num="29" count="0" type="cond" truecount="0" falsecount="2"/>
        <line num="30" count="0" type="cond" truecount="0" falsecount="4"/>
        <line num="31" count="0" type="stmt"/>
        <line num="32" count="0" type="stmt"/>
        <line num="33" count="0" type="stmt"/>
        <line num="36" count="0" type="stmt"/>
        <line num="37" count="0" type="stmt"/>
        <line num="38" count="0" type="stmt"/>
        <line num="39" count="0" type="stmt"/>
        <line num="40" count="0" type="stmt"/>
        <line num="41" count="0" type="cond" truecount="0" falsecount="2"/>
        <line num="42" count="0" type="stmt"/>
        <line num="46" count="0" type="stmt"/>
        <line num="47" count="0" type="stmt"/>
        <line num="48" count="0" type="cond" truecount="0" falsecount="4"/>
        <line num="49" count="0" type="stmt"/>
        <line num="51" count="0" type="stmt"/>
        <line num="52" count="0" type="stmt"/>
        <line num="55" count="0" type="stmt"/>
        <line num="56" count="0" type="stmt"/>
        <line num="57" count="0" type="cond" truecount="0" falsecount="4"/>
        <line num="58" count="0" type="stmt"/>
        <line num="60" count="0" type="cond" truecount="0" falsecount="2"/>
        <line num="61" count="0" type="stmt"/>
        <line num="62" count="0" type="cond" truecount="0" falsecount="2"/>
        <line num="65" count="0" type="stmt"/>
        <line num="66" count="0" type="cond" truecount="0" falsecount="2"/>
        <line num="67" count="0" type="cond" truecount="0" falsecount="5"/>
        <line num="68" count="0" type="stmt"/>
        <line num="71" count="0" type="stmt"/>
        <line num="72" count="0" type="stmt"/>
        <line num="73" count="0" type="stmt"/>
        <line num="76" count="0" type="stmt"/>
        <line num="77" count="0" type="stmt"/>
        <line num="78" count="0" type="cond" truecount="0" falsecount="4"/>
        <line num="79" count="0" type="stmt"/>
        <line num="81" count="0" type="stmt"/>
        <line num="82" count="0" type="cond" truecount="0" falsecount="2"/>
        <line num="83" count="0" type="cond" truecount="0" falsecount="4"/>
        <line num="87" count="0" type="stmt"/>
        <line num="88" count="0" type="cond" truecount="0" falsecount="2"/>
        <line num="89" count="0" type="stmt"/>
        <line num="90" count="0" type="cond" truecount="0" falsecount="2"/>
        <line num="91" count="0" type="stmt"/>
        <line num="92" count="0" type="stmt"/>
        <line num="96" count="0" type="stmt"/>
        <line num="97" count="0" type="stmt"/>
      </file>
      <file name="users.routes.js" path="F:\GITHUB\FintechBankApp\API\src\routes\users.routes.js">
        <metrics statements="12" coveredstatements="0" conditionals="0" coveredconditionals="0" methods="1" coveredmethods="0"/>
        <line num="8" count="0" type="stmt"/>
        <line num="9" count="0" type="stmt"/>
        <line num="10" count="0" type="stmt"/>
        <line num="12" count="0" type="stmt"/>
        <line num="14" count="0" type="stmt"/>
        <line num="15" count="0" type="stmt"/>
        <line num="18" count="0" type="stmt"/>
        <line num="19" count="0" type="stmt"/>
        <line num="21" count="0" type="stmt"/>
        <line num="24" count="0" type="stmt"/>
        <line num="25" count="0" type="stmt"/>
        <line num="27" count="0" type="stmt"/>
      </file>
    </package>
    <package name="API.src.routes.admin">
      <metrics statements="20" coveredstatements="0" conditionals="0" coveredconditionals="0" methods="4" coveredmethods="0"/>
      <file name="notifications.routes.js" path="F:\GITHUB\FintechBankApp\API\src\routes\admin\notifications.routes.js">
        <metrics statements="5" coveredstatements="0" conditionals="0" coveredconditionals="0" methods="3" coveredmethods="0"/>
        <line num="7" count="0" type="stmt"/>
        <line num="13" count="0" type="stmt"/>
        <line num="14" count="0" type="stmt"/>
        <line num="15" count="0" type="stmt"/>
        <line num="19" count="0" type="stmt"/>
      </file>
      <file name="users.routes.js" path="F:\GITHUB\FintechBankApp\API\src\routes\admin\users.routes.js">
        <metrics statements="15" coveredstatements="0" conditionals="0" coveredconditionals="0" methods="1" coveredmethods="0"/>
        <line num="9" count="0" type="stmt"/>
        <line num="10" count="0" type="stmt"/>
        <line num="11" count="0" type="stmt"/>
        <line num="12" count="0" type="stmt"/>
        <line num="13" count="0" type="stmt"/>
        <line num="14" count="0" type="stmt"/>
        <line num="15" count="0" type="stmt"/>
        <line num="16" count="0" type="stmt"/>
        <line num="17" count="0" type="stmt"/>
        <line num="18" count="0" type="stmt"/>
        <line num="19" count="0" type="stmt"/>
        <line num="20" count="0" type="stmt"/>
        <line num="21" count="0" type="stmt"/>
        <line num="22" count="0" type="stmt"/>
        <line num="23" count="0" type="stmt"/>
      </file>
    </package>
    <package name="API.src.services">
      <metrics statements="20" coveredstatements="0" conditionals="8" coveredconditionals="0" methods="2" coveredmethods="0"/>
      <file name="transactionService.js" path="F:\GITHUB\FintechBankApp\API\src\services\transactionService.js">
        <metrics statements="20" coveredstatements="0" conditionals="8" coveredconditionals="0" methods="2" coveredmethods="0"/>
        <line num="12" count="0" type="stmt"/>
        <line num="20" count="0" type="stmt"/>
        <line num="21" count="0" type="stmt"/>
        <line num="22" count="0" type="cond" truecount="0" falsecount="2"/>
        <line num="24" count="0" type="stmt"/>
        <line num="26" count="0" type="stmt"/>
        <line num="27" count="0" type="stmt"/>
        <line num="28" count="0" type="stmt"/>
        <line num="30" count="0" type="cond" truecount="0" falsecount="2"/>
        <line num="31" count="0" type="stmt"/>
        <line num="32" count="0" type="cond" truecount="0" falsecount="2"/>
        <line num="33" count="0" type="stmt"/>
        <line num="34" count="0" type="stmt"/>
        <line num="35" count="0" type="cond" truecount="0" falsecount="2"/>
        <line num="36" count="0" type="stmt"/>
        <line num="37" count="0" type="stmt"/>
        <line num="40" count="0" type="stmt"/>
        <line num="41" count="0" type="stmt"/>
        <line num="44" count="0" type="stmt"/>
        <line num="47" count="0" type="stmt"/>
      </file>
    </package>
  </project>
</coverage>
