<?xml version="1.0" encoding="UTF-8"?>
<coverage generated="1785551422080" clover="3.2.0">
  <project timestamp="1785551422080" name="All files">
    <metrics statements="4230" coveredstatements="462" conditionals="3045" coveredconditionals="112" methods="421" coveredmethods="32" elements="7696" coveredelements="606" complexity="0" loc="4230" ncloc="4230" packages="7" files="26" classes="26"/>
    <package name="API">
      <metrics statements="2929" coveredstatements="207" conditionals="2187" coveredconditionals="1" methods="243" coveredmethods="2"/>
      <file name="index.cjs" path="F:\GITHUB\FintechBankApp\API\index.cjs">
        <metrics statements="2929" coveredstatements="207" conditionals="2187" coveredconditionals="1" methods="243" coveredmethods="2"/>
        <line num="1" count="1" type="stmt"/>
        <line num="2" count="1" type="stmt"/>
        <line num="5" count="1" type="stmt"/>
        <line num="7" count="1" type="stmt"/>
        <line num="8" count="1" type="stmt"/>
        <line num="9" count="1" type="stmt"/>
        <line num="10" count="1" type="stmt"/>
        <line num="12" count="1" type="stmt"/>
        <line num="13" count="1" type="stmt"/>
        <line num="14" count="1" type="stmt"/>
        <line num="15" count="1" type="stmt"/>
        <line num="16" count="1" type="stmt"/>
        <line num="17" count="1" type="stmt"/>
        <line num="20" count="1" type="stmt"/>
        <line num="21" count="1" type="stmt"/>
        <line num="22" count="1" type="stmt"/>
        <line num="23" count="1" type="stmt"/>
        <line num="24" count="1" type="stmt"/>
        <line num="25" count="1" type="stmt"/>
        <line num="26" count="1" type="stmt"/>
        <line num="27" count="1" type="stmt"/>
        <line num="28" count="1" type="stmt"/>
        <line num="29" count="1" type="stmt"/>
        <line num="30" count="1" type="stmt"/>
        <line num="31" count="1" type="stmt"/>
        <line num="32" count="1" type="stmt"/>
        <line num="33" count="1" type="stmt"/>
        <line num="34" count="1" type="stmt"/>
        <line num="35" count="1" type="stmt"/>
        <line num="36" count="1" type="stmt"/>
        <line num="37" count="1" type="stmt"/>
        <line num="38" count="1" type="stmt"/>
        <line num="39" count="1" type="stmt"/>
        <line num="40" count="1" type="stmt"/>
        <line num="41" count="1" type="stmt"/>
        <line num="42" count="1" type="stmt"/>
        <line num="43" count="1" type="stmt"/>
        <line num="44" count="1" type="stmt"/>
        <line num="45" count="1" type="stmt"/>
        <line num="46" count="1" type="stmt"/>
        <line num="49" count="1" type="cond" truecount="1" falsecount="1"/>
        <line num="50" count="1" type="stmt"/>
        <line num="54" count="1" type="stmt"/>
        <line num="56" count="1" type="stmt"/>
        <line num="62" count="1" type="stmt"/>
        <line num="63" count="1" type="stmt"/>
        <line num="65" count="1" type="stmt"/>
        <line num="66" count="0" type="stmt"/>
        <line num="67" count="0" type="stmt"/>
        <line num="68" count="0" type="stmt"/>
        <line num="70" count="0" type="stmt"/>
        <line num="76" count="0" type="stmt"/>
        <line num="77" count="0" type="stmt"/>
        <line num="78" count="0" type="stmt"/>
        <line num="79" count="0" type="cond" truecount="0" falsecount="2"/>
        <line num="81" count="0" type="stmt"/>
        <line num="85" count="0" type="stmt"/>
        <line num="86" count="0" type="stmt"/>
        <line num="87" count="0" type="stmt"/>
        <line num="88" count="0" type="stmt"/>
        <line num="89" count="0" type="cond" truecount="0" falsecount="2"/>
        <line num="91" count="0" type="stmt"/>
        <line num="96" count="0" type="stmt"/>
        <line num="97" count="0" type="stmt"/>
        <line num="98" count="0" type="stmt"/>
        <line num="99" count="0" type="cond" truecount="0" falsecount="2"/>
        <line num="100" count="0" type="stmt"/>
        <line num="102" count="0" type="stmt"/>
        <line num="105" count="0" type="stmt"/>
        <line num="110" count="1" type="stmt"/>
        <line num="111" count="0" type="stmt"/>
        <line num="112" count="0" type="stmt"/>
        <line num="113" count="0" type="stmt"/>
        <line num="114" count="0" type="stmt"/>
        <line num="115" count="0" type="stmt"/>
        <line num="116" count="0" type="cond" truecount="0" falsecount="4"/>
        <line num="117" count="0" type="stmt"/>
        <line num="120" count="0" type="stmt"/>
        <line num="125" count="1" type="stmt"/>
        <line num="126" count="0" type="cond" truecount="0" falsecount="2"/>
        <line num="129" count="0" type="stmt"/>
        <line num="130" count="0" type="cond" truecount="0" falsecount="2"/>
        <line num="132" count="0" type="stmt"/>
        <line num="133" count="0" type="cond" truecount="0" falsecount="2"/>
        <line num="134" count="0" type="stmt"/>
        <line num="135" count="0" type="stmt"/>
        <line num="136" count="0" type="stmt"/>
        <line num="138" count="0" type="cond" truecount="0" falsecount="2"/>
        <line num="139" count="0" type="cond" truecount="0" falsecount="2"/>
        <line num="142" count="0" type="stmt"/>
        <line num="143" count="0" type="stmt"/>
        <line num="145" count="0" type="cond" truecount="0" falsecount="2"/>
        <line num="148" count="0" type="stmt"/>
        <line num="149" count="0" type="cond" truecount="0" falsecount="2"/>
        <line num="152" count="0" type="stmt"/>
        <line num="187" count="1" type="stmt"/>
        <line num="188" count="0" type="stmt"/>
        <line num="189" count="0" type="stmt"/>
        <line num="190" count="0" type="stmt"/>
        <line num="191" count="0" type="stmt"/>
        <line num="198" count="0" type="cond" truecount="0" falsecount="2"/>
        <line num="199" count="0" type="stmt"/>
        <line num="200" count="0" type="stmt"/>
        <line num="210" count="0" type="cond" truecount="0" falsecount="3"/>
        <line num="211" count="0" type="stmt"/>
        <line num="212" count="0" type="cond" truecount="0" falsecount="2"/>
        <line num="214" count="0" type="stmt"/>
        <line num="220" count="0" type="stmt"/>
        <line num="221" count="0" type="cond" truecount="0" falsecount="4"/>
        <line num="228" count="0" type="cond" truecount="0" falsecount="2"/>
        <line num="229" count="0" type="stmt"/>
        <line num="230" count="0" type="stmt"/>
        <line num="236" count="0" type="cond" truecount="0" falsecount="2"/>
        <line num="237" count="0" type="cond" truecount="0" falsecount="2"/>
        <line num="238" count="0" type="stmt"/>
        <line num="239" count="0" type="cond" truecount="0" falsecount="2"/>
        <line num="240" count="0" type="stmt"/>
        <line num="241" count="0" type="stmt"/>
        <line num="248" count="0" type="cond" truecount="0" falsecount="2"/>
        <line num="249" count="0" type="cond" truecount="0" falsecount="2"/>
        <line num="250" count="0" type="stmt"/>
        <line num="252" count="0" type="cond" truecount="0" falsecount="2"/>
        <line num="253" count="0" type="cond" truecount="0" falsecount="2"/>
        <line num="254" count="0" type="stmt"/>
        <line num="256" count="0" type="stmt"/>
        <line num="257" count="0" type="stmt"/>
        <line num="259" count="0" type="stmt"/>
        <line num="260" count="0" type="stmt"/>
        <line num="261" count="0" type="stmt"/>
        <line num="267" count="0" type="cond" truecount="0" falsecount="2"/>
        <line num="268" count="0" type="stmt"/>
        <line num="269" count="0" type="stmt"/>
        <line num="270" count="0" type="stmt"/>
        <line num="271" count="0" type="cond" truecount="0" falsecount="2"/>
        <line num="272" count="0" type="cond" truecount="0" falsecount="2"/>
        <line num="273" count="0" type="stmt"/>
        <line num="274" count="0" type="stmt"/>
        <line num="288" count="0" type="cond" truecount="0" falsecount="3"/>
        <line num="289" count="0" type="cond" truecount="0" falsecount="4"/>
        <line num="290" count="0" type="stmt"/>
        <line num="292" count="0" type="stmt"/>
        <line num="297" count="0" type="cond" truecount="0" falsecount="2"/>
        <line num="298" count="0" type="cond" truecount="0" falsecount="2"/>
        <line num="299" count="0" type="cond" truecount="0" falsecount="2"/>
        <line num="301" count="0" type="stmt"/>
        <line num="302" count="0" type="stmt"/>
        <line num="303" count="0" type="stmt"/>
        <line num="304" count="0" type="cond" truecount="0" falsecount="4"/>
        <line num="305" count="0" type="stmt"/>
        <line num="306" count="0" type="stmt"/>
        <line num="307" count="0" type="stmt"/>
        <line num="309" count="0" type="stmt"/>
        <line num="310" count="0" type="stmt"/>
        <line num="311" count="0" type="stmt"/>
        <line num="313" count="0" type="stmt"/>
        <line num="314" count="0" type="stmt"/>
        <line num="315" count="0" type="stmt"/>
        <line num="317" count="0" type="stmt"/>
        <line num="318" count="0" type="stmt"/>
        <line num="319" count="0" type="stmt"/>
        <line num="320" count="0" type="stmt"/>
        <line num="322" count="0" type="stmt"/>
        <line num="323" count="0" type="stmt"/>
        <line num="324" count="0" type="stmt"/>
        <line num="326" count="0" type="stmt"/>
        <line num="327" count="0" type="stmt"/>
        <line num="328" count="0" type="stmt"/>
        <line num="331" count="0" type="cond" truecount="0" falsecount="2"/>
        <line num="332" count="0" type="stmt"/>
        <line num="333" count="0" type="cond" truecount="0" falsecount="2"/>
        <line num="334" count="0" type="stmt"/>
        <line num="335" count="0" type="stmt"/>
        <line num="336" count="0" type="stmt"/>
        <line num="337" count="0" type="stmt"/>
        <line num="338" count="0" type="stmt"/>
        <line num="339" count="0" type="stmt"/>
        <line num="340" count="0" type="stmt"/>
        <line num="345" count="0" type="stmt"/>
        <line num="346" count="0" type="stmt"/>
        <line num="347" count="0" type="stmt"/>
        <line num="348" count="0" type="stmt"/>
        <line num="353" count="0" type="stmt"/>
        <line num="355" count="0" type="stmt"/>
        <line num="359" count="0" type="stmt"/>
        <line num="370" count="0" type="stmt"/>
        <line num="371" count="0" type="stmt"/>
        <line num="372" count="0" type="cond" truecount="0" falsecount="4"/>
        <line num="373" count="0" type="stmt"/>
        <line num="374" count="0" type="stmt"/>
        <line num="376" count="0" type="cond" truecount="0" falsecount="2"/>
        <line num="377" count="0" type="cond" truecount="0" falsecount="2"/>
        <line num="378" count="0" type="cond" truecount="0" falsecount="4"/>
        <line num="379" count="0" type="stmt"/>
        <line num="380" count="0" type="cond" truecount="0" falsecount="2"/>
        <line num="381" count="0" type="cond" truecount="0" falsecount="2"/>
        <line num="382" count="0" type="cond" truecount="0" falsecount="2"/>
        <line num="385" count="0" type="cond" truecount="0" falsecount="2"/>
        <line num="386" count="0" type="stmt"/>
        <line num="397" count="0" type="stmt"/>
        <line num="399" count="0" type="stmt"/>
        <line num="400" count="0" type="stmt"/>
        <line num="405" count="0" type="cond" truecount="0" falsecount="2"/>
        <line num="406" count="0" type="cond" truecount="0" falsecount="4"/>
        <line num="407" count="0" type="cond" truecount="0" falsecount="2"/>
        <line num="409" count="0" type="cond" truecount="0" falsecount="2"/>
        <line num="410" count="0" type="stmt"/>
        <line num="411" count="0" type="cond" truecount="0" falsecount="2"/>
        <line num="412" count="0" type="cond" truecount="0" falsecount="2"/>
        <line num="413" count="0" type="cond" truecount="0" falsecount="2"/>
        <line num="414" count="0" type="cond" truecount="0" falsecount="2"/>
        <line num="415" count="0" type="stmt"/>
        <line num="417" count="0" type="cond" truecount="0" falsecount="4"/>
        <line num="424" count="0" type="cond" truecount="0" falsecount="2"/>
        <line num="425" count="0" type="stmt"/>
        <line num="427" count="0" type="cond" truecount="0" falsecount="2"/>
        <line num="428" count="0" type="cond" truecount="0" falsecount="2"/>
        <line num="429" count="0" type="stmt"/>
        <line num="430" count="0" type="cond" truecount="0" falsecount="4"/>
        <line num="431" count="0" type="stmt"/>
        <line num="433" count="0" type="stmt"/>
        <line num="436" count="0" type="stmt"/>
        <line num="438" count="0" type="stmt"/>
        <line num="441" count="0" type="cond" truecount="0" falsecount="2"/>
        <line num="443" count="0" type="cond" truecount="0" falsecount="2"/>
        <line num="444" count="0" type="stmt"/>
        <line num="445" count="0" type="stmt"/>
        <line num="446" count="0" type="cond" truecount="0" falsecount="4"/>
        <line num="447" count="0" type="cond" truecount="0" falsecount="2"/>
        <line num="448" count="0" type="cond" truecount="0" falsecount="2"/>
        <line num="449" count="0" type="cond" truecount="0" falsecount="4"/>
        <line num="450" count="0" type="cond" truecount="0" falsecount="5"/>
        <line num="451" count="0" type="stmt"/>
        <line num="456" count="0" type="stmt"/>
        <line num="457" count="0" type="stmt"/>
        <line num="458" count="0" type="cond" truecount="0" falsecount="3"/>
        <line num="459" count="0" type="stmt"/>
        <line num="467" count="0" type="stmt"/>
        <line num="468" count="0" type="cond" truecount="0" falsecount="2"/>
        <line num="469" count="0" type="cond" truecount="0" falsecount="2"/>
        <line num="471" count="0" type="cond" truecount="0" falsecount="2"/>
        <line num="472" count="0" type="stmt"/>
        <line num="473" count="0" type="cond" truecount="0" falsecount="2"/>
        <line num="474" count="0" type="cond" truecount="0" falsecount="2"/>
        <line num="475" count="0" type="cond" truecount="0" falsecount="4"/>
        <line num="476" count="0" type="stmt"/>
        <line num="485" count="0" type="stmt"/>
        <line num="486" count="0" type="stmt"/>
        <line num="489" count="0" type="stmt"/>
        <line num="492" count="0" type="stmt"/>
        <line num="493" count="0" type="cond" truecount="0" falsecount="4"/>
        <line num="496" count="0" type="cond" truecount="0" falsecount="2"/>
        <line num="497" count="0" type="stmt"/>
        <line num="498" count="0" type="stmt"/>
        <line num="499" count="0" type="cond" truecount="0" falsecount="3"/>
        <line num="503" count="0" type="stmt"/>
        <line num="505" count="0" type="stmt"/>
        <line num="506" count="0" type="stmt"/>
        <line num="507" count="0" type="cond" truecount="0" falsecount="4"/>
        <line num="508" count="0" type="cond" truecount="0" falsecount="2"/>
        <line num="509" count="0" type="cond" truecount="0" falsecount="2"/>
        <line num="510" count="0" type="cond" truecount="0" falsecount="4"/>
        <line num="511" count="0" type="cond" truecount="0" falsecount="5"/>
        <line num="512" count="0" type="stmt"/>
        <line num="516" count="0" type="stmt"/>
        <line num="517" count="0" type="stmt"/>
        <line num="518" count="0" type="cond" truecount="0" falsecount="2"/>
        <line num="519" count="0" type="stmt"/>
        <line num="524" count="0" type="stmt"/>
        <line num="525" count="0" type="stmt"/>
        <line num="526" count="0" type="cond" truecount="0" falsecount="4"/>
        <line num="529" count="0" type="cond" truecount="0" falsecount="4"/>
        <line num="532" count="0" type="stmt"/>
        <line num="543" count="0" type="cond" truecount="0" falsecount="2"/>
        <line num="544" count="0" type="stmt"/>
        <line num="551" count="0" type="stmt"/>
        <line num="552" count="0" type="stmt"/>
        <line num="553" count="0" type="stmt"/>
        <line num="559" count="0" type="cond" truecount="0" falsecount="4"/>
        <line num="560" count="0" type="stmt"/>
        <line num="561" count="0" type="cond" truecount="0" falsecount="2"/>
        <line num="562" count="0" type="stmt"/>
        <line num="569" count="0" type="stmt"/>
        <line num="579" count="0" type="stmt"/>
        <line num="580" count="0" type="cond" truecount="0" falsecount="2"/>
        <line num="581" count="0" type="stmt"/>
        <line num="582" count="0" type="stmt"/>
        <line num="583" count="0" type="stmt"/>
        <line num="584" count="0" type="stmt"/>
        <line num="585" count="0" type="stmt"/>
        <line num="590" count="0" type="cond" truecount="0" falsecount="4"/>
        <line num="598" count="0" type="stmt"/>
        <line num="599" count="0" type="stmt"/>
        <line num="611" count="0" type="cond" truecount="0" falsecount="2"/>
        <line num="626" count="0" type="cond" truecount="0" falsecount="2"/>
        <line num="628" count="0" type="stmt"/>
        <line num="632" count="0" type="cond" truecount="0" falsecount="4"/>
        <line num="638" count="0" type="stmt"/>
        <line num="640" count="0" type="stmt"/>
        <line num="641" count="0" type="stmt"/>
        <line num="647" count="0" type="stmt"/>
        <line num="648" count="0" type="stmt"/>
        <line num="649" count="0" type="cond" truecount="0" falsecount="2"/>
        <line num="650" count="0" type="cond" truecount="0" falsecount="4"/>
        <line num="651" count="0" type="stmt"/>
        <line num="652" count="0" type="cond" truecount="0" falsecount="2"/>
        <line num="653" count="0" type="cond" truecount="0" falsecount="2"/>
        <line num="654" count="0" type="stmt"/>
        <line num="655" count="0" type="stmt"/>
        <line num="656" count="0" type="cond" truecount="0" falsecount="2"/>
        <line num="657" count="0" type="stmt"/>
        <line num="658" count="0" type="stmt"/>
        <line num="659" count="0" type="cond" truecount="0" falsecount="2"/>
        <line num="660" count="0" type="cond" truecount="0" falsecount="2"/>
        <line num="661" count="0" type="stmt"/>
        <line num="662" count="0" type="stmt"/>
        <line num="663" count="0" type="stmt"/>
        <line num="664" count="0" type="stmt"/>
        <line num="667" count="0" type="stmt"/>
        <line num="668" count="0" type="stmt"/>
        <line num="670" count="0" type="stmt"/>
        <line num="671" count="0" type="stmt"/>
        <line num="672" count="0" type="stmt"/>
        <line num="675" count="0" type="stmt"/>
        <line num="676" count="0" type="stmt"/>
        <line num="683" count="0" type="cond" truecount="0" falsecount="2"/>
        <line num="694" count="0" type="stmt"/>
        <line num="695" count="0" type="stmt"/>
        <line num="699" count="1" type="cond" truecount="0" falsecount="1"/>
        <line num="700" count="0" type="stmt"/>
        <line num="701" count="0" type="stmt"/>
        <line num="702" count="0" type="stmt"/>
        <line num="703" count="0" type="stmt"/>
        <line num="708" count="1" type="stmt"/>
        <line num="709" count="0" type="cond" truecount="0" falsecount="2"/>
        <line num="710" count="0" type="cond" truecount="0" falsecount="2"/>
        <line num="711" count="0" type="stmt"/>
        <line num="712" count="0" type="cond" truecount="0" falsecount="2"/>
        <line num="713" count="0" type="cond" truecount="0" falsecount="2"/>
        <line num="714" count="0" type="stmt"/>
        <line num="715" count="0" type="cond" truecount="0" falsecount="2"/>
        <line num="718" count="1" type="stmt"/>
        <line num="719" count="0" type="cond" truecount="0" falsecount="2"/>
        <line num="720" count="0" type="stmt"/>
        <line num="732" count="1" type="stmt"/>
        <line num="733" count="0" type="cond" truecount="0" falsecount="2"/>
        <line num="734" count="0" type="stmt"/>
        <line num="741" count="122" type="stmt"/>
        <line num="742" count="0" type="stmt"/>
        <line num="746" count="1" type="stmt"/>
        <line num="747" count="0" type="cond" truecount="0" falsecount="2"/>
        <line num="748" count="0" type="stmt"/>
        <line num="752" count="1" type="stmt"/>
        <line num="753" count="1" type="stmt"/>
        <line num="755" count="1" type="stmt"/>
        <line num="758" count="1" type="stmt"/>
        <line num="761" count="1" type="stmt"/>
        <line num="767" count="1" type="stmt"/>
        <line num="769" count="0" type="cond" truecount="0" falsecount="8"/>
        <line num="770" count="0" type="stmt"/>
        <line num="782" count="1" type="stmt"/>
        <line num="783" count="1" type="stmt"/>
        <line num="784" count="1" type="stmt"/>
        <line num="785" count="1" type="stmt"/>
        <line num="786" count="1" type="stmt"/>
        <line num="787" count="1" type="stmt"/>
        <line num="789" count="1" type="stmt"/>
        <line num="791" count="1" type="stmt"/>
        <line num="792" count="0" type="stmt"/>
        <line num="793" count="0" type="cond" truecount="0" falsecount="2"/>
        <line num="794" count="0" type="stmt"/>
        <line num="795" count="0" type="stmt"/>
        <line num="796" count="0" type="stmt"/>
        <line num="798" count="0" type="cond" truecount="0" falsecount="2"/>
        <line num="799" count="0" type="stmt"/>
        <line num="805" count="0" type="stmt"/>
        <line num="808" count="1" type="stmt"/>
        <line num="809" count="0" type="cond" truecount="0" falsecount="4"/>
        <line num="810" count="0" type="stmt"/>
        <line num="812" count="0" type="stmt"/>
        <line num="815" count="1" type="stmt"/>
        <line num="821" count="0" type="stmt"/>
        <line num="825" count="1" type="stmt"/>
        <line num="832" count="1" type="stmt"/>
        <line num="836" count="0" type="stmt"/>
        <line num="837" count="0" type="cond" truecount="0" falsecount="2"/>
        <line num="838" count="0" type="stmt"/>
        <line num="841" count="0" type="cond" truecount="0" falsecount="2"/>
        <line num="842" count="0" type="stmt"/>
        <line num="844" count="0" type="stmt"/>
        <line num="848" count="0" type="stmt"/>
        <line num="853" count="1" type="stmt"/>
        <line num="860" count="1" type="stmt"/>
        <line num="861" count="0" type="stmt"/>
        <line num="863" count="0" type="stmt"/>
        <line num="877" count="0" type="stmt"/>
        <line num="880" count="1" type="stmt"/>
        <line num="881" count="0" type="stmt"/>
        <line num="883" count="0" type="stmt"/>
        <line num="884" count="0" type="stmt"/>
        <line num="887" count="0" type="stmt"/>
        <line num="888" count="0" type="stmt"/>
        <line num="889" count="0" type="cond" truecount="0" falsecount="2"/>
        <line num="892" count="0" type="stmt"/>
        <line num="893" count="0" type="stmt"/>
        <line num="894" count="0" type="cond" truecount="0" falsecount="2"/>
        <line num="897" count="0" type="stmt"/>
        <line num="898" count="0" type="stmt"/>
        <line num="899" count="0" type="cond" truecount="0" falsecount="2"/>
        <line num="901" count="0" type="stmt"/>
        <line num="902" count="0" type="stmt"/>
        <line num="905" count="0" type="stmt"/>
        <line num="906" count="0" type="stmt"/>
        <line num="914" count="1" type="stmt"/>
        <line num="915" count="0" type="stmt"/>
        <line num="916" count="0" type="stmt"/>
        <line num="918" count="0" type="stmt"/>
        <line num="919" count="0" type="stmt"/>
        <line num="920" count="0" type="stmt"/>
        <line num="922" count="0" type="cond" truecount="0" falsecount="2"/>
        <line num="923" count="0" type="stmt"/>
        <line num="926" count="0" type="stmt"/>
        <line num="928" count="0" type="stmt"/>
        <line num="930" count="0" type="stmt"/>
        <line num="931" count="0" type="stmt"/>
        <line num="934" count="0" type="stmt"/>
        <line num="935" count="0" type="stmt"/>
        <line num="944" count="1" type="stmt"/>
        <line num="945" count="0" type="stmt"/>
        <line num="946" count="0" type="stmt"/>
        <line num="948" count="0" type="stmt"/>
        <line num="950" count="0" type="stmt"/>
        <line num="951" count="0" type="stmt"/>
        <line num="953" count="0" type="cond" truecount="0" falsecount="2"/>
        <line num="954" count="0" type="stmt"/>
        <line num="957" count="0" type="stmt"/>
        <line num="958" count="0" type="cond" truecount="0" falsecount="2"/>
        <line num="959" count="0" type="cond" truecount="0" falsecount="2"/>
        <line num="960" count="0" type="cond" truecount="0" falsecount="2"/>
        <line num="963" count="0" type="cond" truecount="0" falsecount="2"/>
        <line num="964" count="0" type="stmt"/>
        <line num="971" count="0" type="stmt"/>
        <line num="972" count="0" type="cond" truecount="0" falsecount="2"/>
        <line num="973" count="0" type="stmt"/>
        <line num="980" count="0" type="stmt"/>
        <line num="981" count="0" type="stmt"/>
        <line num="982" count="0" type="cond" truecount="0" falsecount="2"/>
        <line num="984" count="0" type="cond" truecount="0" falsecount="2"/>
        <line num="985" count="0" type="stmt"/>
        <line num="992" count="0" type="stmt"/>
        <line num="993" count="0" type="stmt"/>
        <line num="994" count="0" type="cond" truecount="0" falsecount="2"/>
        <line num="996" count="0" type="cond" truecount="0" falsecount="2"/>
        <line num="997" count="0" type="stmt"/>
        <line num="1004" count="0" type="stmt"/>
        <line num="1007" count="0" type="stmt"/>
        <line num="1008" count="0" type="stmt"/>
        <line num="1009" count="0" type="stmt"/>
        <line num="1010" count="0" type="stmt"/>
        <line num="1011" count="0" type="stmt"/>
        <line num="1012" count="0" type="stmt"/>
        <line num="1013" count="0" type="stmt"/>
        <line num="1014" count="0" type="stmt"/>
        <line num="1017" count="0" type="stmt"/>
        <line num="1019" count="0" type="stmt"/>
        <line num="1020" count="0" type="stmt"/>
        <line num="1023" count="0" type="stmt"/>
        <line num="1024" count="0" type="stmt"/>
        <line num="1034" count="1" type="stmt"/>
        <line num="1041" count="1" type="stmt"/>
        <line num="1042" count="0" type="cond" truecount="0" falsecount="2"/>
        <line num="1043" count="0" type="stmt"/>
        <line num="1046" count="0" type="cond" truecount="0" falsecount="4"/>
        <line num="1049" count="0" type="cond" truecount="0" falsecount="2"/>
        <line num="1050" count="0" type="cond" truecount="0" falsecount="2"/>
        <line num="1051" count="0" type="stmt"/>
        <line num="1053" count="0" type="stmt"/>
        <line num="1055" count="0" type="stmt"/>
        <line num="1058" count="0" type="stmt"/>
        <line num="1059" count="0" type="stmt"/>
        <line num="1060" count="0" type="stmt"/>
        <line num="1061" count="0" type="stmt"/>
        <line num="1063" count="0" type="stmt"/>
        <line num="1077" count="0" type="stmt"/>
        <line num="1079" count="0" type="stmt"/>
        <line num="1082" count="0" type="stmt"/>
        <line num="1084" count="0" type="stmt"/>
        <line num="1085" count="0" type="stmt"/>
        <line num="1090" count="1" type="stmt"/>
        <line num="1091" count="0" type="stmt"/>
        <line num="1092" count="0" type="stmt"/>
        <line num="1094" count="0" type="stmt"/>
        <line num="1096" count="0" type="stmt"/>
        <line num="1099" count="0" type="stmt"/>
        <line num="1100" count="0" type="cond" truecount="0" falsecount="2"/>
        <line num="1101" count="0" type="stmt"/>
        <line num="1104" count="0" type="stmt"/>
        <line num="1105" count="0" type="stmt"/>
        <line num="1106" count="0" type="cond" truecount="0" falsecount="2"/>
        <line num="1108" count="0" type="cond" truecount="0" falsecount="2"/>
        <line num="1109" count="0" type="stmt"/>
        <line num="1110" count="0" type="stmt"/>
        <line num="1112" count="0" type="stmt"/>
        <line num="1113" count="0" type="stmt"/>
        <line num="1114" count="0" type="stmt"/>
        <line num="1115" count="0" type="stmt"/>
        <line num="1116" count="0" type="stmt"/>
        <line num="1119" count="0" type="stmt"/>
        <line num="1120" count="0" type="stmt"/>
        <line num="1121" count="0" type="stmt"/>
        <line num="1122" count="0" type="stmt"/>
        <line num="1123" count="0" type="stmt"/>
        <line num="1124" count="0" type="stmt"/>
        <line num="1125" count="0" type="stmt"/>
        <line num="1126" count="0" type="stmt"/>
        <line num="1127" count="0" type="stmt"/>
        <line num="1128" count="0" type="stmt"/>
        <line num="1129" count="0" type="stmt"/>
        <line num="1130" count="0" type="stmt"/>
        <line num="1131" count="0" type="stmt"/>
        <line num="1134" count="0" type="stmt"/>
        <line num="1135" count="0" type="stmt"/>
        <line num="1136" count="0" type="stmt"/>
        <line num="1137" count="0" type="stmt"/>
        <line num="1138" count="0" type="stmt"/>
        <line num="1140" count="0" type="stmt"/>
        <line num="1141" count="0" type="stmt"/>
        <line num="1143" count="0" type="stmt"/>
        <line num="1144" count="0" type="stmt"/>
        <line num="1145" count="0" type="stmt"/>
        <line num="1147" count="0" type="stmt"/>
        <line num="1150" count="0" type="stmt"/>
        <line num="1151" count="0" type="stmt"/>
        <line num="1152" count="0" type="stmt"/>
        <line num="1153" count="0" type="stmt"/>
        <line num="1155" count="0" type="stmt"/>
        <line num="1165" count="0" type="cond" truecount="0" falsecount="2"/>
        <line num="1166" count="0" type="stmt"/>
        <line num="1167" count="0" type="stmt"/>
        <line num="1170" count="0" type="stmt"/>
        <line num="1171" count="0" type="stmt"/>
        <line num="1176" count="0" type="stmt"/>
        <line num="1178" count="0" type="stmt"/>
        <line num="1179" count="0" type="stmt"/>
        <line num="1185" count="0" type="stmt"/>
        <line num="1186" count="0" type="stmt"/>
        <line num="1189" count="0" type="stmt"/>
        <line num="1190" count="0" type="stmt"/>
        <line num="1195" count="0" type="cond" truecount="0" falsecount="2"/>
        <line num="1196" count="0" type="cond" truecount="0" falsecount="2"/>
        <line num="1197" count="0" type="cond" truecount="0" falsecount="2"/>
        <line num="1198" count="0" type="stmt"/>
        <line num="1209" count="0" type="cond" truecount="0" falsecount="2"/>
        <line num="1210" count="0" type="stmt"/>
        <line num="1212" count="0" type="cond" truecount="0" falsecount="2"/>
        <line num="1213" count="0" type="stmt"/>
        <line num="1214" count="0" type="stmt"/>
        <line num="1215" count="0" type="stmt"/>
        <line num="1217" count="0" type="stmt"/>
        <line num="1221" count="0" type="cond" truecount="0" falsecount="2"/>
        <line num="1222" count="0" type="stmt"/>
        <line num="1223" count="0" type="stmt"/>
        <line num="1226" count="0" type="stmt"/>
        <line num="1227" count="0" type="stmt"/>
        <line num="1228" count="0" type="stmt"/>
        <line num="1229" count="0" type="stmt"/>
        <line num="1230" count="0" type="stmt"/>
        <line num="1232" count="0" type="stmt"/>
        <line num="1233" count="0" type="stmt"/>
        <line num="1234" count="0" type="stmt"/>
        <line num="1235" count="0" type="stmt"/>
        <line num="1239" count="1" type="stmt"/>
        <line num="1240" count="0" type="stmt"/>
        <line num="1241" count="0" type="stmt"/>
        <line num="1242" count="0" type="stmt"/>
        <line num="1243" count="0" type="cond" truecount="0" falsecount="2"/>
        <line num="1244" count="0" type="stmt"/>
        <line num="1246" count="0" type="stmt"/>
        <line num="1249" count="0" type="cond" truecount="0" falsecount="2"/>
        <line num="1250" count="0" type="stmt"/>
        <line num="1253" count="0" type="cond" truecount="0" falsecount="2"/>
        <line num="1254" count="0" type="cond" truecount="0" falsecount="2"/>
        <line num="1255" count="0" type="cond" truecount="0" falsecount="2"/>
        <line num="1257" count="0" type="stmt"/>
        <line num="1259" count="0" type="stmt"/>
        <line num="1260" count="0" type="stmt"/>
        <line num="1261" count="0" type="stmt"/>
        <line num="1262" count="0" type="stmt"/>
        <line num="1263" count="0" type="cond" truecount="0" falsecount="2"/>
        <line num="1264" count="0" type="cond" truecount="0" falsecount="2"/>
        <line num="1265" count="0" type="cond" truecount="0" falsecount="4"/>
        <line num="1266" count="0" type="stmt"/>
        <line num="1268" count="0" type="cond" truecount="0" falsecount="4"/>
        <line num="1270" count="0" type="cond" truecount="0" falsecount="2"/>
        <line num="1272" count="0" type="cond" truecount="0" falsecount="2"/>
        <line num="1273" count="0" type="stmt"/>
        <line num="1274" count="0" type="stmt"/>
        <line num="1277" count="0" type="cond" truecount="0" falsecount="2"/>
        <line num="1278" count="0" type="stmt"/>
        <line num="1279" count="0" type="stmt"/>
        <line num="1283" count="0" type="cond" truecount="0" falsecount="4"/>
        <line num="1284" count="0" type="stmt"/>
        <line num="1285" count="0" type="stmt"/>
        <line num="1288" count="0" type="stmt"/>
        <line num="1289" count="0" type="cond" truecount="0" falsecount="2"/>
        <line num="1290" count="0" type="cond" truecount="0" falsecount="2"/>
        <line num="1291" count="0" type="cond" truecount="0" falsecount="2"/>
        <line num="1292" count="0" type="stmt"/>
        <line num="1293" count="0" type="cond" truecount="0" falsecount="2"/>
        <line num="1296" count="0" type="cond" truecount="0" falsecount="2"/>
        <line num="1297" count="0" type="stmt"/>
        <line num="1299" count="0" type="cond" truecount="0" falsecount="2"/>
        <line num="1300" count="0" type="stmt"/>
        <line num="1301" count="0" type="cond" truecount="0" falsecount="2"/>
        <line num="1302" count="0" type="stmt"/>
        <line num="1306" count="0" type="cond" truecount="0" falsecount="2"/>
        <line num="1307" count="0" type="stmt"/>
        <line num="1308" count="0" type="stmt"/>
        <line num="1309" count="0" type="stmt"/>
        <line num="1314" count="0" type="stmt"/>
        <line num="1317" count="0" type="stmt"/>
        <line num="1318" count="0" type="stmt"/>
        <line num="1324" count="0" type="stmt"/>
        <line num="1325" count="0" type="stmt"/>
        <line num="1326" count="0" type="stmt"/>
        <line num="1332" count="0" type="stmt"/>
        <line num="1334" count="0" type="stmt"/>
        <line num="1335" count="0" type="stmt"/>
        <line num="1336" count="0" type="stmt"/>
        <line num="1340" count="1" type="stmt"/>
        <line num="1341" count="0" type="stmt"/>
        <line num="1342" count="0" type="stmt"/>
        <line num="1345" count="1" type="stmt"/>
        <line num="1346" count="0" type="stmt"/>
        <line num="1347" count="0" type="cond" truecount="0" falsecount="2"/>
        <line num="1348" count="0" type="stmt"/>
        <line num="1349" count="0" type="cond" truecount="0" falsecount="2"/>
        <line num="1350" count="0" type="stmt"/>
        <line num="1351" count="0" type="stmt"/>
        <line num="1352" count="0" type="stmt"/>
        <line num="1353" count="0" type="stmt"/>
        <line num="1359" count="0" type="stmt"/>
        <line num="1363" count="1" type="stmt"/>
        <line num="1364" count="0" type="stmt"/>
        <line num="1365" count="0" type="cond" truecount="0" falsecount="2"/>
        <line num="1367" count="0" type="stmt"/>
        <line num="1370" count="0" type="cond" truecount="0" falsecount="2"/>
        <line num="1371" count="0" type="stmt"/>
        <line num="1373" count="0" type="stmt"/>
        <line num="1374" count="0" type="stmt"/>
        <line num="1375" count="0" type="cond" truecount="0" falsecount="5"/>
        <line num="1376" count="0" type="stmt"/>
        <line num="1378" count="0" type="stmt"/>
        <line num="1379" count="0" type="cond" truecount="0" falsecount="2"/>
        <line num="1380" count="0" type="stmt"/>
        <line num="1382" count="0" type="stmt"/>
        <line num="1383" count="0" type="stmt"/>
        <line num="1384" count="0" type="stmt"/>
        <line num="1389" count="0" type="stmt"/>
        <line num="1393" count="1" type="stmt"/>
        <line num="1394" count="0" type="stmt"/>
        <line num="1395" count="0" type="cond" truecount="0" falsecount="2"/>
        <line num="1396" count="0" type="stmt"/>
        <line num="1397" count="0" type="stmt"/>
        <line num="1398" count="0" type="stmt"/>
        <line num="1399" count="0" type="stmt"/>
        <line num="1402" count="0" type="stmt"/>
        <line num="1403" count="0" type="stmt"/>
        <line num="1406" count="0" type="cond" truecount="0" falsecount="2"/>
        <line num="1407" count="0" type="stmt"/>
        <line num="1409" count="0" type="stmt"/>
        <line num="1414" count="0" type="cond" truecount="0" falsecount="2"/>
        <line num="1416" count="0" type="stmt"/>
        <line num="1421" count="0" type="stmt"/>
        <line num="1423" count="0" type="stmt"/>
        <line num="1431" count="0" type="stmt"/>
        <line num="1432" count="0" type="stmt"/>
        <line num="1433" count="0" type="stmt"/>
        <line num="1434" count="0" type="stmt"/>
        <line num="1437" count="0" type="stmt"/>
        <line num="1440" count="1" type="stmt"/>
        <line num="1441" count="0" type="stmt"/>
        <line num="1442" count="0" type="cond" truecount="0" falsecount="4"/>
        <line num="1443" count="0" type="stmt"/>
        <line num="1445" count="0" type="stmt"/>
        <line num="1446" count="0" type="cond" truecount="0" falsecount="2"/>
        <line num="1447" count="0" type="stmt"/>
        <line num="1448" count="0" type="stmt"/>
        <line num="1449" count="0" type="stmt"/>
        <line num="1452" count="0" type="stmt"/>
        <line num="1453" count="0" type="stmt"/>
        <line num="1456" count="0" type="cond" truecount="0" falsecount="2"/>
        <line num="1457" count="0" type="stmt"/>
        <line num="1459" count="0" type="stmt"/>
        <line num="1464" count="0" type="cond" truecount="0" falsecount="2"/>
        <line num="1466" count="0" type="stmt"/>
        <line num="1471" count="0" type="stmt"/>
        <line num="1473" count="0" type="cond" truecount="0" falsecount="2"/>
        <line num="1474" count="0" type="cond" truecount="0" falsecount="2"/>
        <line num="1475" count="0" type="stmt"/>
        <line num="1476" count="0" type="stmt"/>
        <line num="1483" count="0" type="stmt"/>
        <line num="1484" count="0" type="stmt"/>
        <line num="1485" count="0" type="stmt"/>
        <line num="1486" count="0" type="stmt"/>
        <line num="1489" count="0" type="stmt"/>
        <line num="1492" count="1" type="stmt"/>
        <line num="1493" count="0" type="cond" truecount="0" falsecount="4"/>
        <line num="1494" count="0" type="stmt"/>
        <line num="1496" count="0" type="stmt"/>
        <line num="1497" count="0" type="cond" truecount="0" falsecount="2"/>
        <line num="1499" count="0" type="stmt"/>
        <line num="1500" count="0" type="stmt"/>
        <line num="1501" count="0" type="stmt"/>
        <line num="1503" count="0" type="stmt"/>
        <line num="1504" count="0" type="stmt"/>
        <line num="1505" count="0" type="stmt"/>
        <line num="1507" count="0" type="stmt"/>
        <line num="1510" count="1" type="stmt"/>
        <line num="1511" count="0" type="cond" truecount="0" falsecount="4"/>
        <line num="1512" count="0" type="stmt"/>
        <line num="1514" count="0" type="stmt"/>
        <line num="1515" count="0" type="stmt"/>
        <line num="1516" count="0" type="stmt"/>
        <line num="1517" count="0" type="stmt"/>
        <line num="1520" count="1" type="stmt"/>
        <line num="1521" count="0" type="stmt"/>
        <line num="1522" count="0" type="stmt"/>
        <line num="1526" count="0" type="cond" truecount="0" falsecount="2"/>
        <line num="1527" count="0" type="stmt"/>
        <line num="1531" count="1" type="stmt"/>
        <line num="1532" count="0" type="cond" truecount="0" falsecount="4"/>
        <line num="1533" count="0" type="stmt"/>
        <line num="1536" count="0" type="stmt"/>
        <line num="1537" count="0" type="cond" truecount="0" falsecount="2"/>
        <line num="1539" count="0" type="cond" truecount="0" falsecount="2"/>
        <line num="1542" count="1" type="stmt"/>
        <line num="1543" count="0" type="cond" truecount="0" falsecount="4"/>
        <line num="1544" count="0" type="stmt"/>
        <line num="1547" count="0" type="stmt"/>
        <line num="1548" count="0" type="stmt"/>
        <line num="1549" count="0" type="stmt"/>
        <line num="1552" count="0" type="cond" truecount="0" falsecount="2"/>
        <line num="1553" count="0" type="cond" truecount="0" falsecount="2"/>
        <line num="1554" count="0" type="stmt"/>
        <line num="1555" count="0" type="stmt"/>
        <line num="1558" count="0" type="stmt"/>
        <line num="1559" count="0" type="cond" truecount="0" falsecount="2"/>
        <line num="1561" count="0" type="stmt"/>
        <line num="1568" count="0" type="cond" truecount="0" falsecount="2"/>
        <line num="1570" count="0" type="stmt"/>
        <line num="1575" count="0" type="cond" truecount="0" falsecount="2"/>
        <line num="1577" count="0" type="stmt"/>
        <line num="1582" count="0" type="cond" truecount="0" falsecount="2"/>
        <line num="1584" count="0" type="stmt"/>
        <line num="1593" count="0" type="stmt"/>
        <line num="1610" count="0" type="stmt"/>
        <line num="1613" count="0" type="stmt"/>
        <line num="1614" count="0" type="stmt"/>
        <line num="1615" count="0" type="cond" truecount="0" falsecount="2"/>
        <line num="1616" count="0" type="stmt"/>
        <line num="1619" count="0" type="stmt"/>
        <line num="1621" count="0" type="stmt"/>
        <line num="1622" count="0" type="stmt"/>
        <line num="1624" count="0" type="stmt"/>
        <line num="1637" count="0" type="stmt"/>
        <line num="1638" count="0" type="stmt"/>
        <line num="1639" count="0" type="stmt"/>
        <line num="1643" count="1" type="stmt"/>
        <line num="1644" count="0" type="stmt"/>
        <line num="1645" count="0" type="cond" truecount="0" falsecount="2"/>
        <line num="1647" count="0" type="cond" truecount="0" falsecount="4"/>
        <line num="1648" count="0" type="stmt"/>
        <line num="1651" count="0" type="stmt"/>
        <line num="1652" count="0" type="cond" truecount="0" falsecount="2"/>
        <line num="1653" count="0" type="cond" truecount="0" falsecount="2"/>
        <line num="1654" count="0" type="cond" truecount="0" falsecount="2"/>
        <line num="1655" count="0" type="cond" truecount="0" falsecount="2"/>
        <line num="1657" count="0" type="cond" truecount="0" falsecount="2"/>
        <line num="1659" count="0" type="stmt"/>
        <line num="1664" count="0" type="stmt"/>
        <line num="1665" count="0" type="stmt"/>
        <line num="1669" count="1" type="stmt"/>
        <line num="1670" count="0" type="cond" truecount="0" falsecount="4"/>
        <line num="1671" count="0" type="stmt"/>
        <line num="1673" count="0" type="stmt"/>
        <line num="1674" count="0" type="stmt"/>
        <line num="1677" count="1" type="stmt"/>
        <line num="1678" count="0" type="cond" truecount="0" falsecount="4"/>
        <line num="1679" count="0" type="stmt"/>
        <line num="1681" count="0" type="stmt"/>
        <line num="1682" count="0" type="cond" truecount="0" falsecount="2"/>
        <line num="1683" count="0" type="stmt"/>
        <line num="1687" count="1" type="stmt"/>
        <line num="1688" count="0" type="stmt"/>
        <line num="1689" count="0" type="stmt"/>
        <line num="1691" count="0" type="stmt"/>
        <line num="1701" count="0" type="cond" truecount="0" falsecount="2"/>
        <line num="1711" count="0" type="stmt"/>
        <line num="1723" count="1" type="stmt"/>
        <line num="1724" count="0" type="stmt"/>
        <line num="1725" count="0" type="stmt"/>
        <line num="1727" count="0" type="stmt"/>
        <line num="1742" count="0" type="stmt"/>
        <line num="1743" count="0" type="cond" truecount="0" falsecount="2"/>
        <line num="1744" count="0" type="cond" truecount="0" falsecount="2"/>
        <line num="1745" count="0" type="stmt"/>
        <line num="1746" count="0" type="stmt"/>
        <line num="1747" count="0" type="stmt"/>
        <line num="1761" count="0" type="stmt"/>
        <line num="1773" count="1" type="stmt"/>
        <line num="1775" count="0" type="stmt"/>
        <line num="1777" count="0" type="stmt"/>
        <line num="1785" count="0" type="stmt"/>
        <line num="1789" count="0" type="stmt"/>
        <line num="1790" count="0" type="cond" truecount="0" falsecount="2"/>
        <line num="1791" count="0" type="cond" truecount="0" falsecount="2"/>
        <line num="1792" count="0" type="cond" truecount="0" falsecount="2"/>
        <line num="1793" count="0" type="cond" truecount="0" falsecount="2"/>
        <line num="1794" count="0" type="stmt"/>
        <line num="1795" count="0" type="cond" truecount="0" falsecount="2"/>
        <line num="1796" count="0" type="stmt"/>
        <line num="1797" count="0" type="stmt"/>
        <line num="1798" count="0" type="cond" truecount="0" falsecount="3"/>
        <line num="1802" count="0" type="stmt"/>
        <line num="1803" count="0" type="stmt"/>
        <line num="1804" count="0" type="stmt"/>
        <line num="1805" count="0" type="stmt"/>
        <line num="1806" count="0" type="stmt"/>
        <line num="1807" count="0" type="stmt"/>
        <line num="1815" count="0" type="stmt"/>
        <line num="1823" count="1" type="stmt"/>
        <line num="1824" count="0" type="stmt"/>
        <line num="1825" count="0" type="stmt"/>
        <line num="1828" count="1" type="stmt"/>
        <line num="1829" count="0" type="stmt"/>
        <line num="1830" count="0" type="stmt"/>
        <line num="1831" count="0" type="stmt"/>
        <line num="1833" count="0" type="cond" truecount="0" falsecount="4"/>
        <line num="1835" count="0" type="cond" truecount="0" falsecount="7"/>
        <line num="1836" count="0" type="stmt"/>
        <line num="1839" count="0" type="cond" truecount="0" falsecount="2"/>
        <line num="1840" count="0" type="stmt"/>
        <line num="1841" count="0" type="cond" truecount="0" falsecount="2"/>
        <line num="1842" count="0" type="stmt"/>
        <line num="1844" count="0" type="cond" truecount="0" falsecount="2"/>
        <line num="1845" count="0" type="stmt"/>
        <line num="1847" count="0" type="cond" truecount="0" falsecount="2"/>
        <line num="1848" count="0" type="stmt"/>
        <line num="1850" count="0" type="cond" truecount="0" falsecount="2"/>
        <line num="1851" count="0" type="stmt"/>
        <line num="1855" count="0" type="stmt"/>
        <line num="1856" count="0" type="stmt"/>
        <line num="1857" count="0" type="stmt"/>
        <line num="1859" count="0" type="stmt"/>
        <line num="1860" count="0" type="stmt"/>
        <line num="1862" count="0" type="stmt"/>
        <line num="1863" count="0" type="stmt"/>
        <line num="1864" count="0" type="stmt"/>
        <line num="1874" count="0" type="cond" truecount="0" falsecount="2"/>
        <line num="1875" count="0" type="stmt"/>
        <line num="1876" count="0" type="stmt"/>
        <line num="1877" count="0" type="stmt"/>
        <line num="1884" count="0" type="cond" truecount="0" falsecount="2"/>
        <line num="1886" count="0" type="cond" truecount="0" falsecount="5"/>
        <line num="1887" count="0" type="stmt"/>
        <line num="1892" count="0" type="stmt"/>
        <line num="1899" count="0" type="stmt"/>
        <line num="1900" count="0" type="stmt"/>
        <line num="1903" count="0" type="stmt"/>
        <line num="1906" count="0" type="cond" truecount="0" falsecount="2"/>
        <line num="1907" count="0" type="stmt"/>
        <line num="1910" count="0" type="cond" truecount="0" falsecount="2"/>
        <line num="1911" count="0" type="stmt"/>
        <line num="1914" count="0" type="stmt"/>
        <line num="1916" count="0" type="cond" truecount="0" falsecount="2"/>
        <line num="1917" count="0" type="stmt"/>
        <line num="1918" count="0" type="stmt"/>
        <line num="1919" count="0" type="cond" truecount="0" falsecount="2"/>
        <line num="1920" count="0" type="cond" truecount="0" falsecount="2"/>
        <line num="1921" count="0" type="stmt"/>
        <line num="1925" count="0" type="cond" truecount="0" falsecount="4"/>
        <line num="1926" count="0" type="stmt"/>
        <line num="1927" count="0" type="cond" truecount="0" falsecount="4"/>
        <line num="1928" count="0" type="cond" truecount="0" falsecount="4"/>
        <line num="1929" count="0" type="stmt"/>
        <line num="1930" count="0" type="cond" truecount="0" falsecount="4"/>
        <line num="1931" count="0" type="stmt"/>
        <line num="1933" count="0" type="stmt"/>
        <line num="1936" count="0" type="stmt"/>
        <line num="1937" count="0" type="stmt"/>
        <line num="1939" count="0" type="stmt"/>
        <line num="1944" count="0" type="cond" truecount="0" falsecount="2"/>
        <line num="1945" count="0" type="stmt"/>
        <line num="1946" count="0" type="stmt"/>
        <line num="1953" count="0" type="stmt"/>
        <line num="1954" count="0" type="stmt"/>
        <line num="1955" count="0" type="stmt"/>
        <line num="1956" count="0" type="stmt"/>
        <line num="1957" count="0" type="stmt"/>
        <line num="1965" count="0" type="stmt"/>
        <line num="1971" count="0" type="stmt"/>
        <line num="1972" count="0" type="stmt"/>
        <line num="1973" count="0" type="stmt"/>
        <line num="1983" count="0" type="stmt"/>
        <line num="2002" count="0" type="stmt"/>
        <line num="2003" count="0" type="cond" truecount="0" falsecount="2"/>
        <line num="2004" count="0" type="cond" truecount="0" falsecount="5"/>
        <line num="2005" count="0" type="stmt"/>
        <line num="2007" count="0" type="stmt"/>
        <line num="2009" count="0" type="stmt"/>
        <line num="2010" count="0" type="cond" truecount="0" falsecount="2"/>
        <line num="2011" count="0" type="cond" truecount="0" falsecount="5"/>
        <line num="2012" count="0" type="stmt"/>
        <line num="2014" count="0" type="stmt"/>
        <line num="2017" count="0" type="stmt"/>
        <line num="2018" count="0" type="cond" truecount="0" falsecount="2"/>
        <line num="2019" count="0" type="cond" truecount="0" falsecount="2"/>
        <line num="2022" count="0" type="cond" truecount="0" falsecount="2"/>
        <line num="2025" count="0" type="cond" truecount="0" falsecount="4"/>
        <line num="2026" count="0" type="stmt"/>
        <line num="2030" count="0" type="stmt"/>
        <line num="2034" count="0" type="cond" truecount="0" falsecount="5"/>
        <line num="2036" count="0" type="stmt"/>
        <line num="2037" count="0" type="stmt"/>
        <line num="2038" count="0" type="stmt"/>
        <line num="2044" count="0" type="stmt"/>
        <line num="2048" count="0" type="cond" truecount="0" falsecount="2"/>
        <line num="2049" count="0" type="stmt"/>
        <line num="2050" count="0" type="stmt"/>
        <line num="2051" count="0" type="stmt"/>
        <line num="2058" count="0" type="stmt"/>
        <line num="2061" count="0" type="cond" truecount="0" falsecount="2"/>
        <line num="2063" count="0" type="cond" truecount="0" falsecount="4"/>
        <line num="2068" count="0" type="cond" truecount="0" falsecount="2"/>
        <line num="2071" count="0" type="stmt"/>
        <line num="2074" count="0" type="cond" truecount="0" falsecount="4"/>
        <line num="2075" count="0" type="stmt"/>
        <line num="2083" count="0" type="stmt"/>
        <line num="2084" count="0" type="stmt"/>
        <line num="2085" count="0" type="stmt"/>
        <line num="2091" count="0" type="stmt"/>
        <line num="2095" count="0" type="cond" truecount="0" falsecount="4"/>
        <line num="2096" count="0" type="stmt"/>
        <line num="2097" count="0" type="cond" truecount="0" falsecount="4"/>
        <line num="2098" count="0" type="cond" truecount="0" falsecount="4"/>
        <line num="2099" count="0" type="stmt"/>
        <line num="2100" count="0" type="cond" truecount="0" falsecount="4"/>
        <line num="2101" count="0" type="stmt"/>
        <line num="2103" count="0" type="stmt"/>
        <line num="2105" count="0" type="stmt"/>
        <line num="2107" count="0" type="stmt"/>
        <line num="2108" count="0" type="stmt"/>
        <line num="2109" count="0" type="stmt"/>
        <line num="2116" count="0" type="cond" truecount="0" falsecount="2"/>
        <line num="2117" count="0" type="stmt"/>
        <line num="2120" count="0" type="stmt"/>
        <line num="2123" count="0" type="cond" truecount="0" falsecount="2"/>
        <line num="2124" count="0" type="cond" truecount="0" falsecount="2"/>
        <line num="2127" count="0" type="stmt"/>
        <line num="2128" count="0" type="stmt"/>
        <line num="2129" count="0" type="stmt"/>
        <line num="2131" count="0" type="stmt"/>
        <line num="2134" count="0" type="stmt"/>
        <line num="2135" count="0" type="stmt"/>
        <line num="2142" count="0" type="stmt"/>
        <line num="2143" count="0" type="stmt"/>
        <line num="2144" count="0" type="stmt"/>
        <line num="2146" count="0" type="stmt"/>
        <line num="2147" count="0" type="stmt"/>
        <line num="2148" count="0" type="stmt"/>
        <line num="2151" count="0" type="stmt"/>
        <line num="2152" count="0" type="stmt"/>
        <line num="2155" count="0" type="stmt"/>
        <line num="2156" count="0" type="stmt"/>
        <line num="2163" count="0" type="stmt"/>
        <line num="2164" count="0" type="stmt"/>
        <line num="2166" count="0" type="cond" truecount="0" falsecount="4"/>
        <line num="2167" count="0" type="stmt"/>
        <line num="2169" count="0" type="cond" truecount="0" falsecount="2"/>
        <line num="2170" count="0" type="stmt"/>
        <line num="2174" count="0" type="stmt"/>
        <line num="2176" count="0" type="cond" truecount="0" falsecount="2"/>
        <line num="2177" count="0" type="stmt"/>
        <line num="2181" count="0" type="stmt"/>
        <line num="2185" count="0" type="stmt"/>
        <line num="2189" count="0" type="stmt"/>
        <line num="2190" count="0" type="stmt"/>
        <line num="2195" count="0" type="stmt"/>
        <line num="2198" count="0" type="stmt"/>
        <line num="2202" count="0" type="stmt"/>
        <line num="2203" count="0" type="stmt"/>
        <line num="2204" count="0" type="stmt"/>
        <line num="2205" count="0" type="stmt"/>
        <line num="2206" count="0" type="stmt"/>
        <line num="2213" count="0" type="stmt"/>
        <line num="2219" count="0" type="stmt"/>
        <line num="2220" count="0" type="stmt"/>
        <line num="2221" count="0" type="stmt"/>
        <line num="2232" count="0" type="cond" truecount="0" falsecount="2"/>
        <line num="2233" count="0" type="stmt"/>
        <line num="2235" count="0" type="stmt"/>
        <line num="2240" count="0" type="cond" truecount="0" falsecount="2"/>
        <line num="2242" count="0" type="stmt"/>
        <line num="2243" count="0" type="cond" truecount="0" falsecount="4"/>
        <line num="2244" count="0" type="cond" truecount="0" falsecount="4"/>
        <line num="2245" count="0" type="cond" truecount="0" falsecount="2"/>
        <line num="2246" count="0" type="cond" truecount="0" falsecount="2"/>
        <line num="2248" count="0" type="stmt"/>
        <line num="2251" count="0" type="stmt"/>
        <line num="2269" count="1" type="stmt"/>
        <line num="2270" count="0" type="cond" truecount="0" falsecount="2"/>
        <line num="2271" count="0" type="stmt"/>
        <line num="2274" count="0" type="stmt"/>
        <line num="2279" count="0" type="stmt"/>
        <line num="2280" count="0" type="stmt"/>
        <line num="2283" count="1" type="stmt"/>
        <line num="2284" count="0" type="cond" truecount="0" falsecount="2"/>
        <line num="2285" count="0" type="cond" truecount="0" falsecount="2"/>
        <line num="2286" count="0" type="cond" truecount="0" falsecount="4"/>
        <line num="2287" count="0" type="stmt"/>
        <line num="2288" count="0" type="stmt"/>
        <line num="2289" count="0" type="stmt"/>
        <line num="2292" count="1" type="stmt"/>
        <line num="2293" count="0" type="cond" truecount="0" falsecount="2"/>
        <line num="2294" count="0" type="stmt"/>
        <line num="2295" count="0" type="cond" truecount="0" falsecount="2"/>
        <line num="2296" count="0" type="stmt"/>
        <line num="2297" count="0" type="stmt"/>
        <line num="2301" count="1" type="stmt"/>
        <line num="2302" count="0" type="stmt"/>
        <line num="2303" count="0" type="stmt"/>
        <line num="2305" count="0" type="cond" truecount="0" falsecount="2"/>
        <line num="2308" count="0" type="cond" truecount="0" falsecount="2"/>
        <line num="2311" count="0" type="stmt"/>
        <line num="2312" count="0" type="cond" truecount="0" falsecount="2"/>
        <line num="2313" count="0" type="stmt"/>
        <line num="2314" count="0" type="stmt"/>
        <line num="2317" count="0" type="stmt"/>
        <line num="2318" count="0" type="stmt"/>
        <line num="2320" count="0" type="cond" truecount="0" falsecount="2"/>
        <line num="2321" count="0" type="stmt"/>
        <line num="2322" count="0" type="stmt"/>
        <line num="2325" count="0" type="stmt"/>
        <line num="2328" count="0" type="cond" truecount="0" falsecount="2"/>
        <line num="2329" count="0" type="cond" truecount="0" falsecount="4"/>
        <line num="2330" count="0" type="stmt"/>
        <line num="2331" count="0" type="stmt"/>
        <line num="2334" count="0" type="stmt"/>
        <line num="2338" count="1" type="stmt"/>
        <line num="2339" count="0" type="stmt"/>
        <line num="2340" count="0" type="stmt"/>
        <line num="2343" count="1" type="stmt"/>
        <line num="2344" count="0" type="cond" truecount="0" falsecount="2"/>
        <line num="2345" count="0" type="cond" truecount="0" falsecount="4"/>
        <line num="2347" count="0" type="stmt"/>
        <line num="2350" count="0" type="cond" truecount="0" falsecount="4"/>
        <line num="2351" count="0" type="stmt"/>
        <line num="2355" count="0" type="stmt"/>
        <line num="2356" count="0" type="cond" truecount="0" falsecount="2"/>
        <line num="2357" count="0" type="stmt"/>
        <line num="2358" count="0" type="cond" truecount="0" falsecount="2"/>
        <line num="2359" count="0" type="stmt"/>
        <line num="2361" count="0" type="cond" truecount="0" falsecount="2"/>
        <line num="2362" count="0" type="cond" truecount="0" falsecount="2"/>
        <line num="2363" count="0" type="stmt"/>
        <line num="2365" count="0" type="stmt"/>
        <line num="2370" count="0" type="cond" truecount="0" falsecount="2"/>
        <line num="2372" count="0" type="cond" truecount="0" falsecount="2"/>
        <line num="2373" count="0" type="stmt"/>
        <line num="2374" count="0" type="stmt"/>
        <line num="2376" count="0" type="cond" truecount="0" falsecount="2"/>
        <line num="2379" count="0" type="cond" truecount="0" falsecount="2"/>
        <line num="2380" count="0" type="cond" truecount="0" falsecount="2"/>
        <line num="2381" count="0" type="stmt"/>
        <line num="2382" count="0" type="stmt"/>
        <line num="2388" count="0" type="stmt"/>
        <line num="2389" count="0" type="cond" truecount="0" falsecount="4"/>
        <line num="2390" count="0" type="stmt"/>
        <line num="2391" count="0" type="stmt"/>
        <line num="2395" count="0" type="stmt"/>
        <line num="2398" count="0" type="cond" truecount="0" falsecount="2"/>
        <line num="2399" count="0" type="stmt"/>
        <line num="2400" count="0" type="cond" truecount="0" falsecount="2"/>
        <line num="2401" count="0" type="stmt"/>
        <line num="2402" count="0" type="stmt"/>
        <line num="2407" count="0" type="stmt"/>
        <line num="2408" count="0" type="stmt"/>
        <line num="2409" count="0" type="stmt"/>
        <line num="2410" count="0" type="stmt"/>
        <line num="2413" count="1" type="stmt"/>
        <line num="2414" count="0" type="stmt"/>
        <line num="2416" count="0" type="stmt"/>
        <line num="2419" count="1" type="stmt"/>
        <line num="2420" count="0" type="cond" truecount="0" falsecount="2"/>
        <line num="2421" count="0" type="cond" truecount="0" falsecount="4"/>
        <line num="2422" count="0" type="stmt"/>
        <line num="2423" count="0" type="cond" truecount="0" falsecount="2"/>
        <line num="2424" count="0" type="stmt"/>
        <line num="2425" count="0" type="stmt"/>
        <line num="2429" count="1" type="stmt"/>
        <line num="2430" count="0" type="stmt"/>
        <line num="2431" count="0" type="cond" truecount="0" falsecount="2"/>
        <line num="2432" count="0" type="stmt"/>
        <line num="2434" count="0" type="cond" truecount="0" falsecount="2"/>
        <line num="2435" count="0" type="stmt"/>
        <line num="2436" count="0" type="stmt"/>
        <line num="2438" count="0" type="cond" truecount="0" falsecount="4"/>
        <line num="2439" count="0" type="stmt"/>
        <line num="2441" count="0" type="cond" truecount="0" falsecount="4"/>
        <line num="2442" count="0" type="stmt"/>
        <line num="2445" count="0" type="stmt"/>
        <line num="2448" count="0" type="cond" truecount="0" falsecount="2"/>
        <line num="2451" count="0" type="stmt"/>
        <line num="2452" count="0" type="cond" truecount="0" falsecount="2"/>
        <line num="2453" count="0" type="stmt"/>
        <line num="2456" count="0" type="stmt"/>
        <line num="2457" count="0" type="cond" truecount="0" falsecount="2"/>
        <line num="2458" count="0" type="stmt"/>
        <line num="2462" count="0" type="stmt"/>
        <line num="2463" count="0" type="cond" truecount="0" falsecount="4"/>
        <line num="2464" count="0" type="stmt"/>
        <line num="2466" count="0" type="stmt"/>
        <line num="2467" count="0" type="cond" truecount="0" falsecount="2"/>
        <line num="2468" count="0" type="cond" truecount="0" falsecount="2"/>
        <line num="2469" count="0" type="stmt"/>
        <line num="2473" count="0" type="stmt"/>
        <line num="2474" count="0" type="stmt"/>
        <line num="2479" count="0" type="cond" truecount="0" falsecount="2"/>
        <line num="2480" count="0" type="cond" truecount="0" falsecount="2"/>
        <line num="2482" count="0" type="cond" truecount="0" falsecount="2"/>
        <line num="2483" count="0" type="stmt"/>
        <line num="2487" count="0" type="stmt"/>
        <line num="2488" count="0" type="stmt"/>
        <line num="2490" count="0" type="stmt"/>
        <line num="2491" count="0" type="cond" truecount="0" falsecount="4"/>
        <line num="2492" count="0" type="cond" truecount="0" falsecount="2"/>
        <line num="2493" count="0" type="stmt"/>
        <line num="2497" count="0" type="stmt"/>
        <line num="2498" count="0" type="stmt"/>
        <line num="2499" count="0" type="stmt"/>
        <line num="2500" count="0" type="cond" truecount="0" falsecount="2"/>
        <line num="2502" count="0" type="stmt"/>
        <line num="2507" count="0" type="stmt"/>
        <line num="2508" count="0" type="stmt"/>
        <line num="2513" count="0" type="stmt"/>
        <line num="2515" count="0" type="stmt"/>
        <line num="2516" count="0" type="stmt"/>
        <line num="2520" count="1" type="stmt"/>
        <line num="2521" count="0" type="stmt"/>
        <line num="2522" count="0" type="cond" truecount="0" falsecount="2"/>
        <line num="2523" count="0" type="stmt"/>
        <line num="2524" count="0" type="cond" truecount="0" falsecount="2"/>
        <line num="2525" count="0" type="cond" truecount="0" falsecount="2"/>
        <line num="2528" count="0" type="cond" truecount="0" falsecount="2"/>
        <line num="2531" count="0" type="cond" truecount="0" falsecount="2"/>
        <line num="2532" count="0" type="stmt"/>
        <line num="2534" count="0" type="cond" truecount="0" falsecount="4"/>
        <line num="2535" count="0" type="stmt"/>
        <line num="2537" count="0" type="cond" truecount="0" falsecount="4"/>
        <line num="2538" count="0" type="stmt"/>
        <line num="2541" count="0" type="stmt"/>
        <line num="2544" count="0" type="cond" truecount="0" falsecount="4"/>
        <line num="2545" count="0" type="stmt"/>
        <line num="2549" count="0" type="stmt"/>
        <line num="2550" count="0" type="cond" truecount="0" falsecount="4"/>
        <line num="2551" count="0" type="stmt"/>
        <line num="2553" count="0" type="stmt"/>
        <line num="2556" count="0" type="cond" truecount="0" falsecount="2"/>
        <line num="2557" count="0" type="cond" truecount="0" falsecount="2"/>
        <line num="2558" count="0" type="stmt"/>
        <line num="2560" count="0" type="cond" truecount="0" falsecount="2"/>
        <line num="2561" count="0" type="stmt"/>
        <line num="2564" count="0" type="stmt"/>
        <line num="2565" count="0" type="stmt"/>
        <line num="2567" count="0" type="cond" truecount="0" falsecount="2"/>
        <line num="2568" count="0" type="cond" truecount="0" falsecount="2"/>
        <line num="2571" count="0" type="stmt"/>
        <line num="2572" count="0" type="stmt"/>
        <line num="2573" count="0" type="stmt"/>
        <line num="2574" count="0" type="stmt"/>
        <line num="2577" count="0" type="stmt"/>
        <line num="2578" count="0" type="stmt"/>
        <line num="2580" count="0" type="cond" truecount="0" falsecount="2"/>
        <line num="2581" count="0" type="stmt"/>
        <line num="2584" count="0" type="stmt"/>
        <line num="2585" count="0" type="stmt"/>
        <line num="2586" count="0" type="stmt"/>
        <line num="2588" count="0" type="cond" truecount="0" falsecount="2"/>
        <line num="2589" count="0" type="stmt"/>
        <line num="2593" count="0" type="stmt"/>
        <line num="2598" count="0" type="stmt"/>
        <line num="2600" count="0" type="stmt"/>
        <line num="2613" count="1" type="stmt"/>
        <line num="2614" count="0" type="stmt"/>
        <line num="2615" count="0" type="stmt"/>
        <line num="2619" count="1" type="stmt"/>
        <line num="2620" count="0" type="stmt"/>
        <line num="2622" count="0" type="stmt"/>
        <line num="2627" count="0" type="cond" truecount="0" falsecount="2"/>
        <line num="2630" count="0" type="stmt"/>
        <line num="2631" count="0" type="stmt"/>
        <line num="2632" count="0" type="stmt"/>
        <line num="2633" count="0" type="stmt"/>
        <line num="2635" count="0" type="stmt"/>
        <line num="2641" count="0" type="cond" truecount="0" falsecount="2"/>
        <line num="2644" count="0" type="stmt"/>
        <line num="2649" count="0" type="cond" truecount="0" falsecount="2"/>
        <line num="2652" count="0" type="stmt"/>
        <line num="2657" count="0" type="cond" truecount="0" falsecount="2"/>
        <line num="2659" count="0" type="stmt"/>
        <line num="2669" count="0" type="stmt"/>
        <line num="2670" count="0" type="stmt"/>
        <line num="2679" count="1" type="stmt"/>
        <line num="2692" count="1" type="stmt"/>
        <line num="2695" count="1" type="stmt"/>
        <line num="2696" count="0" type="stmt"/>
        <line num="2699" count="0" type="stmt"/>
        <line num="2701" count="0" type="stmt"/>
        <line num="2706" count="0" type="stmt"/>
        <line num="2711" count="0" type="stmt"/>
        <line num="2712" count="0" type="stmt"/>
        <line num="2718" count="0" type="stmt"/>
        <line num="2725" count="0" type="stmt"/>
        <line num="2730" count="0" type="stmt"/>
        <line num="2732" count="0" type="stmt"/>
        <line num="2733" count="0" type="cond" truecount="0" falsecount="2"/>
        <line num="2734" count="0" type="cond" truecount="0" falsecount="2"/>
        <line num="2735" count="0" type="cond" truecount="0" falsecount="2"/>
        <line num="2736" count="0" type="cond" truecount="0" falsecount="2"/>
        <line num="2737" count="0" type="cond" truecount="0" falsecount="2"/>
        <line num="2738" count="0" type="cond" truecount="0" falsecount="2"/>
        <line num="2739" count="0" type="cond" truecount="0" falsecount="2"/>
        <line num="2740" count="0" type="stmt"/>
        <line num="2741" count="0" type="stmt"/>
        <line num="2746" count="0" type="stmt"/>
        <line num="2748" count="0" type="stmt"/>
        <line num="2749" count="0" type="cond" truecount="0" falsecount="2"/>
        <line num="2751" count="0" type="stmt"/>
        <line num="2752" count="0" type="stmt"/>
        <line num="2756" count="0" type="stmt"/>
        <line num="2758" count="0" type="cond" truecount="0" falsecount="2"/>
        <line num="2759" count="0" type="cond" truecount="0" falsecount="2"/>
        <line num="2760" count="0" type="cond" truecount="0" falsecount="2"/>
        <line num="2762" count="0" type="stmt"/>
        <line num="2763" count="0" type="stmt"/>
        <line num="2765" count="0" type="cond" truecount="0" falsecount="2"/>
        <line num="2766" count="0" type="stmt"/>
        <line num="2767" count="0" type="stmt"/>
        <line num="2768" count="0" type="stmt"/>
        <line num="2769" count="0" type="cond" truecount="0" falsecount="2"/>
        <line num="2774" count="0" type="cond" truecount="0" falsecount="2"/>
        <line num="2779" count="0" type="cond" truecount="0" falsecount="2"/>
        <line num="2780" count="0" type="stmt"/>
        <line num="2786" count="0" type="cond" truecount="0" falsecount="2"/>
        <line num="2787" count="0" type="stmt"/>
        <line num="2790" count="0" type="cond" truecount="0" falsecount="4"/>
        <line num="2791" count="0" type="stmt"/>
        <line num="2792" count="0" type="stmt"/>
        <line num="2793" count="0" type="stmt"/>
        <line num="2794" count="0" type="stmt"/>
        <line num="2795" count="0" type="stmt"/>
        <line num="2796" count="0" type="stmt"/>
        <line num="2797" count="0" type="cond" truecount="0" falsecount="2"/>
        <line num="2799" count="0" type="stmt"/>
        <line num="2800" count="0" type="stmt"/>
        <line num="2802" count="0" type="stmt"/>
        <line num="2803" count="0" type="stmt"/>
        <line num="2804" count="0" type="stmt"/>
        <line num="2805" count="0" type="stmt"/>
        <line num="2806" count="0" type="stmt"/>
        <line num="2807" count="0" type="stmt"/>
        <line num="2808" count="0" type="stmt"/>
        <line num="2809" count="0" type="stmt"/>
        <line num="2815" count="0" type="stmt"/>
        <line num="2817" count="0" type="cond" truecount="0" falsecount="2"/>
        <line num="2818" count="0" type="stmt"/>
        <line num="2820" count="0" type="cond" truecount="0" falsecount="2"/>
        <line num="2822" count="0" type="cond" truecount="0" falsecount="2"/>
        <line num="2823" count="0" type="stmt"/>
        <line num="2824" count="0" type="stmt"/>
        <line num="2825" count="0" type="cond" truecount="0" falsecount="4"/>
        <line num="2827" count="0" type="stmt"/>
        <line num="2847" count="0" type="cond" truecount="0" falsecount="2"/>
        <line num="2848" count="0" type="stmt"/>
        <line num="2849" count="0" type="stmt"/>
        <line num="2850" count="0" type="stmt"/>
        <line num="2851" count="0" type="stmt"/>
        <line num="2852" count="0" type="stmt"/>
        <line num="2853" count="0" type="stmt"/>
        <line num="2854" count="0" type="stmt"/>
        <line num="2855" count="0" type="stmt"/>
        <line num="2856" count="0" type="stmt"/>
        <line num="2857" count="0" type="cond" truecount="0" falsecount="5"/>
        <line num="2859" count="0" type="cond" truecount="0" falsecount="2"/>
        <line num="2860" count="0" type="stmt"/>
        <line num="2861" count="0" type="stmt"/>
        <line num="2865" count="0" type="stmt"/>
        <line num="2866" count="0" type="cond" truecount="0" falsecount="4"/>
        <line num="2867" count="0" type="stmt"/>
        <line num="2868" count="0" type="cond" truecount="0" falsecount="4"/>
        <line num="2869" count="0" type="stmt"/>
        <line num="2870" count="0" type="cond" truecount="0" falsecount="4"/>
        <line num="2871" count="0" type="stmt"/>
        <line num="2881" count="0" type="cond" truecount="0" falsecount="2"/>
        <line num="2882" count="0" type="cond" truecount="0" falsecount="2"/>
        <line num="2883" count="0" type="cond" truecount="0" falsecount="2"/>
        <line num="2884" count="0" type="cond" truecount="0" falsecount="2"/>
        <line num="2885" count="0" type="stmt"/>
        <line num="2886" count="0" type="cond" truecount="0" falsecount="2"/>
        <line num="2887" count="0" type="stmt"/>
        <line num="2888" count="0" type="cond" truecount="0" falsecount="2"/>
        <line num="2890" count="0" type="stmt"/>
        <line num="2891" count="0" type="stmt"/>
        <line num="2892" count="0" type="cond" truecount="0" falsecount="2"/>
        <line num="2893" count="0" type="stmt"/>
        <line num="2894" count="0" type="stmt"/>
        <line num="2897" count="0" type="cond" truecount="0" falsecount="2"/>
        <line num="2898" count="0" type="stmt"/>
        <line num="2899" count="0" type="stmt"/>
        <line num="2900" count="0" type="cond" truecount="0" falsecount="4"/>
        <line num="2902" count="0" type="stmt"/>
        <line num="2923" count="0" type="stmt"/>
        <line num="2924" count="0" type="stmt"/>
        <line num="2925" count="0" type="cond" truecount="0" falsecount="2"/>
        <line num="2927" count="0" type="stmt"/>
        <line num="2928" count="0" type="stmt"/>
        <line num="2935" count="0" type="stmt"/>
        <line num="2938" count="0" type="stmt"/>
        <line num="2939" count="0" type="cond" truecount="0" falsecount="2"/>
        <line num="2940" count="0" type="cond" truecount="0" falsecount="2"/>
        <line num="2941" count="0" type="cond" truecount="0" falsecount="2"/>
        <line num="2942" count="0" type="stmt"/>
        <line num="2943" count="0" type="cond" truecount="0" falsecount="2"/>
        <line num="2944" count="0" type="cond" truecount="0" falsecount="4"/>
        <line num="2945" count="0" type="stmt"/>
        <line num="2955" count="0" type="stmt"/>
        <line num="2956" count="0" type="cond" truecount="0" falsecount="2"/>
        <line num="2960" count="0" type="stmt"/>
        <line num="2963" count="0" type="stmt"/>
        <line num="2965" count="0" type="cond" truecount="0" falsecount="2"/>
        <line num="2966" count="0" type="stmt"/>
        <line num="2967" count="0" type="stmt"/>
        <line num="2968" count="0" type="stmt"/>
        <line num="2969" count="0" type="cond" truecount="0" falsecount="2"/>
        <line num="2973" count="0" type="cond" truecount="0" falsecount="2"/>
        <line num="2974" count="0" type="cond" truecount="0" falsecount="2"/>
        <line num="2975" count="0" type="cond" truecount="0" falsecount="2"/>
        <line num="2976" count="0" type="cond" truecount="0" falsecount="2"/>
        <line num="2977" count="0" type="stmt"/>
        <line num="2978" count="0" type="cond" truecount="0" falsecount="2"/>
        <line num="2979" count="0" type="stmt"/>
        <line num="2980" count="0" type="cond" truecount="0" falsecount="2"/>
        <line num="2983" count="0" type="stmt"/>
        <line num="2984" count="0" type="cond" truecount="0" falsecount="2"/>
        <line num="2985" count="0" type="stmt"/>
        <line num="2986" count="0" type="cond" truecount="0" falsecount="2"/>
        <line num="2987" count="0" type="stmt"/>
        <line num="2991" count="0" type="stmt"/>
        <line num="2992" count="0" type="cond" truecount="0" falsecount="4"/>
        <line num="2993" count="0" type="stmt"/>
        <line num="2994" count="0" type="stmt"/>
        <line num="2995" count="0" type="stmt"/>
        <line num="2998" count="0" type="stmt"/>
        <line num="3011" count="0" type="stmt"/>
        <line num="3029" count="1" type="stmt"/>
        <line num="3030" count="0" type="stmt"/>
        <line num="3031" count="0" type="cond" truecount="0" falsecount="2"/>
        <line num="3032" count="0" type="cond" truecount="0" falsecount="2"/>
        <line num="3033" count="0" type="stmt"/>
        <line num="3036" count="0" type="stmt"/>
        <line num="3037" count="0" type="stmt"/>
        <line num="3045" count="0" type="stmt"/>
        <line num="3047" count="0" type="cond" truecount="0" falsecount="4"/>
        <line num="3048" count="0" type="cond" truecount="0" falsecount="2"/>
        <line num="3050" count="0" type="stmt"/>
        <line num="3052" count="0" type="stmt"/>
        <line num="3056" count="0" type="cond" truecount="0" falsecount="2"/>
        <line num="3068" count="1" type="stmt"/>
        <line num="3069" count="0" type="stmt"/>
        <line num="3070" count="0" type="stmt"/>
        <line num="3071" count="0" type="cond" truecount="0" falsecount="2"/>
        <line num="3073" count="0" type="stmt"/>
        <line num="3074" count="0" type="stmt"/>
        <line num="3076" count="0" type="stmt"/>
        <line num="3079" count="1" type="stmt"/>
        <line num="3080" count="0" type="stmt"/>
        <line num="3081" count="0" type="cond" truecount="0" falsecount="2"/>
        <line num="3082" count="0" type="cond" truecount="0" falsecount="4"/>
        <line num="3083" count="0" type="stmt"/>
        <line num="3084" count="0" type="stmt"/>
        <line num="3087" count="0" type="stmt"/>
        <line num="3088" count="0" type="cond" truecount="0" falsecount="2"/>
        <line num="3089" count="0" type="stmt"/>
        <line num="3092" count="0" type="stmt"/>
        <line num="3099" count="1" type="stmt"/>
        <line num="3100" count="0" type="stmt"/>
[...]
        <line num="165" count="0" type="stmt"/>
        <line num="166" count="0" type="stmt"/>
        <line num="167" count="0" type="cond" truecount="0" falsecount="5"/>
        <line num="172" count="0" type="stmt"/>
        <line num="173" count="0" type="stmt"/>
        <line num="174" count="0" type="stmt"/>
        <line num="175" count="0" type="stmt"/>
        <line num="176" count="0" type="stmt"/>
        <line num="178" count="0" type="stmt"/>
        <line num="179" count="0" type="cond" truecount="0" falsecount="2"/>
        <line num="182" count="0" type="stmt"/>
        <line num="183" count="0" type="stmt"/>
        <line num="184" count="0" type="stmt"/>
        <line num="187" count="0" type="stmt"/>
        <line num="188" count="0" type="stmt"/>
        <line num="189" count="0" type="stmt"/>
        <line num="190" count="0" type="stmt"/>
        <line num="191" count="0" type="stmt"/>
        <line num="192" count="0" type="stmt"/>
        <line num="193" count="0" type="stmt"/>
        <line num="194" count="0" type="stmt"/>
        <line num="195" count="0" type="stmt"/>
        <line num="196" count="0" type="stmt"/>
        <line num="197" count="0" type="stmt"/>
        <line num="198" count="0" type="stmt"/>
        <line num="202" count="0" type="stmt"/>
        <line num="205" count="0" type="stmt"/>
        <line num="206" count="0" type="stmt"/>
        <line num="207" count="0" type="stmt"/>
        <line num="208" count="0" type="stmt"/>
        <line num="209" count="0" type="cond" truecount="0" falsecount="2"/>
        <line num="210" count="0" type="stmt"/>
        <line num="211" count="0" type="stmt"/>
        <line num="214" count="0" type="stmt"/>
        <line num="217" count="0" type="stmt"/>
        <line num="218" count="0" type="stmt"/>
        <line num="219" count="0" type="stmt"/>
        <line num="220" count="0" type="stmt"/>
        <line num="221" count="0" type="stmt"/>
        <line num="222" count="0" type="stmt"/>
        <line num="223" count="0" type="stmt"/>
        <line num="224" count="0" type="stmt"/>
        <line num="231" count="0" type="stmt"/>
        <line num="232" count="0" type="stmt"/>
        <line num="233" count="0" type="stmt"/>
        <line num="235" count="0" type="stmt"/>
        <line num="236" count="0" type="stmt"/>
        <line num="237" count="0" type="stmt"/>
        <line num="238" count="0" type="stmt"/>
        <line num="240" count="0" type="stmt"/>
        <line num="259" count="1" type="stmt"/>
        <line num="260" count="0" type="stmt"/>
        <line num="262" count="0" type="cond" truecount="0" falsecount="7"/>
        <line num="263" count="0" type="stmt"/>
        <line num="269" count="0" type="stmt"/>
        <line num="270" count="0" type="stmt"/>
        <line num="271" count="0" type="stmt"/>
        <line num="272" count="0" type="stmt"/>
        <line num="273" count="0" type="stmt"/>
        <line num="274" count="0" type="stmt"/>
        <line num="276" count="0" type="stmt"/>
        <line num="278" count="0" type="stmt"/>
        <line num="280" count="0" type="stmt"/>
        <line num="281" count="0" type="stmt"/>
        <line num="285" count="1" type="stmt"/>
        <line num="286" count="0" type="stmt"/>
        <line num="288" count="0" type="stmt"/>
        <line num="289" count="0" type="cond" truecount="0" falsecount="2"/>
        <line num="291" count="0" type="stmt"/>
        <line num="292" count="0" type="cond" truecount="0" falsecount="2"/>
        <line num="294" count="0" type="stmt"/>
        <line num="295" count="0" type="cond" truecount="0" falsecount="2"/>
        <line num="296" count="0" type="cond" truecount="0" falsecount="2"/>
        <line num="298" count="0" type="stmt"/>
        <line num="299" count="0" type="stmt"/>
        <line num="300" count="0" type="stmt"/>
        <line num="301" count="0" type="stmt"/>
        <line num="302" count="0" type="stmt"/>
        <line num="303" count="0" type="stmt"/>
        <line num="304" count="0" type="stmt"/>
        <line num="306" count="0" type="stmt"/>
        <line num="307" count="0" type="stmt"/>
        <line num="311" count="1" type="stmt"/>
        <line num="312" count="0" type="stmt"/>
        <line num="314" count="0" type="stmt"/>
        <line num="315" count="0" type="cond" truecount="0" falsecount="2"/>
        <line num="317" count="0" type="stmt"/>
        <line num="318" count="0" type="cond" truecount="0" falsecount="2"/>
        <line num="320" count="0" type="stmt"/>
        <line num="321" count="0" type="cond" truecount="0" falsecount="4"/>
        <line num="322" count="0" type="cond" truecount="0" falsecount="2"/>
        <line num="324" count="0" type="stmt"/>
        <line num="325" count="0" type="stmt"/>
        <line num="326" count="0" type="stmt"/>
        <line num="327" count="0" type="stmt"/>
        <line num="328" count="0" type="stmt"/>
        <line num="329" count="0" type="stmt"/>
        <line num="330" count="0" type="stmt"/>
        <line num="332" count="0" type="stmt"/>
        <line num="333" count="0" type="stmt"/>
        <line num="337" count="1" type="stmt"/>
        <line num="338" count="0" type="stmt"/>
        <line num="340" count="0" type="stmt"/>
        <line num="341" count="0" type="cond" truecount="0" falsecount="2"/>
        <line num="343" count="0" type="stmt"/>
        <line num="349" count="0" type="cond" truecount="0" falsecount="2"/>
        <line num="350" count="0" type="stmt"/>
        <line num="352" count="0" type="stmt"/>
        <line num="353" count="0" type="stmt"/>
        <line num="357" count="0" type="stmt"/>
        <line num="361" count="0" type="stmt"/>
        <line num="363" count="0" type="stmt"/>
        <line num="380" count="1" type="stmt"/>
        <line num="381" count="0" type="stmt"/>
        <line num="382" count="0" type="stmt"/>
        <line num="383" count="0" type="cond" truecount="0" falsecount="4"/>
        <line num="384" count="0" type="stmt"/>
        <line num="386" count="0" type="stmt"/>
        <line num="389" count="1" type="stmt"/>
        <line num="390" count="0" type="cond" truecount="0" falsecount="2"/>
        <line num="391" count="0" type="cond" truecount="0" falsecount="9"/>
        <line num="392" count="0" type="stmt"/>
        <line num="394" count="0" type="cond" truecount="0" falsecount="2"/>
        <line num="396" count="0" type="stmt"/>
        <line num="397" count="0" type="cond" truecount="0" falsecount="2"/>
        <line num="399" count="0" type="stmt"/>
        <line num="404" count="0" type="stmt"/>
        <line num="406" count="0" type="cond" truecount="0" falsecount="2"/>
        <line num="409" count="0" type="cond" truecount="0" falsecount="2"/>
        <line num="410" count="0" type="stmt"/>
        <line num="411" count="0" type="stmt"/>
        <line num="414" count="0" type="cond" truecount="0" falsecount="2"/>
        <line num="415" count="0" type="stmt"/>
        <line num="418" count="0" type="stmt"/>
        <line num="422" count="0" type="cond" truecount="0" falsecount="2"/>
        <line num="424" count="0" type="cond" truecount="0" falsecount="2"/>
        <line num="425" count="0" type="stmt"/>
        <line num="430" count="0" type="stmt"/>
        <line num="436" count="0" type="cond" truecount="0" falsecount="2"/>
        <line num="437" count="0" type="cond" truecount="0" falsecount="2"/>
        <line num="438" count="0" type="stmt"/>
        <line num="439" count="0" type="cond" truecount="0" falsecount="2"/>
        <line num="440" count="0" type="stmt"/>
        <line num="441" count="0" type="stmt"/>
        <line num="442" count="0" type="stmt"/>
        <line num="454" count="0" type="cond" truecount="0" falsecount="2"/>
        <line num="455" count="0" type="stmt"/>
        <line num="458" count="0" type="stmt"/>
        <line num="460" count="0" type="stmt"/>
        <line num="467" count="0" type="stmt"/>
        <line num="483" count="1" type="stmt"/>
        <line num="484" count="0" type="cond" truecount="0" falsecount="2"/>
        <line num="485" count="0" type="cond" truecount="0" falsecount="6"/>
        <line num="486" count="0" type="stmt"/>
        <line num="488" count="0" type="cond" truecount="0" falsecount="2"/>
        <line num="490" count="0" type="stmt"/>
        <line num="491" count="0" type="cond" truecount="0" falsecount="2"/>
        <line num="493" count="0" type="stmt"/>
        <line num="501" count="0" type="stmt"/>
        <line num="503" count="0" type="cond" truecount="0" falsecount="2"/>
        <line num="506" count="0" type="cond" truecount="0" falsecount="2"/>
        <line num="507" count="0" type="stmt"/>
        <line num="508" count="0" type="stmt"/>
        <line num="511" count="0" type="cond" truecount="0" falsecount="2"/>
        <line num="512" count="0" type="stmt"/>
        <line num="515" count="0" type="stmt"/>
        <line num="519" count="0" type="cond" truecount="0" falsecount="2"/>
        <line num="521" count="0" type="cond" truecount="0" falsecount="2"/>
        <line num="522" count="0" type="stmt"/>
        <line num="525" count="0" type="cond" truecount="0" falsecount="2"/>
        <line num="526" count="0" type="stmt"/>
        <line num="527" count="0" type="cond" truecount="0" falsecount="2"/>
        <line num="528" count="0" type="cond" truecount="0" falsecount="4"/>
        <line num="529" count="0" type="stmt"/>
        <line num="533" count="0" type="cond" truecount="0" falsecount="2"/>
        <line num="535" count="0" type="cond" truecount="0" falsecount="2"/>
        <line num="536" count="0" type="cond" truecount="0" falsecount="2"/>
        <line num="538" count="0" type="cond" truecount="0" falsecount="2"/>
        <line num="541" count="0" type="cond" truecount="0" falsecount="2"/>
        <line num="542" count="0" type="cond" truecount="0" falsecount="2"/>
        <line num="546" count="0" type="stmt"/>
        <line num="547" count="0" type="stmt"/>
        <line num="548" count="0" type="stmt"/>
        <line num="553" count="0" type="stmt"/>
        <line num="554" count="0" type="stmt"/>
        <line num="555" count="0" type="stmt"/>
        <line num="563" count="0" type="stmt"/>
        <line num="564" count="0" type="stmt"/>
        <line num="565" count="0" type="cond" truecount="0" falsecount="2"/>
        <line num="566" count="0" type="cond" truecount="0" falsecount="2"/>
        <line num="569" count="0" type="stmt"/>
        <line num="570" count="0" type="stmt"/>
        <line num="571" count="0" type="cond" truecount="0" falsecount="4"/>
        <line num="572" count="0" type="stmt"/>
        <line num="573" count="0" type="stmt"/>
        <line num="584" count="0" type="stmt"/>
        <line num="585" count="0" type="cond" truecount="0" falsecount="2"/>
        <line num="588" count="0" type="cond" truecount="0" falsecount="2"/>
        <line num="591" count="0" type="stmt"/>
        <line num="599" count="0" type="stmt"/>
        <line num="604" count="0" type="stmt"/>
        <line num="605" count="0" type="stmt"/>
        <line num="606" count="0" type="stmt"/>
        <line num="612" count="0" type="stmt"/>
        <line num="621" count="0" type="cond" truecount="0" falsecount="2"/>
        <line num="622" count="0" type="cond" truecount="0" falsecount="2"/>
        <line num="624" count="0" type="stmt"/>
        <line num="630" count="0" type="stmt"/>
        <line num="633" count="1" type="stmt"/>
        <line num="634" count="0" type="stmt"/>
        <line num="635" count="0" type="stmt"/>
        <line num="636" count="0" type="stmt"/>
        <line num="638" count="0" type="stmt"/>
        <line num="639" count="0" type="cond" truecount="0" falsecount="2"/>
        <line num="640" count="0" type="stmt"/>
        <line num="642" count="0" type="stmt"/>
        <line num="643" count="0" type="cond" truecount="0" falsecount="2"/>
        <line num="644" count="0" type="stmt"/>
        <line num="645" count="0" type="cond" truecount="0" falsecount="2"/>
        <line num="646" count="0" type="stmt"/>
        <line num="647" count="0" type="stmt"/>
        <line num="648" count="0" type="cond" truecount="0" falsecount="2"/>
        <line num="649" count="0" type="stmt"/>
        <line num="651" count="0" type="stmt"/>
        <line num="654" count="0" type="cond" truecount="0" falsecount="2"/>
        <line num="655" count="0" type="stmt"/>
        <line num="656" count="0" type="stmt"/>
        <line num="657" count="0" type="stmt"/>
        <line num="660" count="0" type="cond" truecount="0" falsecount="2"/>
        <line num="664" count="0" type="stmt"/>
        <line num="665" count="0" type="cond" truecount="0" falsecount="2"/>
        <line num="666" count="0" type="stmt"/>
        <line num="668" count="0" type="stmt"/>
        <line num="669" count="0" type="stmt"/>
        <line num="670" count="0" type="cond" truecount="0" falsecount="2"/>
        <line num="672" count="0" type="stmt"/>
        <line num="679" count="0" type="cond" truecount="0" falsecount="4"/>
        <line num="680" count="0" type="stmt"/>
        <line num="681" count="0" type="stmt"/>
        <line num="682" count="0" type="stmt"/>
        <line num="683" count="0" type="stmt"/>
        <line num="687" count="0" type="cond" truecount="0" falsecount="3"/>
        <line num="688" count="0" type="cond" truecount="0" falsecount="2"/>
        <line num="689" count="0" type="stmt"/>
        <line num="690" count="0" type="stmt"/>
        <line num="691" count="0" type="stmt"/>
        <line num="693" count="0" type="stmt"/>
        <line num="694" count="0" type="stmt"/>
        <line num="695" count="0" type="stmt"/>
        <line num="697" count="0" type="stmt"/>
        <line num="721" count="0" type="stmt"/>
        <line num="722" count="0" type="cond" truecount="0" falsecount="2"/>
        <line num="723" count="0" type="stmt"/>
        <line num="725" count="0" type="stmt"/>
        <line num="726" count="0" type="stmt"/>
        <line num="727" count="0" type="stmt"/>
        <line num="728" count="0" type="stmt"/>
        <line num="729" count="0" type="cond" truecount="0" falsecount="2"/>
        <line num="731" count="0" type="cond" truecount="0" falsecount="2"/>
        <line num="733" count="0" type="cond" truecount="0" falsecount="2"/>
        <line num="735" count="0" type="cond" truecount="0" falsecount="2"/>
        <line num="736" count="0" type="cond" truecount="0" falsecount="2"/>
        <line num="737" count="0" type="stmt"/>
        <line num="738" count="0" type="stmt"/>
        <line num="739" count="0" type="stmt"/>
        <line num="740" count="0" type="stmt"/>
        <line num="741" count="0" type="cond" truecount="0" falsecount="2"/>
        <line num="742" count="0" type="stmt"/>
        <line num="743" count="0" type="stmt"/>
        <line num="744" count="0" type="stmt"/>
        <line num="749" count="0" type="cond" truecount="0" falsecount="2"/>
        <line num="750" count="0" type="cond" truecount="0" falsecount="2"/>
        <line num="751" count="0" type="stmt"/>
        <line num="752" count="0" type="stmt"/>
        <line num="753" count="0" type="stmt"/>
        <line num="755" count="0" type="stmt"/>
        <line num="756" count="0" type="stmt"/>
        <line num="757" count="0" type="stmt"/>
        <line num="759" count="0" type="stmt"/>
        <line num="781" count="1" type="stmt"/>
        <line num="782" count="0" type="stmt"/>
        <line num="783" count="0" type="stmt"/>
        <line num="784" count="0" type="stmt"/>
        <line num="785" count="0" type="cond" truecount="0" falsecount="2"/>
        <line num="786" count="0" type="stmt"/>
        <line num="787" count="0" type="cond" truecount="0" falsecount="2"/>
        <line num="792" count="0" type="stmt"/>
        <line num="797" count="0" type="stmt"/>
        <line num="798" count="0" type="stmt"/>
        <line num="799" count="0" type="stmt"/>
        <line num="800" count="0" type="cond" truecount="0" falsecount="2"/>
        <line num="801" count="0" type="cond" truecount="0" falsecount="2"/>
        <line num="803" count="0" type="stmt"/>
        <line num="809" count="0" type="stmt"/>
        <line num="812" count="0" type="stmt"/>
        <line num="819" count="0" type="stmt"/>
        <line num="820" count="0" type="cond" truecount="0" falsecount="2"/>
        <line num="821" count="0" type="cond" truecount="0" falsecount="2"/>
        <line num="822" count="0" type="cond" truecount="0" falsecount="2"/>
        <line num="823" count="0" type="cond" truecount="0" falsecount="2"/>
        <line num="824" count="0" type="cond" truecount="0" falsecount="2"/>
        <line num="825" count="0" type="cond" truecount="0" falsecount="2"/>
        <line num="826" count="0" type="stmt"/>
        <line num="828" count="0" type="stmt"/>
        <line num="830" count="0" type="stmt"/>
        <line num="831" count="0" type="stmt"/>
        <line num="832" count="0" type="stmt"/>
        <line num="833" count="0" type="stmt"/>
        <line num="834" count="0" type="stmt"/>
        <line num="836" count="0" type="stmt"/>
        <line num="844" count="0" type="stmt"/>
        <line num="847" count="1" type="stmt"/>
        <line num="848" count="0" type="stmt"/>
        <line num="849" count="0" type="stmt"/>
        <line num="850" count="0" type="cond" truecount="0" falsecount="2"/>
        <line num="853" count="0" type="cond" truecount="0" falsecount="2"/>
        <line num="855" count="0" type="cond" truecount="0" falsecount="2"/>
        <line num="856" count="0" type="stmt"/>
        <line num="857" count="0" type="cond" truecount="0" falsecount="2"/>
        <line num="858" count="0" type="stmt"/>
        <line num="859" count="0" type="stmt"/>
        <line num="862" count="0" type="stmt"/>
        <line num="863" count="0" type="cond" truecount="0" falsecount="2"/>
        <line num="864" count="0" type="stmt"/>
        <line num="872" count="0" type="cond" truecount="0" falsecount="2"/>
        <line num="875" count="0" type="cond" truecount="0" falsecount="2"/>
        <line num="876" count="0" type="cond" truecount="0" falsecount="2"/>
        <line num="877" count="0" type="stmt"/>
        <line num="879" count="0" type="stmt"/>
        <line num="891" count="1" type="stmt"/>
        <line num="892" count="0" type="cond" truecount="0" falsecount="2"/>
        <line num="893" count="0" type="cond" truecount="0" falsecount="8"/>
        <line num="894" count="0" type="stmt"/>
        <line num="896" count="0" type="cond" truecount="0" falsecount="2"/>
        <line num="898" count="0" type="stmt"/>
        <line num="899" count="0" type="stmt"/>
        <line num="900" count="0" type="stmt"/>
        <line num="903" count="1" type="stmt"/>
      </file>
    </package>
    <package name="API.src.routes">
      <metrics statements="12" coveredstatements="12" conditionals="0" coveredconditionals="0" methods="1" coveredmethods="1"/>
      <file name="invoice.routes.js" path="F:\GITHUB\FintechBankApp\API\src\routes\invoice.routes.js">
        <metrics statements="12" coveredstatements="12" conditionals="0" coveredconditionals="0" methods="1" coveredmethods="1"/>
        <line num="8" count="1" type="stmt"/>
        <line num="10" count="1" type="stmt"/>
        <line num="11" count="1" type="stmt"/>
        <line num="12" count="1" type="stmt"/>
        <line num="15" count="1" type="stmt"/>
        <line num="18" count="1" type="stmt"/>
        <line num="19" count="1" type="stmt"/>
        <line num="22" count="1" type="stmt"/>
        <line num="25" count="1" type="stmt"/>
        <line num="28" count="1" type="stmt"/>
        <line num="31" count="1" type="stmt"/>
        <line num="34" count="1" type="stmt"/>
      </file>
    </package>
  </project>
</coverage>
