{"F:\\GITHUB\\FintechBankApp\\API\\index.cjs": {"path":"F:\\GITHUB\\FintechBankApp\\API\\index.cjs","statementMap":{"0":{"start":{"line":1,"column":15},"end":{"line":1,"column":32}},"1":{"start":{"line":2,"column":13},"end":{"line":2,"column":28}},"2":{"start":{"line":5,"column":0},"end":{"line":5,"column":54}},"3":{"start":{"line":7,"column":16},"end":{"line":7,"column":34}},"4":{"start":{"line":8,"column":13},"end":{"line":8,"column":28}},"5":{"start":{"line":9,"column":18},"end":{"line":9,"column":47}},"6":{"start":{"line":10,"column":13},"end":{"line":10,"column":30}},"7":{"start":{"line":12,"column":24},"end":{"line":12,"column":50}},"8":{"start":{"line":13,"column":15},"end":{"line":13,"column":34}},"9":{"start":{"line":14,"column":12},"end":{"line":14,"column":35}},"10":{"start":{"line":15,"column":35},"end":{"line":15,"column":63}},"11":{"start":{"line":16,"column":21},"end":{"line":16,"column":47}},"12":{"start":{"line":17,"column":24},"end":{"line":17,"column":70}},"13":{"start":{"line":20,"column":20},"end":{"line":20,"column":53}},"14":{"start":{"line":21,"column":27},"end":{"line":21,"column":71}},"15":{"start":{"line":22,"column":26},"end":{"line":22,"column":69}},"16":{"start":{"line":23,"column":17},"end":{"line":23,"column":51}},"17":{"start":{"line":24,"column":16},"end":{"line":24,"column":49}},"18":{"start":{"line":25,"column":23},"end":{"line":25,"column":56}},"19":{"start":{"line":26,"column":18},"end":{"line":26,"column":53}},"20":{"start":{"line":27,"column":103},"end":{"line":27,"column":138}},"21":{"start":{"line":28,"column":26},"end":{"line":28,"column":69}},"22":{"start":{"line":29,"column":121},"end":{"line":29,"column":147}},"23":{"start":{"line":30,"column":19},"end":{"line":30,"column":48}},"24":{"start":{"line":31,"column":218},"end":{"line":31,"column":248}},"25":{"start":{"line":32,"column":17},"end":{"line":32,"column":49}},"26":{"start":{"line":33,"column":26},"end":{"line":33,"column":69}},"27":{"start":{"line":34,"column":28},"end":{"line":34,"column":66}},"28":{"start":{"line":35,"column":25},"end":{"line":35,"column":67}},"29":{"start":{"line":36,"column":21},"end":{"line":36,"column":59}},"30":{"start":{"line":37,"column":86},"end":{"line":37,"column":122}},"31":{"start":{"line":38,"column":17},"end":{"line":38,"column":51}},"32":{"start":{"line":39,"column":20},"end":{"line":39,"column":57}},"33":{"start":{"line":40,"column":29},"end":{"line":40,"column":75}},"34":{"start":{"line":41,"column":68},"end":{"line":41,"column":97}},"35":{"start":{"line":42,"column":15},"end":{"line":42,"column":32}},"36":{"start":{"line":43,"column":18},"end":{"line":43,"column":47}},"37":{"start":{"line":44,"column":21},"end":{"line":44,"column":45}},"38":{"start":{"line":45,"column":32},"end":{"line":45,"column":78}},"39":{"start":{"line":46,"column":30},"end":{"line":46,"column":68}},"40":{"start":{"line":49,"column":13},"end":{"line":49,"column":37}},"41":{"start":{"line":50,"column":19},"end":{"line":50,"column":41}},"42":{"start":{"line":54,"column":18},"end":{"line":54,"column":57}},"43":{"start":{"line":56,"column":26},"end":{"line":56,"column":35}},"44":{"start":{"line":62,"column":13},"end":{"line":62,"column":33}},"45":{"start":{"line":63,"column":22},"end":{"line":63,"column":57}},"46":{"start":{"line":65,"column":0},"end":{"line":107,"column":3}},"47":{"start":{"line":66,"column":4},"end":{"line":66,"column":55}},"48":{"start":{"line":67,"column":4},"end":{"line":71,"column":5}},"49":{"start":{"line":68,"column":8},"end":{"line":68,"column":26}},"50":{"start":{"line":70,"column":8},"end":{"line":70,"column":59}},"51":{"start":{"line":76,"column":4},"end":{"line":76,"column":90}},"52":{"start":{"line":77,"column":4},"end":{"line":82,"column":5}},"53":{"start":{"line":78,"column":23},"end":{"line":78,"column":51}},"54":{"start":{"line":79,"column":8},"end":{"line":79,"column":92}},"55":{"start":{"line":81,"column":8},"end":{"line":81,"column":69}},"56":{"start":{"line":85,"column":4},"end":{"line":85,"column":89}},"57":{"start":{"line":86,"column":4},"end":{"line":92,"column":5}},"58":{"start":{"line":87,"column":32},"end":{"line":87,"column":69}},"59":{"start":{"line":88,"column":23},"end":{"line":88,"column":56}},"60":{"start":{"line":89,"column":8},"end":{"line":89,"column":113}},"61":{"start":{"line":91,"column":8},"end":{"line":91,"column":68}},"62":{"start":{"line":96,"column":4},"end":{"line":96,"column":68}},"63":{"start":{"line":97,"column":4},"end":{"line":106,"column":5}},"64":{"start":{"line":98,"column":27},"end":{"line":98,"column":56}},"65":{"start":{"line":99,"column":8},"end":{"line":103,"column":9}},"66":{"start":{"line":100,"column":12},"end":{"line":100,"column":163}},"67":{"start":{"line":102,"column":12},"end":{"line":102,"column":92}},"68":{"start":{"line":105,"column":8},"end":{"line":105,"column":68}},"69":{"start":{"line":110,"column":0},"end":{"line":122,"column":3}},"70":{"start":{"line":111,"column":4},"end":{"line":111,"column":89}},"71":{"start":{"line":112,"column":4},"end":{"line":121,"column":5}},"72":{"start":{"line":113,"column":23},"end":{"line":113,"column":50}},"73":{"start":{"line":114,"column":18},"end":{"line":114,"column":32}},"74":{"start":{"line":115,"column":8},"end":{"line":115,"column":144}},"75":{"start":{"line":116,"column":8},"end":{"line":118,"column":9}},"76":{"start":{"line":117,"column":12},"end":{"line":117,"column":115}},"77":{"start":{"line":117,"column":94},"end":{"line":117,"column":111}},"78":{"start":{"line":120,"column":8},"end":{"line":120,"column":82}},"79":{"start":{"line":125,"column":22},"end":{"line":185,"column":1}},"80":{"start":{"line":126,"column":4},"end":{"line":126,"column":29}},"81":{"start":{"line":126,"column":17},"end":{"line":126,"column":29}},"82":{"start":{"line":129,"column":30},"end":{"line":150,"column":5}},"83":{"start":{"line":130,"column":8},"end":{"line":130,"column":56}},"84":{"start":{"line":130,"column":38},"end":{"line":130,"column":56}},"85":{"start":{"line":132,"column":25},"end":{"line":132,"column":26}},"86":{"start":{"line":133,"column":8},"end":{"line":140,"column":9}},"87":{"start":{"line":134,"column":30},"end":{"line":134,"column":67}},"88":{"start":{"line":135,"column":24},"end":{"line":135,"column":34}},"89":{"start":{"line":136,"column":30},"end":{"line":136,"column":66}},"90":{"start":{"line":138,"column":12},"end":{"line":139,"column":52}},"91":{"start":{"line":138,"column":32},"end":{"line":138,"column":47}},"92":{"start":{"line":139,"column":17},"end":{"line":139,"column":52}},"93":{"start":{"line":139,"column":37},"end":{"line":139,"column":52}},"94":{"start":{"line":142,"column":26},"end":{"line":142,"column":94}},"95":{"start":{"line":143,"column":23},"end":{"line":143,"column":91}},"96":{"start":{"line":145,"column":30},"end":{"line":145,"column":73}},"97":{"start":{"line":148,"column":33},"end":{"line":148,"column":68}},"98":{"start":{"line":149,"column":8},"end":{"line":149,"column":59}},"99":{"start":{"line":152,"column":4},"end":{"line":184,"column":6}},"100":{"start":{"line":187,"column":33},"end":{"line":697,"column":1}},"101":{"start":{"line":188,"column":20},"end":{"line":188,"column":31}},"102":{"start":{"line":189,"column":24},"end":{"line":189,"column":28}},"103":{"start":{"line":190,"column":4},"end":{"line":294,"column":5}},"104":{"start":{"line":191,"column":24},"end":{"line":197,"column":10}},"105":{"start":{"line":198,"column":8},"end":{"line":286,"column":9}},"106":{"start":{"line":199,"column":12},"end":{"line":199,"column":39}},"107":{"start":{"line":200,"column":12},"end":{"line":200,"column":60}},"108":{"start":{"line":210,"column":33},"end":{"line":210,"column":127}},"109":{"start":{"line":210,"column":53},"end":{"line":210,"column":126}},"110":{"start":{"line":211,"column":34},"end":{"line":211,"column":49}},"111":{"start":{"line":212,"column":12},"end":{"line":285,"column":13}},"112":{"start":{"line":214,"column":16},"end":{"line":214,"column":84}},"113":{"start":{"line":220,"column":40},"end":{"line":223,"column":17}},"114":{"start":{"line":221,"column":34},"end":{"line":221,"column":119}},"115":{"start":{"line":228,"column":39},"end":{"line":228,"column":139}},"116":{"start":{"line":228,"column":84},"end":{"line":228,"column":122}},"117":{"start":{"line":229,"column":16},"end":{"line":229,"column":69}},"118":{"start":{"line":230,"column":16},"end":{"line":230,"column":102}},"119":{"start":{"line":236,"column":16},"end":{"line":236,"column":166}},"120":{"start":{"line":236,"column":110},"end":{"line":236,"column":148}},"121":{"start":{"line":237,"column":16},"end":{"line":237,"column":164}},"122":{"start":{"line":237,"column":109},"end":{"line":237,"column":146}},"123":{"start":{"line":238,"column":16},"end":{"line":238,"column":80}},"124":{"start":{"line":239,"column":16},"end":{"line":243,"column":17}},"125":{"start":{"line":240,"column":20},"end":{"line":242,"column":85}},"126":{"start":{"line":241,"column":24},"end":{"line":241,"column":119}},"127":{"start":{"line":248,"column":38},"end":{"line":248,"column":109}},"128":{"start":{"line":248,"column":56},"end":{"line":248,"column":108}},"129":{"start":{"line":249,"column":16},"end":{"line":284,"column":17}},"130":{"start":{"line":250,"column":20},"end":{"line":250,"column":88}},"131":{"start":{"line":252,"column":20},"end":{"line":252,"column":136}},"132":{"start":{"line":253,"column":20},"end":{"line":253,"column":110}},"133":{"start":{"line":254,"column":20},"end":{"line":254,"column":101}},"134":{"start":{"line":256,"column":20},"end":{"line":256,"column":60}},"135":{"start":{"line":257,"column":20},"end":{"line":257,"column":68}},"136":{"start":{"line":259,"column":37},"end":{"line":259,"column":74}},"137":{"start":{"line":260,"column":20},"end":{"line":260,"column":80}},"138":{"start":{"line":261,"column":20},"end":{"line":261,"column":80}},"139":{"start":{"line":267,"column":20},"end":{"line":283,"column":21}},"140":{"start":{"line":268,"column":37},"end":{"line":268,"column":69}},"141":{"start":{"line":268,"column":71},"end":{"line":268,"column":94}},"142":{"start":{"line":269,"column":38},"end":{"line":269,"column":76}},"143":{"start":{"line":269,"column":78},"end":{"line":269,"column":102}},"144":{"start":{"line":270,"column":42},"end":{"line":270,"column":92}},"145":{"start":{"line":271,"column":24},"end":{"line":282,"column":25}},"146":{"start":{"line":272,"column":40},"end":{"line":272,"column":82}},"147":{"start":{"line":273,"column":44},"end":{"line":273,"column":74}},"148":{"start":{"line":274,"column":28},"end":{"line":281,"column":30}},"149":{"start":{"line":288,"column":20},"end":{"line":288,"column":54}},"150":{"start":{"line":289,"column":8},"end":{"line":293,"column":9}},"151":{"start":{"line":290,"column":12},"end":{"line":290,"column":84}},"152":{"start":{"line":292,"column":12},"end":{"line":292,"column":22}},"153":{"start":{"line":297,"column":27},"end":{"line":297,"column":120}},"154":{"start":{"line":298,"column":33},"end":{"line":298,"column":81}},"155":{"start":{"line":299,"column":4},"end":{"line":299,"column":84}},"156":{"start":{"line":299,"column":32},"end":{"line":299,"column":84}},"157":{"start":{"line":301,"column":19},"end":{"line":301,"column":20}},"158":{"start":{"line":302,"column":23},"end":{"line":302,"column":24}},"159":{"start":{"line":303,"column":27},"end":{"line":303,"column":28}},"160":{"start":{"line":304,"column":4},"end":{"line":329,"column":5}},"161":{"start":{"line":305,"column":20},"end":{"line":305,"column":52}},"162":{"start":{"line":306,"column":8},"end":{"line":306,"column":39}},"163":{"start":{"line":307,"column":8},"end":{"line":307,"column":33}},"164":{"start":{"line":309,"column":24},"end":{"line":309,"column":37}},"165":{"start":{"line":310,"column":8},"end":{"line":310,"column":49}},"166":{"start":{"line":311,"column":8},"end":{"line":311,"column":41}},"167":{"start":{"line":313,"column":28},"end":{"line":313,"column":45}},"168":{"start":{"line":314,"column":8},"end":{"line":314,"column":57}},"169":{"start":{"line":315,"column":8},"end":{"line":315,"column":49}},"170":{"start":{"line":317,"column":20},"end":{"line":317,"column":30}},"171":{"start":{"line":318,"column":8},"end":{"line":318,"column":39}},"172":{"start":{"line":319,"column":8},"end":{"line":319,"column":41}},"173":{"start":{"line":320,"column":8},"end":{"line":320,"column":33}},"174":{"start":{"line":322,"column":24},"end":{"line":322,"column":37}},"175":{"start":{"line":323,"column":8},"end":{"line":323,"column":49}},"176":{"start":{"line":324,"column":8},"end":{"line":324,"column":41}},"177":{"start":{"line":326,"column":28},"end":{"line":326,"column":45}},"178":{"start":{"line":327,"column":8},"end":{"line":327,"column":57}},"179":{"start":{"line":328,"column":8},"end":{"line":328,"column":49}},"180":{"start":{"line":331,"column":4},"end":{"line":342,"column":5}},"181":{"start":{"line":332,"column":27},"end":{"line":332,"column":79}},"182":{"start":{"line":333,"column":8},"end":{"line":341,"column":9}},"183":{"start":{"line":334,"column":12},"end":{"line":334,"column":52}},"184":{"start":{"line":335,"column":31},"end":{"line":335,"column":51}},"185":{"start":{"line":336,"column":12},"end":{"line":336,"column":57}},"186":{"start":{"line":337,"column":12},"end":{"line":337,"column":48}},"187":{"start":{"line":338,"column":35},"end":{"line":338,"column":55}},"188":{"start":{"line":339,"column":12},"end":{"line":339,"column":67}},"189":{"start":{"line":340,"column":12},"end":{"line":340,"column":56}},"190":{"start":{"line":345,"column":19},"end":{"line":345,"column":21}},"191":{"start":{"line":346,"column":21},"end":{"line":346,"column":30}},"192":{"start":{"line":347,"column":4},"end":{"line":356,"column":5}},"193":{"start":{"line":348,"column":8},"end":{"line":352,"column":11}},"194":{"start":{"line":353,"column":8},"end":{"line":353,"column":82}},"195":{"start":{"line":353,"column":47},"end":{"line":353,"column":63}},"196":{"start":{"line":355,"column":8},"end":{"line":355,"column":71}},"197":{"start":{"line":359,"column":21},"end":{"line":367,"column":6}},"198":{"start":{"line":370,"column":32},"end":{"line":370,"column":34}},"199":{"start":{"line":371,"column":4},"end":{"line":395,"column":5}},"200":{"start":{"line":372,"column":8},"end":{"line":372,"column":87}},"201":{"start":{"line":372,"column":78},"end":{"line":372,"column":87}},"202":{"start":{"line":373,"column":35},"end":{"line":373,"column":86}},"203":{"start":{"line":374,"column":33},"end":{"line":374,"column":79}},"204":{"start":{"line":376,"column":28},"end":{"line":376,"column":91}},"205":{"start":{"line":377,"column":27},"end":{"line":377,"column":95}},"206":{"start":{"line":378,"column":8},"end":{"line":394,"column":9}},"207":{"start":{"line":379,"column":34},"end":{"line":383,"column":14}},"208":{"start":{"line":380,"column":16},"end":{"line":380,"column":67}},"209":{"start":{"line":380,"column":54},"end":{"line":380,"column":67}},"210":{"start":{"line":381,"column":29},"end":{"line":381,"column":48}},"211":{"start":{"line":382,"column":16},"end":{"line":382,"column":90}},"212":{"start":{"line":385,"column":12},"end":{"line":393,"column":13}},"213":{"start":{"line":386,"column":16},"end":{"line":392,"column":19}},"214":{"start":{"line":397,"column":28},"end":{"line":397,"column":65}},"215":{"start":{"line":399,"column":29},"end":{"line":439,"column":22}},"216":{"start":{"line":400,"column":21},"end":{"line":404,"column":9}},"217":{"start":{"line":405,"column":21},"end":{"line":405,"column":40}},"218":{"start":{"line":406,"column":8},"end":{"line":408,"column":9}},"219":{"start":{"line":407,"column":12},"end":{"line":407,"column":83}},"220":{"start":{"line":409,"column":8},"end":{"line":416,"column":9}},"221":{"start":{"line":410,"column":22},"end":{"line":410,"column":52}},"222":{"start":{"line":411,"column":39},"end":{"line":411,"column":73}},"223":{"start":{"line":412,"column":38},"end":{"line":412,"column":72}},"224":{"start":{"line":413,"column":33},"end":{"line":413,"column":66}},"225":{"start":{"line":414,"column":33},"end":{"line":414,"column":99}},"226":{"start":{"line":415,"column":12},"end":{"line":415,"column":137}},"227":{"start":{"line":417,"column":8},"end":{"line":437,"column":9}},"228":{"start":{"line":424,"column":12},"end":{"line":435,"column":13}},"229":{"start":{"line":425,"column":16},"end":{"line":425,"column":53}},"230":{"start":{"line":427,"column":34},"end":{"line":427,"column":60}},"231":{"start":{"line":428,"column":16},"end":{"line":434,"column":17}},"232":{"start":{"line":429,"column":20},"end":{"line":429,"column":60}},"233":{"start":{"line":430,"column":23},"end":{"line":434,"column":17}},"234":{"start":{"line":431,"column":20},"end":{"line":431,"column":59}},"235":{"start":{"line":433,"column":20},"end":{"line":433,"column":58}},"236":{"start":{"line":436,"column":12},"end":{"line":436,"column":58}},"237":{"start":{"line":438,"column":8},"end":{"line":438,"column":20}},"238":{"start":{"line":441,"column":4},"end":{"line":441,"column":56}},"239":{"start":{"line":443,"column":23},"end":{"line":443,"column":91}},"240":{"start":{"line":444,"column":29},"end":{"line":452,"column":6}},"241":{"start":{"line":445,"column":23},"end":{"line":445,"column":50}},"242":{"start":{"line":446,"column":8},"end":{"line":446,"column":72}},"243":{"start":{"line":446,"column":59},"end":{"line":446,"column":72}},"244":{"start":{"line":447,"column":8},"end":{"line":447,"column":48}},"245":{"start":{"line":447,"column":35},"end":{"line":447,"column":48}},"246":{"start":{"line":448,"column":8},"end":{"line":448,"column":59}},"247":{"start":{"line":448,"column":47},"end":{"line":448,"column":59}},"248":{"start":{"line":449,"column":8},"end":{"line":449,"column":75}},"249":{"start":{"line":449,"column":63},"end":{"line":449,"column":75}},"250":{"start":{"line":450,"column":8},"end":{"line":450,"column":118}},"251":{"start":{"line":450,"column":106},"end":{"line":450,"column":118}},"252":{"start":{"line":451,"column":8},"end":{"line":451,"column":21}},"253":{"start":{"line":456,"column":4},"end":{"line":456,"column":58}},"254":{"start":{"line":457,"column":4},"end":{"line":459,"column":59}},"255":{"start":{"line":458,"column":22},"end":{"line":458,"column":114}},"256":{"start":{"line":459,"column":29},"end":{"line":459,"column":54}},"257":{"start":{"line":467,"column":4},"end":{"line":490,"column":5}},"258":{"start":{"line":468,"column":32},"end":{"line":483,"column":14}},"259":{"start":{"line":469,"column":25},"end":{"line":469,"column":90}},"260":{"start":{"line":471,"column":30},"end":{"line":471,"column":65}},"261":{"start":{"line":472,"column":35},"end":{"line":472,"column":42}},"262":{"start":{"line":473,"column":16},"end":{"line":475,"column":103}},"263":{"start":{"line":473,"column":55},"end":{"line":473,"column":80}},"264":{"start":{"line":474,"column":21},"end":{"line":475,"column":103}},"265":{"start":{"line":474,"column":52},"end":{"line":474,"column":77}},"266":{"start":{"line":475,"column":21},"end":{"line":475,"column":103}},"267":{"start":{"line":475,"column":79},"end":{"line":475,"column":103}},"268":{"start":{"line":476,"column":16},"end":{"line":482,"column":18}},"269":{"start":{"line":485,"column":8},"end":{"line":485,"column":76}},"270":{"start":{"line":485,"column":39},"end":{"line":485,"column":74}},"271":{"start":{"line":486,"column":8},"end":{"line":486,"column":63}},"272":{"start":{"line":489,"column":8},"end":{"line":489,"column":50}},"273":{"start":{"line":492,"column":22},"end":{"line":492,"column":63}},"274":{"start":{"line":493,"column":19},"end":{"line":493,"column":162}},"275":{"start":{"line":496,"column":4},"end":{"line":514,"column":5}},"276":{"start":{"line":497,"column":8},"end":{"line":502,"column":11}},"277":{"start":{"line":498,"column":27},"end":{"line":498,"column":44}},"278":{"start":{"line":499,"column":12},"end":{"line":501,"column":56}},"279":{"start":{"line":503,"column":8},"end":{"line":503,"column":49}},"280":{"start":{"line":505,"column":8},"end":{"line":513,"column":11}},"281":{"start":{"line":506,"column":27},"end":{"line":506,"column":54}},"282":{"start":{"line":507,"column":12},"end":{"line":507,"column":82}},"283":{"start":{"line":507,"column":69},"end":{"line":507,"column":82}},"284":{"start":{"line":508,"column":12},"end":{"line":508,"column":52}},"285":{"start":{"line":508,"column":39},"end":{"line":508,"column":52}},"286":{"start":{"line":509,"column":12},"end":{"line":509,"column":63}},"287":{"start":{"line":509,"column":51},"end":{"line":509,"column":63}},"288":{"start":{"line":510,"column":12},"end":{"line":510,"column":79}},"289":{"start":{"line":510,"column":67},"end":{"line":510,"column":79}},"290":{"start":{"line":511,"column":12},"end":{"line":511,"column":122}},"291":{"start":{"line":511,"column":110},"end":{"line":511,"column":122}},"292":{"start":{"line":512,"column":12},"end":{"line":512,"column":25}},"293":{"start":{"line":516,"column":27},"end":{"line":516,"column":71}},"294":{"start":{"line":517,"column":4},"end":{"line":517,"column":56}},"295":{"start":{"line":518,"column":4},"end":{"line":518,"column":84}},"296":{"start":{"line":519,"column":28},"end":{"line":519,"column":118}},"297":{"start":{"line":519,"column":89},"end":{"line":519,"column":114}},"298":{"start":{"line":524,"column":28},"end":{"line":524,"column":63}},"299":{"start":{"line":525,"column":29},"end":{"line":525,"column":72}},"300":{"start":{"line":526,"column":4},"end":{"line":528,"column":39}},"301":{"start":{"line":529,"column":4},"end":{"line":531,"column":39}},"302":{"start":{"line":532,"column":4},"end":{"line":532,"column":84}},"303":{"start":{"line":543,"column":27},"end":{"line":543,"column":75}},"304":{"start":{"line":544,"column":24},"end":{"line":544,"column":74}},"305":{"start":{"line":551,"column":28},"end":{"line":551,"column":32}},"306":{"start":{"line":552,"column":8},"end":{"line":576,"column":79}},"307":{"start":{"line":553,"column":32},"end":{"line":558,"column":14}},"308":{"start":{"line":559,"column":12},"end":{"line":575,"column":13}},"309":{"start":{"line":560,"column":32},"end":{"line":560,"column":34}},"310":{"start":{"line":561,"column":16},"end":{"line":561,"column":95}},"311":{"start":{"line":561,"column":45},"end":{"line":561,"column":95}},"312":{"start":{"line":562,"column":16},"end":{"line":568,"column":18}},"313":{"start":{"line":569,"column":16},"end":{"line":574,"column":18}},"314":{"start":{"line":579,"column":27},"end":{"line":579,"column":28}},"315":{"start":{"line":580,"column":8},"end":{"line":586,"column":9}},"316":{"start":{"line":581,"column":23},"end":{"line":581,"column":75}},"317":{"start":{"line":582,"column":12},"end":{"line":582,"column":36}},"318":{"start":{"line":583,"column":25},"end":{"line":583,"column":35}},"319":{"start":{"line":584,"column":12},"end":{"line":584,"column":38}},"320":{"start":{"line":585,"column":12},"end":{"line":585,"column":75}},"321":{"start":{"line":590,"column":25},"end":{"line":597,"column":14}},"322":{"start":{"line":598,"column":8},"end":{"line":598,"column":65}},"323":{"start":{"line":599,"column":8},"end":{"line":605,"column":10}},"324":{"start":{"line":611,"column":8},"end":{"line":611,"column":100}},"325":{"start":{"line":626,"column":31},"end":{"line":626,"column":72}},"326":{"start":{"line":628,"column":8},"end":{"line":628,"column":113}},"327":{"start":{"line":632,"column":8},"end":{"line":634,"column":85}},"328":{"start":{"line":638,"column":4},"end":{"line":638,"column":50}},"329":{"start":{"line":640,"column":4},"end":{"line":673,"column":5}},"330":{"start":{"line":641,"column":29},"end":{"line":646,"column":10}},"331":{"start":{"line":647,"column":24},"end":{"line":647,"column":26}},"332":{"start":{"line":648,"column":27},"end":{"line":648,"column":29}},"333":{"start":{"line":649,"column":8},"end":{"line":666,"column":9}},"334":{"start":{"line":650,"column":12},"end":{"line":650,"column":80}},"335":{"start":{"line":650,"column":71},"end":{"line":650,"column":80}},"336":{"start":{"line":651,"column":21},"end":{"line":651,"column":50}},"337":{"start":{"line":652,"column":25},"end":{"line":652,"column":66}},"338":{"start":{"line":653,"column":27},"end":{"line":653,"column":70}},"339":{"start":{"line":654,"column":31},"end":{"line":654,"column":73}},"340":{"start":{"line":655,"column":30},"end":{"line":655,"column":53}},"341":{"start":{"line":656,"column":26},"end":{"line":656,"column":102}},"342":{"start":{"line":657,"column":12},"end":{"line":665,"column":13}},"343":{"start":{"line":657,"column":26},"end":{"line":657,"column":27}},"344":{"start":{"line":658,"column":29},"end":{"line":658,"column":102}},"345":{"start":{"line":659,"column":16},"end":{"line":659,"column":86}},"346":{"start":{"line":660,"column":16},"end":{"line":660,"column":61}},"347":{"start":{"line":660,"column":39},"end":{"line":660,"column":61}},"348":{"start":{"line":661,"column":16},"end":{"line":661,"column":112}},"349":{"start":{"line":662,"column":28},"end":{"line":662,"column":40}},"350":{"start":{"line":663,"column":16},"end":{"line":663,"column":55}},"351":{"start":{"line":664,"column":16},"end":{"line":664,"column":25}},"352":{"start":{"line":667,"column":8},"end":{"line":667,"column":59}},"353":{"start":{"line":668,"column":8},"end":{"line":668,"column":68}},"354":{"start":{"line":670,"column":8},"end":{"line":670,"column":57}},"355":{"start":{"line":671,"column":8},"end":{"line":671,"column":54}},"356":{"start":{"line":672,"column":8},"end":{"line":672,"column":60}},"357":{"start":{"line":675,"column":4},"end":{"line":696,"column":5}},"358":{"start":{"line":676,"column":29},"end":{"line":682,"column":10}},"359":{"start":{"line":683,"column":8},"end":{"line":692,"column":12}},"360":{"start":{"line":683,"column":67},"end":{"line":692,"column":9}},"361":{"start":{"line":694,"column":8},"end":{"line":694,"column":74}},"362":{"start":{"line":695,"column":8},"end":{"line":695,"column":39}},"363":{"start":{"line":699,"column":28},"end":{"line":704,"column":1}},"364":{"start":{"line":700,"column":14},"end":{"line":700,"column":28}},"365":{"start":{"line":701,"column":21},"end":{"line":701,"column":50}},"366":{"start":{"line":702,"column":21},"end":{"line":702,"column":67}},"367":{"start":{"line":703,"column":4},"end":{"line":703,"column":55}},"368":{"start":{"line":708,"column":14},"end":{"line":716,"column":1}},"369":{"start":{"line":709,"column":4},"end":{"line":709,"column":21}},"370":{"start":{"line":709,"column":12},"end":{"line":709,"column":21}},"371":{"start":{"line":710,"column":4},"end":{"line":710,"column":50}},"372":{"start":{"line":710,"column":27},"end":{"line":710,"column":50}},"373":{"start":{"line":711,"column":16},"end":{"line":711,"column":32}},"374":{"start":{"line":712,"column":4},"end":{"line":712,"column":52}},"375":{"start":{"line":712,"column":41},"end":{"line":712,"column":52}},"376":{"start":{"line":713,"column":4},"end":{"line":713,"column":90}},"377":{"start":{"line":713,"column":55},"end":{"line":713,"column":90}},"378":{"start":{"line":714,"column":14},"end":{"line":714,"column":27}},"379":{"start":{"line":715,"column":4},"end":{"line":715,"column":54}},"380":{"start":{"line":718,"column":29},"end":{"line":730,"column":1}},"381":{"start":{"line":719,"column":4},"end":{"line":719,"column":27}},"382":{"start":{"line":719,"column":15},"end":{"line":719,"column":27}},"383":{"start":{"line":720,"column":4},"end":{"line":729,"column":6}},"384":{"start":{"line":732,"column":25},"end":{"line":738,"column":1}},"385":{"start":{"line":733,"column":4},"end":{"line":733,"column":31}},"386":{"start":{"line":733,"column":19},"end":{"line":733,"column":31}},"387":{"start":{"line":734,"column":4},"end":{"line":737,"column":5}},"388":{"start":{"line":741,"column":21},"end":{"line":743,"column":1}},"389":{"start":{"line":741,"column":27},"end":{"line":743,"column":1}},"390":{"start":{"line":742,"column":4},"end":{"line":742,"column":52}},"391":{"start":{"line":746,"column":18},"end":{"line":749,"column":1}},"392":{"start":{"line":747,"column":4},"end":{"line":747,"column":24}},"393":{"start":{"line":747,"column":14},"end":{"line":747,"column":24}},"394":{"start":{"line":748,"column":4},"end":{"line":748,"column":42}},"395":{"start":{"line":752,"column":15},"end":{"line":752,"column":32}},"396":{"start":{"line":753,"column":24},"end":{"line":753,"column":33}},"397":{"start":{"line":755,"column":12},"end":{"line":755,"column":21}},"398":{"start":{"line":758,"column":0},"end":{"line":758,"column":37}},"399":{"start":{"line":761,"column":24},"end":{"line":765,"column":1}},"400":{"start":{"line":767,"column":20},"end":{"line":780,"column":1}},"401":{"start":{"line":769,"column":4},"end":{"line":770,"column":57}},"402":{"start":{"line":769,"column":132},"end":{"line":769,"column":152}},"403":{"start":{"line":769,"column":235},"end":{"line":769,"column":250}},"404":{"start":{"line":770,"column":9},"end":{"line":770,"column":57}},"405":{"start":{"line":782,"column":0},"end":{"line":782,"column":50}},"406":{"start":{"line":783,"column":0},"end":{"line":783,"column":27}},"407":{"start":{"line":784,"column":0},"end":{"line":784,"column":36}},"408":{"start":{"line":785,"column":0},"end":{"line":785,"column":24}},"409":{"start":{"line":786,"column":0},"end":{"line":786,"column":24}},"410":{"start":{"line":787,"column":0},"end":{"line":787,"column":19}},"411":{"start":{"line":789,"column":18},"end":{"line":789,"column":34}},"412":{"start":{"line":791,"column":31},"end":{"line":806,"column":1}},"413":{"start":{"line":792,"column":19},"end":{"line":792,"column":40}},"414":{"start":{"line":793,"column":4},"end":{"line":804,"column":5}},"415":{"start":{"line":794,"column":8},"end":{"line":794,"column":69}},"416":{"start":{"line":795,"column":8},"end":{"line":795,"column":67}},"417":{"start":{"line":796,"column":8},"end":{"line":796,"column":74}},"418":{"start":{"line":798,"column":30},"end":{"line":798,"column":86}},"419":{"start":{"line":798,"column":56},"end":{"line":798,"column":74}},"420":{"start":{"line":799,"column":8},"end":{"line":803,"column":11}},"421":{"start":{"line":805,"column":4},"end":{"line":805,"column":11}},"422":{"start":{"line":808,"column":26},"end":{"line":813,"column":2}},"423":{"start":{"line":809,"column":4},"end":{"line":811,"column":5}},"424":{"start":{"line":810,"column":8},"end":{"line":810,"column":83}},"425":{"start":{"line":812,"column":4},"end":{"line":812,"column":11}},"426":{"start":{"line":815,"column":21},"end":{"line":822,"column":2}},"427":{"start":{"line":821,"column":16},"end":{"line":821,"column":47}},"428":{"start":{"line":825,"column":30},"end":{"line":830,"column":1}},"429":{"start":{"line":832,"column":29},"end":{"line":851,"column":1}},"430":{"start":{"line":836,"column":27},"end":{"line":836,"column":59}},"431":{"start":{"line":837,"column":12},"end":{"line":839,"column":13}},"432":{"start":{"line":838,"column":16},"end":{"line":838,"column":60}},"433":{"start":{"line":841,"column":12},"end":{"line":843,"column":13}},"434":{"start":{"line":842,"column":16},"end":{"line":842,"column":67}},"435":{"start":{"line":844,"column":12},"end":{"line":844,"column":24}},"436":{"start":{"line":848,"column":12},"end":{"line":848,"column":52}},"437":{"start":{"line":853,"column":37},"end":{"line":857,"column":1}},"438":{"start":{"line":860,"column":0},"end":{"line":878,"column":4}},"439":{"start":{"line":861,"column":4},"end":{"line":861,"column":46}},"440":{"start":{"line":863,"column":19},"end":{"line":875,"column":5}},"441":{"start":{"line":877,"column":4},"end":{"line":877,"column":46}},"442":{"start":{"line":880,"column":0},"end":{"line":912,"column":4}},"443":{"start":{"line":881,"column":4},"end":{"line":881,"column":56}},"444":{"start":{"line":883,"column":4},"end":{"line":911,"column":5}},"445":{"start":{"line":884,"column":23},"end":{"line":884,"column":25}},"446":{"start":{"line":887,"column":27},"end":{"line":887,"column":91}},"447":{"start":{"line":888,"column":28},"end":{"line":888,"column":76}},"448":{"start":{"line":889,"column":8},"end":{"line":889,"column":75}},"449":{"start":{"line":892,"column":30},"end":{"line":892,"column":101}},"450":{"start":{"line":893,"column":31},"end":{"line":893,"column":82}},"451":{"start":{"line":894,"column":8},"end":{"line":894,"column":85}},"452":{"start":{"line":897,"column":34},"end":{"line":897,"column":105}},"453":{"start":{"line":898,"column":35},"end":{"line":898,"column":90}},"454":{"start":{"line":899,"column":8},"end":{"line":899,"column":89}},"455":{"start":{"line":901,"column":8},"end":{"line":901,"column":67}},"456":{"start":{"line":902,"column":8},"end":{"line":902,"column":50}},"457":{"start":{"line":905,"column":8},"end":{"line":905,"column":69}},"458":{"start":{"line":906,"column":8},"end":{"line":910,"column":11}},"459":{"start":{"line":914,"column":0},"end":{"line":941,"column":4}},"460":{"start":{"line":915,"column":20},"end":{"line":915,"column":30}},"461":{"start":{"line":916,"column":4},"end":{"line":916,"column":57}},"462":{"start":{"line":918,"column":4},"end":{"line":940,"column":5}},"463":{"start":{"line":919,"column":22},"end":{"line":919,"column":91}},"464":{"start":{"line":920,"column":23},"end":{"line":920,"column":66}},"465":{"start":{"line":922,"column":8},"end":{"line":924,"column":9}},"466":{"start":{"line":923,"column":12},"end":{"line":923,"column":84}},"467":{"start":{"line":926,"column":21},"end":{"line":926,"column":45}},"468":{"start":{"line":928,"column":8},"end":{"line":928,"column":29}},"469":{"start":{"line":930,"column":8},"end":{"line":930,"column":51}},"470":{"start":{"line":931,"column":8},"end":{"line":931,"column":66}},"471":{"start":{"line":934,"column":8},"end":{"line":934,"column":73}},"472":{"start":{"line":935,"column":8},"end":{"line":939,"column":11}},"473":{"start":{"line":944,"column":0},"end":{"line":1030,"column":4}},"474":{"start":{"line":945,"column":20},"end":{"line":945,"column":30}},"475":{"start":{"line":946,"column":4},"end":{"line":946,"column":77}},"476":{"start":{"line":948,"column":4},"end":{"line":1029,"column":5}},"477":{"start":{"line":950,"column":26},"end":{"line":950,"column":160}},"478":{"start":{"line":951,"column":25},"end":{"line":951,"column":72}},"479":{"start":{"line":953,"column":8},"end":{"line":955,"column":9}},"480":{"start":{"line":954,"column":12},"end":{"line":954,"column":95}},"481":{"start":{"line":957,"column":21},"end":{"line":957,"column":32}},"482":{"start":{"line":958,"column":24},"end":{"line":958,"column":53}},"483":{"start":{"line":959,"column":27},"end":{"line":959,"column":72}},"484":{"start":{"line":960,"column":31},"end":{"line":960,"column":80}},"485":{"start":{"line":963,"column":8},"end":{"line":968,"column":9}},"486":{"start":{"line":964,"column":12},"end":{"line":967,"column":15}},"487":{"start":{"line":971,"column":26},"end":{"line":971,"column":53}},"488":{"start":{"line":972,"column":8},"end":{"line":977,"column":9}},"489":{"start":{"line":973,"column":12},"end":{"line":976,"column":15}},"490":{"start":{"line":980,"column":41},"end":{"line":980,"column":166}},"491":{"start":{"line":981,"column":35},"end":{"line":981,"column":97}},"492":{"start":{"line":982,"column":41},"end":{"line":982,"column":84}},"493":{"start":{"line":984,"column":8},"end":{"line":989,"column":9}},"494":{"start":{"line":985,"column":12},"end":{"line":988,"column":15}},"495":{"start":{"line":992,"column":34},"end":{"line":992,"column":158}},"496":{"start":{"line":993,"column":31},"end":{"line":993,"column":86}},"497":{"start":{"line":994,"column":34},"end":{"line":994,"column":73}},"498":{"start":{"line":996,"column":8},"end":{"line":1001,"column":9}},"499":{"start":{"line":997,"column":12},"end":{"line":1000,"column":15}},"500":{"start":{"line":1004,"column":8},"end":{"line":1004,"column":95}},"501":{"start":{"line":1007,"column":8},"end":{"line":1007,"column":121}},"502":{"start":{"line":1008,"column":8},"end":{"line":1008,"column":132}},"503":{"start":{"line":1009,"column":8},"end":{"line":1009,"column":117}},"504":{"start":{"line":1010,"column":8},"end":{"line":1010,"column":122}},"505":{"start":{"line":1011,"column":8},"end":{"line":1011,"column":132}},"506":{"start":{"line":1012,"column":8},"end":{"line":1012,"column":124}},"507":{"start":{"line":1013,"column":8},"end":{"line":1013,"column":126}},"508":{"start":{"line":1014,"column":8},"end":{"line":1014,"column":117}},"509":{"start":{"line":1017,"column":8},"end":{"line":1017,"column":114}},"510":{"start":{"line":1019,"column":8},"end":{"line":1019,"column":92}},"511":{"start":{"line":1020,"column":8},"end":{"line":1020,"column":84}},"512":{"start":{"line":1023,"column":8},"end":{"line":1023,"column":74}},"513":{"start":{"line":1024,"column":8},"end":{"line":1028,"column":11}},"514":{"start":{"line":1034,"column":25},"end":{"line":1039,"column":1}},"515":{"start":{"line":1041,"column":0},"end":{"line":1087,"column":4}},"516":{"start":{"line":1042,"column":4},"end":{"line":1044,"column":5}},"517":{"start":{"line":1043,"column":8},"end":{"line":1043,"column":95}},"518":{"start":{"line":1046,"column":25},"end":{"line":1046,"column":110}},"519":{"start":{"line":1049,"column":4},"end":{"line":1056,"column":5}},"520":{"start":{"line":1050,"column":8},"end":{"line":1052,"column":9}},"521":{"start":{"line":1051,"column":12},"end":{"line":1051,"column":113}},"522":{"start":{"line":1053,"column":8},"end":{"line":1053,"column":33}},"523":{"start":{"line":1055,"column":8},"end":{"line":1055,"column":48}},"524":{"start":{"line":1058,"column":4},"end":{"line":1086,"column":5}},"525":{"start":{"line":1059,"column":22},"end":{"line":1059,"column":24}},"526":{"start":{"line":1060,"column":8},"end":{"line":1080,"column":9}},"527":{"start":{"line":1061,"column":51},"end":{"line":1061,"column":72}},"528":{"start":{"line":1063,"column":12},"end":{"line":1075,"column":15}},"529":{"start":{"line":1077,"column":12},"end":{"line":1077,"column":125}},"530":{"start":{"line":1079,"column":12},"end":{"line":1079,"column":28}},"531":{"start":{"line":1082,"column":8},"end":{"line":1082,"column":50}},"532":{"start":{"line":1084,"column":8},"end":{"line":1084,"column":90}},"533":{"start":{"line":1085,"column":8},"end":{"line":1085,"column":111}},"534":{"start":{"line":1090,"column":0},"end":{"line":1237,"column":4}},"535":{"start":{"line":1091,"column":4},"end":{"line":1091,"column":48}},"536":{"start":{"line":1092,"column":4},"end":{"line":1092,"column":72}},"537":{"start":{"line":1094,"column":47},"end":{"line":1094,"column":55}},"538":{"start":{"line":1096,"column":4},"end":{"line":1096,"column":108}},"539":{"start":{"line":1099,"column":22},"end":{"line":1102,"column":5}},"540":{"start":{"line":1100,"column":8},"end":{"line":1100,"column":28}},"541":{"start":{"line":1100,"column":18},"end":{"line":1100,"column":28}},"542":{"start":{"line":1101,"column":8},"end":{"line":1101,"column":46}},"543":{"start":{"line":1104,"column":4},"end":{"line":1104,"column":67}},"544":{"start":{"line":1105,"column":25},"end":{"line":1105,"column":178}},"545":{"start":{"line":1106,"column":4},"end":{"line":1106,"column":127}},"546":{"start":{"line":1108,"column":4},"end":{"line":1111,"column":5}},"547":{"start":{"line":1109,"column":8},"end":{"line":1109,"column":71}},"548":{"start":{"line":1110,"column":8},"end":{"line":1110,"column":96}},"549":{"start":{"line":1112,"column":4},"end":{"line":1112,"column":79}},"550":{"start":{"line":1113,"column":8},"end":{"line":1113,"column":60}},"551":{"start":{"line":1114,"column":31},"end":{"line":1114,"column":62}},"552":{"start":{"line":1115,"column":8},"end":{"line":1115,"column":80}},"553":{"start":{"line":1116,"column":8},"end":{"line":1116,"column":110}},"554":{"start":{"line":1119,"column":16},"end":{"line":1119,"column":40}},"555":{"start":{"line":1120,"column":27},"end":{"line":1120,"column":34}},"556":{"start":{"line":1121,"column":24},"end":{"line":1121,"column":34}},"557":{"start":{"line":1122,"column":29},"end":{"line":1122,"column":34}},"558":{"start":{"line":1123,"column":33},"end":{"line":1123,"column":34}},"559":{"start":{"line":1124,"column":33},"end":{"line":1124,"column":40}},"560":{"start":{"line":1125,"column":42},"end":{"line":1125,"column":47}},"561":{"start":{"line":1126,"column":40},"end":{"line":1126,"column":47}},"562":{"start":{"line":1127,"column":44},"end":{"line":1127,"column":51}},"563":{"start":{"line":1128,"column":39},"end":{"line":1128,"column":44}},"564":{"start":{"line":1129,"column":43},"end":{"line":1129,"column":44}},"565":{"start":{"line":1130,"column":36},"end":{"line":1130,"column":38}},"566":{"start":{"line":1131,"column":34},"end":{"line":1131,"column":98}},"567":{"start":{"line":1134,"column":16},"end":{"line":1134,"column":29}},"568":{"start":{"line":1135,"column":25},"end":{"line":1135,"column":35}},"569":{"start":{"line":1136,"column":23},"end":{"line":1136,"column":33}},"570":{"start":{"line":1137,"column":4},"end":{"line":1137,"column":59}},"571":{"start":{"line":1138,"column":19},"end":{"line":1138,"column":120}},"572":{"start":{"line":1140,"column":22},"end":{"line":1140,"column":115}},"573":{"start":{"line":1141,"column":30},"end":{"line":1141,"column":60}},"574":{"start":{"line":1143,"column":27},"end":{"line":1143,"column":117}},"575":{"start":{"line":1144,"column":31},"end":{"line":1144,"column":46}},"576":{"start":{"line":1145,"column":28},"end":{"line":1145,"column":33}},"577":{"start":{"line":1147,"column":4},"end":{"line":1236,"column":5}},"578":{"start":{"line":1150,"column":28},"end":{"line":1150,"column":62}},"579":{"start":{"line":1151,"column":27},"end":{"line":1151,"column":41}},"580":{"start":{"line":1152,"column":32},"end":{"line":1152,"column":51}},"581":{"start":{"line":1153,"column":29},"end":{"line":1153,"column":45}},"582":{"start":{"line":1155,"column":8},"end":{"line":1162,"column":11}},"583":{"start":{"line":1165,"column":8},"end":{"line":1168,"column":9}},"584":{"start":{"line":1166,"column":12},"end":{"line":1166,"column":76}},"585":{"start":{"line":1167,"column":12},"end":{"line":1167,"column":118}},"586":{"start":{"line":1170,"column":23},"end":{"line":1170,"column":55}},"587":{"start":{"line":1171,"column":28},"end":{"line":1174,"column":9}},"588":{"start":{"line":1176,"column":8},"end":{"line":1176,"column":130}},"589":{"start":{"line":1178,"column":8},"end":{"line":1178,"column":56}},"590":{"start":{"line":1179,"column":8},"end":{"line":1184,"column":11}},"591":{"start":{"line":1185,"column":8},"end":{"line":1185,"column":58}},"592":{"start":{"line":1186,"column":8},"end":{"line":1186,"column":64}},"593":{"start":{"line":1189,"column":8},"end":{"line":1189,"column":72}},"594":{"start":{"line":1190,"column":27},"end":{"line":1194,"column":10}},"595":{"start":{"line":1195,"column":8},"end":{"line":1195,"column":145}},"596":{"start":{"line":1196,"column":8},"end":{"line":1219,"column":9}},"597":{"start":{"line":1197,"column":31},"end":{"line":1197,"column":64}},"598":{"start":{"line":1198,"column":12},"end":{"line":1206,"column":15}},"599":{"start":{"line":1209,"column":12},"end":{"line":1211,"column":13}},"600":{"start":{"line":1210,"column":16},"end":{"line":1210,"column":160}},"601":{"start":{"line":1212,"column":12},"end":{"line":1218,"column":13}},"602":{"start":{"line":1213,"column":16},"end":{"line":1213,"column":96}},"603":{"start":{"line":1214,"column":16},"end":{"line":1214,"column":99}},"604":{"start":{"line":1215,"column":16},"end":{"line":1215,"column":97}},"605":{"start":{"line":1217,"column":16},"end":{"line":1217,"column":72}},"606":{"start":{"line":1221,"column":8},"end":{"line":1224,"column":9}},"607":{"start":{"line":1222,"column":12},"end":{"line":1222,"column":81}},"608":{"start":{"line":1223,"column":12},"end":{"line":1223,"column":110}},"609":{"start":{"line":1226,"column":8},"end":{"line":1226,"column":69}},"610":{"start":{"line":1227,"column":25},"end":{"line":1227,"column":80}},"611":{"start":{"line":1228,"column":8},"end":{"line":1228,"column":64}},"612":{"start":{"line":1229,"column":8},"end":{"line":1229,"column":39}},"613":{"start":{"line":1230,"column":8},"end":{"line":1230,"column":64}},"614":{"start":{"line":1232,"column":8},"end":{"line":1232,"column":74}},"615":{"start":{"line":1233,"column":8},"end":{"line":1233,"column":56}},"616":{"start":{"line":1234,"column":8},"end":{"line":1234,"column":110}},"617":{"start":{"line":1235,"column":8},"end":{"line":1235,"column":106}},"618":{"start":{"line":1239,"column":0},"end":{"line":1338,"column":4}},"619":{"start":{"line":1240,"column":4},"end":{"line":1240,"column":60}},"620":{"start":{"line":1241,"column":4},"end":{"line":1241,"column":71}},"621":{"start":{"line":1242,"column":4},"end":{"line":1242,"column":58}},"622":{"start":{"line":1243,"column":4},"end":{"line":1243,"column":70}},"623":{"start":{"line":1244,"column":4},"end":{"line":1244,"column":69}},"624":{"start":{"line":1246,"column":28},"end":{"line":1246,"column":36}},"625":{"start":{"line":1249,"column":4},"end":{"line":1251,"column":5}},"626":{"start":{"line":1250,"column":8},"end":{"line":1250,"column":45}},"627":{"start":{"line":1253,"column":4},"end":{"line":1253,"column":118}},"628":{"start":{"line":1254,"column":4},"end":{"line":1254,"column":79}},"629":{"start":{"line":1255,"column":4},"end":{"line":1255,"column":99}},"630":{"start":{"line":1257,"column":4},"end":{"line":1337,"column":5}},"631":{"start":{"line":1259,"column":27},"end":{"line":1259,"column":50}},"632":{"start":{"line":1260,"column":22},"end":{"line":1260,"column":98}},"633":{"start":{"line":1261,"column":8},"end":{"line":1261,"column":53}},"634":{"start":{"line":1262,"column":22},"end":{"line":1262,"column":65}},"635":{"start":{"line":1263,"column":8},"end":{"line":1263,"column":82}},"636":{"start":{"line":1264,"column":8},"end":{"line":1264,"column":92}},"637":{"start":{"line":1265,"column":8},"end":{"line":1267,"column":9}},"638":{"start":{"line":1266,"column":12},"end":{"line":1266,"column":85}},"639":{"start":{"line":1268,"column":21},"end":{"line":1268,"column":64}},"640":{"start":{"line":1270,"column":8},"end":{"line":1270,"column":145}},"641":{"start":{"line":1272,"column":8},"end":{"line":1275,"column":9}},"642":{"start":{"line":1273,"column":12},"end":{"line":1273,"column":69}},"643":{"start":{"line":1274,"column":12},"end":{"line":1274,"column":124}},"644":{"start":{"line":1277,"column":8},"end":{"line":1280,"column":9}},"645":{"start":{"line":1278,"column":12},"end":{"line":1278,"column":65}},"646":{"start":{"line":1279,"column":12},"end":{"line":1279,"column":132}},"647":{"start":{"line":1283,"column":8},"end":{"line":1286,"column":9}},"648":{"start":{"line":1284,"column":12},"end":{"line":1284,"column":111}},"649":{"start":{"line":1285,"column":12},"end":{"line":1285,"column":155}},"650":{"start":{"line":1288,"column":8},"end":{"line":1288,"column":72}},"651":{"start":{"line":1289,"column":8},"end":{"line":1289,"column":88}},"652":{"start":{"line":1290,"column":8},"end":{"line":1290,"column":113}},"653":{"start":{"line":1291,"column":8},"end":{"line":1291,"column":143}},"654":{"start":{"line":1292,"column":24},"end":{"line":1292,"column":74}},"655":{"start":{"line":1293,"column":8},"end":{"line":1293,"column":94}},"656":{"start":{"line":1296,"column":8},"end":{"line":1304,"column":9}},"657":{"start":{"line":1297,"column":12},"end":{"line":1297,"column":78}},"658":{"start":{"line":1299,"column":35},"end":{"line":1299,"column":99}},"659":{"start":{"line":1300,"column":12},"end":{"line":1300,"column":73}},"660":{"start":{"line":1301,"column":12},"end":{"line":1303,"column":13}},"661":{"start":{"line":1302,"column":16},"end":{"line":1302,"column":130}},"662":{"start":{"line":1306,"column":8},"end":{"line":1315,"column":9}},"663":{"start":{"line":1307,"column":12},"end":{"line":1307,"column":70}},"664":{"start":{"line":1308,"column":40},"end":{"line":1308,"column":63}},"665":{"start":{"line":1309,"column":12},"end":{"line":1313,"column":15}},"666":{"start":{"line":1314,"column":12},"end":{"line":1314,"column":129}},"667":{"start":{"line":1317,"column":36},"end":{"line":1317,"column":59}},"668":{"start":{"line":1318,"column":8},"end":{"line":1322,"column":11}},"669":{"start":{"line":1324,"column":22},"end":{"line":1324,"column":118}},"670":{"start":{"line":1325,"column":8},"end":{"line":1325,"column":76}},"671":{"start":{"line":1326,"column":8},"end":{"line":1331,"column":11}},"672":{"start":{"line":1332,"column":8},"end":{"line":1332,"column":111}},"673":{"start":{"line":1334,"column":8},"end":{"line":1334,"column":73}},"674":{"start":{"line":1335,"column":8},"end":{"line":1335,"column":47}},"675":{"start":{"line":1336,"column":8},"end":{"line":1336,"column":118}},"676":{"start":{"line":1340,"column":0},"end":{"line":1343,"column":3}},"677":{"start":{"line":1341,"column":4},"end":{"line":1341,"column":113}},"678":{"start":{"line":1342,"column":4},"end":{"line":1342,"column":74}},"679":{"start":{"line":1345,"column":0},"end":{"line":1361,"column":4}},"680":{"start":{"line":1346,"column":20},"end":{"line":1346,"column":28}},"681":{"start":{"line":1347,"column":20},"end":{"line":1347,"column":67}},"682":{"start":{"line":1348,"column":18},"end":{"line":1348,"column":131}},"683":{"start":{"line":1349,"column":4},"end":{"line":1360,"column":5}},"684":{"start":{"line":1350,"column":20},"end":{"line":1350,"column":63}},"685":{"start":{"line":1351,"column":8},"end":{"line":1351,"column":93}},"686":{"start":{"line":1352,"column":8},"end":{"line":1352,"column":183}},"687":{"start":{"line":1353,"column":8},"end":{"line":1357,"column":11}},"688":{"start":{"line":1359,"column":8},"end":{"line":1359,"column":84}},"689":{"start":{"line":1363,"column":0},"end":{"line":1390,"column":4}},"690":{"start":{"line":1364,"column":40},"end":{"line":1364,"column":48}},"691":{"start":{"line":1365,"column":20},"end":{"line":1365,"column":67}},"692":{"start":{"line":1367,"column":17},"end":{"line":1369,"column":6}},"693":{"start":{"line":1370,"column":4},"end":{"line":1372,"column":5}},"694":{"start":{"line":1371,"column":8},"end":{"line":1371,"column":91}},"695":{"start":{"line":1373,"column":17},"end":{"line":1373,"column":24}},"696":{"start":{"line":1374,"column":19},"end":{"line":1374,"column":47}},"697":{"start":{"line":1375,"column":4},"end":{"line":1377,"column":5}},"698":{"start":{"line":1376,"column":8},"end":{"line":1376,"column":96}},"699":{"start":{"line":1378,"column":4},"end":{"line":1378,"column":36}},"700":{"start":{"line":1379,"column":4},"end":{"line":1381,"column":5}},"701":{"start":{"line":1380,"column":8},"end":{"line":1380,"column":99}},"702":{"start":{"line":1382,"column":17},"end":{"line":1382,"column":51}},"703":{"start":{"line":1383,"column":24},"end":{"line":1383,"column":48}},"704":{"start":{"line":1384,"column":4},"end":{"line":1388,"column":7}},"705":{"start":{"line":1389,"column":4},"end":{"line":1389,"column":74}},"706":{"start":{"line":1393,"column":0},"end":{"line":1438,"column":4}},"707":{"start":{"line":1394,"column":17},"end":{"line":1394,"column":56}},"708":{"start":{"line":1395,"column":4},"end":{"line":1395,"column":98}},"709":{"start":{"line":1395,"column":15},"end":{"line":1395,"column":98}},"710":{"start":{"line":1396,"column":4},"end":{"line":1396,"column":30}},"711":{"start":{"line":1397,"column":23},"end":{"line":1397,"column":42}},"712":{"start":{"line":1398,"column":16},"end":{"line":1398,"column":28}},"713":{"start":{"line":1399,"column":4},"end":{"line":1399,"column":52}},"714":{"start":{"line":1402,"column":4},"end":{"line":1435,"column":5}},"715":{"start":{"line":1403,"column":31},"end":{"line":1405,"column":9}},"716":{"start":{"line":1406,"column":27},"end":{"line":1406,"column":117}},"717":{"start":{"line":1407,"column":22},"end":{"line":1407,"column":53}},"718":{"start":{"line":1409,"column":31},"end":{"line":1413,"column":10}},"719":{"start":{"line":1414,"column":19},"end":{"line":1414,"column":42}},"720":{"start":{"line":1416,"column":27},"end":{"line":1420,"column":10}},"721":{"start":{"line":1421,"column":31},"end":{"line":1421,"column":87}},"722":{"start":{"line":1421,"column":59},"end":{"line":1421,"column":83}},"723":{"start":{"line":1423,"column":8},"end":{"line":1429,"column":10}},"724":{"start":{"line":1431,"column":8},"end":{"line":1431,"column":49}},"725":{"start":{"line":1432,"column":8},"end":{"line":1432,"column":38}},"726":{"start":{"line":1433,"column":8},"end":{"line":1433,"column":38}},"727":{"start":{"line":1434,"column":8},"end":{"line":1434,"column":41}},"728":{"start":{"line":1437,"column":4},"end":{"line":1437,"column":50}},"729":{"start":{"line":1440,"column":0},"end":{"line":1490,"column":4}},"730":{"start":{"line":1441,"column":20},"end":{"line":1441,"column":30}},"731":{"start":{"line":1442,"column":4},"end":{"line":1444,"column":5}},"732":{"start":{"line":1443,"column":8},"end":{"line":1443,"column":83}},"733":{"start":{"line":1445,"column":17},"end":{"line":1445,"column":47}},"734":{"start":{"line":1446,"column":4},"end":{"line":1446,"column":98}},"735":{"start":{"line":1446,"column":15},"end":{"line":1446,"column":98}},"736":{"start":{"line":1447,"column":4},"end":{"line":1447,"column":48}},"737":{"start":{"line":1448,"column":23},"end":{"line":1448,"column":42}},"738":{"start":{"line":1449,"column":4},"end":{"line":1449,"column":52}},"739":{"start":{"line":1452,"column":4},"end":{"line":1487,"column":5}},"740":{"start":{"line":1453,"column":31},"end":{"line":1455,"column":9}},"741":{"start":{"line":1456,"column":27},"end":{"line":1456,"column":117}},"742":{"start":{"line":1457,"column":22},"end":{"line":1457,"column":53}},"743":{"start":{"line":1459,"column":31},"end":{"line":1463,"column":10}},"744":{"start":{"line":1464,"column":19},"end":{"line":1464,"column":42}},"745":{"start":{"line":1466,"column":27},"end":{"line":1470,"column":10}},"746":{"start":{"line":1471,"column":31},"end":{"line":1471,"column":87}},"747":{"start":{"line":1471,"column":59},"end":{"line":1471,"column":83}},"748":{"start":{"line":1473,"column":8},"end":{"line":1473,"column":70}},"749":{"start":{"line":1474,"column":8},"end":{"line":1474,"column":65}},"750":{"start":{"line":1475,"column":8},"end":{"line":1475,"column":75}},"751":{"start":{"line":1476,"column":8},"end":{"line":1481,"column":10}},"752":{"start":{"line":1483,"column":8},"end":{"line":1483,"column":49}},"753":{"start":{"line":1484,"column":8},"end":{"line":1484,"column":38}},"754":{"start":{"line":1485,"column":8},"end":{"line":1485,"column":38}},"755":{"start":{"line":1486,"column":8},"end":{"line":1486,"column":41}},"756":{"start":{"line":1489,"column":4},"end":{"line":1489,"column":50}},"757":{"start":{"line":1492,"column":0},"end":{"line":1508,"column":4}},"758":{"start":{"line":1493,"column":4},"end":{"line":1495,"column":5}},"759":{"start":{"line":1494,"column":8},"end":{"line":1494,"column":83}},"760":{"start":{"line":1496,"column":18},"end":{"line":1496,"column":136}},"761":{"start":{"line":1497,"column":4},"end":{"line":1497,"column":111}},"762":{"start":{"line":1497,"column":28},"end":{"line":1497,"column":111}},"763":{"start":{"line":1499,"column":17},"end":{"line":1499,"column":25}},"764":{"start":{"line":1500,"column":25},"end":{"line":1500,"column":169}},"765":{"start":{"line":1501,"column":21},"end":{"line":1501,"column":221}},"766":{"start":{"line":1503,"column":21},"end":{"line":1503,"column":40}},"767":{"start":{"line":1504,"column":4},"end":{"line":1504,"column":67}},"768":{"start":{"line":1505,"column":4},"end":{"line":1505,"column":58}},"769":{"start":{"line":1507,"column":4},"end":{"line":1507,"column":23}},"770":{"start":{"line":1510,"column":0},"end":{"line":1518,"column":4}},"771":{"start":{"line":1511,"column":4},"end":{"line":1513,"column":5}},"772":{"start":{"line":1512,"column":8},"end":{"line":1512,"column":83}},"773":{"start":{"line":1514,"column":25},"end":{"line":1514,"column":33}},"774":{"start":{"line":1515,"column":16},"end":{"line":1515,"column":40}},"775":{"start":{"line":1516,"column":4},"end":{"line":1516,"column":173}},"776":{"start":{"line":1517,"column":4},"end":{"line":1517,"column":89}},"777":{"start":{"line":1520,"column":0},"end":{"line":1528,"column":4}},"778":{"start":{"line":1521,"column":18},"end":{"line":1521,"column":56}},"779":{"start":{"line":1522,"column":19},"end":{"line":1525,"column":6}},"780":{"start":{"line":1526,"column":18},"end":{"line":1526,"column":78}},"781":{"start":{"line":1527,"column":4},"end":{"line":1527,"column":51}},"782":{"start":{"line":1531,"column":0},"end":{"line":1540,"column":4}},"783":{"start":{"line":1532,"column":4},"end":{"line":1534,"column":5}},"784":{"start":{"line":1533,"column":8},"end":{"line":1533,"column":83}},"785":{"start":{"line":1536,"column":18},"end":{"line":1536,"column":142}},"786":{"start":{"line":1537,"column":4},"end":{"line":1537,"column":111}},"787":{"start":{"line":1537,"column":28},"end":{"line":1537,"column":111}},"788":{"start":{"line":1539,"column":4},"end":{"line":1539,"column":76}},"789":{"start":{"line":1542,"column":0},"end":{"line":1641,"column":4}},"790":{"start":{"line":1543,"column":4},"end":{"line":1545,"column":5}},"791":{"start":{"line":1544,"column":8},"end":{"line":1544,"column":83}},"792":{"start":{"line":1547,"column":4},"end":{"line":1640,"column":5}},"793":{"start":{"line":1548,"column":24},"end":{"line":1548,"column":57}},"794":{"start":{"line":1549,"column":20},"end":{"line":1549,"column":34}},"795":{"start":{"line":1552,"column":21},"end":{"line":1552,"column":56}},"796":{"start":{"line":1553,"column":22},"end":{"line":1553,"column":59}},"797":{"start":{"line":1554,"column":23},"end":{"line":1554,"column":41}},"798":{"start":{"line":1555,"column":27},"end":{"line":1555,"column":41}},"799":{"start":{"line":1558,"column":27},"end":{"line":1558,"column":29}},"800":{"start":{"line":1559,"column":8},"end":{"line":1608,"column":9}},"801":{"start":{"line":1561,"column":12},"end":{"line":1567,"column":14}},"802":{"start":{"line":1568,"column":15},"end":{"line":1608,"column":9}},"803":{"start":{"line":1570,"column":12},"end":{"line":1574,"column":14}},"804":{"start":{"line":1575,"column":15},"end":{"line":1608,"column":9}},"805":{"start":{"line":1577,"column":12},"end":{"line":1581,"column":14}},"806":{"start":{"line":1582,"column":15},"end":{"line":1608,"column":9}},"807":{"start":{"line":1584,"column":12},"end":{"line":1590,"column":14}},"808":{"start":{"line":1593,"column":12},"end":{"line":1607,"column":14}},"809":{"start":{"line":1610,"column":26},"end":{"line":1610,"column":65}},"810":{"start":{"line":1610,"column":48},"end":{"line":1610,"column":54}},"811":{"start":{"line":1613,"column":27},"end":{"line":1613,"column":149}},"812":{"start":{"line":1614,"column":28},"end":{"line":1614,"column":76}},"813":{"start":{"line":1615,"column":22},"end":{"line":1615,"column":62}},"814":{"start":{"line":1616,"column":27},"end":{"line":1616,"column":51}},"815":{"start":{"line":1619,"column":22},"end":{"line":1619,"column":179}},"816":{"start":{"line":1621,"column":29},"end":{"line":1621,"column":72}},"817":{"start":{"line":1622,"column":27},"end":{"line":1622,"column":91}},"818":{"start":{"line":1622,"column":79},"end":{"line":1622,"column":90}},"819":{"start":{"line":1624,"column":8},"end":{"line":1635,"column":11}},"820":{"start":{"line":1637,"column":8},"end":{"line":1637,"column":89}},"821":{"start":{"line":1638,"column":8},"end":{"line":1638,"column":35}},"822":{"start":{"line":1639,"column":8},"end":{"line":1639,"column":20}},"823":{"start":{"line":1643,"column":0},"end":{"line":1666,"column":4}},"824":{"start":{"line":1644,"column":20},"end":{"line":1644,"column":30}},"825":{"start":{"line":1645,"column":73},"end":{"line":1645,"column":87}},"826":{"start":{"line":1647,"column":4},"end":{"line":1649,"column":5}},"827":{"start":{"line":1648,"column":8},"end":{"line":1648,"column":83}},"828":{"start":{"line":1651,"column":19},"end":{"line":1651,"column":21}},"829":{"start":{"line":1652,"column":4},"end":{"line":1652,"column":99}},"830":{"start":{"line":1652,"column":38},"end":{"line":1652,"column":99}},"831":{"start":{"line":1653,"column":4},"end":{"line":1653,"column":98}},"832":{"start":{"line":1653,"column":38},"end":{"line":1653,"column":98}},"833":{"start":{"line":1654,"column":4},"end":{"line":1654,"column":129}},"834":{"start":{"line":1654,"column":48},"end":{"line":1654,"column":129}},"835":{"start":{"line":1655,"column":4},"end":{"line":1655,"column":103}},"836":{"start":{"line":1655,"column":47},"end":{"line":1655,"column":103}},"837":{"start":{"line":1657,"column":4},"end":{"line":1657,"column":120}},"838":{"start":{"line":1657,"column":24},"end":{"line":1657,"column":120}},"839":{"start":{"line":1659,"column":4},"end":{"line":1663,"column":7}},"840":{"start":{"line":1664,"column":19},"end":{"line":1664,"column":124}},"841":{"start":{"line":1665,"column":4},"end":{"line":1665,"column":66}},"842":{"start":{"line":1669,"column":0},"end":{"line":1675,"column":4}},"843":{"start":{"line":1670,"column":4},"end":{"line":1672,"column":5}},"844":{"start":{"line":1671,"column":8},"end":{"line":1671,"column":83}},"845":{"start":{"line":1673,"column":17},"end":{"line":1673,"column":66}},"846":{"start":{"line":1674,"column":4},"end":{"line":1674,"column":53}},"847":{"start":{"line":1677,"column":0},"end":{"line":1684,"column":4}},"848":{"start":{"line":1678,"column":4},"end":{"line":1680,"column":5}},"849":{"start":{"line":1679,"column":8},"end":{"line":1679,"column":83}},"850":{"start":{"line":1681,"column":15},"end":{"line":1681,"column":78}},"851":{"start":{"line":1682,"column":4},"end":{"line":1682,"column":111}},"852":{"start":{"line":1682,"column":13},"end":{"line":1682,"column":111}},"853":{"start":{"line":1683,"column":4},"end":{"line":1683,"column":74}},"854":{"start":{"line":1687,"column":0},"end":{"line":1720,"column":4}},"855":{"start":{"line":1688,"column":20},"end":{"line":1688,"column":31}},"856":{"start":{"line":1689,"column":19},"end":{"line":1689,"column":75}},"857":{"start":{"line":1691,"column":17},"end":{"line":1699,"column":6}},"858":{"start":{"line":1701,"column":17},"end":{"line":1709,"column":7}},"859":{"start":{"line":1701,"column":40},"end":{"line":1709,"column":5}},"860":{"start":{"line":1711,"column":4},"end":{"line":1719,"column":7}},"861":{"start":{"line":1723,"column":0},"end":{"line":1770,"column":4}},"862":{"start":{"line":1724,"column":20},"end":{"line":1724,"column":31}},"863":{"start":{"line":1725,"column":19},"end":{"line":1725,"column":75}},"864":{"start":{"line":1727,"column":17},"end":{"line":1739,"column":6}},"865":{"start":{"line":1742,"column":21},"end":{"line":1742,"column":30}},"866":{"start":{"line":1743,"column":17},"end":{"line":1759,"column":7}},"867":{"start":{"line":1744,"column":8},"end":{"line":1744,"column":46}},"868":{"start":{"line":1744,"column":33},"end":{"line":1744,"column":46}},"869":{"start":{"line":1745,"column":8},"end":{"line":1745,"column":28}},"870":{"start":{"line":1746,"column":8},"end":{"line":1746,"column":20}},"871":{"start":{"line":1747,"column":17},"end":{"line":1759,"column":5}},"872":{"start":{"line":1761,"column":4},"end":{"line":1769,"column":7}},"873":{"start":{"line":1773,"column":0},"end":{"line":1820,"column":4}},"874":{"start":{"line":1775,"column":26},"end":{"line":1775,"column":86}},"875":{"start":{"line":1777,"column":17},"end":{"line":1785,"column":22}},"876":{"start":{"line":1785,"column":19},"end":{"line":1785,"column":21}},"877":{"start":{"line":1789,"column":19},"end":{"line":1789,"column":28}},"878":{"start":{"line":1790,"column":4},"end":{"line":1799,"column":5}},"879":{"start":{"line":1791,"column":8},"end":{"line":1791,"column":40}},"880":{"start":{"line":1791,"column":31},"end":{"line":1791,"column":40}},"881":{"start":{"line":1792,"column":18},"end":{"line":1792,"column":98}},"882":{"start":{"line":1793,"column":8},"end":{"line":1793,"column":41}},"883":{"start":{"line":1793,"column":32},"end":{"line":1793,"column":41}},"884":{"start":{"line":1794,"column":20},"end":{"line":1794,"column":48}},"885":{"start":{"line":1795,"column":8},"end":{"line":1795,"column":76}},"886":{"start":{"line":1795,"column":30},"end":{"line":1795,"column":76}},"887":{"start":{"line":1796,"column":22},"end":{"line":1796,"column":37}},"888":{"start":{"line":1797,"column":8},"end":{"line":1797,"column":22}},"889":{"start":{"line":1798,"column":8},"end":{"line":1798,"column":76}},"890":{"start":{"line":1802,"column":21},"end":{"line":1802,"column":23}},"891":{"start":{"line":1803,"column":4},"end":{"line":1813,"column":5}},"892":{"start":{"line":1803,"column":17},"end":{"line":1803,"column":18}},"893":{"start":{"line":1804,"column":18},"end":{"line":1804,"column":64}},"894":{"start":{"line":1805,"column":23},"end":{"line":1805,"column":51}},"895":{"start":{"line":1806,"column":21},"end":{"line":1806,"column":39}},"896":{"start":{"line":1807,"column":8},"end":{"line":1812,"column":11}},"897":{"start":{"line":1815,"column":4},"end":{"line":1819,"column":7}},"898":{"start":{"line":1823,"column":0},"end":{"line":1826,"column":4}},"899":{"start":{"line":1824,"column":18},"end":{"line":1824,"column":47}},"900":{"start":{"line":1825,"column":4},"end":{"line":1825,"column":20}},"901":{"start":{"line":1828,"column":0},"end":{"line":2264,"column":4}},"902":{"start":{"line":1829,"column":4},"end":{"line":1829,"column":60}},"903":{"start":{"line":1830,"column":4},"end":{"line":1830,"column":79}},"904":{"start":{"line":1831,"column":4},"end":{"line":1831,"column":63}},"905":{"start":{"line":1833,"column":92},"end":{"line":1833,"column":106}},"906":{"start":{"line":1835,"column":4},"end":{"line":1837,"column":5}},"907":{"start":{"line":1836,"column":8},"end":{"line":1836,"column":86}},"908":{"start":{"line":1839,"column":4},"end":{"line":1853,"column":5}},"909":{"start":{"line":1840,"column":23},"end":{"line":1840,"column":171}},"910":{"start":{"line":1841,"column":8},"end":{"line":1843,"column":9}},"911":{"start":{"line":1842,"column":12},"end":{"line":1842,"column":102}},"912":{"start":{"line":1844,"column":8},"end":{"line":1846,"column":9}},"913":{"start":{"line":1845,"column":12},"end":{"line":1845,"column":104}},"914":{"start":{"line":1847,"column":8},"end":{"line":1849,"column":9}},"915":{"start":{"line":1848,"column":12},"end":{"line":1848,"column":102}},"916":{"start":{"line":1850,"column":8},"end":{"line":1852,"column":9}},"917":{"start":{"line":1851,"column":12},"end":{"line":1851,"column":87}},"918":{"start":{"line":1855,"column":20},"end":{"line":1855,"column":49}},"919":{"start":{"line":1856,"column":4},"end":{"line":1856,"column":86}},"920":{"start":{"line":1857,"column":4},"end":{"line":1857,"column":79}},"921":{"start":{"line":1857,"column":72},"end":{"line":1857,"column":76}},"922":{"start":{"line":1859,"column":19},"end":{"line":1859,"column":61}},"923":{"start":{"line":1859,"column":44},"end":{"line":1859,"column":59}},"924":{"start":{"line":1860,"column":24},"end":{"line":1860,"column":60}},"925":{"start":{"line":1860,"column":49},"end":{"line":1860,"column":58}},"926":{"start":{"line":1862,"column":16},"end":{"line":1862,"column":17}},"927":{"start":{"line":1863,"column":4},"end":{"line":1901,"column":5}},"928":{"start":{"line":1864,"column":8},"end":{"line":1872,"column":11}},"929":{"start":{"line":1874,"column":8},"end":{"line":1881,"column":9}},"930":{"start":{"line":1875,"column":12},"end":{"line":1875,"column":95}},"931":{"start":{"line":1876,"column":12},"end":{"line":1876,"column":89}},"932":{"start":{"line":1877,"column":12},"end":{"line":1880,"column":15}},"933":{"start":{"line":1884,"column":25},"end":{"line":1884,"column":106}},"934":{"start":{"line":1886,"column":8},"end":{"line":1896,"column":9}},"935":{"start":{"line":1887,"column":12},"end":{"line":1891,"column":15}},"936":{"start":{"line":1892,"column":12},"end":{"line":1895,"column":15}},"937":{"start":{"line":1899,"column":8},"end":{"line":1899,"column":31}},"938":{"start":{"line":1900,"column":8},"end":{"line":1900,"column":53}},"939":{"start":{"line":1903,"column":4},"end":{"line":1903,"column":77}},"940":{"start":{"line":1906,"column":23},"end":{"line":1906,"column":63}},"941":{"start":{"line":1907,"column":19},"end":{"line":1907,"column":49}},"942":{"start":{"line":1910,"column":21},"end":{"line":1910,"column":102}},"943":{"start":{"line":1911,"column":21},"end":{"line":1911,"column":37}},"944":{"start":{"line":1914,"column":30},"end":{"line":1914,"column":39}},"945":{"start":{"line":1916,"column":4},"end":{"line":2199,"column":5}},"946":{"start":{"line":1917,"column":24},"end":{"line":1917,"column":57}},"947":{"start":{"line":1918,"column":21},"end":{"line":1918,"column":60}},"948":{"start":{"line":1919,"column":24},"end":{"line":1919,"column":53}},"949":{"start":{"line":1920,"column":8},"end":{"line":1920,"column":111}},"950":{"start":{"line":1920,"column":32},"end":{"line":1920,"column":111}},"951":{"start":{"line":1921,"column":8},"end":{"line":1921,"column":85}},"952":{"start":{"line":1925,"column":8},"end":{"line":1934,"column":9}},"953":{"start":{"line":1926,"column":23},"end":{"line":1926,"column":58}},"954":{"start":{"line":1927,"column":12},"end":{"line":1927,"column":77}},"955":{"start":{"line":1928,"column":15},"end":{"line":1934,"column":9}},"956":{"start":{"line":1929,"column":23},"end":{"line":1929,"column":58}},"957":{"start":{"line":1930,"column":29},"end":{"line":1930,"column":63}},"958":{"start":{"line":1931,"column":12},"end":{"line":1931,"column":70}},"959":{"start":{"line":1933,"column":12},"end":{"line":1933,"column":49}},"960":{"start":{"line":1936,"column":21},"end":{"line":1936,"column":53}},"961":{"start":{"line":1937,"column":20},"end":{"line":1937,"column":44}},"962":{"start":{"line":1939,"column":8},"end":{"line":1942,"column":11}},"963":{"start":{"line":1944,"column":8},"end":{"line":1950,"column":9}},"964":{"start":{"line":1945,"column":33},"end":{"line":1945,"column":65}},"965":{"start":{"line":1946,"column":12},"end":{"line":1949,"column":15}},"966":{"start":{"line":1953,"column":8},"end":{"line":1962,"column":9}},"967":{"start":{"line":1954,"column":22},"end":{"line":1954,"column":51}},"968":{"start":{"line":1955,"column":30},"end":{"line":1955,"column":59}},"969":{"start":{"line":1956,"column":31},"end":{"line":1956,"column":65}},"970":{"start":{"line":1957,"column":12},"end":{"line":1961,"column":15}},"971":{"start":{"line":1965,"column":8},"end":{"line":1968,"column":11}},"972":{"start":{"line":1971,"column":34},"end":{"line":1980,"column":10}},"973":{"start":{"line":1972,"column":22},"end":{"line":1972,"column":51}},"974":{"start":{"line":1973,"column":12},"end":{"line":1979,"column":14}},"975":{"start":{"line":1983,"column":8},"end":{"line":2001,"column":11}},"976":{"start":{"line":2002,"column":8},"end":{"line":2002,"column":15}},"977":{"start":{"line":2003,"column":11},"end":{"line":2199,"column":5}},"978":{"start":{"line":2004,"column":8},"end":{"line":2006,"column":9}},"979":{"start":{"line":2005,"column":12},"end":{"line":2005,"column":92}},"980":{"start":{"line":2007,"column":20},"end":{"line":2007,"column":32}},"981":{"start":{"line":2009,"column":19},"end":{"line":2009,"column":20}},"982":{"start":{"line":2010,"column":8},"end":{"line":2015,"column":9}},"983":{"start":{"line":2011,"column":12},"end":{"line":2013,"column":13}},"984":{"start":{"line":2012,"column":16},"end":{"line":2012,"column":140}},"985":{"start":{"line":2014,"column":12},"end":{"line":2014,"column":32}},"986":{"start":{"line":2017,"column":21},"end":{"line":2017,"column":60}},"987":{"start":{"line":2018,"column":8},"end":{"line":2018,"column":102}},"988":{"start":{"line":2018,"column":19},"end":{"line":2018,"column":102}},"989":{"start":{"line":2019,"column":8},"end":{"line":2019,"column":119}},"990":{"start":{"line":2019,"column":41},"end":{"line":2019,"column":119}},"991":{"start":{"line":2022,"column":27},"end":{"line":2022,"column":72}},"992":{"start":{"line":2025,"column":8},"end":{"line":2027,"column":9}},"993":{"start":{"line":2026,"column":12},"end":{"line":2026,"column":149}},"994":{"start":{"line":2030,"column":29},"end":{"line":2030,"column":73}},"995":{"start":{"line":2034,"column":8},"end":{"line":2045,"column":9}},"996":{"start":{"line":2036,"column":12},"end":{"line":2036,"column":40}},"997":{"start":{"line":2037,"column":28},"end":{"line":2037,"column":61}},"998":{"start":{"line":2038,"column":12},"end":{"line":2042,"column":15}},"999":{"start":{"line":2044,"column":12},"end":{"line":2044,"column":58}},"1000":{"start":{"line":2048,"column":8},"end":{"line":2056,"column":9}},"1001":{"start":{"line":2049,"column":12},"end":{"line":2049,"column":40}},"1002":{"start":{"line":2050,"column":28},"end":{"line":2050,"column":61}},"1003":{"start":{"line":2051,"column":12},"end":{"line":2055,"column":15}},"1004":{"start":{"line":2058,"column":36},"end":{"line":2058,"column":50}},"1005":{"start":{"line":2061,"column":29},"end":{"line":2061,"column":63}},"1006":{"start":{"line":2063,"column":31},"end":{"line":2063,"column":86}},"1007":{"start":{"line":2068,"column":30},"end":{"line":2068,"column":71}},"1008":{"start":{"line":2071,"column":8},"end":{"line":2071,"column":278}},"1009":{"start":{"line":2074,"column":8},"end":{"line":2079,"column":9}},"1010":{"start":{"line":2075,"column":12},"end":{"line":2078,"column":15}},"1011":{"start":{"line":2083,"column":34},"end":{"line":2083,"column":69}},"1012":{"start":{"line":2084,"column":24},"end":{"line":2084,"column":57}},"1013":{"start":{"line":2085,"column":8},"end":{"line":2089,"column":11}},"1014":{"start":{"line":2091,"column":23},"end":{"line":2091,"column":44}},"1015":{"start":{"line":2095,"column":8},"end":{"line":2104,"column":9}},"1016":{"start":{"line":2096,"column":23},"end":{"line":2096,"column":58}},"1017":{"start":{"line":2097,"column":12},"end":{"line":2097,"column":68}},"1018":{"start":{"line":2098,"column":15},"end":{"line":2104,"column":9}},"1019":{"start":{"line":2099,"column":23},"end":{"line":2099,"column":58}},"1020":{"start":{"line":2100,"column":29},"end":{"line":2100,"column":63}},"1021":{"start":{"line":2101,"column":12},"end":{"line":2101,"column":70}},"1022":{"start":{"line":2103,"column":12},"end":{"line":2103,"column":40}},"1023":{"start":{"line":2105,"column":32},"end":{"line":2105,"column":63}},"1024":{"start":{"line":2107,"column":21},"end":{"line":2107,"column":53}},"1025":{"start":{"line":2108,"column":8},"end":{"line":2108,"column":35}},"1026":{"start":{"line":2109,"column":8},"end":{"line":2113,"column":11}},"1027":{"start":{"line":2116,"column":8},"end":{"line":2196,"column":9}},"1028":{"start":{"line":2117,"column":24},"end":{"line":2117,"column":34}},"1029":{"start":{"line":2120,"column":29},"end":{"line":2122,"column":13}},"1030":{"start":{"line":2123,"column":25},"end":{"line":2123,"column":42}},"1031":{"start":{"line":2124,"column":32},"end":{"line":2124,"column":124}},"1032":{"start":{"line":2127,"column":29},"end":{"line":2127,"column":50}},"1033":{"start":{"line":2128,"column":12},"end":{"line":2128,"column":53}},"1034":{"start":{"line":2129,"column":12},"end":{"line":2129,"column":50}},"1035":{"start":{"line":2131,"column":28},"end":{"line":2131,"column":48}},"1036":{"start":{"line":2134,"column":32},"end":{"line":2134,"column":64}},"1037":{"start":{"line":2135,"column":12},"end":{"line":2139,"column":15}},"1038":{"start":{"line":2142,"column":37},"end":{"line":2142,"column":74}},"1039":{"start":{"line":2143,"column":32},"end":{"line":2143,"column":50}},"1040":{"start":{"line":2144,"column":12},"end":{"line":2144,"column":64}},"1041":{"start":{"line":2146,"column":27},"end":{"line":2146,"column":59}},"1042":{"start":{"line":2147,"column":28},"end":{"line":2147,"column":61}},"1043":{"start":{"line":2148,"column":28},"end":{"line":2148,"column":49}},"1044":{"start":{"line":2151,"column":35},"end":{"line":2151,"column":40}},"1045":{"start":{"line":2152,"column":38},"end":{"line":2152,"column":52}},"1046":{"start":{"line":2155,"column":12},"end":{"line":2186,"column":13}},"1047":{"start":{"line":2156,"column":36},"end":{"line":2162,"column":18}},"1048":{"start":{"line":2163,"column":40},"end":{"line":2163,"column":75}},"1049":{"start":{"line":2163,"column":61},"end":{"line":2163,"column":74}},"1050":{"start":{"line":2164,"column":16},"end":{"line":2164,"column":109}},"1051":{"start":{"line":2166,"column":16},"end":{"line":2183,"column":17}},"1052":{"start":{"line":2167,"column":20},"end":{"line":2167,"column":94}},"1053":{"start":{"line":2169,"column":20},"end":{"line":2175,"column":21}},"1054":{"start":{"line":2170,"column":24},"end":{"line":2173,"column":27}},"1055":{"start":{"line":2174,"column":24},"end":{"line":2174,"column":92}},"1056":{"start":{"line":2176,"column":20},"end":{"line":2182,"column":21}},"1057":{"start":{"line":2177,"column":24},"end":{"line":2180,"column":27}},"1058":{"start":{"line":2181,"column":24},"end":{"line":2181,"column":96}},"1059":{"start":{"line":2185,"column":16},"end":{"line":2185,"column":124}},"1060":{"start":{"line":2189,"column":12},"end":{"line":2189,"column":81}},"1061":{"start":{"line":2190,"column":12},"end":{"line":2194,"column":15}},"1062":{"start":{"line":2195,"column":12},"end":{"line":2195,"column":89}},"1063":{"start":{"line":2198,"column":8},"end":{"line":2198,"column":98}},"1064":{"start":{"line":2202,"column":4},"end":{"line":2211,"column":5}},"1065":{"start":{"line":2203,"column":18},"end":{"line":2203,"column":47}},"1066":{"start":{"line":2204,"column":26},"end":{"line":2204,"column":55}},"1067":{"start":{"line":2205,"column":27},"end":{"line":2205,"column":61}},"1068":{"start":{"line":2206,"column":8},"end":{"line":2210,"column":11}},"1069":{"start":{"line":2213,"column":4},"end":{"line":2216,"column":7}},"1070":{"start":{"line":2219,"column":30},"end":{"line":2228,"column":6}},"1071":{"start":{"line":2220,"column":18},"end":{"line":2220,"column":47}},"1072":{"start":{"line":2221,"column":8},"end":{"line":2227,"column":10}},"1073":{"start":{"line":2232,"column":4},"end":{"line":2236,"column":5}},"1074":{"start":{"line":2233,"column":8},"end":{"line":2233,"column":56}},"1075":{"start":{"line":2235,"column":8},"end":{"line":2235,"column":113}},"1076":{"start":{"line":2240,"column":4},"end":{"line":2249,"column":5}},"1077":{"start":{"line":2242,"column":20},"end":{"line":2242,"column":32}},"1078":{"start":{"line":2243,"column":21},"end":{"line":2243,"column":56}},"1079":{"start":{"line":2244,"column":31},"end":{"line":2244,"column":86}},"1080":{"start":{"line":2245,"column":29},"end":{"line":2245,"column":63}},"1081":{"start":{"line":2246,"column":8},"end":{"line":2246,"column":69}},"1082":{"start":{"line":2248,"column":8},"end":{"line":2248,"column":36}},"1083":{"start":{"line":2251,"column":4},"end":{"line":2263,"column":7}},"1084":{"start":{"line":2269,"column":0},"end":{"line":2281,"column":4}},"1085":{"start":{"line":2270,"column":4},"end":{"line":2270,"column":116}},"1086":{"start":{"line":2270,"column":41},"end":{"line":2270,"column":116}},"1087":{"start":{"line":2271,"column":17},"end":{"line":2271,"column":59}},"1088":{"start":{"line":2274,"column":21},"end":{"line":2277,"column":7}},"1089":{"start":{"line":2274,"column":42},"end":{"line":2277,"column":5}},"1090":{"start":{"line":2279,"column":4},"end":{"line":2279,"column":39}},"1091":{"start":{"line":2280,"column":4},"end":{"line":2280,"column":42}},"1092":{"start":{"line":2283,"column":0},"end":{"line":2290,"column":4}},"1093":{"start":{"line":2284,"column":4},"end":{"line":2284,"column":116}},"1094":{"start":{"line":2284,"column":41},"end":{"line":2284,"column":116}},"1095":{"start":{"line":2285,"column":40},"end":{"line":2285,"column":54}},"1096":{"start":{"line":2286,"column":4},"end":{"line":2286,"column":115}},"1097":{"start":{"line":2286,"column":37},"end":{"line":2286,"column":115}},"1098":{"start":{"line":2287,"column":4},"end":{"line":2287,"column":91}},"1099":{"start":{"line":2288,"column":4},"end":{"line":2288,"column":45}},"1100":{"start":{"line":2289,"column":4},"end":{"line":2289,"column":75}},"1101":{"start":{"lin
[...]
pr","locations":[{"start":{"line":565,"column":41},"end":{"line":565,"column":58}},{"start":{"line":565,"column":62},"end":{"line":565,"column":63}}],"line":565},"70":{"loc":{"start":{"line":566,"column":37},"end":{"line":568,"column":73}},"type":"binary-expr","locations":[{"start":{"line":566,"column":37},"end":{"line":568,"column":17}},{"start":{"line":568,"column":21},"end":{"line":568,"column":73}}],"line":566},"71":{"loc":{"start":{"line":571,"column":12},"end":{"line":580,"column":13}},"type":"if","locations":[{"start":{"line":571,"column":12},"end":{"line":580,"column":13}},{"start":{},"end":{}}],"line":571},"72":{"loc":{"start":{"line":571,"column":16},"end":{"line":571,"column":38}},"type":"binary-expr","locations":[{"start":{"line":571,"column":16},"end":{"line":571,"column":25}},{"start":{"line":571,"column":29},"end":{"line":571,"column":38}}],"line":571},"73":{"loc":{"start":{"line":585,"column":31},"end":{"line":587,"column":48}},"type":"cond-expr","locations":[{"start":{"line":586,"column":18},"end":{"line":586,"column":57}},{"start":{"line":587,"column":18},"end":{"line":587,"column":48}}],"line":585},"74":{"loc":{"start":{"line":588,"column":33},"end":{"line":590,"column":182}},"type":"cond-expr","locations":[{"start":{"line":589,"column":18},"end":{"line":589,"column":248}},{"start":{"line":590,"column":18},"end":{"line":590,"column":182}}],"line":588},"75":{"loc":{"start":{"line":621,"column":8},"end":{"line":623,"column":9}},"type":"if","locations":[{"start":{"line":621,"column":8},"end":{"line":623,"column":9}},{"start":{},"end":{}}],"line":621},"76":{"loc":{"start":{"line":622,"column":70},"end":{"line":622,"column":97}},"type":"binary-expr","locations":[{"start":{"line":622,"column":70},"end":{"line":622,"column":85}},{"start":{"line":622,"column":89},"end":{"line":622,"column":97}}],"line":622},"77":{"loc":{"start":{"line":639,"column":20},"end":{"line":639,"column":89}},"type":"binary-expr","locations":[{"start":{"line":639,"column":20},"end":{"line":639,"column":33}},{"start":{"line":639,"column":37},"end":{"line":639,"column":89}}],"line":639},"78":{"loc":{"start":{"line":643,"column":12},"end":{"line":643,"column":42}},"type":"if","locations":[{"start":{"line":643,"column":12},"end":{"line":643,"column":42}},{"start":{},"end":{}}],"line":643},"79":{"loc":{"start":{"line":645,"column":12},"end":{"line":653,"column":13}},"type":"if","locations":[{"start":{"line":645,"column":12},"end":{"line":653,"column":13}},{"start":{},"end":{}}],"line":645},"80":{"loc":{"start":{"line":648,"column":16},"end":{"line":652,"column":17}},"type":"if","locations":[{"start":{"line":648,"column":16},"end":{"line":652,"column":17}},{"start":{"line":650,"column":23},"end":{"line":652,"column":17}}],"line":648},"81":{"loc":{"start":{"line":654,"column":12},"end":{"line":654,"column":59}},"type":"if","locations":[{"start":{"line":654,"column":12},"end":{"line":654,"column":59}},{"start":{},"end":{}}],"line":654},"82":{"loc":{"start":{"line":660,"column":8},"end":{"line":778,"column":9}},"type":"if","locations":[{"start":{"line":660,"column":8},"end":{"line":778,"column":9}},{"start":{"line":715,"column":15},"end":{"line":778,"column":9}}],"line":660},"83":{"loc":{"start":{"line":665,"column":12},"end":{"line":667,"column":13}},"type":"if","locations":[{"start":{"line":665,"column":12},"end":{"line":667,"column":13}},{"start":{},"end":{}}],"line":665},"84":{"loc":{"start":{"line":670,"column":26},"end":{"line":670,"column":51}},"type":"binary-expr","locations":[{"start":{"line":670,"column":26},"end":{"line":670,"column":45}},{"start":{"line":670,"column":49},"end":{"line":670,"column":51}}],"line":670},"85":{"loc":{"start":{"line":679,"column":30},"end":{"line":679,"column":117}},"type":"binary-expr","locations":[{"start":{"line":679,"column":30},"end":{"line":679,"column":60}},{"start":{"line":679,"column":64},"end":{"line":679,"column":89}},{"start":{"line":679,"column":93},"end":{"line":679,"column":112}},{"start":{"line":679,"column":116},"end":{"line":679,"column":117}}],"line":679},"86":{"loc":{"start":{"line":687,"column":31},"end":{"line":687,"column":97}},"type":"binary-expr","locations":[{"start":{"line":687,"column":31},"end":{"line":687,"column":57}},{"start":{"line":687,"column":61},"end":{"line":687,"column":81}},{"start":{"line":687,"column":85},"end":{"line":687,"column":97}}],"line":687},"87":{"loc":{"start":{"line":688,"column":32},"end":{"line":688,"column":102}},"type":"cond-expr","locations":[{"start":{"line":688,"column":61},"end":{"line":688,"column":71}},{"start":{"line":688,"column":74},"end":{"line":688,"column":102}}],"line":688},"88":{"loc":{"start":{"line":706,"column":37},"end":{"line":706,"column":59}},"type":"cond-expr","locations":[{"start":{"line":706,"column":46},"end":{"line":706,"column":55}},{"start":{"line":706,"column":58},"end":{"line":706,"column":59}}],"line":706},"89":{"loc":{"start":{"line":712,"column":33},"end":{"line":712,"column":55}},"type":"binary-expr","locations":[{"start":{"line":712,"column":33},"end":{"line":712,"column":50}},{"start":{"line":712,"column":54},"end":{"line":712,"column":55}}],"line":712},"90":{"loc":{"start":{"line":722,"column":12},"end":{"line":724,"column":13}},"type":"if","locations":[{"start":{"line":722,"column":12},"end":{"line":724,"column":13}},{"start":{},"end":{}}],"line":722},"91":{"loc":{"start":{"line":729,"column":26},"end":{"line":729,"column":51}},"type":"binary-expr","locations":[{"start":{"line":729,"column":26},"end":{"line":729,"column":45}},{"start":{"line":729,"column":49},"end":{"line":729,"column":51}}],"line":729},"92":{"loc":{"start":{"line":731,"column":34},"end":{"line":731,"column":59}},"type":"binary-expr","locations":[{"start":{"line":731,"column":34},"end":{"line":731,"column":54}},{"start":{"line":731,"column":58},"end":{"line":731,"column":59}}],"line":731},"93":{"loc":{"start":{"line":733,"column":34},"end":{"line":733,"column":58}},"type":"binary-expr","locations":[{"start":{"line":733,"column":34},"end":{"line":733,"column":53}},{"start":{"line":733,"column":57},"end":{"line":733,"column":58}}],"line":733},"94":{"loc":{"start":{"line":735,"column":42},"end":{"line":735,"column":74}},"type":"binary-expr","locations":[{"start":{"line":735,"column":42},"end":{"line":735,"column":69}},{"start":{"line":735,"column":73},"end":{"line":735,"column":74}}],"line":735},"95":{"loc":{"start":{"line":736,"column":28},"end":{"line":736,"column":134}},"type":"binary-expr","locations":[{"start":{"line":736,"column":28},"end":{"line":736,"column":54}},{"start":{"line":736,"column":58},"end":{"line":736,"column":134}}],"line":736},"96":{"loc":{"start":{"line":741,"column":32},"end":{"line":741,"column":54}},"type":"binary-expr","locations":[{"start":{"line":741,"column":32},"end":{"line":741,"column":49}},{"start":{"line":741,"column":53},"end":{"line":741,"column":54}}],"line":741},"97":{"loc":{"start":{"line":749,"column":29},"end":{"line":749,"column":86}},"type":"binary-expr","locations":[{"start":{"line":749,"column":29},"end":{"line":749,"column":70}},{"start":{"line":749,"column":74},"end":{"line":749,"column":86}}],"line":749},"98":{"loc":{"start":{"line":750,"column":30},"end":{"line":750,"column":94}},"type":"cond-expr","locations":[{"start":{"line":750,"column":57},"end":{"line":750,"column":65}},{"start":{"line":750,"column":68},"end":{"line":750,"column":94}}],"line":750},"99":{"loc":{"start":{"line":785,"column":20},"end":{"line":785,"column":89}},"type":"binary-expr","locations":[{"start":{"line":785,"column":20},"end":{"line":785,"column":33}},{"start":{"line":785,"column":37},"end":{"line":785,"column":89}}],"line":785},"100":{"loc":{"start":{"line":787,"column":25},"end":{"line":787,"column":54}},"type":"binary-expr","locations":[{"start":{"line":787,"column":25},"end":{"line":787,"column":48}},{"start":{"line":787,"column":52},"end":{"line":787,"column":54}}],"line":787},"101":{"loc":{"start":{"line":800,"column":19},"end":{"line":800,"column":81}},"type":"binary-expr","locations":[{"start":{"line":800,"column":19},"end":{"line":800,"column":44}},{"start":{"line":800,"column":48},"end":{"line":800,"column":81}}],"line":800},"102":{"loc":{"start":{"line":801,"column":57},"end":{"line":801,"column":71}},"type":"binary-expr","locations":[{"start":{"line":801,"column":57},"end":{"line":801,"column":66}},{"start":{"line":801,"column":70},"end":{"line":801,"column":71}}],"line":801},"103":{"loc":{"start":{"line":820,"column":35},"end":{"line":820,"column":53}},"type":"binary-expr","locations":[{"start":{"line":820,"column":35},"end":{"line":820,"column":48}},{"start":{"line":820,"column":52},"end":{"line":820,"column":53}}],"line":820},"104":{"loc":{"start":{"line":821,"column":37},"end":{"line":821,"column":57}},"type":"binary-expr","locations":[{"start":{"line":821,"column":37},"end":{"line":821,"column":52}},{"start":{"line":821,"column":56},"end":{"line":821,"column":57}}],"line":821},"105":{"loc":{"start":{"line":822,"column":40},"end":{"line":822,"column":75}},"type":"binary-expr","locations":[{"start":{"line":822,"column":40},"end":{"line":822,"column":70}},{"start":{"line":822,"column":74},"end":{"line":822,"column":75}}],"line":822},"106":{"loc":{"start":{"line":823,"column":41},"end":{"line":823,"column":66}},"type":"binary-expr","locations":[{"start":{"line":823,"column":41},"end":{"line":823,"column":61}},{"start":{"line":823,"column":65},"end":{"line":823,"column":66}}],"line":823},"107":{"loc":{"start":{"line":824,"column":45},"end":{"line":824,"column":68}},"type":"binary-expr","locations":[{"start":{"line":824,"column":45},"end":{"line":824,"column":63}},{"start":{"line":824,"column":67},"end":{"line":824,"column":68}}],"line":824},"108":{"loc":{"start":{"line":825,"column":41},"end":{"line":825,"column":61}},"type":"binary-expr","locations":[{"start":{"line":825,"column":41},"end":{"line":825,"column":56}},{"start":{"line":825,"column":60},"end":{"line":825,"column":61}}],"line":825},"109":{"loc":{"start":{"line":839,"column":24},"end":{"line":839,"column":128}},"type":"cond-expr","locations":[{"start":{"line":839,"column":45},"end":{"line":839,"column":112}},{"start":{"line":839,"column":115},"end":{"line":839,"column":128}}],"line":839},"110":{"loc":{"start":{"line":850,"column":8},"end":{"line":850,"column":102}},"type":"if","locations":[{"start":{"line":850,"column":8},"end":{"line":850,"column":102}},{"start":{},"end":{}}],"line":850},"111":{"loc":{"start":{"line":853,"column":29},"end":{"line":853,"column":115}},"type":"cond-expr","locations":[{"start":{"line":853,"column":65},"end":{"line":853,"column":108}},{"start":{"line":853,"column":111},"end":{"line":853,"column":115}}],"line":853},"112":{"loc":{"start":{"line":855,"column":8},"end":{"line":860,"column":9}},"type":"if","locations":[{"start":{"line":855,"column":8},"end":{"line":860,"column":9}},{"start":{},"end":{}}],"line":855},"113":{"loc":{"start":{"line":857,"column":24},"end":{"line":857,"column":93}},"type":"binary-expr","locations":[{"start":{"line":857,"column":24},"end":{"line":857,"column":37}},{"start":{"line":857,"column":41},"end":{"line":857,"column":93}}],"line":857},"114":{"loc":{"start":{"line":863,"column":8},"end":{"line":873,"column":9}},"type":"if","locations":[{"start":{"line":863,"column":8},"end":{"line":873,"column":9}},{"start":{},"end":{}}],"line":863},"115":{"loc":{"start":{"line":872,"column":95},"end":{"line":872,"column":109}},"type":"binary-expr","locations":[{"start":{"line":872,"column":95},"end":{"line":872,"column":104}},{"start":{"line":872,"column":108},"end":{"line":872,"column":109}}],"line":872},"116":{"loc":{"start":{"line":875,"column":42},"end":{"line":875,"column":79}},"type":"binary-expr","locations":[{"start":{"line":875,"column":42},"end":{"line":875,"column":74}},{"start":{"line":875,"column":78},"end":{"line":875,"column":79}}],"line":875},"117":{"loc":{"start":{"line":876,"column":38},"end":{"line":876,"column":71}},"type":"binary-expr","locations":[{"start":{"line":876,"column":38},"end":{"line":876,"column":66}},{"start":{"line":876,"column":70},"end":{"line":876,"column":71}}],"line":876},"118":{"loc":{"start":{"line":883,"column":25},"end":{"line":883,"column":77}},"type":"cond-expr","locations":[{"start":{"line":883,"column":42},"end":{"line":883,"column":70}},{"start":{"line":883,"column":73},"end":{"line":883,"column":77}}],"line":883},"119":{"loc":{"start":{"line":892,"column":45},"end":{"line":892,"column":59}},"type":"binary-expr","locations":[{"start":{"line":892,"column":45},"end":{"line":892,"column":53}},{"start":{"line":892,"column":57},"end":{"line":892,"column":59}}],"line":892},"120":{"loc":{"start":{"line":893,"column":8},"end":{"line":895,"column":9}},"type":"if","locations":[{"start":{"line":893,"column":8},"end":{"line":895,"column":9}},{"start":{},"end":{}}],"line":893},"121":{"loc":{"start":{"line":893,"column":12},"end":{"line":893,"column":125}},"type":"binary-expr","locations":[{"start":{"line":893,"column":12},"end":{"line":893,"column":16}},{"start":{"line":893,"column":20},"end":{"line":893,"column":37}},{"start":{"line":893,"column":41},"end":{"line":893,"column":71}},{"start":{"line":893,"column":75},"end":{"line":893,"column":97}},{"start":{"line":893,"column":101},"end":{"line":893,"column":105}},{"start":{"line":893,"column":109},"end":{"line":893,"column":125}}],"line":893},"122":{"loc":{"start":{"line":896,"column":8},"end":{"line":896,"column":109}},"type":"if","locations":[{"start":{"line":896,"column":8},"end":{"line":896,"column":109}},{"start":{},"end":{}}],"line":896}},"s":{"0":1,"1":1,"2":1,"3":1,"4":0,"5":0,"6":0,"7":0,"8":0,"9":0,"10":0,"11":0,"12":0,"13":0,"14":0,"15":0,"16":0,"17":0,"18":0,"19":0,"20":0,"21":0,"22":0,"23":0,"24":0,"25":0,"26":0,"27":0,"28":0,"29":0,"30":0,"31":0,"32":0,"33":0,"34":0,"35":0,"36":0,"37":0,"38":0,"39":0,"40":0,"41":0,"42":0,"43":0,"44":0,"45":0,"46":0,"47":0,"48":0,"49":0,"50":0,"51":0,"52":0,"53":0,"54":0,"55":0,"56":0,"57":0,"58":0,"59":0,"60":0,"61":0,"62":0,"63":0,"64":0,"65":0,"66":0,"67":0,"68":0,"69":0,"70":0,"71":0,"72":0,"73":0,"74":0,"75":0,"76":0,"77":0,"78":0,"79":0,"80":0,"81":0,"82":0,"83":0,"84":0,"85":0,"86":0,"87":0,"88":0,"89":0,"90":0,"91":0,"92":0,"93":0,"94":0,"95":0,"96":0,"97":0,"98":0,"99":0,"100":0,"101":0,"102":0,"103":0,"104":0,"105":0,"106":0,"107":0,"108":0,"109":0,"110":0,"111":0,"112":0,"113":0,"114":1,"115":0,"116":0,"117":0,"118":0,"119":0,"120":0,"121":0,"122":0,"123":0,"124":0,"125":0,"126":0,"127":0,"128":1,"129":0,"130":0,"131":0,"132":0,"133":0,"134":0,"135":0,"136":0,"137":0,"138":0,"139":0,"140":0,"141":0,"142":0,"143":0,"144":0,"145":0,"146":0,"147":0,"148":1,"149":0,"150":0,"151":0,"152":0,"153":0,"154":0,"155":0,"156":0,"157":0,"158":0,"159":0,"160":0,"161":0,"162":0,"163":0,"164":0,"165":0,"166":0,"167":0,"168":1,"169":0,"170":0,"171":0,"172":0,"173":0,"174":0,"175":0,"176":0,"177":0,"178":0,"179":0,"180":0,"181":0,"182":1,"183":0,"184":0,"185":0,"186":0,"187":0,"188":1,"189":0,"190":0,"191":0,"192":0,"193":0,"194":0,"195":0,"196":0,"197":0,"198":0,"199":0,"200":0,"201":0,"202":0,"203":0,"204":0,"205":0,"206":0,"207":0,"208":0,"209":0,"210":0,"211":0,"212":0,"213":0,"214":0,"215":0,"216":0,"217":0,"218":0,"219":0,"220":0,"221":0,"222":0,"223":0,"224":1,"225":0,"226":0,"227":0,"228":0,"229":0,"230":0,"231":0,"232":0,"233":0,"234":0,"235":0,"236":0,"237":0,"238":0,"239":0,"240":0,"241":0,"242":0,"243":0,"244":0,"245":0,"246":0,"247":0,"248":0,"249":0,"250":0,"251":0,"252":0,"253":0,"254":0,"255":0,"256":0,"257":0,"258":0,"259":0,"260":0,"261":0,"262":0,"263":0,"264":0,"265":0,"266":0,"267":0,"268":0,"269":0,"270":0,"271":0,"272":0,"273":0,"274":0,"275":0,"276":0,"277":0,"278":0,"279":0,"280":0,"281":0,"282":0,"283":0,"284":0,"285":0,"286":0,"287":1,"288":0,"289":0,"290":0,"291":0,"292":0,"293":0,"294":0,"295":0,"296":0,"297":0,"298":0,"299":0,"300":0,"301":0,"302":0,"303":0,"304":0,"305":0,"306":0,"307":0,"308":0,"309":0,"310":0,"311":0,"312":0,"313":0,"314":0,"315":0,"316":0,"317":0,"318":0,"319":0,"320":0,"321":0,"322":0,"323":0,"324":0,"325":0,"326":0,"327":0,"328":0,"329":0,"330":0,"331":0,"332":0,"333":0,"334":0,"335":0,"336":0,"337":0,"338":0,"339":0,"340":0,"341":0,"342":0,"343":0,"344":0,"345":0,"346":0,"347":0,"348":0,"349":0,"350":0,"351":0,"352":0,"353":0,"354":0,"355":0,"356":0,"357":0,"358":0,"359":0,"360":1,"361":0,"362":0,"363":0,"364":0,"365":0,"366":0,"367":0,"368":0,"369":0,"370":0,"371":0,"372":0,"373":0,"374":0,"375":0,"376":0,"377":0,"378":0,"379":0,"380":0,"381":0,"382":0,"383":0,"384":0,"385":0,"386":0,"387":0,"388":0,"389":0,"390":0,"391":0,"392":1,"393":0,"394":0,"395":0,"396":0,"397":0,"398":0,"399":0,"400":0,"401":0,"402":0,"403":0,"404":0,"405":0,"406":0,"407":0,"408":0,"409":0,"410":0,"411":0,"412":1,"413":0,"414":0,"415":0,"416":0,"417":0,"418":0,"419":0,"420":0,"421":1},"f":{"0":1,"1":0,"2":0,"3":0,"4":0,"5":0,"6":0,"7":0,"8":0,"9":0,"10":0,"11":0,"12":0,"13":0,"14":0,"15":0,"16":0,"17":0,"18":0,"19":0,"20":0,"21":0,"22":0,"23":0,"24":0,"25":0,"26":0,"27":0,"28":0,"29":0,"30":0},"b":{"0":[0,0],"1":[0,0],"2":[0,0],"3":[0,0],"4":[0,0],"5":[0,0],"6":[0,0],"7":[0,0],"8":[0,0],"9":[0,0],"10":[0,0],"11":[0,0],"12":[0,0,0],"13":[0,0],"14":[0,0],"15":[0,0],"16":[0,0,0,0,0],"17":[0,0],"18":[0,0],"19":[0,0],"20":[0,0],"21":[0,0],"22":[0,0],"23":[0,0],"24":[0,0],"25":[0,0],"26":[0,0],"27":[0,0],"28":[0,0],"29":[0,0],"30":[0,0],"31":[0,0],"32":[0,0],"33":[0,0],"34":[0,0],"35":[0,0,0,0,0,0,0],"36":[0,0],"37":[0,0],"38":[0,0],"39":[0,0],"40":[0,0],"41":[0,0],"42":[0,0],"43":[0,0],"44":[0,0],"45":[0,0],"46":[0,0],"47":[0,0],"48":[0,0],"49":[0,0],"50":[0,0,0,0],"51":[0,0],"52":[0,0],"53":[0,0],"54":[0,0],"55":[0,0],"56":[0,0],"57":[0,0],"58":[0,0],"59":[0,0],"60":[0,0],"61":[0,0],"62":[0,0],"63":[0,0],"64":[0,0],"65":[0,0],"66":[0,0],"67":[0,0],"68":[0,0],"69":[0,0],"70":[0,0],"71":[0,0],"72":[0,0],"73":[0,0],"74":[0,0],"75":[0,0],"76":[0,0],"77":[0,0],"78":[0,0],"79":[0,0],"80":[0,0],"81":[0,0],"82":[0,0],"83":[0,0],"84":[0,0],"85":[0,0,0,0],"86":[0,0,0],"87":[0,0],"88":[0,0],"89":[0,0],"90":[0,0],"91":[0,0],"92":[0,0],"93":[0,0],"94":[0,0],"95":[0,0],"96":[0,0],"97":[0,0],"98":[0,0],"99":[0,0],"100":[0,0],"101":[0,0],"102":[0,0],"103":[0,0],"104":[0,0],"105":[0,0],"106":[0,0],"107":[0,0],"108":[0,0],"109":[0,0],"110":[0,0],"111":[0,0],"112":[0,0],"113":[0,0],"114":[0,0],"115":[0,0],"116":[0,0],"117":[0,0],"118":[0,0],"119":[0,0],"120":[0,0],"121":[0,0,0,0,0,0],"122":[0,0]},"_coverageSchema":"1a1c01bbd47fc00a2c39e90264f33305004495a9","hash":"fbf51add28d1bcdce3cb753cda91fdff57b64ab5"}
,"F:\\GITHUB\\FintechBankApp\\API\\src\\routes\\invoice.routes.js": {"path":"F:\\GITHUB\\FintechBankApp\\API\\src\\routes\\invoice.routes.js","statementMap":{"0":{"start":{"line":8,"column":0},"end":{"line":35,"column":2}},"1":{"start":{"line":10,"column":4},"end":{"line":10,"column":116}},"2":{"start":{"line":11,"column":4},"end":{"line":11,"column":102}},"3":{"start":{"line":12,"column":4},"end":{"line":12,"column":96}},"4":{"start":{"line":15,"column":4},"end":{"line":15,"column":99}},"5":{"start":{"line":18,"column":4},"end":{"line":18,"column":115}},"6":{"start":{"line":19,"column":4},"end":{"line":19,"column":91}},"7":{"start":{"line":22,"column":4},"end":{"line":22,"column":85}},"8":{"start":{"line":25,"column":4},"end":{"line":25,"column":100}},"9":{"start":{"line":28,"column":4},"end":{"line":28,"column":94}},"10":{"start":{"line":31,"column":4},"end":{"line":31,"column":88}},"11":{"start":{"line":34,"column":4},"end":{"line":34,"column":99}}},"fnMap":{"0":{"name":"registerInvoiceRoutes","decl":{"start":{"line":8,"column":26},"end":{"line":8,"column":47}},"loc":{"start":{"line":8,"column":101},"end":{"line":35,"column":1}},"line":8}},"branchMap":{},"s":{"0":1,"1":1,"2":1,"3":1,"4":1,"5":1,"6":1,"7":1,"8":1,"9":1,"10":1,"11":1},"f":{"0":1},"b":{},"_coverageSchema":"1a1c01bbd47fc00a2c39e90264f33305004495a9","hash":"31932ea30d67078ff070074dfb748ed0f2fd0502"}
}
