TN:
SF:index.cjs
FN:65,(anonymous_0)
FN:110,(anonymous_1)
FN:117,(anonymous_2)
FN:125,(anonymous_3)
FN:129,(anonymous_4)
FN:187,(anonymous_5)
FN:210,(anonymous_6)
FN:221,(anonymous_7)
FN:228,(anonymous_8)
FN:236,(anonymous_9)
FN:237,(anonymous_10)
FN:248,(anonymous_11)
FN:353,(anonymous_12)
FN:379,(anonymous_13)
FN:399,(anonymous_14)
FN:444,(anonymous_15)
FN:458,(anonymous_16)
FN:459,(anonymous_17)
FN:469,(anonymous_18)
FN:470,(anonymous_19)
FN:485,(anonymous_20)
FN:497,(anonymous_21)
FN:505,(anonymous_22)
FN:519,(anonymous_23)
FN:683,(anonymous_24)
FN:699,(anonymous_25)
FN:708,(anonymous_26)
FN:718,(anonymous_27)
FN:732,(anonymous_28)
FN:741,(anonymous_29)
FN:741,(anonymous_30)
FN:746,(anonymous_31)
FN:768,(anonymous_32)
FN:769,(anonymous_33)
FN:791,(anonymous_34)
FN:798,(anonymous_35)
FN:808,(anonymous_36)
FN:821,(anonymous_37)
FN:834,(anonymous_38)
FN:846,(anonymous_39)
FN:860,(anonymous_40)
FN:880,(anonymous_41)
FN:914,(anonymous_42)
FN:944,(anonymous_43)
FN:1041,(anonymous_44)
FN:1090,(anonymous_45)
FN:1099,(anonymous_46)
FN:1239,(anonymous_47)
FN:1340,(anonymous_48)
FN:1345,(anonymous_49)
FN:1363,(anonymous_50)
FN:1393,(anonymous_51)
FN:1421,(anonymous_52)
FN:1440,(anonymous_53)
FN:1471,(anonymous_54)
FN:1492,(anonymous_55)
FN:1510,(anonymous_56)
FN:1520,(anonymous_57)
FN:1531,(anonymous_58)
FN:1542,(anonymous_59)
FN:1610,(anonymous_60)
FN:1622,(anonymous_61)
FN:1643,(anonymous_62)
FN:1669,(anonymous_63)
FN:1677,(anonymous_64)
FN:1687,(anonymous_65)
FN:1701,(anonymous_66)
FN:1723,(anonymous_67)
FN:1743,(anonymous_68)
FN:1747,(anonymous_69)
FN:1773,(anonymous_70)
FN:1785,(anonymous_71)
FN:1823,(anonymous_72)
FN:1828,(anonymous_73)
FN:1857,(anonymous_74)
FN:1859,(anonymous_75)
FN:1860,(anonymous_76)
FN:1971,(anonymous_77)
FN:2163,(anonymous_78)
FN:2219,(anonymous_79)
FN:2269,(anonymous_80)
FN:2274,(anonymous_81)
FN:2283,(anonymous_82)
FN:2292,(anonymous_83)
FN:2301,(anonymous_84)
FN:2338,(anonymous_85)
FN:2343,(anonymous_86)
FN:2389,(anonymous_87)
FN:2413,(anonymous_88)
FN:2419,(anonymous_89)
FN:2429,(anonymous_90)
FN:2520,(anonymous_91)
FN:2613,(anonymous_92)
FN:2619,(anonymous_93)
FN:2695,(anonymous_94)
FN:2699,(anonymous_95)
FN:2706,(anonymous_96)
FN:2718,(anonymous_97)
FN:2730,(anonymous_98)
FN:2733,(anonymous_99)
FN:2749,(anonymous_100)
FN:2758,(anonymous_101)
FN:2881,(anonymous_102)
FN:2927,(anonymous_103)
FN:2935,(anonymous_104)
FN:2966,(anonymous_105)
FN:2967,(anonymous_106)
FN:2968,(anonymous_107)
FN:2969,(anonymous_108)
FN:2969,(anonymous_109)
FN:2973,(anonymous_110)
FN:3029,(anonymous_111)
FN:3045,(anonymous_112)
FN:3047,(anonymous_113)
FN:3056,(anonymous_114)
FN:3068,(anonymous_115)
FN:3079,(anonymous_116)
FN:3099,(anonymous_117)
FN:3106,(anonymous_118)
FN:3126,(anonymous_119)
FN:3137,(anonymous_120)
FN:3208,(anonymous_121)
FN:3214,(anonymous_122)
FN:3250,(anonymous_123)
FN:3275,(anonymous_124)
FN:3329,(anonymous_125)
FN:3331,(anonymous_126)
FN:3339,(anonymous_127)
FN:3407,(anonymous_128)
FN:3420,(anonymous_129)
FN:3439,(anonymous_130)
FN:3466,(anonymous_131)
FN:3605,(anonymous_132)
FN:3617,(anonymous_133)
FN:3672,(anonymous_134)
FN:3757,(anonymous_135)
FN:3804,(anonymous_136)
FN:3860,(anonymous_137)
FN:3885,(anonymous_138)
FN:3911,(anonymous_139)
FN:3929,(anonymous_140)
FN:3947,(anonymous_141)
FN:4018,(anonymous_142)
FN:4082,(anonymous_143)
FN:4130,(anonymous_144)
FN:4138,(anonymous_145)
FN:4146,(anonymous_146)
FN:4152,(anonymous_147)
FN:4160,(anonymous_148)
FN:4169,(anonymous_149)
FN:4193,(anonymous_150)
FN:4206,(anonymous_151)
FN:4211,(anonymous_152)
FN:4220,(anonymous_153)
FN:4229,(anonymous_154)
FN:4236,(anonymous_155)
FN:4239,(anonymous_156)
FN:4253,(anonymous_157)
FN:4265,(anonymous_158)
FN:4283,(anonymous_159)
FN:4290,(anonymous_160)
FN:4314,(anonymous_161)
FN:4328,(anonymous_162)
FN:4340,(anonymous_163)
FN:4359,(anonymous_164)
FN:4369,(anonymous_165)
FN:4380,runBillingValidation
FN:4466,(anonymous_167)
FN:4467,(anonymous_168)
FN:4680,(anonymous_169)
FN:4711,(anonymous_170)
FN:4717,(anonymous_171)
FN:4746,(anonymous_172)
FN:4747,(anonymous_173)
FN:4781,fetchUnpaidClosedInvoices
FN:4796,(anonymous_175)
FN:4810,(anonymous_176)
FN:4824,(anonymous_177)
FN:4853,(anonymous_178)
FN:4882,(anonymous_179)
FN:4883,(anonymous_180)
FN:4894,(anonymous_181)
FN:4931,(anonymous_182)
FN:4946,(anonymous_183)
FN:4960,(anonymous_184)
FN:4970,(anonymous_185)
FN:4984,(anonymous_186)
FN:4997,(anonymous_187)
FN:5030,(anonymous_188)
FN:5045,initializeDatabase
FN:5060,(anonymous_190)
FN:5094,(anonymous_191)
FN:5288,(anonymous_192)
FN:5328,(anonymous_193)
FN:5329,(anonymous_194)
FN:5416,(anonymous_195)
FN:5417,(anonymous_196)
FN:5642,(anonymous_197)
FN:5680,(anonymous_198)
FN:5722,ensureAdminUser
FN:5747,seedDatabase
FN:5752,(anonymous_201)
FN:5823,bootstrap
FN:5857,chargeSubscription
FN:5896,runSubscriptionBilling
FN:5919,(anonymous_205)
FN:5929,(anonymous_206)
FN:5954,(anonymous_207)
FN:5982,(anonymous_208)
FN:6025,runOrphanPaymentFix
FN:6027,(anonymous_210)
FN:6057,(anonymous_211)
FN:6065,(anonymous_212)
FN:6141,(anonymous_213)
FN:6153,(anonymous_214)
FN:6200,(anonymous_215)
FN:6211,(anonymous_216)
FN:6229,(anonymous_217)
FN:6239,(anonymous_218)
FN:6307,(anonymous_219)
FN:6309,(anonymous_220)
FN:6345,(anonymous_221)
FN:6355,(anonymous_222)
FN:6424,(anonymous_223)
FN:6507,(anonymous_224)
FN:6602,(anonymous_225)
FN:6710,(anonymous_226)
FN:6718,(anonymous_227)
FN:6741,(anonymous_228)
FN:6753,(anonymous_229)
FN:6762,(anonymous_230)
FN:6783,applyTransactionCancellation
FN:6811,(anonymous_232)
FN:6851,(anonymous_233)
FN:6865,(anonymous_234)
FN:6872,(anonymous_235)
FN:6880,(anonymous_236)
FN:6886,(anonymous_237)
FN:6894,(anonymous_238)
FN:6912,(anonymous_239)
FN:6918,(anonymous_240)
FN:6932,(anonymous_241)
FN:6937,(anonymous_242)
FNF:243
FNH:2
FNDA:0,(anonymous_0)
FNDA:0,(anonymous_1)
FNDA:0,(anonymous_2)
FNDA:0,(anonymous_3)
FNDA:0,(anonymous_4)
FNDA:0,(anonymous_5)
FNDA:0,(anonymous_6)
FNDA:0,(anonymous_7)
FNDA:0,(anonymous_8)
FNDA:0,(anonymous_9)
FNDA:0,(anonymous_10)
FNDA:0,(anonymous_11)
FNDA:0,(anonymous_12)
FNDA:0,(anonymous_13)
FNDA:0,(anonymous_14)
FNDA:0,(anonymous_15)
FNDA:0,(anonymous_16)
FNDA:0,(anonymous_17)
FNDA:0,(anonymous_18)
FNDA:0,(anonymous_19)
FNDA:0,(anonymous_20)
FNDA:0,(anonymous_21)
FNDA:0,(anonymous_22)
FNDA:0,(anonymous_23)
FNDA:0,(anonymous_24)
FNDA:0,(anonymous_25)
FNDA:0,(anonymous_26)
FNDA:0,(anonymous_27)
FNDA:0,(anonymous_28)
FNDA:122,(anonymous_29)
FNDA:0,(anonymous_30)
FNDA:0,(anonymous_31)
FNDA:0,(anonymous_32)
FNDA:0,(anonymous_33)
FNDA:0,(anonymous_34)
FNDA:0,(anonymous_35)
FNDA:0,(anonymous_36)
FNDA:0,(anonymous_37)
FNDA:0,(anonymous_38)
FNDA:0,(anonymous_39)
FNDA:0,(anonymous_40)
FNDA:0,(anonymous_41)
FNDA:0,(anonymous_42)
FNDA:0,(anonymous_43)
FNDA:0,(anonymous_44)
FNDA:0,(anonymous_45)
FNDA:0,(anonymous_46)
FNDA:0,(anonymous_47)
FNDA:0,(anonymous_48)
FNDA:0,(anonymous_49)
FNDA:0,(anonymous_50)
FNDA:0,(anonymous_51)
FNDA:0,(anonymous_52)
FNDA:0,(anonymous_53)
FNDA:0,(anonymous_54)
FNDA:0,(anonymous_55)
FNDA:0,(anonymous_56)
FNDA:0,(anonymous_57)
FNDA:0,(anonymous_58)
FNDA:0,(anonymous_59)
FNDA:0,(anonymous_60)
FNDA:0,(anonymous_61)
FNDA:0,(anonymous_62)
FNDA:0,(anonymous_63)
FNDA:0,(anonymous_64)
FNDA:0,(anonymous_65)
FNDA:0,(anonymous_66)
FNDA:0,(anonymous_67)
FNDA:0,(anonymous_68)
FNDA:0,(anonymous_69)
FNDA:0,(anonymous_70)
FNDA:0,(anonymous_71)
FNDA:0,(anonymous_72)
FNDA:0,(anonymous_73)
FNDA:0,(anonymous_74)
FNDA:0,(anonymous_75)
FNDA:0,(anonymous_76)
FNDA:0,(anonymous_77)
FNDA:0,(anonymous_78)
FNDA:0,(anonymous_79)
FNDA:0,(anonymous_80)
FNDA:0,(anonymous_81)
FNDA:0,(anonymous_82)
FNDA:0,(anonymous_83)
FNDA:0,(anonymous_84)
FNDA:0,(anonymous_85)
FNDA:0,(anonymous_86)
FNDA:0,(anonymous_87)
FNDA:0,(anonymous_88)
FNDA:0,(anonymous_89)
FNDA:0,(anonymous_90)
FNDA:0,(anonymous_91)
FNDA:0,(anonymous_92)
FNDA:0,(anonymous_93)
FNDA:0,(anonymous_94)
FNDA:0,(anonymous_95)
FNDA:0,(anonymous_96)
FNDA:0,(anonymous_97)
FNDA:0,(anonymous_98)
FNDA:0,(anonymous_99)
FNDA:0,(anonymous_100)
FNDA:0,(anonymous_101)
FNDA:0,(anonymous_102)
FNDA:0,(anonymous_103)
FNDA:0,(anonymous_104)
FNDA:0,(anonymous_105)
FNDA:0,(anonymous_106)
FNDA:0,(anonymous_107)
FNDA:0,(anonymous_108)
FNDA:0,(anonymous_109)
FNDA:0,(anonymous_110)
FNDA:0,(anonymous_111)
FNDA:0,(anonymous_112)
FNDA:0,(anonymous_113)
FNDA:0,(anonymous_114)
FNDA:0,(anonymous_115)
FNDA:0,(anonymous_116)
FNDA:0,(anonymous_117)
FNDA:0,(anonymous_118)
FNDA:0,(anonymous_119)
FNDA:0,(anonymous_120)
FNDA:0,(anonymous_121)
FNDA:0,(anonymous_122)
FNDA:0,(anonymous_123)
FNDA:0,(anonymous_124)
FNDA:0,(anonymous_125)
FNDA:0,(anonymous_126)
FNDA:0,(anonymous_127)
FNDA:0,(anonymous_128)
FNDA:0,(anonymous_129)
FNDA:0,(anonymous_130)
FNDA:0,(anonymous_131)
FNDA:0,(anonymous_132)
FNDA:0,(anonymous_133)
FNDA:0,(anonymous_134)
FNDA:0,(anonymous_135)
FNDA:0,(anonymous_136)
FNDA:0,(anonymous_137)
FNDA:0,(anonymous_138)
FNDA:0,(anonymous_139)
FNDA:0,(anonymous_140)
FNDA:0,(anonymous_141)
FNDA:0,(anonymous_142)
FNDA:0,(anonymous_143)
FNDA:0,(anonymous_144)
FNDA:0,(anonymous_145)
FNDA:0,(anonymous_146)
FNDA:0,(anonymous_147)
FNDA:0,(anonymous_148)
FNDA:0,(anonymous_149)
FNDA:0,(anonymous_150)
FNDA:0,(anonymous_151)
FNDA:0,(anonymous_152)
FNDA:0,(anonymous_153)
FNDA:0,(anonymous_154)
FNDA:0,(anonymous_155)
FNDA:0,(anonymous_156)
FNDA:0,(anonymous_157)
FNDA:0,(anonymous_158)
FNDA:0,(anonymous_159)
FNDA:0,(anonymous_160)
FNDA:0,(anonymous_161)
FNDA:0,(anonymous_162)
FNDA:0,(anonymous_163)
FNDA:0,(anonymous_164)
FNDA:0,(anonymous_165)
FNDA:0,runBillingValidation
FNDA:0,(anonymous_167)
FNDA:0,(anonymous_168)
FNDA:0,(anonymous_169)
FNDA:0,(anonymous_170)
FNDA:0,(anonymous_171)
FNDA:0,(anonymous_172)
FNDA:0,(anonymous_173)
FNDA:0,fetchUnpaidClosedInvoices
FNDA:0,(anonymous_175)
FNDA:0,(anonymous_176)
FNDA:0,(anonymous_177)
FNDA:0,(anonymous_178)
FNDA:0,(anonymous_179)
FNDA:0,(anonymous_180)
FNDA:0,(anonymous_181)
FNDA:0,(anonymous_182)
FNDA:0,(anonymous_183)
FNDA:0,(anonymous_184)
FNDA:0,(anonymous_185)
FNDA:0,(anonymous_186)
FNDA:0,(anonymous_187)
FNDA:0,(anonymous_188)
FNDA:0,initializeDatabase
FNDA:0,(anonymous_190)
FNDA:0,(anonymous_191)
FNDA:0,(anonymous_192)
FNDA:0,(anonymous_193)
FNDA:0,(anonymous_194)
FNDA:0,(anonymous_195)
FNDA:0,(anonymous_196)
FNDA:0,(anonymous_197)
FNDA:0,(anonymous_198)
FNDA:0,ensureAdminUser
FNDA:0,seedDatabase
FNDA:0,(anonymous_201)
FNDA:1,bootstrap
FNDA:0,chargeSubscription
FNDA:0,runSubscriptionBilling
FNDA:0,(anonymous_205)
FNDA:0,(anonymous_206)
FNDA:0,(anonymous_207)
FNDA:0,(anonymous_208)
FNDA:0,runOrphanPaymentFix
FNDA:0,(anonymous_210)
FNDA:0,(anonymous_211)
FNDA:0,(anonymous_212)
FNDA:0,(anonymous_213)
FNDA:0,(anonymous_214)
FNDA:0,(anonymous_215)
FNDA:0,(anonymous_216)
FNDA:0,(anonymous_217)
FNDA:0,(anonymous_218)
FNDA:0,(anonymous_219)
FNDA:0,(anonymous_220)
FNDA:0,(anonymous_221)
FNDA:0,(anonymous_222)
FNDA:0,(anonymous_223)
FNDA:0,(anonymous_224)
FNDA:0,(anonymous_225)
FNDA:0,(anonymous_226)
FNDA:0,(anonymous_227)
FNDA:0,(anonymous_228)
FNDA:0,(anonymous_229)
FNDA:0,(anonymous_230)
FNDA:0,applyTransactionCancellation
FNDA:0,(anonymous_232)
FNDA:0,(anonymous_233)
FNDA:0,(anonymous_234)
FNDA:0,(anonymous_235)
FNDA:0,(anonymous_236)
FNDA:0,(anonymous_237)
FNDA:0,(anonymous_238)
FNDA:0,(anonymous_239)
FNDA:0,(anonymous_240)
FNDA:0,(anonymous_241)
FNDA:0,(anonymous_242)
DA:1,1
DA:2,1
DA:5,1
DA:7,1
DA:8,1
DA:9,1
DA:10,1
DA:12,1
DA:13,1
DA:14,1
DA:15,1
DA:16,1
DA:17,1
DA:20,1
DA:21,1
DA:22,1
DA:23,1
DA:24,1
DA:25,1
DA:26,1
DA:27,1
DA:28,1
DA:29,1
DA:30,1
DA:31,1
DA:32,1
DA:33,1
DA:34,1
DA:35,1
DA:36,1
DA:37,1
DA:38,1
DA:39,1
DA:40,1
DA:41,1
DA:42,1
DA:43,1
DA:44,1
DA:45,1
DA:46,1
DA:49,1
DA:50,1
DA:54,1
DA:56,1
DA:62,1
DA:63,1
DA:65,1
DA:66,0
DA:67,0
DA:68,0
DA:70,0
DA:76,0
DA:77,0
DA:78,0
DA:79,0
DA:81,0
DA:85,0
DA:86,0
DA:87,0
DA:88,0
DA:89,0
DA:91,0
DA:96,0
DA:97,0
DA:98,0
DA:99,0
DA:100,0
DA:102,0
DA:105,0
DA:110,1
DA:111,0
DA:112,0
DA:113,0
DA:114,0
DA:115,0
DA:116,0
DA:117,0
DA:120,0
DA:125,1
DA:126,0
DA:129,0
DA:130,0
DA:132,0
DA:133,0
DA:134,0
DA:135,0
DA:136,0
DA:138,0
DA:139,0
DA:142,0
DA:143,0
DA:145,0
DA:148,0
DA:149,0
DA:152,0
DA:187,1
DA:188,0
DA:189,0
DA:190,0
DA:191,0
DA:198,0
DA:199,0
DA:200,0
DA:210,0
DA:211,0
DA:212,0
DA:214,0
DA:220,0
DA:221,0
DA:228,0
DA:229,0
DA:230,0
DA:236,0
DA:237,0
DA:238,0
DA:239,0
DA:240,0
DA:241,0
DA:248,0
DA:249,0
DA:250,0
DA:252,0
DA:253,0
DA:254,0
DA:256,0
DA:257,0
DA:259,0
DA:260,0
DA:261,0
DA:267,0
DA:268,0
DA:269,0
DA:270,0
DA:271,0
DA:272,0
DA:273,0
DA:274,0
DA:288,0
DA:289,0
DA:290,0
DA:292,0
DA:297,0
DA:298,0
DA:299,0
DA:301,0
DA:302,0
DA:303,0
DA:304,0
DA:305,0
DA:306,0
DA:307,0
DA:309,0
DA:310,0
DA:311,0
DA:313,0
DA:314,0
DA:315,0
DA:317,0
DA:318,0
DA:319,0
DA:320,0
DA:322,0
DA:323,0
DA:324,0
DA:326,0
DA:327,0
DA:328,0
DA:331,0
DA:332,0
DA:333,0
DA:334,0
DA:335,0
DA:336,0
DA:337,0
DA:338,0
DA:339,0
DA:340,0
DA:345,0
DA:346,0
DA:347,0
DA:348,0
DA:353,0
DA:355,0
DA:359,0
DA:370,0
DA:371,0
DA:372,0
DA:373,0
DA:374,0
DA:376,0
DA:377,0
DA:378,0
DA:379,0
DA:380,0
DA:381,0
DA:382,0
DA:385,0
DA:386,0
DA:397,0
DA:399,0
DA:400,0
DA:405,0
DA:406,0
DA:407,0
DA:409,0
DA:410,0
DA:411,0
DA:412,0
DA:413,0
DA:414,0
DA:415,0
DA:417,0
DA:424,0
DA:425,0
DA:427,0
DA:428,0
DA:429,0
DA:430,0
DA:431,0
DA:433,0
DA:436,0
DA:438,0
DA:441,0
DA:443,0
DA:444,0
DA:445,0
DA:446,0
DA:447,0
DA:448,0
DA:449,0
DA:450,0
DA:451,0
DA:456,0
DA:457,0
DA:458,0
DA:459,0
DA:467,0
DA:468,0
DA:469,0
DA:471,0
DA:472,0
DA:473,0
DA:474,0
DA:475,0
DA:476,0
DA:485,0
DA:486,0
DA:489,0
DA:492,0
DA:493,0
DA:496,0
DA:497,0
DA:498,0
DA:499,0
DA:503,0
DA:505,0
DA:506,0
DA:507,0
DA:508,0
DA:509,0
DA:510,0
DA:511,0
DA:512,0
DA:516,0
DA:517,0
DA:518,0
DA:519,0
DA:524,0
DA:525,0
DA:526,0
DA:529,0
DA:532,0
DA:543,0
DA:544,0
DA:551,0
DA:552,0
DA:553,0
DA:559,0
DA:560,0
DA:561,0
DA:562,0
DA:569,0
DA:579,0
DA:580,0
DA:581,0
DA:582,0
DA:583,0
DA:584,0
DA:585,0
DA:590,0
DA:598,0
DA:599,0
DA:611,0
DA:626,0
DA:628,0
DA:632,0
DA:638,0
DA:640,0
DA:641,0
DA:647,0
DA:648,0
DA:649,0
DA:650,0
DA:651,0
DA:652,0
DA:653,0
DA:654,0
DA:655,0
DA:656,0
DA:657,0
DA:658,0
DA:659,0
DA:660,0
DA:661,0
DA:662,0
DA:663,0
DA:664,0
DA:667,0
DA:668,0
DA:670,0
DA:671,0
DA:672,0
DA:675,0
DA:676,0
DA:683,0
DA:694,0
DA:695,0
DA:699,1
DA:700,0
DA:701,0
DA:702,0
DA:703,0
DA:708,1
DA:709,0
DA:710,0
DA:711,0
DA:712,0
DA:713,0
DA:714,0
DA:715,0
DA:718,1
DA:719,0
DA:720,0
DA:732,1
DA:733,0
DA:734,0
DA:741,122
DA:742,0
DA:746,1
DA:747,0
DA:748,0
DA:752,1
DA:753,1
DA:755,1
DA:758,1
DA:761,1
DA:767,1
DA:769,0
DA:770,0
DA:782,1
DA:783,1
DA:784,1
DA:785,1
DA:786,1
DA:787,1
DA:789,1
DA:791,1
DA:792,0
DA:793,0
DA:794,0
DA:795,0
DA:796,0
DA:798,0
DA:799,0
DA:805,0
DA:808,1
DA:809,0
DA:810,0
DA:812,0
DA:815,1
DA:821,0
DA:825,1
DA:832,1
DA:836,0
DA:837,0
DA:838,0
DA:841,0
DA:842,0
DA:844,0
DA:848,0
DA:853,1
DA:860,1
DA:861,0
DA:863,0
DA:877,0
DA:880,1
DA:881,0
DA:883,0
DA:884,0
DA:887,0
DA:888,0
DA:889,0
DA:892,0
DA:893,0
DA:894,0
DA:897,0
DA:898,0
DA:899,0
DA:901,0
DA:902,0
DA:905,0
DA:906,0
DA:914,1
DA:915,0
DA:916,0
DA:918,0
DA:919,0
DA:920,0
DA:922,0
DA:923,0
DA:926,0
DA:928,0
DA:930,0
DA:931,0
DA:934,0
DA:935,0
DA:944,1
DA:945,0
DA:946,0
DA:948,0
DA:950,0
DA:951,0
DA:953,0
DA:954,0
DA:957,0
DA:958,0
DA:959,0
DA:960,0
DA:963,0
DA:964,0
DA:971,0
DA:972,0
DA:973,0
DA:980,0
DA:981,0
DA:982,0
DA:984,0
DA:985,0
DA:992,0
DA:993,0
DA:994,0
DA:996,0
DA:997,0
DA:1004,0
DA:1007,0
DA:1008,0
DA:1009,0
DA:1010,0
DA:1011,0
DA:1012,0
DA:1013,0
DA:1014,0
DA:1017,0
DA:1019,0
DA:1020,0
DA:1023,0
DA:1024,0
DA:1034,1
DA:1041,1
DA:1042,0
DA:1043,0
DA:1046,0
DA:1049,0
DA:1050,0
DA:1051,0
DA:1053,0
DA:1055,0
DA:1058,0
DA:1059,0
DA:1060,0
DA:1061,0
DA:1063,0
DA:1077,0
DA:1079,0
DA:1082,0
DA:1084,0
DA:1085,0
DA:1090,1
DA:1091,0
DA:1092,0
DA:1094,0
DA:1096,0
DA:1099,0
DA:1100,0
DA:1101,0
DA:1104,0
DA:1105,0
DA:1106,0
DA:1108,0
DA:1109,0
DA:1110,0
DA:1112,0
DA:1113,0
DA:1114,0
DA:1115,0
DA:1116,0
DA:1119,0
DA:1120,0
DA:1121,0
DA:1122,0
DA:1123,0
DA:1124,0
DA:1125,0
DA:1126,0
DA:1127,0
DA:1128,0
DA:1129,0
DA:1130,0
DA:1131,0
DA:1134,0
DA:1135,0
DA:1136,0
DA:1137,0
DA:1138,0
DA:1140,0
DA:1141,0
DA:1143,0
DA:1144,0
DA:1145,0
DA:1147,0
DA:1150,0
DA:1151,0
DA:1152,0
DA:1153,0
DA:1155,0
DA:1165,0
DA:1166,0
DA:1167,0
DA:1170,0
DA:1171,0
DA:1176,0
DA:1178,0
DA:1179,0
DA:1185,0
DA:1186,0
DA:1189,0
DA:1190,0
DA:1195,0
DA:1196,0
DA:1197,0
DA:1198,0
DA:1209,0
DA:1210,0
DA:1212,0
DA:1213,0
DA:1214,0
DA:1215,0
DA:1217,0
DA:1221,0
DA:1222,0
DA:1223,0
DA:1226,0
DA:1227,0
DA:1228,0
DA:1229,0
DA:1230,0
DA:1232,0
DA:1233,0
DA:1234,0
DA:1235,0
DA:1239,1
DA:1240,0
DA:1241,0
DA:1242,0
DA:1243,0
DA:1244,0
DA:1246,0
DA:1249,0
DA:1250,0
DA:1253,0
DA:1254,0
DA:1255,0
DA:1257,0
DA:1259,0
DA:1260,0
DA:1261,0
DA:1262,0
DA:1263,0
DA:1264,0
DA:1265,0
DA:1266,0
DA:1268,0
DA:1270,0
DA:1272,0
DA:1273,0
DA:1274,0
DA:1277,0
DA:1278,0
DA:1279,0
DA:1283,0
DA:1284,0
DA:1285,0
DA:1288,0
DA:1289,0
DA:1290,0
DA:1291,0
DA:1292,0
DA:1293,0
DA:1296,0
DA:1297,0
DA:1299,0
DA:1300,0
DA:1301,0
DA:1302,0
DA:1306,0
DA:1307,0
DA:1308,0
DA:1309,0
DA:1314,0
DA:1317,0
DA:1318,0
DA:1324,0
DA:1325,0
DA:1326,0
DA:1332,0
DA:1334,0
DA:1335,0
DA:1336,0
DA:1340,1
DA:1341,0
DA:1342,0
DA:1345,1
DA:1346,0
DA:1347,0
DA:1348,0
DA:1349,0
DA:1350,0
DA:1351,0
DA:1352,0
DA:1353,0
DA:1359,0
DA:1363,1
DA:1364,0
DA:1365,0
DA:1367,0
DA:1370,0
DA:1371,0
DA:1373,0
DA:1374,0
DA:1375,0
DA:1376,0
DA:1378,0
DA:1379,0
DA:1380,0
DA:1382,0
DA:1383,0
DA:1384,0
DA:1389,0
DA:1393,1
DA:1394,0
DA:1395,0
DA:1396,0
DA:1397,0
DA:1398,0
DA:1399,0
DA:1402,0
DA:1403,0
DA:1406,0
DA:1407,0
DA:1409,0
DA:1414,0
DA:1416,0
DA:1421,0
DA:1423,0
DA:1431,0
DA:1432,0
DA:1433,0
DA:1434,0
DA:1437,0
DA:1440,1
DA:1441,0
DA:1442,0
DA:1443,0
DA:1445,0
DA:1446,0
DA:1447,0
DA:1448,0
DA:1449,0
DA:1452,0
DA:1453,0
DA:1456,0
DA:1457,0
DA:1459,0
DA:1464,0
DA:1466,0
DA:1471,0
DA:1473,0
DA:1474,0
DA:1475,0
DA:1476,0
DA:1483,0
DA:1484,0
DA:1485,0
DA:1486,0
DA:1489,0
DA:1492,1
DA:1493,0
DA:1494,0
DA:1496,0
DA:1497,0
DA:1499,0
DA:1500,0
DA:1501,0
DA:1503,0
DA:1504,0
DA:1505,0
DA:1507,0
DA:1510,1
DA:1511,0
DA:1512,0
DA:1514,0
DA:1515,0
DA:1516,0
DA:1517,0
DA:1520,1
DA:1521,0
DA:1522,0
DA:1526,0
DA:1527,0
DA:1531,1
DA:1532,0
DA:1533,0
DA:1536,0
DA:1537,0
DA:1539,0
DA:1542,1
DA:1543,0
DA:1544,0
DA:1547,0
DA:1548,0
DA:1549,0
DA:1552,0
DA:1553,0
DA:1554,0
DA:1555,0
DA:1558,0
DA:1559,0
DA:1561,0
DA:1568,0
DA:1570,0
DA:1575,0
DA:1577,0
DA:1582,0
DA:1584,0
DA:1593,0
DA:1610,0
DA:1613,0
DA:1614,0
DA:1615,0
DA:1616,0
DA:1619,0
DA:1621,0
DA:1622,0
DA:1624,0
DA:1637,0
DA:1638,0
DA:1639,0
DA:1643,1
DA:1644,0
DA:1645,0
DA:1647,0
DA:1648,0
DA:1651,0
DA:1652,0
DA:1653,0
DA:1654,0
DA:1655,0
DA:1657,0
DA:1659,0
DA:1664,0
DA:1665,0
DA:1669,1
DA:1670,0
DA:1671,0
DA:1673,0
DA:1674,0
DA:1677,1
DA:1678,0
DA:1679,0
DA:1681,0
DA:1682,0
DA:1683,0
DA:1687,1
DA:1688,0
DA:1689,0
DA:1691,0
DA:1701,0
DA:1711,0
DA:1723,1
DA:1724,0
DA:1725,0
DA:1727,0
DA:1742,0
DA:1743,0
DA:1744,0
DA:1745,0
DA:1746,0
DA:1747,0
DA:1761,0
DA:1773,1
DA:1775,0
DA:1777,0
DA:1785,0
DA:1789,0
DA:1790,0
DA:1791,0
DA:1792,0
DA:1793,0
DA:1794,0
DA:1795,0
DA:1796,0
DA:1797,0
DA:1798,0
DA:1802,0
DA:1803,0
DA:1804,0
DA:1805,0
DA:1806,0
DA:1807,0
DA:1815,0
DA:1823,1
DA:1824,0
DA:1825,0
DA:1828,1
DA:1829,0
DA:1830,0
DA:1831,0
DA:1833,0
DA:1835,0
DA:1836,0
DA:1839,0
DA:1840,0
DA:1841,0
DA:1842,0
DA:1844,0
DA:1845,0
DA:1847,0
DA:1848,0
DA:1850,0
DA:1851,0
DA:1855,0
DA:1856,0
DA:1857,0
DA:1859,0
DA:1860,0
DA:1862,0
DA:1863,0
DA:1864,0
DA:1874,0
DA:1875,0
DA:1876,0
DA:1877,0
DA:1884,0
DA:1886,0
DA:1887,0
DA:1892,0
DA:1899,0
DA:1900,0
DA:1903,0
DA:1906,0
DA:1907,0
DA:1910,0
DA:1911,0
DA:1914,0
DA:1916,0
DA:1917,0
DA:1918,0
DA:1919,0
DA:1920,0
DA:1921,0
DA:1925,0
DA:1926,0
DA:1927,0
DA:1928,0
DA:1929,0
DA:1930,0
DA:1931,0
DA:1933,0
DA:1936,0
DA:1937,0
DA:1939,0
DA:1944,0
DA:1945,0
DA:1946,0
DA:1953,0
DA:1954,0
DA:1955,0
DA:1956,0
DA:1957,0
DA:1965,0
DA:1971,0
DA:1972,0
DA:1973,0
DA:1983,0
DA:2002,0
DA:2003,0
DA:2004,0
DA:2005,0
DA:2007,0
DA:2009,0
DA:2010,0
DA:2011,0
DA:2012,0
DA:2014,0
DA:2017,0
DA:2018,0
DA:2019,0
DA:2022,0
DA:2025,0
DA:2026,0
DA:2030,0
DA:2034,0
DA:2036,0
DA:2037,0
DA:2038,0
DA:2044,0
DA:2048,0
DA:2049,0
DA:2050,0
DA:2051,0
DA:2058,0
DA:2061,0
DA:2063,0
DA:2068,0
DA:2071,0
DA:2074,0
DA:2075,0
DA:2083,0
DA:2084,0
DA:2085,0
DA:2091,0
DA:2095,0
DA:2096,0
DA:2097,0
DA:2098,0
DA:2099,0
DA:2100,0
DA:2101,0
DA:2103,0
DA:2105,0
DA:2107,0
DA:2108,0
DA:2109,0
DA:2116,0
DA:2117,0
DA:2120,0
DA:2123,0
DA:2124,0
DA:2127,0
DA:2128,0
DA:2129,0
DA:2131,0
DA:2134,0
DA:2135,0
DA:2142,0
DA:2143,0
DA:2144,0
DA:2146,0
DA:2147,0
DA:2148,0
DA:2151,0
DA:2152,0
DA:2155,0
DA:2156,0
DA:2163,0
DA:2164,0
DA:2166,0
DA:2167,0
DA:2169,0
DA:2170,0
DA:2174,0
DA:2176,0
DA:2177,0
DA:2181,0
DA:2185,0
DA:2189,0
DA:2190,0
DA:2195,0
DA:2198,0
DA:2202,0
DA:2203,0
DA:2204,0
DA:2205,0
DA:2206,0
DA:2213,0
DA:2219,0
DA:2220,0
DA:2221,0
DA:2232,0
DA:2233,0
DA:2235,0
DA:2240,0
DA:2242,0
DA:2243,0
DA:2244,0
DA:2245,0
DA:2246,0
DA:2248,0
DA:2251,0
DA:2269,1
DA:2270,0
DA:2271,0
DA:2274,0
DA:2279,0
DA:2280,0
DA:2283,1
DA:2284,0
DA:2285,0
DA:2286,0
DA:2287,0
DA:2288,0
DA:2289,0
DA:2292,1
DA:2293,0
DA:2294,0
DA:2295,0
DA:2296,0
DA:2297,0
DA:2301,1
DA:2302,0
DA:2303,0
DA:2305,0
DA:2308,0
DA:2311,0
DA:2312,0
DA:2313,0
DA:2314,0
DA:2317,0
DA:2318,0
DA:2320,0
DA:2321,0
DA:2322,0
DA:2325,0
DA:2328,0
DA:2329,0
DA:2330,0
DA:2331,0
DA:2334,0
DA:2338,1
DA:2339,0
DA:2340,0
DA:2343,1
DA:2344,0
DA:2345,0
DA:2347,0
DA:2350,0
DA:2351,0
DA:2355,0
DA:2356,0
DA:2357,0
DA:2358,0
DA:2359,0
DA:2361,0
DA:2362,0
DA:2363,0
DA:2365,0
DA:2370,0
DA:2372,0
DA:2373,0
DA:2374,0
DA:2376,0
DA:2379,0
DA:2380,0
DA:2381,0
DA:2382,0
DA:2388,0
DA:2389,0
DA:2390,0
DA:2391,0
DA:2395,0
DA:2398,0
DA:2399,0
DA:2400,0
DA:2401,0
DA:2402,0
DA:2407,0
DA:2408,0
DA:2409,0
DA:2410,0
DA:2413,1
DA:2414,0
DA:2416,0
DA:2419,1
DA:2420,0
DA:2421,0
DA:2422,0
DA:2423,0
DA:2424,0
DA:2425,0
DA:2429,1
DA:2430,0
DA:2431,0
DA:2432,0
DA:2434,0
DA:2435,0
DA:2436,0
DA:2438,0
DA:2439,0
DA:2441,0
DA:2442,0
DA:2445,0
DA:2448,0
DA:2451,0
DA:2452,0
DA:2453,0
DA:2456,0
DA:2457,0
DA:2458,0
DA:2462,0
DA:2463,0
DA:2464,0
DA:2466,0
DA:2467,0
DA:2468,0
DA:2469,0
DA:2473,0
DA:2474,0
DA:2479,0
DA:2480,0
DA:2482,0
DA:2483,0
DA:2487,0
DA:2488,0
DA:2490,0
DA:2491,0
DA:2492,0
DA:2493,0
DA:2497,0
DA:2498,0
DA:2499,0
DA:2500,0
DA:2502,0
DA:2507,0
DA:2508,0
DA:2513,0
DA:2515,0
DA:2516,0
DA:2520,1
DA:2521,0
DA:2522,0
DA:2523,0
DA:2524,0
DA:2525,0
DA:2528,0
DA:2531,0
DA:2532,0
DA:2534,0
DA:2535,0
DA:2537,0
DA:2538,0
DA:2541,0
DA:2544,0
DA:2545,0
DA:2549,0
DA:2550,0
DA:2551,0
DA:2553,0
DA:2556,0
DA:2557,0
DA:2558,0
DA:2560,0
DA:2561,0
DA:2564,0
DA:2565,0
DA:2567,0
DA:2568,0
DA:2571,0
DA:2572,0
DA:2573,0
DA:2574,0
DA:2577,0
DA:2578,0
DA:2580,0
DA:2581,0
DA:2584,0
DA:2585,0
DA:2586,0
DA:2588,0
DA:2589,0
DA:2593,0
DA:2598,0
DA:2600,0
DA:2613,1
DA:2614,0
DA:2615,0
DA:2619,1
DA:2620,0
DA:2622,0
DA:2627,0
DA:2630,0
DA:2631,0
DA:2632,0
DA:2633,0
DA:2635,0
DA:2641,0
DA:2644,0
DA:2649,0
DA:2652,0
DA:2657,0
DA:2659,0
DA:2669,0
DA:2670,0
DA:2679,1
DA:2692,1
DA:2695,1
DA:2696,0
DA:2699,0
DA:2701,0
DA:2706,0
DA:2711,0
DA:2712,0
DA:2718,0
DA:2725,0
DA:2730,0
DA:2732,0
DA:2733,0
DA:2734,0
DA:2735,0
DA:2736,0
DA:2737,0
DA:2738,0
DA:2739,0
DA:2740,0
DA:2741,0
DA:2746,0
DA:2748,0
DA:2749,0
DA:2751,0
DA:2752,0
DA:2756,0
DA:2758,0
DA:2759,0
DA:2760,0
DA:2762,0
DA:2763,0
DA:2765,0
DA:2766,0
DA:2767,0
DA:2768,0
DA:2769,0
DA:2774,0
DA:2779,0
DA:2780,0
DA:2786,0
DA:2787,0
DA:2790,0
DA:2791,0
DA:2792,0
DA:2793,0
DA:2794,0
DA:2795,0
DA:2796,0
DA:2797,0
DA:2799,0
DA:2800,0
DA:2802,0
DA:2803,0
DA:2804,0
DA:2805,0
DA:2806,0
DA:2807,0
DA:2808,0
DA:2809,0
DA:2815,0
DA:2817,0
DA:2818,0
DA:2820,0
DA:2822,0
DA:2823,0
DA:2824,0
DA:2825,0
DA:2827,0
DA:2847,0
DA:2848,0
DA:2849,0
DA:2850,0
DA:2851,0
DA:2852,0
DA:2853,0
DA:2854,0
DA:2855,0
DA:2856,0
DA:2857,0
DA:2859,0
DA:2860,0
DA:2861,0
DA:2865,0
DA:2866,0
DA:2867,0
DA:2868,0
DA:2869,0
DA:2870,0
DA:2871,0
DA:2881,0
DA:2882,0
DA:2883,0
DA:2884,0
DA:2885,0
DA:2886,0
DA:2887,0
DA:2888,0
DA:2890,0
DA:2891,0
DA:2892,0
DA:2893,0
DA:2894,0
DA:2897,0
DA:2898,0
DA:2899,0
DA:2900,0
DA:2902,0
DA:2923,0
DA:2924,0
DA:2925,0
DA:2927,0
DA:2928,0
DA:2935,0
DA:2938,0
DA:2939,0
DA:2940,0
DA:2941,0
DA:2942,0
DA:2943,0
DA:2944,0
DA:2945,0
DA:2955,0
DA:2956,0
DA:2960,0
DA:2963,0
DA:2965,0
DA:2966,0
DA:2967,0
DA:2968,0
DA:2969,0
DA:2973,0
DA:2974,0
DA:2975,0
DA:2976,0
DA:2977,0
DA:2978,0
DA:2979,0
DA:2980,0
DA:2983,0
DA:2984,0
DA:2985,0
DA:2986,0
DA:2987,0
DA:2991,0
DA:2992,0
DA:2993,0
DA:2994,0
DA:2995,0
DA:2998,0
DA:3011,0
DA:3029,1
DA:3030,0
DA:3031,0
DA:3032,0
DA:3033,0
DA:3036,0
DA:3037,0
DA:3045,0
DA:3047,0
DA:3048,0
DA:3050,0
DA:3052,0
DA:3056,0
DA:3068,1
DA:3069,0
DA:3070,0
DA:3071,0
DA:3073,0
DA:3074,0
DA:3076,0
DA:3079,1
DA:3080,0
DA:3081,0
DA:3082,0
DA:3083,0
DA:3084,0
DA:3087,0
DA:3088,0
DA:3089,0
DA:3092,0
DA:3099,1
DA:3100,0
DA:3101,0
DA:3102,0
DA:3103,0
DA:3106,1
DA:3107,0
DA:3108,0
DA:3111,0
DA:3112,0
DA:3113,0
DA:3116,0
DA:3126,1
DA:3127,0
DA:3128,0
DA:3129,0
DA:3130,0
DA:3132,0
DA:3133,0
DA:3137,1
DA:3138,0
DA:3139,0
DA:3142,0
DA:3143,0
DA:3147,0
DA:3148,0
DA:3151,0
DA:3152,0
DA:3156,0
DA:3157,0
DA:3158,0
DA:3161,0
DA:3164,0
DA:3165,0
DA:3168,0
DA:3169,0
DA:3170,0
DA:3171,0
DA:3176,0
DA:3177,0
DA:3179,0
DA:3180,0
DA:3183,0
DA:3184,0
DA:3187,0
DA:3188,0
DA:3190,0
DA:3196,0
DA:3199,0
DA:3200,0
DA:3208,1
DA:3209,0
DA:3210,0
DA:3214,1
DA:3215,0
DA:3216,0
DA:3217,0
DA:3220,0
DA:3221,0
DA:3224,0
DA:3225,0
DA:3226,0
DA:3229,0
DA:3239,0
DA:3241,0
DA:3242,0
DA:3250,1
DA:3251,0
DA:3254,0
DA:3255,0
DA:3258,0
DA:3261,0
DA:3264,0
DA:3266,0
DA:3275,1
DA:3276,0
DA:3277,0
DA:3278,0
DA:3279,0
DA:3282,0
DA:3283,0
DA:3284,0
DA:3285,0
DA:3287,0
DA:3288,0
DA:3289,0
DA:3291,0
DA:3292,0
DA:3293,0
DA:3296,0
DA:3297,0
DA:3298,0
DA:3299,0
DA:3300,0
DA:3301,0
DA:3302,0
DA:3305,0
DA:3306,0
DA:3307,0
DA:3315,0
DA:3321,0
DA:3322,0
DA:3329,1
DA:3331,1
DA:3333,0
DA:3334,0
DA:3335,0
DA:3339,1
DA:3340,0
DA:3341,0
DA:3343,0
DA:3344,0
DA:3347,0
DA:3348,0
DA:3349,0
DA:3351,0
DA:3352,0
DA:3353,0
DA:3356,0
DA:3357,0
DA:3362,0
DA:3363,0
DA:3364,0
DA:3366,0
DA:3369,0
DA:3370,0
DA:3372,0
DA:3374,0
DA:3375,0
DA:3376,0
DA:3379,0
DA:3385,0
DA:3391,0
DA:3407,1
DA:3408,0
DA:3410,0
DA:3418,0
DA:3420,0
DA:3439,1
DA:3440,0
DA:3441,0
DA:3444,0
DA:3448,0
DA:3449,0
DA:3450,0
DA:3454,0
DA:3458,0
DA:3459,0
DA:3462,0
DA:3466,1
DA:3467,0
DA:3469,0
DA:3470,0
DA:3473,0
DA:3474,0
DA:3477,0
DA:3481,0
DA:3482,0
DA:3484,0
DA:3485,0
DA:3486,0
DA:3487,0
DA:3488,0
DA:3491,0
DA:3494,0
DA:3497,0
DA:3498,0
DA:3499,0
DA:3501,0
DA:3502,0
DA:3503,0
DA:3505,0
DA:3506,0
DA:3507,0
DA:3509,0
DA:3510,0
DA:3514,0
DA:3515,0
DA:3517,0
DA:3518,0
DA:3520,0
DA:3521,0
DA:3524,0
DA:3525,0
DA:3526,0
DA:3528,0
DA:3531,0
DA:3535,0
DA:3537,0
DA:3538,0
DA:3543,0
DA:3544,0
DA:3545,0
DA:3548,0
DA:3549,0
DA:3551,0
DA:3554,0
DA:3555,0
DA:3556,0
DA:3557,0
DA:3558,0
DA:3559,0
DA:3566,0
DA:3570,0
DA:3572,0
DA:3577,0
DA:3578,0
DA:3579,0
DA:3586,0
DA:3587,0
DA:3588,0
DA:3589,0
DA:3593,0
DA:3601,0
DA:3605,1
DA:3606,0
DA:3607,0
DA:3611,0
DA:3613,0
DA:3617,1
DA:3618,0
DA:3620,0
DA:3623,0
DA:3626,0
DA:3627,0
DA:3630,0
DA:3633,0
DA:3637,0
DA:3638,0
DA:3639,0
DA:3642,0
DA:3643,0
DA:3644,0
DA:3645,0
DA:3647,0
DA:3649,0
DA:3652,0
DA:3659,0
DA:3662,0
DA:3668,0
DA:3672,1
DA:3673,0
DA:3674,0
DA:3676,0
DA:3679,0
DA:3681,0
DA:3683,0
DA:3684,0
DA:3690,0
DA:3691,0
DA:3692,0
DA:3693,0
DA:3694,0
DA:3698,0
DA:3705,0
DA:3706,0
DA:3707,0
DA:3711,0
DA:3718,0
DA:3726,0
DA:3728,0
DA:3730,0
DA:3735,0
DA:3737,0
DA:3745,0
DA:3751,0
DA:3755,1
DA:3758,0
DA:3759,0
DA:3762,0
DA:3763,0
DA:3764,0
DA:3766,0
DA:3769,0
DA:3770,0
DA:3773,0
DA:3774,0
DA:3776,0
DA:3777,0
DA:3778,0
DA:3783,0
DA:3784,0
DA:3786,0
DA:3787,0
DA:3788,0
DA:3789,0
DA:3790,0
DA:3794,0
DA:3796,0
DA:3800,0
DA:3804,1
DA:3805,0
DA:3806,0
DA:3809,0
DA:3812,0
DA:3813,0
DA:3814,0
DA:3819,0
DA:3820,0
DA:3821,0
DA:3822,0
DA:3825,0
DA:3826,0
DA:3828,0
DA:3831,0
DA:3832,0
DA:3833,0
DA:3834,0
DA:3835,0
DA:3837,0
DA:3842,0
DA:3860,1
DA:3861,0
DA:3862,0
DA:3863,0
DA:3864,0
DA:3867,0
DA:3871,0
DA:3872,0
DA:3875,0
DA:3876,0
DA:3881,0
DA:3885,1
DA:3886,0
DA:3887,0
DA:3888,0
DA:3889,0
DA:3892,0
DA:3896,0
DA:3897,0
DA:3900,0
DA:3905,0
DA:3911,1
DA:3912,0
DA:3913,0
DA:3915,0
DA:3916,0
DA:3919,0
DA:3925,0
DA:3929,1
DA:3930,0
DA:3931,0
DA:3933,0
DA:3934,0
DA:3937,0
DA:3943,0
DA:3947,1
DA:3948,0
DA:3949,0
DA:3950,0
DA:3951,0
DA:3953,0
DA:3954,0
DA:3956,0
DA:3957,0
DA:3959,0
DA:3960,0
DA:3961,0
DA:3964,0
DA:3965,0
DA:3966,0
DA:3970,0
DA:3971,0
DA:3972,0
DA:3973,0
DA:3974,0
DA:3976,0
DA:3979,0
DA:3985,0
DA:3988,0
DA:3989,0
DA:3996,0
DA:3997,0
DA:3998,0
DA:3999,0
DA:4001,0
DA:4002,0
DA:4003,0
DA:4004,0
DA:4005,0
DA:4013,0
DA:4014,0
DA:4018,1
DA:4019,0
DA:4020,0
DA:4021,0
DA:4022,0
DA:4024,0
DA:4025,0
DA:4027,0
DA:4028,0
DA:4029,0
DA:4032,0
DA:4033,0
DA:4034,0
DA:4038,0
DA:4039,0
DA:4040,0
DA:4041,0
DA:4042,0
DA:4044,0
DA:4047,0
DA:4049,0
DA:4051,0
DA:4052,0
DA:4053,0
DA:4058,0
DA:4059,0
DA:4063,0
DA:4064,0
DA:4066,0
DA:4067,0
DA:4068,0
DA:4069,0
DA:4070,0
DA:4077,0
DA:4078,0
DA:4082,1
DA:4083,0
DA:4084,0
DA:4085,0
DA:4087,0
DA:4088,0
DA:4091,0
DA:4092,0
DA:4094,0
DA:4095,0
DA:4097,0
DA:4098,0
DA:4102,0
DA:4103,0
DA:4104,0
DA:4105,0
DA:4109,0
DA:4110,0
DA:4116,0
DA:4117,0
DA:4124,0
DA:4125,0
DA:4127,0
DA:4130,1
DA:4131,0
DA:4133,0
DA:4134,0
DA:4135,0
DA:4138,1
DA:4139,0
DA:4140,0
DA:4141,0
DA:4142,0
DA:4146,1
DA:4147,0
DA:4148,0
DA:4149,0
DA:4152,1
DA:4153,0
DA:4154,0
DA:4155,0
DA:4156,0
DA:4157,0
DA:4160,1
DA:4161,0
DA:4162,0
DA:4163,0
DA:4164,0
DA:4165,0
DA:4166,0
DA:4169,1
DA:4170,0
DA:4171,0
DA:4173,0
DA:4174,0
DA:4177,0
DA:4178,0
DA:4179,0
DA:4180,0
DA:4183,0
DA:4189,0
DA:4193,1
DA:4194,0
DA:4195,0
DA:4196,0
DA:4198,0
DA:4199,0
DA:4202,0
DA:4203,0
DA:4206,1
DA:4207,0
DA:4208,0
DA:4211,1
DA:4212,0
DA:4213,0
DA:4215,0
DA:4216,0
DA:4217,0
DA:4220,1
DA:4221,0
DA:4222,0
DA:4223,0
DA:4225,0
DA:4226,0
DA:4229,1
DA:4230,0
DA:4236,0
DA:4239,1
DA:4240,0
DA:4241,0
DA:4242,0
DA:4243,0
DA:4244,0
DA:4250,0
DA:4253,1
DA:4254,0
DA:4255,0
DA:4256,0
DA:4262,0
DA:4265,1
DA:4266,0
DA:4268,0
DA:4269,0
DA:4270,0
DA:4271,0
DA:4272,0
DA:4273,0
DA:4274,0
DA:4275,0
DA:4283,1
DA:4284,0
DA:4285,0
DA:4286,0
DA:4290,1
DA:4291,0
DA:4292,0
DA:4293,0
DA:4294,0
DA:4295,0
DA:4296,0
DA:4297,0
DA:4299,0
DA:4300,0
DA:4301,0
DA:4302,0
DA:4303,0
DA:4304,0
DA:4305,0
DA:4306,0
DA:4308,0
DA:4309,0
DA:4310,0
DA:4314,1
DA:4315,0
DA:4327,0
DA:4328,0
DA:4329,0
DA:4340,1
DA:4341,0
DA:4342,0
DA:4344,0
DA:4345,0
DA:4346,0
DA:4348,0
DA:4349,0
DA:4350,0
DA:4352,0
DA:4359,1
DA:4360,0
DA:4361,0
DA:4362,0
DA:4363,0
DA:4369,1
DA:4370,0
DA:4371,0
DA:4372,0
DA:4373,0
DA:4381,0
DA:4382,0
DA:4383,0
DA:4384,0
DA:4386,0
DA:4387,0
DA:4389,0
DA:4403,0
DA:4408,0
DA:4409,0
DA:4410,0
DA:4411,0
DA:4412,0
DA:4416,0
DA:4417,0
DA:4418,0
DA:4419,0
DA:4421,0
DA:4422,0
DA:4423,0
DA:4425,0
DA:4426,0
DA:4427,0
DA:4428,0
DA:4430,0
DA:4431,0
DA:4434,0
DA:4436,0
DA:4440,0
DA:4445,0
DA:4446,0
DA:4460,0
DA:4466,0
DA:4467,0
DA:4468,0
DA:4471,0
DA:4472,0
DA:4475,0
DA:4476,0
DA:4477,0
DA:4478,0
DA:4479,0
DA:4485,0
DA:4486,0
DA:4489,0
DA:4494,0
DA:4496,0
DA:4497,0
DA:4498,0
DA:4499,0
DA:4505,0
DA:4506,0
DA:4510,0
DA:4511,0
DA:4512,0
DA:4513,0
DA:4519,0
DA:4520,0
DA:4522,0
DA:4528,0
DA:4529,0
DA:4530,0
DA:4531,0
DA:4537,0
DA:4538,0
DA:4540,0
DA:4546,0
DA:4547,0
DA:4548,0
DA:4549,0
DA:4555,0
DA:4556,0
DA:4558,0
DA:4561,0
DA:4576,0
DA:4577,0
DA:4578,0
DA:4579,0
DA:4580,0
DA:4581,0
DA:4582,0
DA:4589,0
DA:4590,0
DA:4596,0
DA:4599,0
DA:4607,0
DA:4608,0
DA:4609,0
DA:4610,0
DA:4611,0
DA:4618,0
DA:4619,0
DA:4620,0
DA:4626,0
DA:4629,0
DA:4634,0
DA:4635,0
DA:4640,0
DA:4641,0
DA:4646,0
DA:4647,0
DA:4657,0
DA:4660,0
DA:4680,1
DA:4681,0
DA:4682,0
DA:4691,0
DA:4694,0
DA:4700,0
DA:4701,0
DA:4703,0
DA:4705,0
DA:4706,0
DA:4711,1
DA:4712,0
DA:4713,0
DA:4717,1
DA:4718,0
DA:4719,0
DA:4721,0
DA:4722,0
DA:4723,0
DA:4725,0
DA:4732,0
DA:4733,0
DA:4735,0
DA:4736,0
DA:4740,0
DA:4745,0
DA:4746,0
DA:4747,0
DA:4749,0
DA:4782,0
DA:4784,0
DA:4796,1
DA:4797,0
DA:4798,0
DA:4799,0
DA:4801,0
DA:4807,0
DA:4810,1
DA:4811,0
DA:4816,0
DA:4822,1
DA:4824,1
DA:4825,0
DA:4826,0
DA:4827,0
DA:4828,0
DA:4831,0
DA:4835,0
DA:4836,0
DA:4837,0
DA:4843,1
DA:4853,1
DA:4854,0
DA:4855,0
DA:4856,0
DA:4858,0
DA:4861,0
DA:4862,0
DA:4863,0
DA:4864,0
DA:4870,0
DA:4871,0
DA:4872,0
DA:4879,0
DA:4880,0
DA:4881,0
DA:4882,0
DA:4883,0
DA:4884,0
DA:4891,0
DA:4894,1
DA:4895,0
DA:4896,0
DA:4897,0
DA:4900,0
DA:4903,0
DA:4904,0
DA:4906,0
DA:4908,0
DA:4909,0
DA:4910,0
DA:4918,0
DA:4919,0
DA:4920,0
DA:4921,0
DA:4922,0
DA:4925,0
DA:4926,0
DA:4927,0
DA:4928,0
DA:4929,0
DA:4930,0
DA:4931,0
DA:4932,0
DA:4933,0
DA:4935,0
DA:4937,0
DA:4938,0
DA:4939,0
DA:4940,0
DA:4942,0
DA:4946,1
DA:4947,0
DA:4948,0
DA:4949,0
DA:4951,0
DA:4952,0
DA:4955,1
DA:4961,0
DA:4962,0
DA:4963,0
DA:4965,0
DA:4966,0
DA:4967,0
DA:4970,1
DA:4971,0
DA:4972,0
DA:4973,0
DA:4975,0
DA:4976,0
DA:4977,0
DA:4979,0
DA:4980,0
DA:4981,0
DA:4984,1
DA:4985,0
DA:4986,0
DA:4987,0
DA:4989,0
DA:4990,0
DA:4993,1
DA:4998,0
DA:5000,0
DA:5001,0
DA:5002,0
DA:5003,0
DA:5004,0
DA:5005,0
DA:5006,0
DA:5008,0
DA:5009,0
DA:5010,0
DA:5014,0
DA:5028,1
DA:5030,1
DA:5031,0
DA:5032,0
DA:5033,0
DA:5034,0
DA:5035,0
DA:5036,0
DA:5037,0
DA:5038,0
DA:5047,0
DA:5048,0
DA:5049,0
DA:5052,0
DA:5053,0
DA:5060,0
DA:5061,0
DA:5062,0
DA:5063,0
DA:5068,0
DA:5069,0
DA:5070,0
DA:5076,0
DA:5082,0
DA:5083,0
DA:5086,0
DA:5094,0
DA:5097,0
DA:5098,0
DA:5099,0
DA:5103,0
DA:5106,0
DA:5107,0
DA:5108,0
DA:5112,0
DA:5115,0
DA:5116,0
DA:5117,0
DA:5121,0
DA:5124,0
DA:5125,0
DA:5126,0
DA:5130,0
DA:5134,0
DA:5135,0
DA:5141,0
DA:5142,0
DA:5148,0
DA:5149,0
DA:5155,0
DA:5156,0
DA:5171,0
DA:5172,0
DA:5180,0
DA:5182,0
DA:5187,0
DA:5188,0
DA:5196,0
DA:5197,0
DA:5198,0
DA:5202,0
DA:5205,0
DA:5207,0
DA:5208,0
DA:5220,0
DA:5222,0
DA:5227,0
DA:5229,0
DA:5230,0
DA:5231,0
DA:5239,0
DA:5240,0
DA:5241,0
DA:5243,0
DA:5249,0
DA:5250,0
DA:5255,0
DA:5256,0
DA:5264,0
DA:5268,0
DA:5270,0
DA:5271,0
DA:5274,0
DA:5277,0
DA:5282,0
DA:5283,0
DA:5288,0
DA:5289,0
DA:5290,0
DA:5291,0
DA:5293,0
DA:5294,0
DA:5295,0
DA:5297,0
DA:5298,0
DA:5299,0
DA:5301,0
DA:5302,0
DA:5303,0
DA:5305,0
DA:5310,0
DA:5311,0
DA:5314,0
DA:5317,0
DA:5318,0
DA:5321,0
DA:5322,0
DA:5326,0
DA:5327,0
DA:5328,0
DA:5329,0
DA:5331,0
DA:5332,0
DA:5333,0
DA:5334,0
DA:5338,0
DA:5339,0
DA:5340,0
DA:5342,0
DA:5348,0
DA:5349,0
DA:5350,0
DA:5352,0
DA:5353,0
DA:5354,0
DA:5366,0
DA:5367,0
DA:5368,0
DA:5369,0
DA:5370,0
DA:5371,0
DA:5372,0
DA:5374,0
DA:5376,0
DA:5380,0
DA:5405,0
DA:5408,0
DA:5409,0
DA:5410,0
DA:5412,0
DA:5414,0
DA:5416,0
DA:5417,0
DA:5418,0
DA:5419,0
DA:5420,0
DA:5426,0
DA:5427,0
DA:5428,0
DA:5429,0
DA:5430,0
DA:5431,0
DA:5432,0
DA:5433,0
DA:5434,0
DA:5437,0
DA:5450,0
DA:5452,0
DA:5472,0
DA:5483,0
DA:5486,0
DA:5495,0
DA:5498,0
DA:5509,0
DA:5512,0
DA:5523,0
DA:5526,0
DA:5527,0
DA:5539,0
DA:5551,0
DA:5554,0
DA:5563,0
DA:5566,0
DA:5583,0
DA:5586,0
DA:5595,0
DA:5600,0
DA:5601,0
DA:5612,0
DA:5617,0
DA:5620,0
DA:5635,0
DA:5638,0
DA:5642,0
DA:5643,0
DA:5644,0
DA:5645,0
DA:5647,0
DA:5648,0
DA:5649,0
DA:5651,0
DA:5652,0
DA:5653,0
DA:5658,0
DA:5672,0
DA:5675,0
DA:5680,0
DA:5681,0
DA:5682,0
DA:5683,0
DA:5685,0
DA:5686,0
DA:5687,0
DA:5689,0
DA:5690,0
DA:5691,0
DA:5693,0
DA:5694,0
DA:5695,0
DA:5699,0
DA:5712,0
DA:5715,0
DA:5717,0
DA:5718,0
DA:5723,0
DA:5724,0
DA:5726,0
DA:5729,0
DA:5731,0
DA:5732,0
DA:5733,0
DA:5734,0
DA:5735,0
DA:5737,0
DA:5741,0
DA:5743,0
DA:5744,0
DA:5748,0
DA:5751,0
DA:5752,0
DA:5753,0
DA:5754,0
DA:5755,0
DA:5756,0
DA:5762,0
DA:5763,0
DA:5764,0
DA:5765,0
DA:5766,0
DA:5777,0
DA:5778,0
DA:5779,0
DA:5780,0
DA:5789,0
DA:5790,0
DA:5791,0
DA:5792,0
DA:5795,0
DA:5796,0
DA:5797,0
DA:5803,0
DA:5804,0
DA:5805,0
DA:5808,0
DA:5809,0
DA:5810,0
DA:5811,0
DA:5814,0
DA:5815,0
DA:5819,0
DA:5820,0
DA:5824,1
DA:5825,1
DA:5826,1
DA:5827,1
DA:5828,0
DA:5829,0
DA:5831,0
DA:5832,0
DA:5834,0
DA:5835,0
DA:5836,0
DA:5837,0
DA:5838,0
DA:5839,0
DA:5840,0
DA:5842,0
DA:5844,0
DA:5845,0
DA:5848,0
DA:5849,0
DA:5858,0
DA:5859,0
DA:5860,0
DA:5862,0
DA:5863,0
DA:5864,0
DA:5866,0
DA:5867,0
DA:5868,0
DA:5869,0
DA:5874,0
DA:5875,0
DA:5879,0
DA:5880,0
DA:5881,0
DA:5882,0
DA:5887,0
DA:5892,0
DA:5897,0
DA:5898,0
DA:5899,0
DA:5900,0
DA:5901,0
DA:5902,0
DA:5903,0
DA:5904,0
DA:5910,0
DA:5912,0
DA:5915,0
DA:5919,1
DA:5920,0
DA:5921,0
DA:5922,0
DA:5924,0
DA:5925,0
DA:5929,1
DA:5930,0
DA:5931,0
DA:5932,0
DA:5934,0
DA:5935,0
DA:5936,0
DA:5939,0
DA:5940,0
DA:5941,0
DA:5942,0
DA:5945,0
DA:5946,0
DA:5947,0
DA:5954,1
DA:5955,0
DA:5956,0
DA:5957,0
DA:5959,0
DA:5960,0
DA:5961,0
DA:5965,0
DA:5966,0
DA:5967,0
DA:5968,0
DA:5969,0
DA:5970,0
DA:5976,0
DA:5977,0
DA:5981,1
DA:5982,1
DA:5983,0
DA:5984,0
DA:5985,0
DA:5986,0
DA:5988,0
DA:5990,0
DA:5991,0
DA:5993,0
DA:5994,0
DA:5995,0
DA:5996,0
DA:5997,0
DA:5998,0
DA:5999,0
DA:6004,0
DA:6006,0
DA:6007,0
DA:6026,0
DA:6027,0
DA:6028,0
DA:6029,0
DA:6030,0
DA:6031,0
DA:6032,0
DA:6034,0
DA:6040,0
DA:6042,0
DA:6044,0
DA:6045,0
DA:6046,0
DA:6047,0
DA:6049,0
DA:6050,0
DA:6057,0
DA:6059,0
DA:6065,0
DA:6066,0
DA:6068,0
DA:6071,0
DA:6072,0
DA:6073,0
DA:6080,0
DA:6081,0
DA:6082,0
DA:6083,0
DA:6084,0
DA:6089,0
DA:6090,0
DA:6091,0
DA:6097,0
DA:6098,0
DA:6100,0
DA:6101,0
DA:6102,0
DA:6107,0
DA:6108,0
DA:6109,0
DA:6114,0
DA:6115,0
DA:6116,0
DA:6117,0
DA:6118,0
DA:6119,0
DA:6124,0
DA:6125,0
DA:6129,0
DA:6131,0
DA:6134,0
DA:6135,0
DA:6138,0
DA:6141,1
DA:6142,0
DA:6143,0
DA:6144,0
DA:6145,0
DA:6148,0
DA:6149,0
DA:6150,0
DA:6151,0
DA:6153,0
DA:6156,0
DA:6162,0
DA:6163,0
DA:6165,0
DA:6166,0
DA:6167,0
DA:6168,0
DA:6169,0
DA:6172,0
DA:6178,0
DA:6179,0
DA:6181,0
DA:6183,0
DA:6184,0
DA:6185,0
DA:6187,0
DA:6188,0
DA:6189,0
DA:6192,0
DA:6200,0
DA:6201,0
DA:6204,0
DA:6211,0
DA:6212,0
DA:6215,0
DA:6216,0
DA:6218,0
DA:6221,0
DA:6223,0
DA:6229,0
DA:6239,0
DA:6253,0
DA:6260,0
DA:6261,0
DA:6262,0
DA:6278,0
DA:6279,0
DA:6281,0
DA:6282,0
DA:6285,0
DA:6295,0
DA:6307,1
DA:6308,0
DA:6309,0
DA:6311,0
DA:6312,0
DA:6313,0
DA:6314,0
DA:6316,0
DA:6324,0
DA:6325,0
DA:6334,0
DA:6335,0
DA:6336,0
DA:6338,0
DA:6345,0
DA:6347,0
DA:6355,0
DA:6357,0
DA:6360,0
DA:6361,0
DA:6362,0
DA:6363,0
DA:6371,0
DA:6372,0
DA:6373,0
DA:6377,0
DA:6378,0
DA:6379,0
DA:6380,0
DA:6381,0
DA:6382,0
DA:6392,0
DA:6393,0
DA:6394,0
DA:6395,0
DA:6396,0
DA:6397,0
DA:6406,0
DA:6407,0
DA:6408,0
DA:6418,0
DA:6424,1
DA:6425,0
DA:6426,0
DA:6427,0
DA:6428,0
DA:6429,0
DA:6431,0
DA:6447,0
DA:6448,0
DA:6449,0
DA:6450,0
DA:6452,0
DA:6453,0
DA:6454,0
DA:6455,0
DA:6456,0
DA:6457,0
DA:6458,0
DA:6460,0
DA:6461,0
DA:6463,0
DA:6464,0
DA:6465,0
DA:6467,0
DA:6468,0
DA:6482,0
DA:6483,0
DA:6485,0
DA:6507,1
DA:6508,0
DA:6511,0
DA:6522,0
DA:6523,0
DA:6524,0
DA:6525,0
DA:6527,0
DA:6528,0
DA:6529,0
DA:6530,0
DA:6531,0
DA:6532,0
DA:6533,0
DA:6534,0
DA:6535,0
DA:6536,0
DA:6537,0
DA:6542,0
DA:6551,0
DA:6552,0
DA:6553,0
DA:6554,0
DA:6558,0
DA:6565,0
DA:6566,0
DA:6567,0
DA:6570,0
DA:6602,1
DA:6603,0
DA:6604,0
DA:6607,0
DA:6614,0
DA:6621,0
DA:6622,0
DA:6623,0
DA:6624,0
DA:6625,0
DA:6626,0
DA:6627,0
DA:6632,0
DA:6640,0
DA:6641,0
DA:6642,0
DA:6643,0
DA:6647,0
DA:6648,0
DA:6650,0
DA:6651,0
DA:6652,0
DA:6653,0
DA:6654,0
DA:6660,0
DA:6661,0
DA:6662,0
DA:6664,0
DA:6665,0
DA:6666,0
DA:6667,0
DA:6668,0
DA:6670,0
DA:6671,0
DA:6672,0
DA:6673,0
DA:6674,0
DA:6676,0
DA:6678,0
DA:6679,0
DA:6681,0
DA:6694,0
DA:6710,1
DA:6711,0
DA:6712,0
DA:6713,0
DA:6716,0
DA:6717,0
DA:6718,0
DA:6721,0
DA:6723,0
DA:6725,0
DA:6727,0
DA:6741,1
DA:6742,0
DA:6744,0
DA:6745,0
DA:6751,0
DA:6754,0
DA:6758,0
DA:6762,1
DA:6763,0
DA:6764,0
DA:6765,0
DA:6766,0
DA:6767,0
DA:6769,0
DA:6771,0
DA:6772,0
DA:6784,0
DA:6785,0
DA:6786,0
DA:6788,0
DA:6790,0
DA:6791,0
DA:6792,0
DA:6794,0
DA:6795,0
DA:6796,0
DA:6797,0
DA:6798,0
DA:6799,0
DA:6800,0
DA:6801,0
DA:6804,0
DA:6805,0
DA:6808,0
DA:6811,1
DA:6812,0
DA:6813,0
DA:6814,0
DA:6817,0
DA:6818,0
DA:6819,0
DA:6820,0
DA:6826,0
DA:6831,0
DA:6832,0
DA:6835,0
DA:6836,0
DA:6837,0
DA:6838,0
DA:6841,0
DA:6842,0
DA:6851,1
DA:6852,0
DA:6853,0
DA:6854,0
DA:6856,0
DA:6857,0
DA:6860,1
DA:6861,1
DA:6862,1
DA:6865,1
DA:6866,0
DA:6867,0
DA:6872,1
DA:6873,0
DA:6874,0
DA:6875,0
DA:6876,0
DA:6880,1
DA:6882,0
DA:6883,0
DA:6884,0
DA:6886,0
DA:6887,0
DA:6888,0
DA:6891,0
DA:6894,0
DA:6895,0
DA:6896,0
DA:6897,0
DA:6898,0
DA:6900,0
DA:6901,0
DA:6907,0
DA:6908,0
DA:6912,0
DA:6913,0
DA:6918,0
DA:6920,0
DA:6921,0
DA:6929,0
DA:6932,0
DA:6933,0
DA:6934,0
DA:6935,0
DA:6938,0
DA:6939,0
LF:2929
LH:207
BRDA:49,0,0,1
BRDA:49,0,1,0
BRDA:79,1,0,0
BRDA:79,1,1,0
BRDA:89,2,0,0
BRDA:89,2,1,0
BRDA:99,3,0,0
BRDA:99,3,1,0
BRDA:116,4,0,0
BRDA:116,4,1,0
BRDA:116,5,0,0
BRDA:116,5,1,0
BRDA:126,6,0,0
BRDA:126,6,1,0
BRDA:130,7,0,0
BRDA:130,7,1,0
BRDA:133,8,0,0
BRDA:133,8,1,0
BRDA:138,9,0,0
BRDA:138,9,1,0
BRDA:139,10,0,0
BRDA:139,10,1,0
BRDA:145,11,0,0
BRDA:145,11,1,0
BRDA:149,12,0,0
BRDA:149,12,1,0
BRDA:156,13,0,0
BRDA:156,13,1,0
BRDA:159,14,0,0
BRDA:159,14,1,0
BRDA:160,15,0,0
BRDA:160,15,1,0
BRDA:160,16,0,0
BRDA:160,16,1,0
BRDA:172,17,0,0
BRDA:172,17,1,0
BRDA:173,18,0,0
BRDA:173,18,1,0
BRDA:174,19,0,0
BRDA:174,19,1,0
BRDA:178,20,0,0
BRDA:178,20,1,0
BRDA:179,21,0,0
BRDA:179,21,1,0
BRDA:179,22,0,0
BRDA:179,22,1,0
BRDA:180,23,0,0
BRDA:180,23,1,0
BRDA:181,24,0,0
BRDA:181,24,1,0
BRDA:198,25,0,0
BRDA:198,25,1,0
BRDA:210,26,0,0
BRDA:210,26,1,0
BRDA:210,26,2,0
BRDA:212,27,0,0
BRDA:212,27,1,0
BRDA:221,28,0,0
BRDA:221,28,1,0
BRDA:221,29,0,0
BRDA:221,29,1,0
BRDA:228,30,0,0
BRDA:228,30,1,0
BRDA:236,31,0,0
BRDA:236,31,1,0
BRDA:237,32,0,0
BRDA:237,32,1,0
BRDA:239,33,0,0
BRDA:239,33,1,0
BRDA:248,34,0,0
BRDA:248,34,1,0
BRDA:249,35,0,0
BRDA:249,35,1,0
BRDA:252,36,0,0
BRDA:252,36,1,0
BRDA:253,37,0,0
BRDA:253,37,1,0
BRDA:267,38,0,0
BRDA:267,38,1,0
BRDA:271,39,0,0
BRDA:271,39,1,0
BRDA:272,40,0,0
BRDA:272,40,1,0
BRDA:288,41,0,0
BRDA:288,41,1,0
BRDA:288,41,2,0
BRDA:289,42,0,0
BRDA:289,42,1,0
BRDA:289,43,0,0
BRDA:289,43,1,0
BRDA:297,44,0,0
BRDA:297,44,1,0
BRDA:298,45,0,0
BRDA:298,45,1,0
BRDA:299,46,0,0
BRDA:299,46,1,0
BRDA:304,47,0,0
BRDA:304,47,1,0
BRDA:304,48,0,0
BRDA:304,48,1,0
BRDA:331,49,0,0
BRDA:331,49,1,0
BRDA:333,50,0,0
BRDA:333,50,1,0
BRDA:372,51,0,0
BRDA:372,51,1,0
BRDA:372,52,0,0
BRDA:372,52,1,0
BRDA:376,53,0,0
BRDA:376,53,1,0
BRDA:377,54,0,0
BRDA:377,54,1,0
BRDA:378,55,0,0
BRDA:378,55,1,0
BRDA:378,56,0,0
BRDA:378,56,1,0
BRDA:380,57,0,0
BRDA:380,57,1,0
BRDA:381,58,0,0
BRDA:381,58,1,0
BRDA:382,59,0,0
BRDA:382,59,1,0
BRDA:385,60,0,0
BRDA:385,60,1,0
BRDA:403,61,0,0
BRDA:403,61,1,0
BRDA:405,62,0,0
BRDA:405,62,1,0
BRDA:406,63,0,0
BRDA:406,63,1,0
BRDA:406,64,0,0
BRDA:406,64,1,0
BRDA:407,65,0,0
BRDA:407,65,1,0
BRDA:409,66,0,0
BRDA:409,66,1,0
BRDA:411,67,0,0
BRDA:411,67,1,0
BRDA:412,68,0,0
BRDA:412,68,1,0
BRDA:413,69,0,0
BRDA:413,69,1,0
BRDA:414,70,0,0
BRDA:414,70,1,0
BRDA:417,71,0,0
BRDA:417,71,1,0
BRDA:417,72,0,0
BRDA:417,72,1,0
BRDA:424,73,0,0
BRDA:424,73,1,0
BRDA:427,74,0,0
BRDA:427,74,1,0
BRDA:428,75,0,0
BRDA:428,75,1,0
BRDA:430,76,0,0
BRDA:430,76,1,0
BRDA:430,77,0,0
BRDA:430,77,1,0
BRDA:441,78,0,0
BRDA:441,78,1,0
BRDA:443,79,0,0
BRDA:443,79,1,0
BRDA:446,80,0,0
BRDA:446,80,1,0
BRDA:446,81,0,0
BRDA:446,81,1,0
BRDA:447,82,0,0
BRDA:447,82,1,0
BRDA:448,83,0,0
BRDA:448,83,1,0
BRDA:449,84,0,0
BRDA:449,84,1,0
BRDA:449,85,0,0
BRDA:449,85,1,0
BRDA:450,86,0,0
BRDA:450,86,1,0
BRDA:450,87,0,0
BRDA:450,87,1,0
BRDA:450,87,2,0
BRDA:458,88,0,0
BRDA:458,88,1,0
BRDA:458,88,2,0
BRDA:468,89,0,0
BRDA:468,89,1,0
BRDA:469,90,0,0
BRDA:469,90,1,0
BRDA:471,91,0,0
BRDA:471,91,1,0
BRDA:473,92,0,0
BRDA:473,92,1,0
BRDA:474,93,0,0
BRDA:474,93,1,0
BRDA:475,94,0,0
BRDA:475,94,1,0
BRDA:475,95,0,0
BRDA:475,95,1,0
BRDA:479,96,0,0
BRDA:479,96,1,0
BRDA:480,97,0,0
BRDA:480,97,1,0
BRDA:493,98,0,0
BRDA:493,98,1,0
BRDA:493,99,0,0
BRDA:493,99,1,0
BRDA:496,100,0,0
BRDA:496,100,1,0
BRDA:499,101,0,0
BRDA:499,101,1,0
BRDA:499,101,2,0
BRDA:507,102,0,0
BRDA:507,102,1,0
BRDA:507,103,0,0
BRDA:507,103,1,0
BRDA:508,104,0,0
BRDA:508,104,1,0
BRDA:509,105,0,0
BRDA:509,105,1,0
BRDA:510,106,0,0
BRDA:510,106,1,0
BRDA:510,107,0,0
BRDA:510,107,1,0
BRDA:511,108,0,0
BRDA:511,108,1,0
BRDA:511,109,0,0
BRDA:511,109,1,0
BRDA:511,109,2,0
BRDA:518,110,0,0
BRDA:518,110,1,0
BRDA:526,111,0,0
BRDA:526,111,1,0
BRDA:526,112,0,0
BRDA:526,112,1,0
BRDA:529,113,0,0
BRDA:529,113,1,0
BRDA:529,114,0,0
BRDA:529,114,1,0
BRDA:543,115,0,0
BRDA:543,115,1,0
BRDA:559,116,0,0
BRDA:559,116,1,0
BRDA:559,117,0,0
BRDA:559,117,1,0
BRDA:561,118,0,0
BRDA:561,118,1,0
BRDA:563,119,0,0
BRDA:563,119,1,0
BRDA:564,120,0,0
BRDA:564,120,1,0
BRDA:565,121,0,0
BRDA:565,121,1,0
BRDA:566,122,0,0
BRDA:566,122,1,0
BRDA:580,123,0,0
BRDA:580,123,1,0
BRDA:590,124,0,0
BRDA:590,124,1,0
BRDA:590,125,0,0
BRDA:590,125,1,0
BRDA:595,126,0,0
BRDA:595,126,1,0
BRDA:596,127,0,0
BRDA:596,127,1,0
BRDA:611,128,0,0
BRDA:611,128,1,0
BRDA:626,129,0,0
BRDA:626,129,1,0
BRDA:632,130,0,0
BRDA:632,130,1,0
BRDA:632,131,0,0
BRDA:632,131,1,0
BRDA:634,132,0,0
BRDA:634,132,1,0
BRDA:649,133,0,0
BRDA:649,133,1,0
BRDA:650,134,0,0
BRDA:650,134,1,0
BRDA:650,135,0,0
BRDA:650,135,1,0
BRDA:652,136,0,0
BRDA:652,136,1,0
BRDA:653,137,0,0
BRDA:653,137,1,0
BRDA:656,138,0,0
BRDA:656,138,1,0
BRDA:659,139,0,0
BRDA:659,139,1,0
BRDA:660,140,0,0
BRDA:660,140,1,0
BRDA:683,141,0,0
BRDA:683,141,1,0
BRDA:687,142,0,0
BRDA:687,142,1,0
BRDA:688,143,0,0
BRDA:688,143,1,0
BRDA:688,143,2,0
BRDA:689,144,0,0
BRDA:689,144,1,0
BRDA:690,145,0,0
BRDA:690,145,1,0
BRDA:699,146,0,0
BRDA:709,147,0,0
BRDA:709,147,1,0
BRDA:710,148,0,0
BRDA:710,148,1,0
BRDA:712,149,0,0
BRDA:712,149,1,0
BRDA:713,150,0,0
BRDA:713,150,1,0
BRDA:715,151,0,0
BRDA:715,151,1,0
BRDA:719,152,0,0
BRDA:719,152,1,0
BRDA:733,153,0,0
BRDA:733,153,1,0
BRDA:735,154,0,0
BRDA:735,154,1,0
BRDA:736,155,0,0
BRDA:736,155,1,0
BRDA:736,155,2,0
BRDA:747,156,0,0
BRDA:747,156,1,0
BRDA:769,157,0,0
BRDA:769,157,1,0
BRDA:769,158,0,0
BRDA:769,158,1,0
BRDA:769,158,2,0
BRDA:769,158,3,0
BRDA:769,158,4,0
BRDA:769,158,5,0
BRDA:793,159,0,0
BRDA:793,159,1,0
BRDA:798,160,0,0
BRDA:798,160,1,0
BRDA:809,161,0,0
BRDA:809,161,1,0
BRDA:809,162,0,0
BRDA:809,162,1,0
BRDA:837,163,0,0
BRDA:837,163,1,0
BRDA:841,164,0,0
BRDA:841,164,1,0
BRDA:868,165,0,0
BRDA:868,165,1,0
BRDA:889,166,0,0
BRDA:889,166,1,0
BRDA:894,167,0,0
BRDA:894,167,1,0
BRDA:899,168,0,0
BRDA:899,168,1,0
BRDA:922,169,0,0
BRDA:922,169,1,0
BRDA:953,170,0,0
BRDA:953,170,1,0
BRDA:958,171,0,0
BRDA:958,171,1,0
BRDA:959,172,0,0
BRDA:959,172,1,0
BRDA:960,173,0,0
BRDA:960,173,1,0
BRDA:963,174,0,0
BRDA:963,174,1,0
BRDA:972,175,0,0
BRDA:972,175,1,0
BRDA:982,176,0,0
BRDA:982,176,1,0
BRDA:984,177,0,0
BRDA:984,177,1,0
BRDA:994,178,0,0
BRDA:994,178,1,0
BRDA:996,179,0,0
BRDA:996,179,1,0
BRDA:1042,180,0,0
BRDA:1042,180,1,0
BRDA:1046,181,0,0
BRDA:1046,181,1,0
BRDA:1046,182,0,0
BRDA:1046,182,1,0
BRDA:1049,183,0,0
BRDA:1049,183,1,0
BRDA:1050,184,0,0
BRDA:1050,184,1,0
BRDA:1100,185,0,0
BRDA:1100,185,1,0
BRDA:1106,186,0,0
BRDA:1106,186,1,0
BRDA:1108,187,0,0
BRDA:1108,187,1,0
BRDA:1161,188,0,0
BRDA:1161,188,1,0
BRDA:1165,189,0,0
BRDA:1165,189,1,0
BRDA:1195,190,0,0
BRDA:1195,190,1,0
BRDA:1196,191,0,0
BRDA:1196,191,1,0
BRDA:1197,192,0,0
BRDA:1197,192,1,0
BRDA:1209,193,0,0
BRDA:1209,193,1,0
BRDA:1212,194,0,0
BRDA:1212,194,1,0
BRDA:1221,195,0,0
BRDA:1221,195,1,0
BRDA:1243,196,0,0
BRDA:1243,196,1,0
BRDA:1249,197,0,0
BRDA:1249,197,1,0
BRDA:1253,198,0,0
BRDA:1253,198,1,0
BRDA:1254,199,0,0
BRDA:1254,199,1,0
BRDA:1255,200,0,0
BRDA:1255,200,1,0
BRDA:1263,201,0,0
BRDA:1263,201,1,0
BRDA:1264,202,0,0
BRDA:1264,202,1,0
BRDA:1265,203,0,0
BRDA:1265,203,1,0
BRDA:1265,204,0,0
BRDA:1265,204,1,0
BRDA:1268,205,0,0
BRDA:1268,205,1,0
BRDA:1268,206,0,0
BRDA:1268,206,1,0
BRDA:1270,207,0,0
BRDA:1270,207,1,0
BRDA:1272,208,0,0
BRDA:1272,208,1,0
BRDA:1277,209,0,0
BRDA:1277,209,1,0
BRDA:1283,210,0,0
BRDA:1283,210,1,0
BRDA:1283,211,0,0
BRDA:1283,211,1,0
BRDA:1289,212,0,0
BRDA:1289,212,1,0
BRDA:1290,213,0,0
BRDA:1290,213,1,0
BRDA:1291,214,0,0
BRDA:1291,214,1,0
BRDA:1293,215,0,0
BRDA:1293,215,1,0
BRDA:1296,216,0,0
BRDA:1296,216,1,0
BRDA:1299,217,0,0
BRDA:1299,217,1,0
BRDA:1301,218,0,0
BRDA:1301,218,1,0
BRDA:1306,219,0,0
BRDA:1306,219,1,0
BRDA:1347,220,0,0
BRDA:1347,220,1,0
BRDA:1349,221,0,0
BRDA:1349,221,1,0
BRDA:1356,222,0,0
BRDA:1356,222,1,0
BRDA:1365,223,0,0
BRDA:1365,223,1,0
BRDA:1370,224,0,0
BRDA:1370,224,1,0
BRDA:1375,225,0,0
BRDA:1375,225,1,0
BRDA:1375,226,0,0
BRDA:1375,226,1,0
BRDA:1375,226,2,0
BRDA:1379,227,0,0
BRDA:1379,227,1,0
BRDA:1395,228,0,0
BRDA:1395,228,1,0
BRDA:1406,229,0,0
BRDA:1406,229,1,0
BRDA:1414,230,0,0
BRDA:1414,230,1,0
BRDA:1442,231,0,0
BRDA:1442,231,1,0
BRDA:1442,232,0,0
BRDA:1442,232,1,0
BRDA:1446,233,0,0
BRDA:1446,233,1,0
BRDA:1456,234,0,0
BRDA:1456,234,1,0
BRDA:1464,235,0,0
BRDA:1464,235,1,0
BRDA:1473,236,0,0
BRDA:1473,236,1,0
BRDA:1474,237,0,0
BRDA:1474,237,1,0
BRDA:1493,238,0,0
BRDA:1493,238,1,0
BRDA:1493,239,0,0
BRDA:1493,239,1,0
BRDA:1497,240,0,0
BRDA:1497,240,1,0
BRDA:1511,241,0,0
BRDA:1511,241,1,0
BRDA:1511,242,0,0
BRDA:1511,242,1,0
BRDA:1526,243,0,0
BRDA:1526,243,1,0
BRDA:1532,244,0,0
BRDA:1532,244,1,0
BRDA:1532,245,0,0
BRDA:1532,245,1,0
BRDA:1537,246,0,0
BRDA:1537,246,1,0
BRDA:1539,247,0,0
BRDA:1539,247,1,0
BRDA:1543,248,0,0
BRDA:1543,248,1,0
BRDA:1543,249,0,0
BRDA:1543,249,1,0
BRDA:1552,250,0,0
BRDA:1552,250,1,0
BRDA:1553,251,0,0
BRDA:1553,251,1,0
BRDA:1559,252,0,0
BRDA:1559,252,1,0
BRDA:1568,253,0,0
BRDA:1568,253,1,0
BRDA:1575,254,0,0
BRDA:1575,254,1,0
BRDA:1582,255,0,0
BRDA:1582,255,1,0
BRDA:1615,256,0,0
BRDA:1615,256,1,0
BRDA:1645,257,0,0
BRDA:1645,257,1,0
BRDA:1647,258,0,0
BRDA:1647,258,1,0
BRDA:1647,259,0,0
BRDA:1647,259,1,0
BRDA:1652,260,0,0
BRDA:1652,260,1,0
BRDA:1653,261,0,0
BRDA:1653,261,1,0
BRDA:1654,262,0,0
BRDA:1654,262,1,0
BRDA:1655,263,0,0
BRDA:1655,263,1,0
BRDA:1657,264,0,0
BRDA:1657,264,1,0
BRDA:1670,265,0,0
BRDA:1670,265,1,0
BRDA:1670,266,0,0
BRDA:1670,266,1,0
BRDA:1678,267,0,0
BRDA:1678,267,1,0
BRDA:1678,268,0,0
BRDA:1678,268,1,0
BRDA:1682,269,0,0
BRDA:1682,269,1,0
BRDA:1701,270,0,0
BRDA:1701,270,1,0
BRDA:1704,271,0,0
BRDA:1704,271,1,0
BRDA:1743,272,0,0
BRDA:1743,272,1,0
BRDA:1744,273,0,0
BRDA:1744,273,1,0
BRDA:1750,274,0,0
BRDA:1750,274,1,0
BRDA:1755,275,0,0
BRDA:1755,275,1,0
BRDA:1756,276,0,0
BRDA:1756,276,1,0
BRDA:1757,277,0,0
BRDA:1757,277,1,0
BRDA:1757,277,2,0
BRDA:1758,278,0,0
BRDA:1758,278,1,0
BRDA:1790,279,0,0
BRDA:1790,279,1,0
BRDA:1791,280,0,0
BRDA:1791,280,1,0
BRDA:1792,281,0,0
BRDA:1792,281,1,0
BRDA:1793,282,0,0
BRDA:1793,282,1,0
BRDA:1795,283,0,0
BRDA:1795,283,1,0
BRDA:1798,284,0,0
BRDA:1798,284,1,0
BRDA:1798,284,2,0
BRDA:1810,285,0,0
BRDA:1810,285,1,0
BRDA:1811,286,0,0
BRDA:1811,286,1,0
BRDA:1818,287,0,0
BRDA:1818,287,1,0
BRDA:1833,288,0,0
BRDA:1833,289,0,0
BRDA:1833,290,0,0
BRDA:1833,290,1,0
BRDA:1835,291,0,0
BRDA:1835,291,1,0
BRDA:1835,292,0,0
BRDA:1835,292,1,0
BRDA:1835,292,2,0
BRDA:1835,292,3,0
BRDA:1835,292,4,0
BRDA:1839,293,0,0
BRDA:1839,293,1,0
BRDA:1841,294,0,0
BRDA:1841,294,1,0
BRDA:1844,295,0,0
BRDA:1844,295,1,0
BRDA:1847,296,0,0
BRDA:1847,296,1,0
BRDA:1850,297,0,0
BRDA:1850,297,1,0
BRDA:1874,298,0,0
BRDA:1874,298,1,0
BRDA:1884,299,0,0
BRDA:1884,299,1,0
BRDA:1886,300,0,0
BRDA:1886,300,1,0
BRDA:1886,301,0,0
BRDA:1886,301,1,0
BRDA:1886,301,2,0
BRDA:1906,302,0,0
BRDA:1906,302,1,0
BRDA:1910,303,0,0
BRDA:1910,303,1,0
BRDA:1916,304,0,0
BRDA:1916,304,1,0
BRDA:1919,305,0,0
BRDA:1919,305,1,0
BRDA:1920,306,0,0
BRDA:1920,306,1,0
BRDA:1925,307,0,0
BRDA:1925,307,1,0
BRDA:1925,308,0,0
BRDA:1925,308,1,0
BRDA:1927,309,0,0
BRDA:1927,309,1,0
BRDA:1927,310,0,0
BRDA:1927,310,1,0
BRDA:1928,311,0,0
BRDA:1928,311,1,0
BRDA:1928,312,0,0
BRDA:1928,312,1,0
BRDA:1930,313,0,0
BRDA:1930,313,1,0
BRDA:1930,314,0,0
BRDA:1930,314,1,0
BRDA:1944,315,0,0
BRDA:1944,315,1,0
BRDA:1960,316,0,0
BRDA:1960,316,1,0
BRDA:1960,317,0,0
BRDA:1960,317,1,0
BRDA:1960,317,2,0
BRDA:2003,318,0,0
BRDA:2003,318,1,0
BRDA:2004,319,0,0
BRDA:2004,319,1,0
BRDA:2004,320,0,0
BRDA:2004,320,1,0
BRDA:2004,320,2,0
BRDA:2010,321,0,0
BRDA:2010,321,1,0
BRDA:2011,322,0,0
BRDA:2011,322,1,0
BRDA:2011,323,0,0
BRDA:2011,323,1,0
BRDA:2011,323,2,0
BRDA:2018,324,0,0
BRDA:2018,324,1,0
BRDA:2019,325,0,0
BRDA:2019,325,1,0
BRDA:2022,326,0,0
BRDA:2022,326,1,0
BRDA:2025,327,0,0
BRDA:2025,327,1,0
BRDA:2025,328,0,0
BRDA:2025,328,1,0
BRDA:2034,329,0,0
BRDA:2034,329,1,0
BRDA:2034,330,0,0
BRDA:2034,330,1,0
BRDA:2034,330,2,0
BRDA:2048,331,0,0
BRDA:2048,331,1,0
BRDA:2061,332,0,0
BRDA:2061,332,1,0
BRDA:2063,333,0,0
BRDA:2063,333,1,0
BRDA:2063,334,0,0
BRDA:2063,334,1,0
BRDA:2068,335,0,0
BRDA:2068,335,1,0
BRDA:2074,336,0,0
BRDA:2074,336,1,0
BRDA:2074,337,0,0
BRDA:2074,337,1,0
BRDA:2095,338,0,0
BRDA:2095,338,1,0
BRDA:2095,339,0,0
BRDA:2095,339,1,0
BRDA:2097,340,0,0
BRDA:2097,340,1,0
BRDA:2097,341,0,0
BRDA:2097,341,1,0
BRDA:2098,342,0,0
BRDA:2098,342,1,0
BRDA:2098,343,0,0
BRDA:2098,343,1,0
BRDA:2100,344,0,0
BRDA:2100,344,1,0
BRDA:2100,345,0,0
BRDA:2100,345,1,0
BRDA:2116,346,0,0
BRDA:2116,346,1,0
BRDA:2123,347,0,0
BRDA:2123,347,1,0
BRDA:2124,348,0,0
BRDA:2124,348,1,0
BRDA:2166,349,0,0
BRDA:2166,349,1,0
BRDA:2166,350,0,0
BRDA:2166,350,1,0
BRDA:2169,351,0,0
BRDA:2169,351,1,0
BRDA:2176,352,0,0
BRDA:2176,352,1,0
BRDA:2193,353,0,0
BRDA:2193,353,1,0
BRDA:2209,354,0,0
BRDA:2209,354,1,0
BRDA:2209,355,0,0
BRDA:2209,355,1,0
BRDA:2209,355,2,0
BRDA:2209,356,0,0
BRDA:2209,356,1,0
BRDA:2209,357,0,0
BRDA:2209,357,1,0
BRDA:2232,358,0,0
BRDA:2232,358,1,0
BRDA:2240,359,0,0
BRDA:2240,359,1,0
BRDA:2243,360,0,0
BRDA:2243,360,1,0
BRDA:2243,361,0,0
BRDA:2243,361,1,0
BRDA:2244,362,0,0
BRDA:2244,362,1,0
BRDA:2244,363,0,0
BRDA:2244,363,1,0
BRDA:2245,364,0,0
BRDA:2245,364,1,0
BRDA:2246,365,0,0
BRDA:2246,365,1,0
BRDA:2259,366,0,0
BRDA:2259,366,1,0
BRDA:2270,367,0,0
BRDA:2270,367,1,0
BRDA:2284,368,0,0
BRDA:2284,368,1,0
BRDA:2285,369,0,0
BRDA:2285,369,1,0
BRDA:2286,370,0,0
BRDA:2286,370,1,0
BRDA:2286,371,0,0
BRDA:2286,371,1,0
BRDA:2293,372,0,0
BRDA:2293,372,1,0
BRDA:2295,373,0,0
BRDA:2295,373,1,0
BRDA:2305,374,0,0
BRDA:2305,374,1,0
BRDA:2308,375,0,0
BRDA:2308,375,1,0
BRDA:2312,376,0,0
BRDA:2312,376,1,0
BRDA:2320,377,0,0
BRDA:2320,377,1,0
BRDA:2328,378,0,0
BRDA:2328,378,1,0
BRDA:2329,379,0,0
BRDA:2329,379,1,0
BRDA:2329,380,0,0
BRDA:2329,380,1,0
BRDA:2344,381,0,0
BRDA:2344,381,1,0
BRDA:2345,382,0,0
BRDA:2345,382,1,0
BRDA:2345,383,0,0
BRDA:2345,383,1,0
BRDA:2350,384,0,0
BRDA:2350,384,1,0
BRDA:2350,385,0,0
BRDA:2350,385,1,0
BRDA:2356,386,0,0
BRDA:2356,386,1,0
BRDA:2358,387,0,0
BRDA:2358,387,1,0
BRDA:2361,388,0,0
BRDA:2361,388,1,0
BRDA:2362,389,0,0
BRDA:2362,389,1,0
BRDA:2370,390,0,0
BRDA:2370,390,1,0
BRDA:2372,391,0,0
BRDA:2372,391,1,0
BRDA:2376,392,0,0
BRDA:2376,392,1,0
BRDA:2379,393,0,0
BRDA:2379,393,1,0
BRDA:2380,394,0,0
BRDA:2380,394,1,0
BRDA:2389,395,0,0
BRDA:2389,395,1,0
BRDA:2389,396,0,0
BRDA:2389,396,1,0
BRDA:2398,397,0,0
BRDA:2398,397,1,0
BRDA:2400,398,0,0
BRDA:2400,398,1,0
BRDA:2420,399,0,0
BRDA:2420,399,1,0
BRDA:2421,400,0,0
BRDA:2421,400,1,0
BRDA:2421,401,0,0
BRDA:2421,401,1,0
BRDA:2423,402,0,0
BRDA:2423,402,1,0
BRDA:2431,403,0,0
BRDA:2431,403,1,0
BRDA:2434,404,0,0
BRDA:2434,404,1,0
BRDA:2438,405,0,0
BRDA:2438,405,1,0
BRDA:2438,406,0,0
BRDA:2438,406,1,0
BRDA:2441,407,0,0
BRDA:2441,407,1,0
BRDA:2441,408,0,0
BRDA:2441,408,1,0
BRDA:2448,409,0,0
BRDA:2448,409,1,0
BRDA:2452,410,0,0
BRDA:2452,410,1,0
BRDA:2457,411,0,0
BRDA:2457,411,1,0
BRDA:2463,412,0,0
BRDA:2463,412,1,0
BRDA:2463,413,0,0
BRDA:2463,413,1,0
BRDA:2467,414,0,0
BRDA:2467,414,1,0
BRDA:2468,415,0,0
BRDA:2468,415,1,0
BRDA:2479,416,0,0
BRDA:2479,416,1,0
BRDA:2480,417,0,0
BRDA:2480,417,1,0
BRDA:2482,418,0,0
BRDA:2482,418,1,0
BRDA:2491,419,0,0
BRDA:2491,419,1,0
BRDA:2491,420,0,0
BRDA:2491,420,1,0
BRDA:2492,421,0,0
BRDA:2492,421,1,0
BRDA:2500,422,0,0
BRDA:2500,422,1,0
BRDA:2522,423,0,0
BRDA:2522,423,1,0
BRDA:2524,424,0,0
BRDA:2524,424,1,0
BRDA:2525,425,0,0
BRDA:2525,425,1,0
BRDA:2528,426,0,0
BRDA:2528,426,1,0
BRDA:2531,427,0,0
BRDA:2531,427,1,0
BRDA:2534,428,0,0
BRDA:2534,428,1,0
BRDA:2534,429,0,0
BRDA:2534,429,1,0
BRDA:2537,430,0,0
BRDA:2537,430,1,0
BRDA:2537,431,0,0
BRDA:2537,431,1,0
BRDA:2544,432,0,0
BRDA:2544,432,1,0
BRDA:2544,433,0,0
BRDA:2544,433,1,0
BRDA:2550,434,0,0
BRDA:2550,434,1,0
BRDA:2550,435,0,0
BRDA:2550,435,1,0
BRDA:2556,436,0,0
BRDA:2556,436,1,0
BRDA:2557,437,0,0
BRDA:2557,437,1,0
BRDA:2560,438,0,0
BRDA:2560,438,1,0
BRDA:2567,439,0,0
BRDA:2567,439,1,0
BRDA:2568,440,0,0
BRDA:2568,440,1,0
BRDA:2580,441,0,0
BRDA:2580,441,1,0
BRDA:2588,442,0,0
BRDA:2588,442,1,0
BRDA:2627,443,0,0
BRDA:2627,443,1,0
BRDA:2641,444,0,0
BRDA:2641,444,1,0
BRDA:2649,445,0,0
BRDA:2649,445,1,0
BRDA:2657,446,0,0
BRDA:2657,446,1,0
BRDA:2733,447,0,0
BRDA:2733,447,1,0
BRDA:2734,448,0,0
BRDA:2734,448,1,0
BRDA:2735,449,0,0
BRDA:2735,449,1,0
BRDA:2736,450,0,0
BRDA:2736,450,1,0
BRDA:2737,451,0,0
BRDA:2737,451,1,0
BRDA:2738,452,0,0
BRDA:2738,452,1,0
BRDA:2739,453,0,0
BRDA:2739,453,1,0
BRDA:2749,454,0,0
BRDA:2749,454,1,0
BRDA:2758,455,0,0
BRDA:2758,455,1,0
BRDA:2759,456,0,0
BRDA:2759,456,1,0
BRDA:2760,457,0,0
BRDA:2760,457,1,0
BRDA:2765,458,0,0
BRDA:2765,458,1,0
BRDA:2769,459,0,0
BRDA:2769,459,1,0
BRDA:2774,460,0,0
BRDA:2774,460,1,0
BRDA:2779,461,0,0
BRDA:2779,461,1,0
BRDA:2786,462,0,0
BRDA:2786,462,1,0
BRDA:2790,463,0,0
BRDA:2790,463,1,0
BRDA:2790,464,0,0
BRDA:2790,464,1,0
BRDA:2797,465,0,0
BRDA:2797,465,1,0
BRDA:2817,466,0,0
BRDA:2817,466,1,0
BRDA:2820,467,0,0
BRDA:2820,467,1,0
BRDA:2822,468,0,0
BRDA:2822,468,1,0
BRDA:2825,469,0,0
BRDA:2825,469,1,0
BRDA:2825,470,0,0
BRDA:2825,470,1,0
BRDA:2847,471,0,0
BRDA:2847,471,1,0
BRDA:2857,472,0,0
BRDA:2857,472,1,0
BRDA:2857,473,0,0
BRDA:2857,473,1,0
BRDA:2857,473,2,0
BRDA:2859,474,0,0
BRDA:2859,474,1,0
BRDA:2866,475,0,0
BRDA:2866,475,1,0
BRDA:2866,476,0,0
BRDA:2866,476,1,0
BRDA:2868,477,0,0
BRDA:2868,477,1,0
BRDA:2868,478,0,0
BRDA:2868,478,1,0
BRDA:2870,479,0,0
BRDA:2870,479,1,0
BRDA:2870,480,0,0
BRDA:2870,480,1,0
BRDA:2881,481,0,0
BRDA:2881,481,1,0
BRDA:2882,482,0,0
BRDA:2882,482,1,0
BRDA:2883,483,0,0
BRDA:2883,483,1,0
BRDA:2884,484,0,0
BRDA:2884,484,1,0
BRDA:2886,485,0,0
BRDA:2886,485,1,0
BRDA:2888,486,0,0
BRDA:2888,486,1,0
BRDA:2892,487,0,0
BRDA:2892,487,1,0
BRDA:2897,488,0,0
BRDA:2897,488,1,0
BRDA:2900,489,0,0
BRDA:2900,489,1,0
BRDA:2900,490,0,0
BRDA:2900,490,1,0
BRDA:2909,491,0,0
BRDA:2909,491,1,0
BRDA:2925,492,0,0
BRDA:2925,492,1,0
BRDA:2939,493,0,0
BRDA:2939,493,1,0
BRDA:2940,494,0,0
BRDA:2940,494,1,0
BRDA:2941,495,0,0
BRDA:2941,495,1,0
BRDA:2943,496,0,0
BRDA:2943,496,1,0
BRDA:2944,497,0,0
BRDA:2944,497,1,0
BRDA:2944,498,0,0
BRDA:2944,498,1,0
BRDA:2948,499,0,0
BRDA:2948,499,1,0
BRDA:2949,500,0,0
BRDA:2949,500,1,0
BRDA:2956,501,0,0
BRDA:2956,501,1,0
BRDA:2965,502,0,0
BRDA:2965,502,1,0
BRDA:2969,503,0,0
BRDA:2969,503,1,0
BRDA:2973,504,0,0
BRDA:2973,504,1,0
BRDA:2974,505,0,0
BRDA:2974,505,1,0
BRDA:2975,506,0,0
BRDA:2975,506,1,0
BRDA:2976,507,0,0
BRDA:2976,507,1,0
BRDA:2978,508,0,0
BRDA:2978,508,1,0
BRDA:2980,509,0,0
BRDA:2980,509,1,0
BRDA:2984,510,0,0
BRDA:2984,510,1,0
BRDA:2986,511,0,0
BRDA:2986,511,1,0
BRDA:2992,512,0,0
BRDA:2992,512,1,0
BRDA:2992,513,0,0
BRDA:2992,513,1,0
BRDA:3007,514,0,0
BRDA:3007,514,1,0
BRDA:3031,515,0,0
BRDA:3031,515,1,0
BRDA:3032,516,0,0
BRDA:3032,516,1,0
BRDA:3047,517,0,0
BRDA:3047,517,1,0
BRDA:3047,518,0,0
BRDA:3047,518,1,0
BRDA:3048,519,0,0
BRDA:3048,519,1,0
BRDA:3056,520,0,0
BRDA:3056,520,1,0
BRDA:3058,521,0,0
BRDA:3058,521,1,0
BRDA:3059,522,0,0
BRDA:3059,522,1,0
BRDA:3060,523,0,0
BRDA:3060,523,1,0
BRDA:3071,524,0,0
BRDA:3071,524,1,0
BRDA:3081,525,0,0
BRDA:3081,525,1,0
BRDA:3082,526,0,0
BRDA:3082,526,1,0
BRDA:3082,527,0,0
BRDA:3082,527,1,0
BRDA:3088,528,0,0
BRDA:3088,528,1,0
BRDA:3112,529,0,0
BRDA:3112,529,1,0
BRDA:3128,530,0,0
BRDA:3128,530,1,0
BRDA:3129,531,0,0
BRDA:3129,531,1,0
BRDA:3129,532,0,0
BRDA:3129,532,1,0
BRDA:3139,533,0,0
BRDA:3139,533,1,0
BRDA:3142,534,0,0
BRDA:3142,534,1,0
BRDA:3142,535,0,0
BRDA:3142,535,1,0
BRDA:3147,536,0,0
BRDA:3147,536,1,0
BRDA:3147,537,0,0
BRDA:3147,537,1,0
BRDA:3147,537,2,0
BRDA:3151,538,0,0
BRDA:3151,538,1,0
BRDA:3151,539,0,0
BRDA:3151,539,1,0
BRDA:3151,539,2,0
BRDA:3157,540,0,0
BRDA:3157,540,1,0
BRDA:3164,541,0,0
BRDA:3164,541,1,0
BRDA:3168,542,0,0
BRDA:3168,542,1,0
BRDA:3169,543,0,0
BRDA:3169,543,1,0
BRDA:3176,544,0,0
BRDA:3176,544,1,0
BRDA:3177,545,0,0
BRDA:3177,545,1,0
BRDA:3177,546,0,0
BRDA:3177,546,1,0
BRDA:3183,547,0,0
BRDA:3183,547,1,0
BRDA:3216,548,0,0
BRDA:3216,548,1,0
BRDA:3217,549,0,0
BRDA:3217,549,1,0
BRDA:3221,550,0,0
BRDA:3221,550,1,0
BRDA:3225,551,0,0
BRDA:3225,551,1,0
BRDA:3225,551,2,0
BRDA:3226,552,0,0
BRDA:3226,552,1,0
BRDA:3255,553,0,0
BRDA:3255,553,1,0
BRDA:3277,554,0,0
BRDA:3277,554,1,0
BRDA:3278,555,0,0
BRDA:3278,555,1,0
BRDA:3278,556,0,0
BRDA:3278,556,1,0
BRDA:3278,556,2,0
BRDA:3278,556,3,0
BRDA:3278,556,4,0
BRDA:3283,557,0,0
BRDA:3283,557,1,0
BRDA:3284,558,0,0
BRDA:3284,558,1,0
BRDA:3287,559,0,0
BRDA:3287,559,1,0
BRDA:3288,560,0,0
BRDA:3288,560,1,0
BRDA:3288,561,0,0
BRDA:3288,561,1,0
BRDA:3291,562,0,0
BRDA:3291,562,1,0
BRDA:3292,563,0,0
BRDA:3292,563,1,0
BRDA:3293,564,0,0
BRDA:3293,564,1,0
BRDA:3297,565,0,0
BRDA:3297,565,1,0
BRDA:3297,566,0,0
BRDA:3297,566,1,0
BRDA:3297,566,2,0
BRDA:3299,567,0,0
BRDA:3299,567,1,0
BRDA:3305,568,0,0
BRDA:3305,568,1,0
BRDA:3333,569,0,0
BRDA:3333,569,1,0
BRDA:3340,570,0,0
BRDA:3340,570,1,0
BRDA:3343,571,0,0
BRDA:3343,571,1,0
BRDA:3343,572,0,0
BRDA:3343,572,1,0
BRDA:3348,573,0,0
BRDA:3348,573,1,0
BRDA:3349,574,0,0
BRDA:3349,574,1,0
BRDA:3352,575,0,0
BRDA:3352,575,1,0
BRDA:3352,576,0,0
BRDA:3352,576,1,0
BRDA:3352,576,2,0
BRDA:3356,577,0,0
BRDA:3356,577,1,0
BRDA:3356,578,0,0
BRDA:3356,578,1,0
BRDA:3369,579,0,0
BRDA:3369,579,1,0
BRDA:3372,580,0,0
BRDA:3372,580,1,0
BRDA:3448,581,0,0
BRDA:3448,581,1,0
BRDA:3449,582,0,0
BRDA:3449,582,1,0
BRDA:3458,583,0,0
BRDA:3458,583,1,0
BRDA:3458,584,0,0
BRDA:3458,584,1,0
BRDA:3467,585,0,0
BRDA:3467,586,0,0
BRDA:3467,587,0,0
BRDA:3467,588,0,0
BRDA:3467,589,0,0
BRDA:3469,590,0,0
BRDA:3469,590,1,0
BRDA:3469,591,0,0
BRDA:3469,591,1,0
BRDA:3469,591,2,0
BRDA:3469,591,3,0
BRDA:3469,591,4,0
BRDA:3474,592,0,0
BRDA:3474,592,1,0
BRDA:3482,593,0,0
BRDA:3482,593,1,0
BRDA:3484,594,0,0
BRDA:3484,594,1,0
BRDA:3485,595,0,0
BRDA:3485,595,1,0
BRDA:3486,596,0,0
BRDA:3486,596,1,0
BRDA:3487,597,0,0
BRDA:3487,597,1,0
BRDA:3487,598,0,0
BRDA:3487,598,1,0
BRDA:3488,599,0,0
BRDA:3488,599,1,0
BRDA:3488,600,0,0
BRDA:3488,600,1,0
BRDA:3497,601,0,0
BRDA:3497,601,1,0
BRDA:3501,602,0,0
BRDA:3501,602,1,0
BRDA:3505,603,0,0
BRDA:3505,603,1,0
BRDA:3509,604,0,0
BRDA:3509,604,1,0
BRDA:3514,605,0,0
BRDA:3514,605,1,0
BRDA:3515,606,0,0
BRDA:3515,606,1,0
BRDA:3518,607,0,0
BRDA:3518,607,1,0
BRDA:3518,608,0,0
BRDA:3518,608,1,0
BRDA:3524,609,0,0
BRDA:3524,609,1,0
BRDA:3526,610,0,0
BRDA:3526,610,1,0
BRDA:3535,611,0,0
BRDA:3535,611,1,0
BRDA:3535,612,0,0
BRDA:3535,612,1,0
BRDA:3544,613,0,0
BRDA:3544,613,1,0
BRDA:3544,614,0,0
BRDA:3544,614,1,0
BRDA:3545,615,0,0
BRDA:3545,615,1,0
BRDA:3548,616,0,0
BRDA:3548,616,1,0
BRDA:3551,617,0,0
BRDA:3551,617,1,0
BRDA:3554,618,0,0
BRDA:3554,618,1,0
BRDA:3555,619,0,0
BRDA:3555,619,1,0
BRDA:3558,620,0,0
BRDA:3558,620,1,0
BRDA:3570,621,0,0
BRDA:3570,621,1,0
BRDA:3577,622,0,0
BRDA:3577,622,1,0
BRDA:3586,623,0,0
BRDA:3586,623,1,0
BRDA:3586,624,0,0
BRDA:3586,624,1,0
BRDA:3611,625,0,0
BRDA:3611,625,1,0
BRDA:3623,626,0,0
BRDA:3623,626,1,0
BRDA:3630,627,0,0
BRDA:3630,627,1,0
BRDA:3638,628,0,0
BRDA:3638,628,1,0
BRDA:3647,629,0,0
BRDA:3647,629,1,0
BRDA:3674,630,0,0
BRDA:3674,630,1,0
BRDA:3679,631,0,0
BRDA:3679,631,1,0
BRDA:3722,632,0,0
BRDA:3722,632,1,0
BRDA:3728,633,0,0
BRDA:3728,633,1,0
BRDA:3769,634,0,0
BRDA:3769,634,1,0
BRDA:3773,635,0,0
BRDA:3773,635,1,0
BRDA:3774,636,0,0
BRDA:3774,636,1,0
BRDA:3786,637,0,0
BRDA:3786,637,1,0
BRDA:3788,638,0,0
BRDA:3788,638,1,0
BRDA:3806,639,0,0
BRDA:3806,639,1,0
BRDA:3812,640,0,0
BRDA:3812,640,1,0
BRDA:3813,641,0,0
BRDA:3813,641,1,0
BRDA:3825,642,0,0
BRDA:3825,642,1,0
BRDA:3828,643,0,0
BRDA:3828,643,1,0
BRDA:3834,644,0,0
BRDA:3834,644,1,0
BRDA:3863,645,0,0
BRDA:3863,645,1,0
BRDA:3871,646,0,0
BRDA:3871,646,1,0
BRDA:3881,647,0,0
BRDA:3881,647,1,0
BRDA:3888,648,0,0
BRDA:3888,648,1,0
BRDA:3896,649,0,0
BRDA:3896,649,1,0
BRDA:3913,650,0,0
BRDA:3913,650,1,0
BRDA:3915,651,0,0
BRDA:3915,651,1,0
BRDA:3931,652,0,0
BRDA:3931,652,1,0
BRDA:3933,653,0,0
BRDA:3933,653,1,0
BRDA:3949,654,0,0
BRDA:3949,654,1,0
BRDA:3950,655,0,0
BRDA:3950,655,1,0
BRDA:3950,656,0,0
BRDA:3950,656,1,0
BRDA:3950,656,2,0
BRDA:3950,656,3,0
BRDA:3950,656,4,0
BRDA:3950,656,5,0
BRDA:3953,657,0,0
BRDA:3953,657,1,0
BRDA:3953,658,0,0
BRDA:3953,658,1,0
BRDA:3953,658,2,0
BRDA:3953,658,3,0
BRDA:3957,659,0,0
BRDA:3957,659,1,0
BRDA:3960,660,0,0
BRDA:3960,660,1,0
BRDA:3960,661,0,0
BRDA:3960,661,1,0
BRDA:3964,662,0,0
BRDA:3964,662,1,0
BRDA:3965,663,0,0
BRDA:3965,663,1,0
BRDA:3965,664,0,0
BRDA:3965,664,1,0
BRDA:3971,665,0,0
BRDA:3971,665,1,0
BRDA:3973,666,0,0
BRDA:3973,666,1,0
BRDA:3973,667,0,0
BRDA:3973,667,1,0
BRDA:3973,667,2,0
BRDA:3985,668,0,0
BRDA:3985,668,1,0
BRDA:3996,669,0,0
BRDA:3996,669,1,0
BRDA:3998,670,0,0
BRDA:3998,670,1,0
BRDA:4013,671,0,0
BRDA:4013,671,1,0
BRDA:4020,672,0,0
BRDA:4020,672,1,0
BRDA:4021,673,0,0
BRDA:4021,673,1,0
BRDA:4021,674,0,0
BRDA:4021,674,1,0
BRDA:4021,674,2,0
BRDA:4021,674,3,0
BRDA:4021,674,4,0
BRDA:4021,674,5,0
BRDA:4025,675,0,0
BRDA:4025,675,1,0
BRDA:4028,676,0,0
BRDA:4028,676,1,0
BRDA:4028,677,0,0
BRDA:4028,677,1,0
BRDA:4032,678,0,0
BRDA:4032,678,1,0
BRDA:4033,679,0,0
BRDA:4033,679,1,0
BRDA:4033,680,0,0
BRDA:4033,680,1,0
BRDA:4039,681,0,0
BRDA:4039,681,1,0
BRDA:4041,682,0,0
BRDA:4041,682,1,0
BRDA:4041,683,0,0
BRDA:4041,683,1,0
BRDA:4041,683,2,0
BRDA:4049,684,0,0
BRDA:4049,684,1,0
BRDA:4063,685,0,0
BRDA:4063,685,1,0
BRDA:4077,686,0,0
BRDA:4077,686,1,0
BRDA:4084,687,0,0
BRDA:4084,687,1,0
BRDA:4087,688,0,0
BRDA:4087,688,1,0
BRDA:4087,689,0,0
BRDA:4087,689,1,0
BRDA:4087,689,2,0
BRDA:4087,689,3,0
BRDA:4087,689,4,0
BRDA:4092,690,0,0
BRDA:4092,690,1,0
BRDA:4095,691,0,0
BRDA:4095,691,1,0
BRDA:4097,692,0,0
BRDA:4097,692,1,0
BRDA:4097,693,0,0
BRDA:4097,693,1,0
BRDA:4102,694,0,0
BRDA:4102,694,1,0
BRDA:4103,695,0,0
BRDA:4103,695,1,0
BRDA:4109,696,0,0
BRDA:4109,696,1,0
BRDA:4116,697,0,0
BRDA:4116,697,1,0
BRDA:4131,698,0,0
BRDA:4131,698,1,0
BRDA:4139,699,0,0
BRDA:4139,699,1,0
BRDA:4153,700,0,0
BRDA:4153,700,1,0
BRDA:4154,701,0,0
BRDA:4154,701,1,0
BRDA:4154,702,0,0
BRDA:4154,702,1,0
BRDA:4165,703,0,0
BRDA:4165,703,1,0
BRDA:4171,704,0,0
BRDA:4171,704,1,0
BRDA:4173,705,0,0
BRDA:4173,705,1,0
BRDA:4173,706,0,0
BRDA:4173,706,1,0
BRDA:4179,707,0,0
BRDA:4179,707,1,0
BRDA:4194,708,0,0
BRDA:4194,708,1,0
BRDA:4195,709,0,0
BRDA:4195,709,1,0
BRDA:4195,710,0,0
BRDA:4195,710,1,0
BRDA:4195,710,2,0
BRDA:4195,710,3,0
BRDA:4198,711,0,0
BRDA:4198,711,1,0
BRDA:4213,712,0,0
BRDA:4213,712,1,0
BRDA:4213,713,0,0
BRDA:4213,713,1,0
BRDA:4216,714,0,0
BRDA:4216,714,1,0
BRDA:4222,715,0,0
BRDA:4222,715,1,0
BRDA:4223,716,0,0
BRDA:4223,716,1,0
BRDA:4223,717,0,0
BRDA:4223,717,1,0
BRDA:4285,718,0,0
BRDA:4285,718,1,0
BRDA:4291,719,0,0
BRDA:4291,719,1,0
BRDA:4293,720,0,0
BRDA:4293,720,1,0
BRDA:4293,721,0,0
BRDA:4293,721,1,0
BRDA:4293,721,2,0
BRDA:4293,721,3,0
BRDA:4294,722,0,0
BRDA:4294,722,1,0
BRDA:4294,723,0,0
BRDA:4294,723,1,0
BRDA:4294,723,2,0
BRDA:4294,723,3,0
BRDA:4295,724,0,0
BRDA:4295,724,1,0
BRDA:4295,725,0,0
BRDA:4295,725,1,0
BRDA:4295,725,2,0
BRDA:4295,725,3,0
BRDA:4296,726,0,0
BRDA:4296,726,1,0
BRDA:4296,727,0,0
BRDA:4296,727,1,0
BRDA:4297,728,0,0
BRDA:4297,728,1,0
BRDA:4301,729,0,0
BRDA:4301,729,1,0
BRDA:4302,730,0,0
BRDA:4302,730,1,0
BRDA:4303,731,0,0
BRDA:4303,731,1,0
BRDA:4304,732,0,0
BRDA:4304,732,1,0
BRDA:4342,733,0,0
BRDA:4342,733,1,0
BRDA:4345,734,0,0
BRDA:4345,734,1,0
BRDA:4361,735,0,0
BRDA:4361,735,1,0
BRDA:4371,736,0,0
BRDA:4371,736,1,0
BRDA:4382,737,0,0
BRDA:4382,737,1,0
BRDA:4384,738,0,0
BRDA:4384,738,1,0
BRDA:4410,739,0,0
BRDA:4410,739,1,0
BRDA:4411,740,0,0
BRDA:4411,740,1,0
BRDA:4411,741,0,0
BRDA:4411,741,1,0
BRDA:4412,742,0,0
BRDA:4412,742,1,0
BRDA:4412,743,0,0
BRDA:4412,743,1,0
BRDA:4423,744,0,0
BRDA:4423,744,1,0
BRDA:4431,745,0,0
BRDA:4431,745,1,0
BRDA:4434,746,0,0
BRDA:4434,746,1,0
BRDA:4440,747,0,0
BRDA:4440,747,1,0
BRDA:4445,748,0,0
BRDA:4445,748,1,0
BRDA:4446,749,0,0
BRDA:4446,749,1,0
BRDA:4468,750,0,0
BRDA:4468,750,1,0
BRDA:4471,751,0,0
BRDA:4471,751,1,0
BRDA:4475,752,0,0
BRDA:4475,752,1,0
BRDA:4477,753,0,0
BRDA:4477,753,1,0
BRDA:4494,754,0,0
BRDA:4494,754,1,0
BRDA:4497,755,0,0
BRDA:4497,755,1,0
BRDA:4511,756,0,0
BRDA:4511,756,1,0
BRDA:4529,757,0,0
BRDA:4529,757,1,0
BRDA:4547,758,0,0
BRDA:4547,758,1,0
BRDA:4564,759,0,0
BRDA:4564,759,1,0
BRDA:4565,760,0,0
BRDA:4565,760,1,0
BRDA:4566,761,0,0
BRDA:4566,761,1,0
BRDA:4567,762,0,0
BRDA:4567,762,1,0
BRDA:4576,763,0,0
BRDA:4576,763,1,0
BRDA:4576,764,0,0
BRDA:4576,764,1,0
BRDA:4578,765,0,0
BRDA:4578,765,1,0
BRDA:4579,766,0,0
BRDA:4579,766,1,0
BRDA:4589,767,0,0
BRDA:4589,767,1,0
BRDA:4607,768,0,0
BRDA:4607,768,1,0
BRDA:4607,768,2,0
BRDA:4608,769,0,0
BRDA:4608,769,1,0
BRDA:4618,770,0,0
BRDA:4618,770,1,0
BRDA:4634,771,0,0
BRDA:4634,771,1,0
BRDA:4634,772,0,0
BRDA:4634,772,1,0
BRDA:4640,773,0,0
BRDA:4640,773,1,0
BRDA:4691,774,0,0
BRDA:4691,774,1,0
BRDA:4691,774,2,0
BRDA:4700,775,0,0
BRDA:4700,775,1,0
BRDA:4701,776,0,0
BRDA:4701,776,1,0
BRDA:4719,777,0,0
BRDA:4719,777,1,0
BRDA:4719,778,0,0
BRDA:4719,778,1,0
BRDA:4722,779,0,0
BRDA:4722,779,1,0
BRDA:4732,780,0,0
BRDA:4732,780,1,0
BRDA:4737,781,0,0
BRDA:4737,781,1,0
BRDA:4737,782,0,0
BRDA:4737,782,1,0
BRDA:4798,783,0,0
BRDA:4798,783,1,0
BRDA:4798,784,0,0
BRDA:4798,784,1,0
BRDA:4826,785,0,0
BRDA:4826,785,1,0
BRDA:4826,786,0,0
BRDA:4826,786,1,0
BRDA:4854,787,0,0
BRDA:4854,787,1,0
BRDA:4855,788,0,0
BRDA:4855,788,1,0
BRDA:4855,789,0,0
BRDA:4855,789,1,0
BRDA:4863,790,0,0
BRDA:4863,790,1,0
BRDA:4879,791,0,0
BRDA:4879,791,1,0
BRDA:4880,792,0,0
BRDA:4880,792,1,0
BRDA:4880,793,0,0
BRDA:4880,793,1,0
BRDA:4883,794,0,0
BRDA:4883,794,1,0
BRDA:4896,795,0,0
BRDA:4896,795,1,0
BRDA:4896,796,0,0
BRDA:4896,796,1,0
BRDA:4903,797,0,0
BRDA:4903,797,1,0
BRDA:4903,798,0,0
BRDA:4903,798,1,0
BRDA:4918,799,0,0
BRDA:4918,799,1,0
BRDA:4919,800,0,0
BRDA:4919,800,1,0
BRDA:4921,801,0,0
BRDA:4921,801,1,0
BRDA:4922,802,0,0
BRDA:4922,802,1,0
BRDA:4926,803,0,0
BRDA:4926,803,1,0
BRDA:4927,804,0,0
BRDA:4927,804,1,0
BRDA:4928,805,0,0
BRDA:4928,805,1,0
BRDA:4929,806,0,0
BRDA:4929,806,1,0
BRDA:4930,807,0,0
BRDA:4930,807,1,0
BRDA:4931,808,0,0
BRDA:4931,808,1,0
BRDA:4933,809,0,0
BRDA:4933,809,1,0
BRDA:4938,810,0,0
BRDA:4938,810,1,0
BRDA:4939,811,0,0
BRDA:4939,811,1,0
BRDA:4940,812,0,0
BRDA:4940,812,1,0
BRDA:4948,813,0,0
BRDA:4948,813,1,0
BRDA:4948,814,0,0
BRDA:4948,814,1,0
BRDA:4962,815,0,0
BRDA:4962,815,1,0
BRDA:4962,816,0,0
BRDA:4962,816,1,0
BRDA:4972,817,0,0
BRDA:4972,817,1,0
BRDA:4972,818,0,0
BRDA:4972,818,1,0
BRDA:4975,819,0,0
BRDA:4975,819,1,0
BRDA:4976,820,0,0
BRDA:4976,820,1,0
BRDA:4976,821,0,0
BRDA:4976,821,1,0
BRDA:4980,822,0,0
BRDA:4980,822,1,0
BRDA:4986,823,0,0
BRDA:4986,823,1,0
BRDA:4986,824,0,0
BRDA:4986,824,1,0
BRDA:5000,825,0,0
BRDA:5000,825,1,0
BRDA:5003,826,0,0
BRDA:5003,826,1,0
BRDA:5004,827,0,0
BRDA:5004,827,1,0
BRDA:5005,828,0,0
BRDA:5005,828,1,0
BRDA:5006,829,0,0
BRDA:5006,829,1,0
BRDA:5041,830,0,0
BRDA:5041,830,1,0
BRDA:5047,831,0,0
BRDA:5047,831,1,0
BRDA:5048,832,0,0
BRDA:5048,832,1,0
BRDA:5061,833,0,0
BRDA:5061,833,1,0
BRDA:5068,834,0,0
BRDA:5068,834,1,0
BRDA:5097,835,0,0
BRDA:5097,835,1,0
BRDA:5106,836,0,0
BRDA:5106,836,1,0
BRDA:5115,837,0,0
BRDA:5115,837,1,0
BRDA:5124,838,0,0
BRDA:5124,838,1,0
BRDA:5196,839,0,0
BRDA:5196,839,1,0
BRDA:5196,840,0,0
BRDA:5196,840,1,0
BRDA:5239,841,0,0
BRDA:5239,841,1,0
BRDA:5239,842,0,0
BRDA:5239,842,1,0
BRDA:5249,843,0,0
BRDA:5249,843,1,0
BRDA:5255,844,0,0
BRDA:5255,844,1,0
BRDA:5289,845,0,0
BRDA:5289,845,1,0
BRDA:5293,846,0,0
BRDA:5293,846,1,0
BRDA:5297,847,0,0
BRDA:5297,847,1,0
BRDA:5301,848,0,0
BRDA:5301,848,1,0
BRDA:5305,849,0,0
BRDA:5305,849,1,0
BRDA:5331,850,0,0
BRDA:5331,850,1,0
BRDA:5331,851,0,0
BRDA:5331,851,1,0
BRDA:5338,852,0,0
BRDA:5338,852,1,0
BRDA:5339,853,0,0
BRDA:5339,853,1,0
BRDA:5339,854,0,0
BRDA:5339,854,1,0
BRDA:5339,854,2,0
BRDA:5418,855,0,0
BRDA:5418,855,1,0
BRDA:5526,856,0,0
BRDA:5526,856,1,0
BRDA:5600,857,0,0
BRDA:5600,857,1,0
BRDA:5643,858,0,0
BRDA:5643,858,1,0
BRDA:5647,859,0,0
BRDA:5647,859,1,0
BRDA:5651,860,0,0
BRDA:5651,860,1,0
BRDA:5681,861,0,0
BRDA:5681,861,1,0
BRDA:5685,862,0,0
BRDA:5685,862,1,0
BRDA:5689,863,0,0
BRDA:5689,863,1,0
BRDA:5693,864,0,0
BRDA:5693,864,1,0
BRDA:5755,865,0,0
BRDA:5755,865,1,0
BRDA:5759,866,0,0
BRDA:5759,866,1,0
BRDA:5759,867,0,0
BRDA:5759,867,1,0
BRDA:5759,868,0,0
BRDA:5759,868,1,0
BRDA:5759,869,0,0
BRDA:5759,869,1,0
BRDA:5765,870,0,0
BRDA:5765,870,1,0
BRDA:5765,871,0,0
BRDA:5765,871,1,0
BRDA:5765,871,2,0
BRDA:5768,872,0,0
BRDA:5768,872,1,0
BRDA:5769,873,0,0
BRDA:5769,873,1,0
BRDA:5770,874,0,0
BRDA:5770,874,1,0
BRDA:5777,875,0,0
BRDA:5777,875,1,0
BRDA:5795,876,0,0
BRDA:5795,876,1,0
BRDA:5803,877,0,0
BRDA:5803,877,1,0
BRDA:5804,878,0,0
BRDA:5804,878,1,0
BRDA:5804,879,0,0
BRDA:5804,879,1,0
BRDA:5804,879,2,0
BRDA:5809,880,0,0
BRDA:5809,880,1,0
BRDA:5810,881,0,0
BRDA:5810,881,1,0
BRDA:5810,882,0,0
BRDA:5810,882,1,0
BRDA:5810,882,2,0
BRDA:5831,883,0,0
BRDA:5831,883,1,0
BRDA:5860,884,0,0
BRDA:5860,884,1,0
BRDA:5862,885,0,0
BRDA:5862,885,1,0
BRDA:5866,886,0,0
BRDA:5866,886,1,0
BRDA:5867,887,0,0
BRDA:5867,887,1,0
BRDA:5868,888,0,0
BRDA:5868,888,1,0
BRDA:5879,889,0,0
BRDA:5879,889,1,0
BRDA:5880,890,0,0
BRDA:5880,890,1,0
BRDA:5881,891,0,0
BRDA:5881,891,1,0
BRDA:5896,892,0,0
BRDA:5900,893,0,0
BRDA:5900,893,1,0
BRDA:5902,894,0,0
BRDA:5902,894,1,0
BRDA:5921,895,0,0
BRDA:5921,895,1,0
BRDA:5921,896,0,0
BRDA:5921,896,1,0
BRDA:5931,897,0,0
BRDA:5931,897,1,0
BRDA:5931,898,0,0
BRDA:5931,898,1,0
BRDA:5934,899,0,0
BRDA:5934,899,1,0
BRDA:5936,900,0,0
BRDA:5936,900,1,0
BRDA:5940,901,0,0
BRDA:5940,901,1,0
BRDA:5941,902,0,0
BRDA:5941,902,1,0
BRDA:5941,903,0,0
BRDA:5941,903,1,0
BRDA:5941,903,2,0
BRDA:5956,904,0,0
BRDA:5956,904,1,0
BRDA:5956,905,0,0
BRDA:5956,905,1,0
BRDA:5960,906,0,0
BRDA:5960,906,1,0
BRDA:5961,907,0,0
BRDA:5961,907,1,0
BRDA:5961,908,0,0
BRDA:5961,908,1,0
BRDA:5966,909,0,0
BRDA:5966,909,1,0
BRDA:5968,910,0,0
BRDA:5968,910,1,0
BRDA:5984,911,0,0
BRDA:5984,911,1,0
BRDA:5985,912,0,0
BRDA:5985,912,1,0
BRDA:5985,913,0,0
BRDA:5985,913,1,0
BRDA:5988,914,0,0
BRDA:5988,914,1,0
BRDA:5988,915,0,0
BRDA:5988,915,1,0
BRDA:5991,916,0,0
BRDA:5991,916,1,0
BRDA:6025,917,0,0
BRDA:6025,918,0,0
BRDA:6025,919,0,0
BRDA:6031,920,0,0
BRDA:6031,920,1,0
BRDA:6031,920,2,0
BRDA:6032,921,0,0
BRDA:6032,921,1,0
BRDA:6040,922,0,0
BRDA:6040,922,1,0
BRDA:6046,923,0,0
BRDA:6046,923,1,0
BRDA:6057,924,0,0
BRDA:6057,924,1,0
BRDA:6065,925,0,0
BRDA:6065,925,1,0
BRDA:6068,926,0,0
BRDA:6068,926,1,0
BRDA:6071,927,0,0
BRDA:6071,927,1,0
BRDA:6080,928,0,0
BRDA:6080,928,1,0
BRDA:6082,929,0,0
BRDA:6082,929,1,0
BRDA:6083,930,0,0
BRDA:6083,930,1,0
BRDA:6090,931,0,0
BRDA:6090,931,1,0
BRDA:6098,932,0,0
BRDA:6098,932,1,0
BRDA:6100,933,0,0
BRDA:6100,933,1,0
BRDA:6114,934,0,0
BRDA:6114,934,1,0
BRDA:6116,935,0,0
BRDA:6116,935,1,0
BRDA:6118,936,0,0
BRDA:6118,936,1,0
BRDA:6134,937,0,0
BRDA:6134,937,1,0
BRDA:6135,938,0,0
BRDA:6135,938,1,0
BRDA:6143,939,0,0
BRDA:6143,939,1,0
BRDA:6144,940,0,0
BRDA:6144,940,1,0
BRDA:6144,940,2,0
BRDA:6145,941,0,0
BRDA:6145,941,1,0
BRDA:6148,942,0,0
BRDA:6148,942,1,0
BRDA:6149,943,0,0
BRDA:6149,943,1,0
BRDA:6150,944,0,0
BRDA:6150,944,1,0
BRDA:6150,945,0,0
BRDA:6150,945,1,0
BRDA:6151,946,0,0
BRDA:6151,946,1,0
BRDA:6151,947,0,0
BRDA:6151,947,1,0
BRDA:6162,948,0,0
BRDA:6162,948,1,0
BRDA:6166,949,0,0
BRDA:6166,949,1,0
BRDA:6167,950,0,0
BRDA:6167,950,1,0
BRDA:6178,951,0,0
BRDA:6178,951,1,0
BRDA:6189,952,0,0
BRDA:6189,952,1,0
BRDA:6200,953,0,0
BRDA:6200,953,1,0
BRDA:6211,954,0,0
BRDA:6211,954,1,0
BRDA:6218,955,0,0
BRDA:6218,955,1,0
BRDA:6221,956,0,0
BRDA:6221,956,1,0
BRDA:6231,957,0,0
BRDA:6231,957,1,0
BRDA:6232,958,0,0
BRDA:6232,958,1,0
BRDA:6243,959,0,0
BRDA:6243,959,1,0
BRDA:6244,960,0,0
BRDA:6244,960,1,0
BRDA:6248,961,0,0
BRDA:6248,961,1,0
BRDA:6267,962,0,0
BRDA:6267,962,1,0
BRDA:6311,963,0,0
BRDA:6311,963,1,0
BRDA:6312,964,0,0
BRDA:6312,964,1,0
BRDA:6313,965,0,0
BRDA:6313,965,1,0
BRDA:6314,966,0,0
BRDA:6314,966,1,0
BRDA:6314,967,0,0
BRDA:6314,967,1,0
BRDA:6319,968,0,0
BRDA:6319,968,1,0
BRDA:6336,969,0,0
BRDA:6336,969,1,0
BRDA:6345,970,0,0
BRDA:6345,970,1,0
BRDA:6355,971,0,0
BRDA:6355,971,1,0
BRDA:6361,972,0,0
BRDA:6361,972,1,0
BRDA:6371,973,0,0
BRDA:6371,973,1,0
BRDA:6379,974,0,0
BRDA:6379,974,1,0
BRDA:6380,975,0,0
BRDA:6380,975,1,0
BRDA:6394,976,0,0
BRDA:6394,976,1,0
BRDA:6395,977,0,0
BRDA:6395,977,1,0
BRDA:6395,978,0,0
BRDA:6395,978,1,0
BRDA:6395,978,2,0
BRDA:6406,979,0,0
BRDA:6406,979,1,0
BRDA:6410,980,0,0
BRDA:6410,980,1,0
BRDA:6426,981,0,0
BRDA:6426,981,1,0
BRDA:6427,982,0,0
BRDA:6427,982,1,0
BRDA:6428,983,0,0
BRDA:6428,983,1,0
BRDA:6429,984,0,0
BRDA:6429,984,1,0
BRDA:6429,985,0,0
BRDA:6429,985,1,0
BRDA:6442,986,0,0
BRDA:6442,986,1,0
BRDA:6452,987,0,0
BRDA:6452,987,1,0
BRDA:6454,988,0,0
BRDA:6454,988,1,0
BRDA:6455,989,0,0
BRDA:6455,989,1,0
BRDA:6456,990,0,0
BRDA:6456,990,1,0
BRDA:6463,991,0,0
BRDA:6463,991,1,0
BRDA:6464,992,0,0
BRDA:6464,992,1,0
BRDA:6467,993,0,0
BRDA:6467,993,1,0
BRDA:6467,994,0,0
BRDA:6467,994,1,0
BRDA:6497,995,0,0
BRDA:6497,995,1,0
BRDA:6500,996,0,0
BRDA:6500,996,1,0
BRDA:6500,997,0,0
BRDA:6500,997,1,0
BRDA:6527,998,0,0
BRDA:6527,998,1,0
BRDA:6529,999,0,0
BRDA:6529,999,1,0
BRDA:6530,1000,0,0
BRDA:6530,1000,1,0
BRDA:6531,1001,0,0
BRDA:6531,1001,1,0
BRDA:6534,1002,0,0
BRDA:6534,1002,1,0
BRDA:6535,1003,0,0
BRDA:6535,1003,1,0
BRDA:6536,1004,0,0
BRDA:6536,1004,1,0
BRDA:6536,1005,0,0
BRDA:6536,1005,1,0
BRDA:6552,1006,0,0
BRDA:6552,1006,1,0
BRDA:6553,1007,0,0
BRDA:6553,1007,1,0
BRDA:6553,1008,0,0
BRDA:6553,1008,1,0
BRDA:6554,1009,0,0
BRDA:6554,1009,1,0
BRDA:6566,1010,0,0
BRDA:6566,1010,1,0
BRDA:6567,1011,0,0
BRDA:6567,1011,1,0
BRDA:6567,1012,0,0
BRDA:6567,1012,1,0
BRDA:6584,1013,0,0
BRDA:6584,1013,1,0
BRDA:6588,1014,0,0
BRDA:6588,1014,1,0
BRDA:6589,1015,0,0
BRDA:6589,1015,1,0
BRDA:6593,1016,0,0
BRDA:6593,1016,1,0
BRDA:6593,1017,0,0
BRDA:6593,1017,1,0
BRDA:6593,1017,2,0
BRDA:6593,1018,0,0
BRDA:6593,1018,1,0
BRDA:6623,1019,0,0
BRDA:6623,1019,1,0
BRDA:6624,1020,0,0
BRDA:6624,1020,1,0
BRDA:6624,1021,0,0
BRDA:6624,1021,1,0
BRDA:6627,1022,0,0
BRDA:6627,1022,1,0
BRDA:6627,1023,0,0
BRDA:6627,1023,1,0
BRDA:6642,1024,0,0
BRDA:6642,1024,1,0
BRDA:6643,1025,0,0
BRDA:6643,1025,1,0
BRDA:6652,1026,0,0
BRDA:6652,1026,1,0
BRDA:6652,1027,0,0
BRDA:6652,1027,1,0
BRDA:6660,1028,0,0
BRDA:6660,1028,1,0
BRDA:6662,1029,0,0
BRDA:6662,1029,1,0
BRDA:6664,1030,0,0
BRDA:6664,1030,1,0
BRDA:6665,1031,0,0
BRDA:6665,1031,1,0
BRDA:6666,1032,0,0
BRDA:6666,1032,1,0
BRDA:6667,1033,0,0
BRDA:6667,1033,1,0
BRDA:6676,1034,0,0
BRDA:6676,1034,1,0
BRDA:6676,1034,2,0
BRDA:6676,1034,3,0
BRDA:6678,1035,0,0
BRDA:6678,1035,1,0
BRDA:6711,1036,0,0
BRDA:6711,1036,1,0
BRDA:6712,1037,0,0
BRDA:6712,1037,1,0
BRDA:6718,1038,0,0
BRDA:6718,1038,1,0
BRDA:6721,1039,0,0
BRDA:6721,1039,1,0
BRDA:6723,1040,0,0
BRDA:6723,1040,1,0
BRDA:6723,1041,0,0
BRDA:6723,1041,1,0
BRDA:6742,1042,0,0
BRDA:6742,1042,1,0
BRDA:6744,1043,0,0
BRDA:6744,1043,1,0
BRDA:6766,1044,0,0
BRDA:6766,1044,1,0
BRDA:6786,1045,0,0
BRDA:6786,1045,1,0
BRDA:6794,1046,0,0
BRDA:6794,1046,1,0
BRDA:6796,1047,0,0
BRDA:6796,1047,1,0
BRDA:6799,1048,0,0
BRDA:6799,1048,1,0
BRDA:6813,1049,0,0
BRDA:6813,1049,1,0
BRDA:6813,1050,0,0
BRDA:6813,1050,1,0
BRDA:6819,1051,0,0
BRDA:6819,1051,1,0
BRDA:6819,1052,0,0
BRDA:6819,1052,1,0
BRDA:6831,1053,0,0
BRDA:6831,1053,1,0
BRDA:6836,1054,0,0
BRDA:6836,1054,1,0
BRDA:6838,1055,0,0
BRDA:6838,1055,1,0
BRDA:6846,1056,0,0
BRDA:6846,1056,1,0
BRDA:6853,1057,0,0
BRDA:6853,1057,1,0
BRDA:6853,1058,0,0
BRDA:6853,1058,1,0
BRDA:6897,1059,0,0
BRDA:6897,1059,1,0
BRDA:6897,1060,0,0
BRDA:6897,1060,1,0
BRDA:6897,1060,2,0
BRDA:6908,1061,0,0
BRDA:6908,1061,1,0
BRDA:6920,1062,0,0
BRDA:6920,1062,1,0
BRF:2187
BRH:1
end_of_record
TN:
SF:middlewares\auth.js
FN:4,genReqId
FN:8,mapScopesFromRole
FN:16,bearerAuth
FN:17,(anonymous_3)
FN:23,(anonymous_4)
FN:32,requireScope
FN:33,(anonymous_6)
FN:42,pinGuard
FN:43,(anonymous_8)
FN:52,withReqId
FN:60,auditLog
FNF:11
FNH:10
FNDA:1,genReqId
FNDA:25,mapScopesFromRole
FNDA:133,bearerAuth
FNDA:31,(anonymous_3)
FNDA:27,(anonymous_4)
FNDA:3,requireScope
FNDA:3,(anonymous_6)
FNDA:8,pinGuard
FNDA:4,(anonymous_8)
FNDA:2,withReqId
FNDA:0,auditLog
DA:2,4
DA:5,1
DA:9,25
DA:10,14
DA:13,4
DA:14,4
DA:17,133
DA:18,31
DA:19,31
DA:20,31
DA:21,31
DA:23,27
DA:24,27
DA:25,25
DA:26,25
DA:27,25
DA:33,3
DA:34,3
DA:35,3
DA:36,1
DA:38,2
DA:43,8
DA:44,4
DA:45,4
DA:46,3
DA:48,1
DA:53,2
DA:54,2
DA:55,2
DA:56,2
DA:57,2
DA:61,0
DA:62,0
DA:63,0
DA:64,0
DA:65,0
DA:66,0
DA:67,0
DA:70,4
LF:39
LH:32
BRDA:9,0,0,11
BRDA:9,0,1,14
BRDA:14,1,0,0
BRDA:14,1,1,4
BRDA:19,2,0,31
BRDA:19,2,1,27
BRDA:20,3,0,0
BRDA:20,3,1,31
BRDA:20,4,0,31
BRDA:20,4,1,4
BRDA:20,4,2,0
BRDA:21,5,0,4
BRDA:21,5,1,27
BRDA:24,6,0,2
BRDA:24,6,1,25
BRDA:24,7,0,27
[...]
BRDA:278,16,0,0
BRDA:278,16,1,0
BRDA:280,17,0,0
BRDA:280,17,1,0
BRDA:294,18,0,0
BRDA:294,18,1,0
BRDA:294,19,0,0
BRDA:294,19,1,0
BRDA:295,20,0,0
BRDA:295,20,1,0
BRDA:295,21,0,0
BRDA:295,21,1,0
BRDA:295,22,0,0
BRDA:295,22,1,0
BRDA:296,23,0,0
BRDA:296,23,1,0
BRDA:296,24,0,0
BRDA:296,24,1,0
BRDA:296,25,0,0
BRDA:296,25,1,0
BRDA:296,26,0,0
BRDA:296,26,1,0
BRDA:297,27,0,0
BRDA:297,27,1,0
BRDA:297,28,0,0
BRDA:297,28,1,0
BRDA:297,29,0,0
BRDA:297,29,1,0
BRDA:297,30,0,0
BRDA:297,30,1,0
BRDA:297,31,0,0
BRDA:297,31,1,0
BRDA:297,32,0,0
BRDA:297,32,1,0
BRDA:297,33,0,0
BRDA:297,33,1,0
BRDA:298,34,0,0
BRDA:298,34,1,0
BRDA:298,35,0,0
BRDA:298,35,1,0
BRDA:298,36,0,0
BRDA:298,36,1,0
BRDA:299,37,0,0
BRDA:299,37,1,0
BRDA:299,38,0,0
BRDA:299,38,1,0
BRDA:305,39,0,0
BRDA:305,39,1,0
BRDA:306,40,0,0
BRDA:306,40,1,0
BRDA:306,40,2,0
BRDA:310,41,0,0
BRDA:310,41,1,0
BRDA:311,42,0,0
BRDA:311,42,1,0
BRDA:312,43,0,0
BRDA:312,43,1,0
BRDA:313,44,0,0
BRDA:313,44,1,0
BRDA:315,45,0,0
BRDA:315,45,1,0
BRDA:316,46,0,0
BRDA:316,46,1,0
BRDA:317,47,0,0
BRDA:317,47,1,0
BRDA:325,48,0,0
BRDA:325,48,1,0
BRDA:331,49,0,0
BRDA:331,49,1,0
BRDA:331,50,0,0
BRDA:331,50,1,0
BRDA:332,51,0,0
BRDA:332,51,1,0
BRDA:334,52,0,0
BRDA:334,52,1,0
BRDA:334,53,0,0
BRDA:334,53,1,0
BRDA:338,54,0,0
BRDA:338,54,1,0
BRDA:340,55,0,0
BRDA:340,55,1,0
BRDA:341,56,0,0
BRDA:341,56,1,0
BRDA:344,57,0,0
BRDA:344,57,1,0
BRDA:344,58,0,0
BRDA:344,58,1,0
BRDA:344,58,2,0
BRDA:345,59,0,0
BRDA:345,59,1,0
BRDA:356,60,0,0
BRDA:356,60,1,0
BRDA:365,61,0,0
BRDA:365,61,1,0
BRDA:365,62,0,0
BRDA:365,62,1,0
BRDA:367,63,0,0
BRDA:367,63,1,0
BRDA:374,64,0,0
BRDA:374,64,1,0
BRDA:380,65,0,0
BRDA:380,65,1,0
BRDA:408,66,0,0
BRDA:408,66,1,0
BRDA:409,67,0,0
BRDA:409,67,1,0
BRDA:410,68,0,0
BRDA:410,68,1,0
BRDA:411,69,0,0
BRDA:411,69,1,0
BRF:143
BRH:0
end_of_record
TN:
SF:repositories\vouchersRepo.js
FN:7,create
FN:19,findById
FN:27,listByCpf
FNF:3
FNH:0
FNDA:0,create
FNDA:0,findById
FNDA:0,listByCpf
DA:1,1
DA:8,0
DA:9,0
DA:10,0
DA:11,0
DA:16,0
DA:20,0
DA:21,0
DA:24,0
DA:28,0
DA:29,0
DA:34,0
DA:37,1
LF:13
LH:2
BRDA:24,0,0,0
BRDA:24,0,1,0
BRDA:34,1,0,0
BRDA:34,1,1,0
BRF:4
BRH:0
end_of_record
TN:
SF:services\cronReconciliation.js
FN:12,runDailyReconciliation
FN:51,(anonymous_1)
FN:54,(anonymous_2)
FN:80,initReconciliationScheduler
FN:84,(anonymous_4)
FN:85,(anonymous_5)
FN:89,(anonymous_6)
FN:90,(anonymous_7)
FNF:8
FNH:0
FNDA:0,runDailyReconciliation
FNDA:0,(anonymous_1)
FNDA:0,(anonymous_2)
FNDA:0,initReconciliationScheduler
FNDA:0,(anonymous_4)
FNDA:0,(anonymous_5)
FNDA:0,(anonymous_6)
FNDA:0,(anonymous_7)
DA:6,0
DA:7,0
DA:13,0
DA:14,0
DA:16,0
DA:25,0
DA:27,0
DA:28,0
DA:31,0
DA:32,0
DA:33,0
DA:35,0
DA:38,0
DA:40,0
DA:41,0
DA:44,0
DA:45,0
DA:51,0
DA:54,0
DA:55,0
DA:56,0
DA:65,0
DA:69,0
DA:70,0
DA:72,0
DA:73,0
DA:81,0
DA:84,0
DA:85,0
DA:89,0
DA:90,0
DA:94,0
LF:32
LH:0
BRDA:28,0,0,0
BRDA:28,0,1,0
BRDA:40,1,0,0
BRDA:40,1,1,0
BRDA:51,2,0,0
BRDA:51,2,1,0
BRDA:51,3,0,0
BRDA:51,3,1,0
BRDA:51,3,2,0
BRDA:55,4,0,0
BRDA:55,4,1,0
BRDA:80,5,0,0
BRF:12
BRH:0
end_of_record
TN:
SF:services\invoiceEngine.js
FN:5,runEngine
FN:68,(anonymous_1)
FN:107,(anonymous_2)
FN:114,(anonymous_3)
FN:127,(anonymous_4)
FN:134,(anonymous_5)
FN:162,(anonymous_6)
FN:162,(anonymous_7)
FNF:8
FNH:0
FNDA:0,runEngine
FNDA:0,(anonymous_1)
FNDA:0,(anonymous_2)
FNDA:0,(anonymous_3)
FNDA:0,(anonymous_4)
FNDA:0,(anonymous_5)
FNDA:0,(anonymous_6)
FNDA:0,(anonymous_7)
DA:1,1
DA:2,1
DA:3,1
DA:6,0
DA:7,0
DA:9,0
DA:10,0
DA:11,0
DA:12,0
DA:15,0
DA:16,0
DA:19,0
DA:20,0
DA:21,0
DA:23,0
DA:24,0
DA:26,0
DA:27,0
DA:28,0
DA:31,0
DA:32,0
DA:33,0
DA:36,0
DA:38,0
DA:41,0
DA:46,0
DA:47,0
DA:48,0
DA:49,0
DA:50,0
DA:51,0
DA:53,0
DA:54,0
DA:58,0
DA:68,0
DA:69,0
DA:76,0
DA:77,0
DA:78,0
DA:79,0
DA:80,0
DA:81,0
DA:82,0
DA:83,0
DA:85,0
DA:86,0
DA:87,0
DA:88,0
DA:89,0
DA:90,0
DA:91,0
DA:92,0
DA:93,0
DA:95,0
DA:97,0
DA:101,0
DA:102,0
DA:103,0
DA:107,0
DA:109,0
DA:113,0
DA:115,0
DA:116,0
DA:117,0
DA:120,0
DA:122,0
DA:123,0
DA:125,0
DA:127,0
DA:134,0
DA:146,0
DA:149,0
DA:154,0
DA:157,0
DA:162,0
DA:164,0
DA:165,0
DA:166,0
DA:167,0
DA:169,0
DA:175,0
DA:182,0
DA:183,0
DA:184,0
DA:185,0
DA:188,0
DA:195,0
DA:196,0
DA:197,0
DA:198,0
DA:200,0
DA:207,0
DA:208,0
DA:209,0
DA:212,0
DA:213,0
DA:214,0
DA:215,0
DA:216,0
DA:218,0
DA:219,0
DA:231,0
DA:232,0
DA:233,0
DA:234,0
DA:235,0
DA:237,0
DA:247,0
DA:251,0
DA:254,0
DA:258,0
DA:259,0
DA:261,0
DA:262,0
DA:266,1
LF:115
LH:4
BRDA:5,0,0,0
BRDA:7,1,0,0
BRDA:7,1,1,0
BRDA:11,2,0,0
BRDA:11,2,1,0
BRDA:20,3,0,0
BRDA:20,3,1,0
BRDA:28,4,0,0
BRDA:28,4,1,0
BRDA:36,5,0,0
BRDA:36,5,1,0
BRDA:47,6,0,0
BRDA:47,6,1,0
BRDA:76,7,0,0
BRDA:76,7,1,0
BRDA:77,8,0,0
BRDA:77,8,1,0
BRDA:79,9,0,0
BRDA:79,9,1,0
BRDA:80,10,0,0
BRDA:80,10,1,0
BRDA:81,11,0,0
BRDA:81,11,1,0
BRDA:82,12,0,0
BRDA:82,12,1,0
BRDA:85,13,0,0
BRDA:85,13,1,0
BRDA:85,14,0,0
BRDA:85,14,1,0
BRDA:86,15,0,0
BRDA:86,15,1,0
BRDA:88,16,0,0
BRDA:88,16,1,0
BRDA:89,17,0,0
BRDA:89,17,1,0
BRDA:90,18,0,0
BRDA:90,18,1,0
BRDA:91,19,0,0
BRDA:91,19,1,0
BRDA:92,20,0,0
BRDA:92,20,1,0
BRDA:116,21,0,0
BRDA:116,21,1,0
BRDA:117,22,0,0
BRDA:117,22,1,0
BRDA:120,23,0,0
BRDA:120,23,1,0
BRDA:122,24,0,0
BRDA:122,24,1,0
BRDA:123,25,0,0
BRDA:123,25,1,0
BRDA:123,26,0,0
BRDA:123,26,1,0
BRDA:154,27,0,0
BRDA:154,27,1,0
BRDA:154,28,0,0
BRDA:154,28,1,0
BRDA:162,29,0,0
BRDA:162,29,1,0
BRDA:182,30,0,0
BRDA:182,30,1,0
BRDA:207,31,0,0
BRDA:207,31,1,0
BRDA:209,32,0,0
BRDA:209,32,1,0
BRDA:212,33,0,0
BRDA:212,33,1,0
BRDA:214,34,0,0
BRDA:214,34,1,0
BRDA:214,34,2,0
BRDA:227,35,0,0
BRDA:227,35,1,0
BRDA:232,36,0,0
BRDA:232,36,1,0
BRDA:232,37,0,0
BRDA:232,37,1,0
BRDA:235,38,0,0
BRDA:235,38,1,0
BRF:78
BRH:0
end_of_record
TN:
SF:services\recurringEngine.js
FN:11,runEngine
FNF:1
FNH:1
FNDA:2,runEngine
DA:3,1
DA:4,1
DA:12,2
DA:13,2
DA:15,2
DA:16,2
DA:18,2
DA:23,2
DA:24,2
DA:27,2
DA:28,2
DA:29,2
DA:30,2
DA:32,2
DA:33,2
DA:34,2
DA:35,2
DA:36,2
DA:37,2
DA:38,2
DA:41,2
DA:42,2
DA:43,0
DA:44,0
DA:45,0
DA:48,2
DA:49,2
DA:50,2
DA:52,2
DA:53,1
DA:54,1
DA:56,0
DA:62,0
DA:63,0
DA:68,0
DA:70,1
DA:74,1
DA:75,1
DA:76,1
DA:82,1
DA:83,1
DA:88,1
DA:90,0
DA:94,2
DA:96,1
DA:97,1
DA:98,0
DA:99,0
DA:101,1
DA:110,1
DA:111,1
DA:114,1
DA:115,1
DA:117,1
DA:118,0
DA:119,0
DA:123,1
DA:124,1
DA:126,1
DA:135,1
DA:146,1
DA:150,2
DA:160,1
LF:63
LH:51
BRDA:11,0,0,0
BRDA:23,1,0,2
BRDA:23,1,1,0
BRDA:35,2,0,2
BRDA:35,2,1,2
BRDA:36,3,0,2
BRDA:36,3,1,0
BRDA:37,4,0,2
BRDA:37,4,1,0
BRDA:38,5,0,2
BRDA:38,5,1,0
BRDA:42,6,0,0
BRDA:42,6,1,2
BRDA:42,7,0,2
BRDA:42,7,1,2
BRDA:52,8,0,1
BRDA:52,8,1,1
BRDA:53,9,0,1
BRDA:53,9,1,0
BRDA:54,10,0,0
BRDA:54,10,1,1
BRDA:74,11,0,1
BRDA:74,11,1,0
BRDA:75,12,0,1
BRDA:75,12,1,0
BRDA:94,13,0,1
BRDA:94,13,1,1
BRDA:97,14,0,1
BRDA:97,14,1,0
BRDA:98,15,0,0
BRDA:98,15,1,0
BRDA:117,16,0,0
BRDA:117,16,1,1
BRF:33
BRH:19
end_of_record
TN:
SF:services\database\DatabaseFactory.js
FN:5,(anonymous_0)
FNF:1
FNH:1
FNDA:1,(anonymous_0)
DA:1,1
DA:2,1
DA:7,1
DA:9,1
DA:11,1
DA:12,1
DA:28,0
DA:39,1
LF:8
LH:7
BRDA:7,0,0,1
BRDA:7,0,1,0
BRDA:7,0,2,0
BRDA:11,1,0,1
BRDA:11,1,1,0
BRDA:24,2,0,1
BRDA:24,2,1,0
BRF:7
BRH:3
end_of_record
TN:
SF:services\database\DatabaseInterface.js
FN:10,(anonymous_0)
FN:18,(anonymous_1)
FN:27,(anonymous_2)
FN:35,(anonymous_3)
FN:44,(anonymous_4)
FNF:5
FNH:0
FNDA:0,(anonymous_0)
FNDA:0,(anonymous_1)
FNDA:0,(anonymous_2)
FNDA:0,(anonymous_3)
FNDA:0,(anonymous_4)
DA:11,0
DA:19,0
DA:28,0
DA:36,0
DA:45,0
DA:49,2
LF:6
LH:1
BRF:0
BRH:0
end_of_record
TN:
SF:services\database\DatabricksProvider.js
FN:5,(anonymous_0)
FN:15,(anonymous_1)
FN:16,(anonymous_2)
FN:23,(anonymous_3)
FN:78,(anonymous_4)
FN:84,(anonymous_5)
FN:87,(anonymous_6)
FN:119,(anonymous_7)
FN:125,(anonymous_8)
FN:136,(anonymous_9)
FNF:10
FNH:0
FNDA:0,(anonymous_0)
FNDA:0,(anonymous_1)
FNDA:0,(anonymous_2)
FNDA:0,(anonymous_3)
FNDA:0,(anonymous_4)
FNDA:0,(anonymous_5)
FNDA:0,(anonymous_6)
FNDA:0,(anonymous_7)
FNDA:0,(anonymous_8)
FNDA:0,(anonymous_9)
DA:1,1
DA:2,1
DA:6,0
DA:7,0
DA:8,0
DA:9,0
DA:10,0
DA:11,0
DA:12,0
DA:16,0
DA:17,0
DA:18,0
DA:19,0
DA:25,0
DA:29,0
DA:33,0
DA:34,0
DA:35,0
DA:36,0
DA:37,0
DA:38,0
DA:41,0
DA:42,0
DA:43,0
DA:48,0
DA:52,0
DA:53,0
DA:54,0
DA:57,0
DA:60,0
DA:61,0
DA:62,0
DA:64,0
DA:65,0
DA:68,0
DA:70,0
DA:71,0
DA:72,0
DA:73,0
DA:74,0
DA:79,0
DA:80,0
DA:83,0
DA:84,0
DA:87,0
DA:88,0
DA:89,0
DA:92,0
DA:94,0
DA:95,0
DA:96,0
DA:97,0
DA:98,0
DA:99,0
DA:100,0
DA:101,0
DA:104,0
DA:105,0
DA:106,0
DA:108,0
DA:112,0
DA:114,0
DA:115,0
DA:120,0
DA:121,0
DA:122,0
DA:126,0
DA:127,0
DA:129,0
DA:130,0
DA:131,0
DA:132,0
DA:133,0
DA:138,0
DA:142,1
LF:75
LH:3
BRDA:10,0,0,0
BRDA:10,0,1,0
BRDA:11,1,0,0
BRDA:11,1,1,0
BRDA:18,2,0,0
BRDA:18,2,1,0
BRDA:25,3,0,0
BRDA:25,3,1,0
BRDA:25,3,2,0
BRDA:29,4,0,0
BRDA:29,4,1,0
BRDA:29,4,2,0
BRDA:29,5,0,0
BRDA:29,5,1,0
BRDA:30,6,0,0
BRDA:30,6,1,0
BRDA:31,7,0,0
BRDA:31,7,1,0
BRDA:33,8,0,0
BRDA:33,8,1,0
BRDA:33,9,0,0
BRDA:33,9,1,0
BRDA:60,10,0,0
BRDA:60,10,1,0
BRDA:88,11,0,0
BRDA:88,11,1,0
BRDA:94,12,0,0
BRDA:94,12,1,0
BRDA:96,13,0,0
BRDA:96,13,1,0
BRDA:98,14,0,0
BRDA:98,14,1,0
BRDA:100,15,0,0
BRDA:100,15,1,0
BRDA:104,16,0,0
BRDA:104,16,1,0
BRDA:120,17,0,0
BRDA:120,17,1,0
BRDA:121,18,0,0
BRDA:121,18,1,0
BRDA:126,19,0,0
BRDA:126,19,1,0
BRF:42
BRH:0
end_of_record
TN:
SF:services\database\PostgresProvider.js
FN:6,(anonymous_0)
FN:13,(anonymous_1)
FN:14,(anonymous_2)
FN:21,(anonymous_3)
FN:27,(anonymous_4)
FN:92,(anonymous_5)
FN:99,(anonymous_6)
FN:132,(anonymous_7)
FNF:8
FNH:6
FNDA:2,(anonymous_0)
FNDA:2,(anonymous_1)
FNDA:62,(anonymous_2)
FNDA:2,(anonymous_3)
FNDA:0,(anonymous_4)
FNDA:0,(anonymous_5)
FNDA:92,(anonymous_6)
FNDA:92,(anonymous_7)
DA:1,2
DA:2,2
DA:3,2
DA:7,2
DA:8,2
DA:9,2
DA:10,2
DA:14,2
DA:15,62
DA:16,62
DA:17,62
DA:22,2
DA:23,2
DA:27,2
DA:32,2
DA:33,2
DA:34,2
DA:35,2
DA:36,2
DA:39,2
DA:40,0
DA:41,0
DA:45,2
DA:46,2
DA:48,2
DA:49,2
DA:58,2
DA:59,2
DA:60,1
DA:63,1
DA:64,1
DA:66,1
DA:67,1
DA:69,0
DA:70,0
DA:71,0
DA:72,0
DA:73,0
DA:75,0
DA:78,0
DA:79,0
DA:80,0
DA:81,0
DA:82,0
DA:83,0
DA:84,0
DA:86,0
DA:88,0
DA:93,0
DA:94,0
DA:95,0
DA:100,92
DA:101,0
DA:102,0
DA:107,92
DA:110,92
DA:115,92
DA:117,92
DA:119,92
DA:120,92
DA:121,92
DA:122,92
DA:123,92
DA:125,0
DA:126,0
DA:128,92
DA:134,92
DA:138,2
LF:68
LH:44
BRDA:10,0,0,2
BRDA:10,0,1,0
BRDA:16,1,0,60
BRDA:16,1,1,2
BRDA:33,2,0,2
BRDA:33,2,1,0
BRDA:33,3,0,2
BRDA:33,3,1,2
BRDA:39,4,0,0
BRDA:39,4,1,2
BRDA:51,5,0,0
BRDA:51,5,1,2
BRDA:72,6,0,0
BRDA:72,6,1,0
BRDA:78,7,0,0
BRDA:78,7,1,0
BRDA:78,8,0,0
BRDA:78,8,1,0
BRDA:81,9,0,0
BRDA:81,9,1,0
BRDA:81,10,0,0
BRDA:81,10,1,0
BRDA:83,11,0,0
BRDA:83,11,1,0
BRDA:83,12,0,0
BRDA:83,12,1,0
BRDA:93,13,0,0
BRDA:93,13,1,0
BRDA:100,14,0,0
BRDA:100,14,1,92
BRDA:122,15,0,92
BRDA:122,15,1,0
BRF:32
BRH:10
end_of_record
TN:
SF:src\controllers\invoiceController.js
FN:12,createInvoiceController
FN:31,distributePaymentAmongInvoices
FN:53,markFullyPaidInvoices
FN:94,settleClosedInvoices
FN:115,getClosedInvoiceDebt
FN:127,(anonymous_5)
FN:128,(anonymous_6)
FN:137,(anonymous_7)
FN:147,generatePaymentCodesFallback
FN:159,mod11
FN:171,mod10
FN:201,emvField
FN:204,crc16
FN:259,(anonymous_13)
FN:285,(anonymous_14)
FN:311,(anonymous_15)
FN:337,(anonymous_16)
FN:361,(anonymous_17)
FN:380,(anonymous_18)
FN:389,(anonymous_19)
FN:422,(anonymous_20)
FN:483,(anonymous_21)
FN:519,(anonymous_22)
FN:633,(anonymous_23)
FN:642,(anonymous_24)
FN:781,(anonymous_25)
FN:798,(anonymous_26)
FN:801,(anonymous_27)
FN:847,(anonymous_28)
FN:872,(anonymous_29)
FN:891,(anonymous_30)
FNF:31
FNH:1
FNDA:1,createInvoiceController
FNDA:0,distributePaymentAmongInvoices
FNDA:0,markFullyPaidInvoices
FNDA:0,settleClosedInvoices
FNDA:0,getClosedInvoiceDebt
FNDA:0,(anonymous_5)
FNDA:0,(anonymous_6)
FNDA:0,(anonymous_7)
FNDA:0,generatePaymentCodesFallback
FNDA:0,mod11
FNDA:0,mod10
FNDA:0,emvField
FNDA:0,crc16
FNDA:0,(anonymous_13)
FNDA:0,(anonymous_14)
FNDA:0,(anonymous_15)
FNDA:0,(anonymous_16)
FNDA:0,(anonymous_17)
FNDA:0,(anonymous_18)
FNDA:0,(anonymous_19)
FNDA:0,(anonymous_20)
FNDA:0,(anonymous_21)
FNDA:0,(anonymous_22)
FNDA:0,(anonymous_23)
FNDA:0,(anonymous_24)
FNDA:0,(anonymous_25)
FNDA:0,(anonymous_26)
FNDA:0,(anonymous_27)
FNDA:0,(anonymous_28)
FNDA:0,(anonymous_29)
FNDA:0,(anonymous_30)
DA:12,1
DA:25,1
DA:27,1
DA:28,1
DA:32,0
DA:33,0
DA:34,0
DA:36,0
DA:37,0
DA:38,0
DA:46,0
DA:54,0
DA:55,0
DA:56,0
DA:57,0
DA:59,0
DA:63,0
DA:64,0
DA:65,0
DA:66,0
DA:71,0
DA:73,0
DA:77,0
DA:78,0
DA:85,0
DA:95,0
DA:96,0
DA:98,0
DA:99,0
DA:100,0
DA:116,0
DA:117,0
DA:125,0
DA:127,0
DA:128,0
DA:133,0
DA:134,0
DA:135,0
DA:137,0
DA:139,0
DA:148,0
DA:149,0
DA:150,0
DA:151,0
DA:152,0
DA:153,0
DA:154,0
DA:155,0
DA:156,0
DA:160,0
DA:161,0
DA:162,0
DA:163,0
DA:165,0
DA:166,0
DA:167,0
DA:172,0
DA:173,0
DA:174,0
DA:175,0
DA:176,0
DA:178,0
DA:179,0
DA:182,0
DA:183,0
DA:184,0
DA:187,0
DA:188,0
DA:189,0
DA:190,0
DA:191,0
DA:192,0
DA:193,0
DA:194,0
DA:195,0
DA:196,0
DA:197,0
DA:198,0
DA:202,0
DA:205,0
DA:206,0
DA:207,0
DA:208,0
DA:209,0
DA:210,0
DA:211,0
DA:214,0
DA:217,0
DA:218,0
DA:219,0
DA:220,0
DA:221,0
DA:222,0
DA:223,0
DA:224,0
DA:231,0
DA:232,0
DA:233,0
DA:235,0
DA:236,0
DA:237,0
DA:238,0
DA:240,0
DA:259,1
DA:260,0
DA:262,0
DA:263,0
DA:269,0
DA:270,0
DA:271,0
DA:272,0
DA:273,0
DA:274,0
DA:276,0
DA:278,0
DA:280,0
DA:281,0
DA:285,1
DA:286,0
DA:288,0
DA:289,0
DA:291,0
DA:292,0
DA:294,0
DA:295,0
DA:296,0
DA:298,0
DA:299,0
DA:300,0
DA:301,0
DA:302,0
DA:303,0
DA:304,0
DA:306,0
DA:307,0
DA:311,1
DA:312,0
DA:314,0
DA:315,0
DA:317,0
DA:318,0
DA:320,0
DA:321,0
DA:322,0
DA:324,0
DA:325,0
DA:326,0
DA:327,0
DA:328,0
DA:329,0
DA:330,0
DA:332,0
DA:333,0
DA:337,1
DA:338,0
DA:340,0
DA:341,0
DA:343,0
DA:349,0
DA:350,0
DA:352,0
DA:353,0
DA:357,0
DA:361,0
DA:363,0
DA:380,1
DA:381,0
DA:382,0
DA:383,0
DA:384,0
DA:386,0
DA:389,1
DA:390,0
DA:391,0
DA:392,0
DA:394,0
DA:396,0
DA:397,0
DA:399,0
DA:404,0
DA:406,0
DA:409,0
DA:410,0
DA:411,0
DA:414,0
DA:415,0
DA:418,0
DA:422,0
DA:424,0
DA:425,0
DA:430,0
DA:436,0
DA:437,0
DA:438,0
DA:439,0
DA:440,0
DA:441,0
DA:442,0
DA:454,0
DA:455,0
DA:458,0
DA:460,0
DA:467,0
DA:483,1
DA:484,0
DA:485,0
DA:486,0
DA:488,0
DA:490,0
DA:491,0
DA:493,0
DA:501,0
DA:503,0
DA:506,0
DA:507,0
DA:508,0
DA:511,0
DA:512,0
DA:515,0
DA:519,0
DA:521,0
DA:522,0
DA:525,0
DA:526,0
DA:527,0
DA:528,0
DA:529,0
DA:533,0
DA:535,0
DA:536,0
DA:538,0
DA:541,0
DA:542,0
DA:546,0
DA:547,0
DA:548,0
DA:553,0
DA:554,0
DA:555,0
DA:563,0
DA:564,0
DA:565,0
DA:566,0
DA:569,0
DA:570,0
DA:571,0
DA:572,0
DA:573,0
DA:584,0
DA:585,0
DA:588,0
DA:591,0
DA:599,0
DA:604,0
DA:605,0
DA:606,0
DA:612,0
DA:621,0
DA:622,0
DA:624,0
DA:630,0
DA:633,1
DA:634,0
DA:635,0
DA:636,0
DA:638,0
DA:639,0
DA:640,0
DA:642,0
DA:643,0
DA:644,0
DA:645,0
DA:646,0
DA:647,0
DA:648,0
DA:649,0
DA:651,0
DA:654,0
DA:655,0
DA:656,0
DA:657,0
DA:660,0
DA:664,0
DA:665,0
DA:666,0
DA:668,0
DA:669,0
DA:670,0
DA:672,0
DA:679,0
DA:680,0
DA:681,0
DA:682,0
DA:683,0
DA:687,0
DA:688,0
DA:689,0
DA:690,0
DA:691,0
DA:693,0
DA:694,0
DA:695,0
DA:697,0
DA:721,0
DA:722,0
DA:723,0
DA:725,0
DA:726,0
DA:727,0
DA:728,0
DA:729,0
DA:731,0
DA:733,0
DA:735,0
DA:736,0
DA:737,0
DA:738,0
DA:739,0
DA:740,0
DA:741,0
DA:742,0
DA:743,0
DA:744,0
DA:749,0
DA:750,0
DA:751,0
DA:752,0
DA:753,0
DA:755,0
DA:756,0
DA:757,0
DA:759,0
DA:781,1
DA:782,0
DA:783,0
DA:784,0
DA:785,0
DA:786,0
DA:787,0
DA:792,0
DA:797,0
DA:798,0
DA:799,0
DA:800,0
DA:801,0
DA:803,0
DA:809,0
DA:812,0
DA:819,0
DA:820,0
DA:821,0
DA:822,0
DA:823,0
DA:824,0
DA:825,0
DA:826,0
DA:828,0
DA:830,0
DA:831,0
DA:832,0
DA:833,0
DA:834,0
DA:836,0
DA:844,0
DA:847,1
DA:848,0
DA:849,0
DA:850,0
DA:853,0
DA:855,0
DA:856,0
DA:857,0
DA:858,0
DA:859,0
DA:862,0
DA:863,0
DA:864,0
DA:872,0
DA:875,0
DA:876,0
DA:877,0
DA:879,0
DA:891,1
DA:892,0
DA:893,0
DA:894,0
DA:896,0
DA:898,0
DA:899,0
DA:900,0
DA:903,1
LF:391
LH:16
BRDA:37,0,0,0
BRDA:37,0,1,0
BRDA:63,1,0,0
BRDA:63,1,1,0
BRDA:64,2,0,0
BRDA:64,2,1,0
BRDA:65,3,0,0
BRDA:65,3,1,0
BRDA:77,4,0,0
BRDA:77,4,1,0
BRDA:77,5,0,0
BRDA:77,5,1,0
BRDA:95,6,0,0
BRDA:95,6,1,0
BRDA:95,7,0,0
BRDA:95,7,1,0
BRDA:125,8,0,0
BRDA:125,8,1,0
BRDA:134,9,0,0
BRDA:134,9,1,0
BRDA:134,10,0,0
BRDA:134,10,1,0
BRDA:167,11,0,0
BRDA:167,11,1,0
BRDA:167,12,0,0
BRDA:167,12,1,0
BRDA:167,12,2,0
BRDA:179,13,0,0
BRDA:179,13,1,0
BRDA:209,14,0,0
BRDA:209,14,1,0
BRDA:262,15,0,0
BRDA:262,15,1,0
BRDA:262,16,0,0
BRDA:262,16,1,0
BRDA:262,16,2,0
BRDA:262,16,3,0
BRDA:262,16,4,0
BRDA:289,17,0,0
BRDA:289,17,1,0
BRDA:292,18,0,0
BRDA:292,18,1,0
BRDA:295,19,0,0
BRDA:295,19,1,0
BRDA:296,20,0,0
BRDA:296,20,1,0
BRDA:315,21,0,0
BRDA:315,21,1,0
BRDA:318,22,0,0
BRDA:318,22,1,0
BRDA:321,23,0,0
BRDA:321,23,1,0
BRDA:321,24,0,0
BRDA:321,24,1,0
BRDA:322,25,0,0
BRDA:322,25,1,0
BRDA:341,26,0,0
BRDA:341,26,1,0
BRDA:349,27,0,0
BRDA:349,27,1,0
BRDA:354,28,0,0
BRDA:354,28,1,0
BRDA:354,29,0,0
BRDA:354,29,1,0
BRDA:371,30,0,0
BRDA:371,30,1,0
BRDA:383,31,0,0
BRDA:383,31,1,0
BRDA:383,32,0,0
BRDA:383,32,1,0
BRDA:390,33,0,0
BRDA:390,33,1,0
BRDA:391,34,0,0
BRDA:391,34,1,0
BRDA:391,35,0,0
BRDA:391,35,1,0
BRDA:391,35,2,0
BRDA:391,35,3,0
BRDA:391,35,4,0
BRDA:391,35,5,0
BRDA:391,35,6,0
BRDA:394,36,0,0
BRDA:394,36,1,0
BRDA:397,37,0,0
BRDA:397,37,1,0
BRDA:406,38,0,0
BRDA:406,38,1,0
BRDA:408,39,0,0
BRDA:408,39,1,0
BRDA:409,40,0,0
BRDA:409,40,1,0
BRDA:414,41,0,0
BRDA:414,41,1,0
BRDA:422,42,0,0
BRDA:422,42,1,0
BRDA:424,43,0,0
BRDA:424,43,1,0
BRDA:436,44,0,0
BRDA:436,44,1,0
BRDA:437,45,0,0
BRDA:437,45,1,0
BRDA:439,46,0,0
BRDA:439,46,1,0
BRDA:454,47,0,0
BRDA:454,47,1,0
BRDA:484,48,0,0
BRDA:484,48,1,0
BRDA:485,49,0,0
BRDA:485,49,1,0
BRDA:485,50,0,0
BRDA:485,50,1,0
BRDA:485,50,2,0
BRDA:485,50,3,0
BRDA:488,51,0,0
BRDA:488,51,1,0
BRDA:491,52,0,0
BRDA:491,52,1,0
BRDA:503,53,0,0
BRDA:503,53,1,0
BRDA:505,54,0,0
BRDA:505,54,1,0
BRDA:506,55,0,0
BRDA:506,55,1,0
BRDA:511,56,0,0
BRDA:511,56,1,0
BRDA:519,57,0,0
BRDA:519,57,1,0
BRDA:521,58,0,0
BRDA:521,58,1,0
BRDA:525,59,0,0
BRDA:525,59,1,0
BRDA:527,60,0,0
BRDA:527,60,1,0
BRDA:528,61,0,0
BRDA:528,61,1,0
BRDA:528,62,0,0
BRDA:528,62,1,0
BRDA:533,63,0,0
BRDA:533,63,1,0
BRDA:535,64,0,0
BRDA:535,64,1,0
BRDA:536,65,0,0
BRDA:536,65,1,0
BRDA:538,66,0,0
BRDA:538,66,1,0
BRDA:541,67,0,0
BRDA:541,67,1,0
BRDA:542,68,0,0
BRDA:542,68,1,0
BRDA:565,69,0,0
BRDA:565,69,1,0
BRDA:566,70,0,0
BRDA:566,70,1,0
BRDA:571,71,0,0
BRDA:571,71,1,0
BRDA:571,72,0,0
BRDA:571,72,1,0
BRDA:585,73,0,0
BRDA:585,73,1,0
BRDA:588,74,0,0
BRDA:588,74,1,0
BRDA:621,75,0,0
BRDA:621,75,1,0
BRDA:622,76,0,0
BRDA:622,76,1,0
BRDA:639,77,0,0
BRDA:639,77,1,0
BRDA:643,78,0,0
BRDA:643,78,1,0
BRDA:645,79,0,0
BRDA:645,79,1,0
BRDA:648,80,0,0
BRDA:648,80,1,0
BRDA:654,81,0,0
BRDA:654,81,1,0
BRDA:660,82,0,0
BRDA:660,82,1,0
BRDA:665,83,0,0
BRDA:665,83,1,0
BRDA:670,84,0,0
BRDA:670,84,1,0
BRDA:679,85,0,0
BRDA:679,85,1,0
BRDA:679,85,2,0
BRDA:679,85,3,0
BRDA:687,86,0,0
BRDA:687,86,1,0
BRDA:687,86,2,0
BRDA:688,87,0,0
BRDA:688,87,1,0
BRDA:706,88,0,0
BRDA:706,88,1,0
BRDA:712,89,0,0
BRDA:712,89,1,0
BRDA:722,90,0,0
BRDA:722,90,1,0
BRDA:729,91,0,0
BRDA:729,91,1,0
BRDA:731,92,0,0
BRDA:731,92,1,0
BRDA:733,93,0,0
BRDA:733,93,1,0
BRDA:735,94,0,0
BRDA:735,94,1,0
BRDA:736,95,0,0
BRDA:736,95,1,0
BRDA:741,96,0,0
BRDA:741,96,1,0
BRDA:749,97,0,0
BRDA:749,97,1,0
BRDA:750,98,0,0
BRDA:750,98,1,0
BRDA:785,99,0,0
BRDA:785,99,1,0
BRDA:787,100,0,0
BRDA:787,100,1,0
BRDA:800,101,0,0
BRDA:800,101,1,0
BRDA:801,102,0,0
BRDA:801,102,1,0
BRDA:820,103,0,0
BRDA:820,103,1,0
BRDA:821,104,0,0
BRDA:821,104,1,0
BRDA:822,105,0,0
BRDA:822,105,1,0
BRDA:823,106,0,0
BRDA:823,106,1,0
BRDA:824,107,0,0
BRDA:824,107,1,0
BRDA:825,108,0,0
BRDA:825,108,1,0
BRDA:839,109,0,0
BRDA:839,109,1,0
BRDA:850,110,0,0
BRDA:850,110,1,0
BRDA:853,111,0,0
BRDA:853,111,1,0
BRDA:855,112,0,0
BRDA:855,112,1,0
BRDA:857,113,0,0
BRDA:857,113,1,0
BRDA:863,114,0,0
BRDA:863,114,1,0
BRDA:872,115,0,0
BRDA:872,115,1,0
BRDA:875,116,0,0
BRDA:875,116,1,0
BRDA:876,117,0,0
BRDA:876,117,1,0
BRDA:883,118,0,0
BRDA:883,118,1,0
BRDA:892,119,0,0
BRDA:892,119,1,0
BRDA:893,120,0,0
BRDA:893,120,1,0
BRDA:893,121,0,0
BRDA:893,121,1,0
BRDA:893,121,2,0
BRDA:893,121,3,0
BRDA:893,121,4,0
BRDA:893,121,5,0
BRDA:896,122,0,0
BRDA:896,122,1,0
BRF:264
BRH:0
end_of_record
TN:
SF:src\routes\invoice.routes.js
FN:8,registerInvoiceRoutes
FNF:1
FNH:1
FNDA:1,registerInvoiceRoutes
DA:8,1
DA:10,1
DA:11,1
DA:12,1
DA:15,1
DA:18,1
DA:19,1
DA:22,1
DA:25,1
DA:28,1
DA:31,1
DA:34,1
LF:12
LH:12
BRF:0
BRH:0
end_of_record
