TN:
SF:index.cjs
FN:56,(anonymous_0)
FN:81,buildPurchaseTelegramMessage
FN:84,(anonymous_2)
FN:85,(anonymous_3)
FN:111,(anonymous_4)
FN:123,(anonymous_5)
FN:124,(anonymous_6)
FN:125,(anonymous_7)
FN:125,(anonymous_8)
FN:136,generateAndSendPurchaseReceipt
FN:207,(anonymous_10)
FN:225,reportarResultadoMotor
FN:230,(anonymous_12)
FN:243,(anonymous_13)
FN:305,(anonymous_14)
FN:320,(anonymous_15)
FN:336,(anonymous_16)
FN:346,(anonymous_17)
FN:359,runTelegramTopicBackfill
FN:386,(anonymous_19)
FN:390,(anonymous_20)
FN:448,(anonymous_21)
FN:492,(anonymous_22)
FN:496,(anonymous_23)
FN:498,(anonymous_24)
FN:502,(anonymous_25)
FN:505,(anonymous_26)
FN:514,(anonymous_27)
FN:516,(anonymous_28)
FN:517,(anonymous_29)
FN:567,(anonymous_30)
FN:574,(anonymous_31)
FN:586,(anonymous_32)
FN:596,(anonymous_33)
FN:601,(anonymous_34)
FN:609,(anonymous_35)
FN:610,(anonymous_36)
FN:614,(anonymous_37)
FN:634,(anonymous_38)
FN:639,(anonymous_39)
FN:643,(anonymous_40)
FN:645,(anonymous_41)
FN:652,(anonymous_42)
FN:667,(anonymous_43)
FN:672,(anonymous_44)
FN:678,(anonymous_45)
FN:679,(anonymous_46)
FN:784,(anonymous_47)
FN:810,(anonymous_48)
FN:833,(anonymous_49)
FN:849,(anonymous_50)
FN:850,(anonymous_51)
FN:854,(anonymous_52)
FN:859,(anonymous_53)
FN:908,(anonymous_54)
FN:922,(anonymous_55)
FN:923,(anonymous_56)
FN:946,(anonymous_57)
FN:947,(anonymous_58)
FN:963,(anonymous_59)
FN:975,(anonymous_60)
FN:986,(anonymous_61)
FN:1007,(anonymous_62)
FN:1009,(anonymous_63)
FN:1036,(anonymous_64)
FN:1044,(anonymous_65)
FN:1255,(anonymous_66)
FN:1271,(anonymous_67)
FN:1280,(anonymous_68)
FN:1290,(anonymous_69)
FN:1304,(anonymous_70)
FN:1313,(anonymous_71)
FN:1313,(anonymous_72)
FN:1318,(anonymous_73)
FN:1340,(anonymous_74)
FN:1341,(anonymous_75)
FN:1363,(anonymous_76)
FN:1370,(anonymous_77)
FN:1380,(anonymous_78)
FN:1391,(anonymous_79)
FN:1406,(anonymous_80)
FN:1419,(anonymous_81)
FN:1431,(anonymous_82)
FN:1453,(anonymous_83)
FN:1462,(anonymous_84)
FN:1603,(anonymous_85)
FN:1704,(anonymous_86)
FN:1709,(anonymous_87)
FN:1727,(anonymous_88)
FN:1779,(anonymous_89)
FN:1784,(anonymous_90)
FN:1813,(anonymous_91)
FN:1815,(anonymous_92)
FN:1816,(anonymous_93)
FN:1907,(anonymous_94)
FN:1927,(anonymous_95)
FN:1935,(anonymous_96)
FN:1957,(anonymous_97)
FN:2126,(anonymous_98)
FN:2176,(anonymous_99)
FN:2227,(anonymous_100)
FN:2251,(anonymous_101)
FN:2312,(anonymous_102)
FN:2317,(anonymous_103)
FN:2326,(anonymous_104)
FN:2335,(anonymous_105)
FN:2344,(anonymous_106)
FN:2381,(anonymous_107)
FN:2386,(anonymous_108)
FN:2432,(anonymous_109)
FN:2456,(anonymous_110)
FN:2462,(anonymous_111)
FN:2472,(anonymous_112)
FN:2557,(anonymous_113)
FN:2558,(anonymous_114)
FN:2565,(anonymous_115)
FN:2644,(anonymous_116)
FN:2645,(anonymous_117)
FN:2682,(anonymous_118)
FN:2687,(anonymous_119)
FN:2698,(anonymous_120)
FN:2699,(anonymous_121)
FN:2703,(anonymous_122)
FN:2711,(anonymous_123)
FN:2717,(anonymous_124)
FN:2719,(anonymous_125)
FN:2730,(anonymous_126)
FN:2756,(anonymous_127)
FN:2763,(anonymous_128)
FN:2769,(anonymous_129)
FN:2777,(anonymous_130)
FN:2795,(anonymous_131)
FN:2805,(anonymous_132)
FN:2848,(anonymous_133)
FN:2877,(anonymous_134)
FN:2902,(anonymous_135)
FN:2903,(anonymous_136)
FN:2944,(anonymous_137)
FN:2968,(anonymous_138)
FN:2983,(anonymous_139)
FN:2991,(anonymous_140)
FN:2995,(anonymous_141)
FN:3145,(anonymous_142)
FN:3156,(anonymous_143)
FN:3166,(anonymous_144)
FN:3247,(anonymous_145)
FN:3263,(anonymous_146)
FN:3265,(anonymous_147)
FN:3274,(anonymous_148)
FN:3292,(anonymous_149)
FN:3294,(anonymous_150)
FN:3302,(anonymous_151)
FN:3370,(anonymous_152)
FN:3383,(anonymous_153)
FN:3402,(anonymous_154)
FN:3429,(anonymous_155)
FN:3509,(anonymous_156)
FN:3529,(anonymous_157)
FN:3595,(anonymous_158)
FN:3643,(anonymous_159)
FN:3656,(anonymous_160)
FN:3668,(anonymous_161)
FN:3723,(anonymous_162)
FN:3808,(anonymous_163)
FN:3855,(anonymous_164)
FN:3911,(anonymous_165)
FN:3936,(anonymous_166)
FN:3962,(anonymous_167)
FN:3980,(anonymous_168)
FN:4001,(anonymous_169)
FN:4049,(anonymous_170)
FN:4057,(anonymous_171)
FN:4065,(anonymous_172)
FN:4071,(anonymous_173)
FN:4079,(anonymous_174)
FN:4088,(anonymous_175)
FN:4112,(anonymous_176)
FN:4125,(anonymous_177)
FN:4130,(anonymous_178)
FN:4139,(anonymous_179)
FN:4148,(anonymous_180)
FN:4155,(anonymous_181)
FN:4158,(anonymous_182)
FN:4172,(anonymous_183)
FN:4184,(anonymous_184)
FN:4211,(anonymous_185)
FN:4218,(anonymous_186)
FN:4242,(anonymous_187)
FN:4256,(anonymous_188)
FN:4268,(anonymous_189)
FN:4287,(anonymous_190)
FN:4297,(anonymous_191)
FN:4314,runBillingValidation
FN:4327,runBillingValidationInner
FN:4540,(anonymous_194)
FN:4541,(anonymous_195)
FN:4566,(anonymous_196)
FN:4567,(anonymous_197)
FN:4568,(anonymous_198)
FN:4577,(anonymous_199)
FN:4782,(anonymous_200)
FN:4787,(anonymous_201)
FN:4827,(anonymous_202)
FN:4856,(anonymous_203)
FN:4888,(anonymous_204)
FN:4893,(anonymous_205)
FN:4924,(anonymous_206)
FN:4930,(anonymous_207)
FN:4959,(anonymous_208)
FN:4960,(anonymous_209)
FN:4994,fetchUnpaidClosedInvoices
FN:5024,(anonymous_211)
FN:5053,(anonymous_212)
FN:5054,(anonymous_213)
FN:5075,(anonymous_214)
FN:5090,initializeDatabase
FN:5105,(anonymous_216)
FN:5139,(anonymous_217)
FN:5333,(anonymous_218)
FN:5373,(anonymous_219)
FN:5374,(anonymous_220)
FN:5461,(anonymous_221)
FN:5462,(anonymous_222)
FN:5687,(anonymous_223)
FN:5725,(anonymous_224)
FN:5804,ensureAdminUser
FN:5829,seedDatabase
FN:5834,(anonymous_227)
FN:5905,bootstrap
FN:5950,chargeSubscription
FN:5991,runSubscriptionBilling
FN:6014,(anonymous_231)
FN:6024,(anonymous_232)
FN:6049,(anonymous_233)
FN:6077,(anonymous_234)
FN:6120,runOrphanPaymentFix
FN:6122,(anonymous_236)
FN:6152,(anonymous_237)
FN:6160,(anonymous_238)
FN:6233,(anonymous_239)
FN:6245,(anonymous_240)
FN:6292,(anonymous_241)
FN:6303,(anonymous_242)
FN:6321,(anonymous_243)
FN:6331,(anonymous_244)
FN:6399,(anonymous_245)
FN:6401,(anonymous_246)
FN:6437,(anonymous_247)
FN:6447,(anonymous_248)
FN:6516,(anonymous_249)
FN:6602,runDoubleCountAuditQuery
FN:6626,(anonymous_251)
FN:6627,(anonymous_252)
FN:6640,(anonymous_253)
FN:6641,(anonymous_254)
FN:6670,(anonymous_255)
FN:6692,(anonymous_256)
FN:6790,(anonymous_257)
FN:6912,(anonymous_258)
FN:6919,(anonymous_259)
FN:6928,(anonymous_260)
FN:6935,(anonymous_261)
FN:6999,(anonymous_262)
FN:7107,(anonymous_263)
FN:7115,(anonymous_264)
FN:7138,(anonymous_265)
FN:7150,(anonymous_266)
FN:7159,(anonymous_267)
FN:7181,(anonymous_268)
FN:7188,(anonymous_269)
FN:7201,catchUpDailyMotorIfNeeded
FN:7247,(anonymous_271)
FN:7255,(anonymous_272)
FN:7263,(anonymous_273)
FN:7282,(anonymous_274)
FN:7288,(anonymous_275)
FN:7302,(anonymous_276)
FN:7307,(anonymous_277)
FNF:278
FNH:0
FNDA:0,(anonymous_0)
FNDA:0,buildPurchaseTelegramMessage
FNDA:0,(anonymous_2)
FNDA:0,(anonymous_3)
FNDA:0,(anonymous_4)
FNDA:0,(anonymous_5)
FNDA:0,(anonymous_6)
FNDA:0,(anonymous_7)
FNDA:0,(anonymous_8)
FNDA:0,generateAndSendPurchaseReceipt
FNDA:0,(anonymous_10)
FNDA:0,reportarResultadoMotor
FNDA:0,(anonymous_12)
FNDA:0,(anonymous_13)
FNDA:0,(anonymous_14)
FNDA:0,(anonymous_15)
FNDA:0,(anonymous_16)
FNDA:0,(anonymous_17)
FNDA:0,runTelegramTopicBackfill
FNDA:0,(anonymous_19)
FNDA:0,(anonymous_20)
FNDA:0,(anonymous_21)
FNDA:0,(anonymous_22)
FNDA:0,(anonymous_23)
FNDA:0,(anonymous_24)
FNDA:0,(anonymous_25)
FNDA:0,(anonymous_26)
FNDA:0,(anonymous_27)
FNDA:0,(anonymous_28)
FNDA:0,(anonymous_29)
FNDA:0,(anonymous_30)
FNDA:0,(anonymous_31)
FNDA:0,(anonymous_32)
FNDA:0,(anonymous_33)
FNDA:0,(anonymous_34)
FNDA:0,(anonymous_35)
FNDA:0,(anonymous_36)
FNDA:0,(anonymous_37)
FNDA:0,(anonymous_38)
FNDA:0,(anonymous_39)
FNDA:0,(anonymous_40)
FNDA:0,(anonymous_41)
FNDA:0,(anonymous_42)
FNDA:0,(anonymous_43)
FNDA:0,(anonymous_44)
FNDA:0,(anonymous_45)
FNDA:0,(anonymous_46)
FNDA:0,(anonymous_47)
FNDA:0,(anonymous_48)
FNDA:0,(anonymous_49)
FNDA:0,(anonymous_50)
FNDA:0,(anonymous_51)
FNDA:0,(anonymous_52)
FNDA:0,(anonymous_53)
FNDA:0,(anonymous_54)
FNDA:0,(anonymous_55)
FNDA:0,(anonymous_56)
FNDA:0,(anonymous_57)
FNDA:0,(anonymous_58)
FNDA:0,(anonymous_59)
FNDA:0,(anonymous_60)
FNDA:0,(anonymous_61)
FNDA:0,(anonymous_62)
FNDA:0,(anonymous_63)
FNDA:0,(anonymous_64)
FNDA:0,(anonymous_65)
FNDA:0,(anonymous_66)
FNDA:0,(anonymous_67)
FNDA:0,(anonymous_68)
FNDA:0,(anonymous_69)
FNDA:0,(anonymous_70)
FNDA:0,(anonymous_71)
FNDA:0,(anonymous_72)
FNDA:0,(anonymous_73)
FNDA:0,(anonymous_74)
FNDA:0,(anonymous_75)
FNDA:0,(anonymous_76)
FNDA:0,(anonymous_77)
FNDA:0,(anonymous_78)
FNDA:0,(anonymous_79)
FNDA:0,(anonymous_80)
FNDA:0,(anonymous_81)
FNDA:0,(anonymous_82)
FNDA:0,(anonymous_83)
FNDA:0,(anonymous_84)
FNDA:0,(anonymous_85)
FNDA:0,(anonymous_86)
FNDA:0,(anonymous_87)
FNDA:0,(anonymous_88)
FNDA:0,(anonymous_89)
FNDA:0,(anonymous_90)
FNDA:0,(anonymous_91)
FNDA:0,(anonymous_92)
FNDA:0,(anonymous_93)
FNDA:0,(anonymous_94)
FNDA:0,(anonymous_95)
FNDA:0,(anonymous_96)
FNDA:0,(anonymous_97)
FNDA:0,(anonymous_98)
FNDA:0,(anonymous_99)
FNDA:0,(anonymous_100)
FNDA:0,(anonymous_101)
FNDA:0,(anonymous_102)
FNDA:0,(anonymous_103)
FNDA:0,(anonymous_104)
FNDA:0,(anonymous_105)
FNDA:0,(anonymous_106)
FNDA:0,(anonymous_107)
FNDA:0,(anonymous_108)
FNDA:0,(anonymous_109)
FNDA:0,(anonymous_110)
FNDA:0,(anonymous_111)
FNDA:0,(anonymous_112)
FNDA:0,(anonymous_113)
FNDA:0,(anonymous_114)
FNDA:0,(anonymous_115)
FNDA:0,(anonymous_116)
FNDA:0,(anonymous_117)
FNDA:0,(anonymous_118)
FNDA:0,(anonymous_119)
FNDA:0,(anonymous_120)
FNDA:0,(anonymous_121)
FNDA:0,(anonymous_122)
FNDA:0,(anonymous_123)
FNDA:0,(anonymous_124)
FNDA:0,(anonymous_125)
FNDA:0,(anonymous_126)
FNDA:0,(anonymous_127)
FNDA:0,(anonymous_128)
FNDA:0,(anonymous_129)
FNDA:0,(anonymous_130)
FNDA:0,(anonymous_131)
FNDA:0,(anonymous_132)
FNDA:0,(anonymous_133)
FNDA:0,(anonymous_134)
FNDA:0,(anonymous_135)
FNDA:0,(anonymous_136)
FNDA:0,(anonymous_137)
FNDA:0,(anonymous_138)
FNDA:0,(anonymous_139)
FNDA:0,(anonymous_140)
FNDA:0,(anonymous_141)
FNDA:0,(anonymous_142)
FNDA:0,(anonymous_143)
FNDA:0,(anonymous_144)
FNDA:0,(anonymous_145)
FNDA:0,(anonymous_146)
FNDA:0,(anonymous_147)
FNDA:0,(anonymous_148)
FNDA:0,(anonymous_149)
FNDA:0,(anonymous_150)
FNDA:0,(anonymous_151)
FNDA:0,(anonymous_152)
FNDA:0,(anonymous_153)
FNDA:0,(anonymous_154)
FNDA:0,(anonymous_155)
FNDA:0,(anonymous_156)
FNDA:0,(anonymous_157)
FNDA:0,(anonymous_158)
FNDA:0,(anonymous_159)
FNDA:0,(anonymous_160)
FNDA:0,(anonymous_161)
FNDA:0,(anonymous_162)
FNDA:0,(anonymous_163)
FNDA:0,(anonymous_164)
FNDA:0,(anonymous_165)
FNDA:0,(anonymous_166)
FNDA:0,(anonymous_167)
FNDA:0,(anonymous_168)
FNDA:0,(anonymous_169)
FNDA:0,(anonymous_170)
FNDA:0,(anonymous_171)
FNDA:0,(anonymous_172)
FNDA:0,(anonymous_173)
FNDA:0,(anonymous_174)
FNDA:0,(anonymous_175)
FNDA:0,(anonymous_176)
FNDA:0,(anonymous_177)
FNDA:0,(anonymous_178)
FNDA:0,(anonymous_179)
FNDA:0,(anonymous_180)
FNDA:0,(anonymous_181)
FNDA:0,(anonymous_182)
FNDA:0,(anonymous_183)
FNDA:0,(anonymous_184)
FNDA:0,(anonymous_185)
FNDA:0,(anonymous_186)
FNDA:0,(anonymous_187)
FNDA:0,(anonymous_188)
FNDA:0,(anonymous_189)
FNDA:0,(anonymous_190)
FNDA:0,(anonymous_191)
FNDA:0,runBillingValidation
FNDA:0,runBillingValidationInner
FNDA:0,(anonymous_194)
FNDA:0,(anonymous_195)
FNDA:0,(anonymous_196)
FNDA:0,(anonymous_197)
FNDA:0,(anonymous_198)
FNDA:0,(anonymous_199)
FNDA:0,(anonymous_200)
FNDA:0,(anonymous_201)
FNDA:0,(anonymous_202)
FNDA:0,(anonymous_203)
FNDA:0,(anonymous_204)
FNDA:0,(anonymous_205)
FNDA:0,(anonymous_206)
FNDA:0,(anonymous_207)
FNDA:0,(anonymous_208)
FNDA:0,(anonymous_209)
FNDA:0,fetchUnpaidClosedInvoices
FNDA:0,(anonymous_211)
FNDA:0,(anonymous_212)
FNDA:0,(anonymous_213)
FNDA:0,(anonymous_214)
FNDA:0,initializeDatabase
FNDA:0,(anonymous_216)
FNDA:0,(anonymous_217)
FNDA:0,(anonymous_218)
FNDA:0,(anonymous_219)
FNDA:0,(anonymous_220)
FNDA:0,(anonymous_221)
FNDA:0,(anonymous_222)
FNDA:0,(anonymous_223)
FNDA:0,(anonymous_224)
FNDA:0,ensureAdminUser
FNDA:0,seedDatabase
FNDA:0,(anonymous_227)
FNDA:0,bootstrap
FNDA:0,chargeSubscription
FNDA:0,runSubscriptionBilling
FNDA:0,(anonymous_231)
FNDA:0,(anonymous_232)
FNDA:0,(anonymous_233)
FNDA:0,(anonymous_234)
FNDA:0,runOrphanPaymentFix
FNDA:0,(anonymous_236)
FNDA:0,(anonymous_237)
FNDA:0,(anonymous_238)
FNDA:0,(anonymous_239)
FNDA:0,(anonymous_240)
FNDA:0,(anonymous_241)
FNDA:0,(anonymous_242)
FNDA:0,(anonymous_243)
FNDA:0,(anonymous_244)
FNDA:0,(anonymous_245)
FNDA:0,(anonymous_246)
FNDA:0,(anonymous_247)
FNDA:0,(anonymous_248)
FNDA:0,(anonymous_249)
FNDA:0,runDoubleCountAuditQuery
FNDA:0,(anonymous_251)
FNDA:0,(anonymous_252)
FNDA:0,(anonymous_253)
FNDA:0,(anonymous_254)
FNDA:0,(anonymous_255)
FNDA:0,(anonymous_256)
FNDA:0,(anonymous_257)
FNDA:0,(anonymous_258)
FNDA:0,(anonymous_259)
FNDA:0,(anonymous_260)
FNDA:0,(anonymous_261)
FNDA:0,(anonymous_262)
FNDA:0,(anonymous_263)
FNDA:0,(anonymous_264)
FNDA:0,(anonymous_265)
FNDA:0,(anonymous_266)
FNDA:0,(anonymous_267)
FNDA:0,(anonymous_268)
FNDA:0,(anonymous_269)
FNDA:0,catchUpDailyMotorIfNeeded
FNDA:0,(anonymous_271)
FNDA:0,(anonymous_272)
FNDA:0,(anonymous_273)
FNDA:0,(anonymous_274)
FNDA:0,(anonymous_275)
FNDA:0,(anonymous_276)
FNDA:0,(anonymous_277)
DA:1,0
DA:2,0
DA:4,0
DA:6,0
DA:7,0
DA:10,0
DA:20,0
DA:22,0
DA:23,0
DA:24,0
DA:25,0
DA:27,0
DA:28,0
DA:29,0
DA:30,0
DA:31,0
DA:33,0
DA:34,0
DA:35,0
DA:36,0
DA:37,0
DA:40,0
DA:41,0
DA:42,0
DA:43,0
DA:44,0
DA:45,0
DA:46,0
DA:47,0
DA:48,0
DA:49,0
DA:50,0
DA:51,0
DA:56,0
DA:57,0
DA:58,0
DA:59,0
DA:60,0
DA:61,0
DA:62,0
DA:82,0
DA:83,0
DA:84,0
DA:85,0
DA:86,0
DA:87,0
DA:88,0
DA:89,0
DA:92,0
DA:93,0
DA:94,0
DA:95,0
DA:96,0
DA:97,0
DA:98,0
DA:100,0
DA:101,0
DA:103,0
DA:104,0
DA:105,0
DA:106,0
DA:108,0
DA:111,0
DA:112,0
DA:113,0
DA:114,0
DA:116,0
DA:119,0
DA:123,0
DA:124,0
DA:125,0
DA:129,0
DA:137,0
DA:138,0
DA:139,0
DA:140,0
DA:141,0
DA:142,0
DA:143,0
DA:144,0
DA:145,0
DA:146,0
DA:150,0
DA:157,0
DA:158,0
DA:160,0
DA:163,0
DA:164,0
DA:165,0
DA:166,0
DA:167,0
DA:168,0
DA:169,0
DA:170,0
DA:171,0
DA:172,0
DA:173,0
DA:174,0
DA:175,0
DA:176,0
DA:177,0
DA:178,0
DA:179,0
DA:180,0
DA:181,0
DA:182,0
DA:183,0
DA:184,0
DA:185,0
DA:186,0
DA:187,0
DA:190,0
DA:191,0
DA:195,0
DA:196,0
DA:197,0
DA:202,0
DA:207,0
DA:208,0
DA:209,0
DA:210,0
DA:211,0
DA:213,0
DA:215,0
DA:216,0
DA:217,0
DA:218,0
DA:221,0
DA:226,0
DA:227,0
DA:229,0
DA:230,0
DA:232,0
DA:236,0
DA:243,0
DA:244,0
DA:245,0
DA:246,0
DA:247,0
DA:248,0
DA:249,0
DA:251,0
DA:252,0
DA:258,0
DA:259,0
DA:260,0
DA:261,0
DA:262,0
DA:264,0
DA:265,0
DA:269,0
DA:270,0
DA:271,0
DA:272,0
DA:273,0
DA:275,0
DA:276,0
DA:281,0
DA:282,0
DA:283,0
DA:284,0
DA:285,0
DA:287,0
DA:290,0
DA:291,0
DA:296,0
DA:297,0
DA:299,0
DA:301,0
DA:305,0
DA:306,0
DA:307,0
DA:308,0
DA:309,0
DA:310,0
DA:312,0
DA:313,0
DA:320,0
DA:321,0
DA:322,0
DA:323,0
DA:324,0
DA:325,0
DA:326,0
DA:327,0
DA:329,0
DA:330,0
DA:336,0
DA:337,0
DA:338,0
DA:339,0
DA:340,0
DA:341,0
DA:342,0
DA:343,0
DA:344,0
DA:345,0
DA:346,0
DA:349,0
DA:350,0
DA:357,0
DA:360,0
DA:368,0
DA:369,0
DA:371,0
DA:377,0
DA:378,0
DA:386,0
DA:387,0
DA:390,0
DA:391,0
DA:393,0
DA:394,0
DA:395,0
DA:396,0
DA:397,0
DA:399,0
DA:400,0
DA:403,0
DA:404,0
DA:406,0
DA:409,0
DA:410,0
DA:413,0
DA:448,0
DA:449,0
DA:450,0
DA:451,0
DA:452,0
DA:465,0
DA:466,0
DA:469,0
DA:470,0
DA:471,0
DA:479,0
DA:480,0
DA:481,0
DA:492,0
DA:493,0
DA:494,0
DA:495,0
DA:496,0
DA:498,0
DA:499,0
DA:500,0
DA:502,0
DA:505,0
DA:506,0
DA:507,0
DA:508,0
DA:513,0
DA:514,0
DA:516,0
DA:521,0
DA:522,0
DA:525,0
DA:534,0
DA:540,0
DA:541,0
DA:567,0
DA:568,0
DA:574,0
DA:575,0
DA:577,0
DA:578,0
DA:580,0
DA:586,0
DA:587,0
DA:588,0
DA:590,0
DA:596,0
DA:601,0
DA:602,0
DA:603,0
DA:609,0
DA:610,0
DA:611,0
DA:614,0
DA:617,0
DA:618,0
DA:619,0
DA:620,0
DA:632,0
DA:633,0
DA:634,0
DA:638,0
DA:639,0
DA:642,0
DA:643,0
DA:645,0
DA:647,0
DA:648,0
DA:649,0
DA:650,0
DA:651,0
DA:652,0
DA:653,0
DA:656,0
DA:657,0
DA:658,0
DA:659,0
DA:660,0
DA:661,0
DA:665,0
DA:667,0
DA:668,0
DA:669,0
DA:672,0
DA:673,0
DA:678,0
DA:679,0
DA:682,0
DA:683,0
DA:684,0
DA:686,0
DA:687,0
DA:689,0
DA:690,0
DA:691,0
DA:697,0
DA:698,0
DA:699,0
DA:700,0
DA:701,0
DA:702,0
DA:703,0
DA:704,0
DA:718,0
DA:719,0
DA:720,0
DA:722,0
DA:727,0
DA:728,0
DA:729,0
DA:731,0
DA:732,0
DA:733,0
DA:734,0
DA:735,0
DA:736,0
DA:737,0
DA:739,0
DA:740,0
DA:741,0
DA:743,0
DA:744,0
DA:745,0
DA:747,0
DA:748,0
DA:749,0
DA:750,0
DA:752,0
DA:753,0
DA:754,0
DA:756,0
DA:757,0
DA:758,0
DA:761,0
DA:762,0
DA:763,0
DA:764,0
DA:765,0
DA:766,0
DA:767,0
DA:768,0
DA:769,0
DA:770,0
DA:775,0
DA:776,0
DA:777,0
DA:778,0
DA:784,0
DA:786,0
DA:790,0
DA:801,0
DA:802,0
DA:803,0
DA:804,0
DA:805,0
DA:807,0
DA:808,0
DA:809,0
DA:810,0
DA:811,0
DA:812,0
DA:813,0
DA:816,0
DA:817,0
DA:828,0
DA:833,0
DA:834,0
DA:835,0
DA:836,0
DA:837,0
DA:838,0
DA:849,0
DA:850,0
DA:851,0
DA:854,0
DA:856,0
DA:857,0
DA:859,0
DA:860,0
DA:865,0
DA:866,0
DA:867,0
DA:868,0
DA:869,0
DA:871,0
DA:872,0
DA:873,0
DA:874,0
DA:875,0
DA:876,0
DA:877,0
DA:878,0
DA:879,0
DA:881,0
DA:888,0
DA:889,0
DA:891,0
DA:892,0
DA:893,0
DA:894,0
DA:895,0
DA:897,0
DA:900,0
DA:902,0
DA:905,0
DA:907,0
DA:908,0
DA:909,0
DA:910,0
DA:911,0
DA:912,0
DA:913,0
DA:914,0
DA:915,0
DA:920,0
DA:921,0
DA:922,0
DA:923,0
DA:933,0
DA:934,0
DA:935,0
DA:941,0
DA:944,0
DA:945,0
DA:946,0
DA:948,0
DA:949,0
DA:950,0
DA:951,0
DA:952,0
DA:953,0
DA:963,0
DA:964,0
DA:967,0
DA:970,0
DA:971,0
DA:974,0
DA:975,0
DA:976,0
DA:977,0
DA:986,0
DA:987,0
DA:992,0
DA:993,0
DA:994,0
DA:995,0
DA:996,0
DA:997,0
DA:1001,0
DA:1002,0
DA:1006,0
DA:1007,0
DA:1009,0
DA:1014,0
DA:1015,0
DA:1016,0
DA:1019,0
DA:1022,0
DA:1025,0
DA:1026,0
DA:1027,0
DA:1028,0
DA:1029,0
DA:1031,0
DA:1036,0
DA:1039,0
DA:1044,0
DA:1047,0
DA:1055,0
DA:1060,0
DA:1062,0
DA:1065,0
DA:1066,0
DA:1074,0
DA:1075,0
DA:1079,0
DA:1081,0
DA:1085,0
DA:1086,0
DA:1101,0
DA:1102,0
DA:1109,0
DA:1110,0
DA:1111,0
DA:1117,0
DA:1118,0
DA:1119,0
DA:1120,0
DA:1127,0
DA:1137,0
DA:1139,0
DA:1140,0
DA:1141,0
DA:1142,0
DA:1143,0
DA:1146,0
DA:1147,0
DA:1152,0
DA:1153,0
DA:1158,0
DA:1166,0
DA:1167,0
DA:1179,0
DA:1194,0
DA:1197,0
DA:1201,0
DA:1203,0
DA:1205,0
DA:1209,0
DA:1210,0
DA:1212,0
DA:1213,0
DA:1219,0
DA:1220,0
DA:1221,0
DA:1222,0
DA:1223,0
DA:1224,0
DA:1225,0
DA:1226,0
DA:1227,0
DA:1228,0
DA:1229,0
DA:1230,0
DA:1231,0
DA:1232,0
DA:1233,0
DA:1234,0
DA:1235,0
DA:1236,0
DA:1239,0
DA:1240,0
DA:1242,0
DA:1243,0
DA:1244,0
DA:1247,0
DA:1248,0
DA:1255,0
DA:1266,0
DA:1267,0
DA:1271,0
DA:1272,0
DA:1273,0
DA:1274,0
DA:1275,0
DA:1280,0
DA:1281,0
DA:1282,0
DA:1283,0
DA:1284,0
DA:1285,0
DA:1286,0
DA:1287,0
DA:1290,0
DA:1291,0
DA:1292,0
DA:1304,0
DA:1305,0
DA:1306,0
DA:1313,0
DA:1314,0
DA:1318,0
DA:1319,0
DA:1320,0
DA:1324,0
DA:1325,0
DA:1327,0
DA:1330,0
DA:1333,0
DA:1339,0
DA:1341,0
DA:1342,0
DA:1354,0
DA:1355,0
DA:1356,0
DA:1357,0
DA:1358,0
DA:1359,0
DA:1361,0
DA:1363,0
DA:1364,0
DA:1365,0
DA:1366,0
DA:1367,0
DA:1368,0
DA:1370,0
DA:1371,0
DA:1377,0
DA:1380,0
DA:1381,0
DA:1382,0
DA:1384,0
DA:1387,0
DA:1388,0
DA:1389,0
DA:1390,0
DA:1391,0
DA:1395,0
DA:1399,0
DA:1406,0
DA:1410,0
DA:1417,0
DA:1421,0
DA:1422,0
DA:1423,0
DA:1426,0
DA:1427,0
DA:1429,0
DA:1433,0
DA:1438,0
DA:1446,0
DA:1450,0
DA:1453,0
DA:1454,0
DA:1455,0
DA:1457,0
DA:1459,0
DA:1462,0
DA:1463,0
DA:1464,0
DA:1467,0
DA:1468,0
DA:1469,0
DA:1471,0
DA:1472,0
DA:1473,0
DA:1475,0
DA:1476,0
DA:1477,0
DA:1478,0
DA:1479,0
DA:1482,0
DA:1483,0
DA:1484,0
DA:1485,0
DA:1486,0
DA:1487,0
DA:1488,0
DA:1489,0
DA:1490,0
DA:1491,0
DA:1492,0
DA:1493,0
DA:1494,0
DA:1497,0
DA:1498,0
DA:1499,0
DA:1500,0
DA:1501,0
DA:1503,0
DA:1504,0
DA:1506,0
DA:1507,0
DA:1508,0
DA:1510,0
DA:1513,0
DA:1514,0
DA:1515,0
DA:1516,0
DA:1518,0
DA:1528,0
DA:1529,0
DA:1530,0
DA:1533,0
DA:1534,0
DA:1539,0
DA:1541,0
DA:1542,0
DA:1548,0
DA:1549,0
DA:1552,0
DA:1553,0
DA:1558,0
DA:1559,0
DA:1560,0
DA:1561,0
DA:1572,0
DA:1573,0
DA:1575,0
DA:1576,0
DA:1577,0
DA:1578,0
DA:1580,0
DA:1584,0
DA:1585,0
DA:1586,0
DA:1589,0
DA:1590,0
DA:1591,0
DA:1592,0
DA:1593,0
DA:1594,0
DA:1596,0
DA:1597,0
DA:1598,0
DA:1599,0
DA:1603,0
DA:1604,0
DA:1605,0
DA:1606,0
DA:1607,0
DA:1608,0
DA:1610,0
DA:1613,0
DA:1614,0
DA:1617,0
DA:1618,0
DA:1619,0
DA:1621,0
DA:1623,0
DA:1624,0
DA:1625,0
DA:1626,0
DA:1627,0
DA:1628,0
DA:1629,0
DA:1630,0
DA:1632,0
DA:1634,0
DA:1636,0
DA:1637,0
DA:1638,0
DA:1641,0
DA:1642,0
DA:1643,0
DA:1647,0
DA:1648,0
DA:1649,0
DA:1652,0
DA:1653,0
DA:1654,0
DA:1655,0
DA:1656,0
DA:1657,0
DA:1660,0
DA:1661,0
DA:1663,0
DA:1664,0
DA:1665,0
DA:1666,0
DA:1670,0
DA:1671,0
DA:1672,0
DA:1673,0
DA:1678,0
DA:1681,0
DA:1682,0
DA:1688,0
DA:1689,0
DA:1690,0
DA:1696,0
DA:1698,0
DA:1699,0
DA:1700,0
DA:1704,0
DA:1705,0
DA:1706,0
DA:1709,0
DA:1710,0
DA:1711,0
DA:1712,0
DA:1713,0
DA:1714,0
DA:1715,0
DA:1716,0
DA:1717,0
DA:1723,0
DA:1727,0
DA:1728,0
DA:1729,0
DA:1731,0
DA:1734,0
DA:1735,0
DA:1737,0
DA:1738,0
DA:1739,0
DA:1740,0
DA:1742,0
DA:1743,0
DA:1744,0
DA:1746,0
DA:1747,0
DA:1748,0
DA:1753,0
DA:1758,0
DA:1771,0
DA:1775,0
DA:1776,0
DA:1779,0
DA:1780,0
DA:1781,0
DA:1784,0
DA:1785,0
DA:1786,0
DA:1787,0
DA:1789,0
DA:1791,0
DA:1792,0
DA:1795,0
DA:1796,0
DA:1797,0
DA:1798,0
DA:1800,0
DA:1801,0
DA:1803,0
DA:1804,0
DA:1806,0
DA:1807,0
DA:1811,0
DA:1812,0
DA:1813,0
DA:1815,0
DA:1816,0
DA:1818,0
DA:1819,0
DA:1820,0
DA:1830,0
DA:1831,0
DA:1832,0
DA:1833,0
DA:1840,0
DA:1842,0
DA:1843,0
DA:1848,0
DA:1855,0
DA:1856,0
DA:1859,0
DA:1862,0
DA:1863,0
DA:1866,0
DA:1867,0
DA:1870,0
DA:1872,0
DA:1873,0
DA:1874,0
DA:1875,0
DA:1876,0
DA:1877,0
DA:1881,0
DA:1882,0
DA:1883,0
DA:1884,0
DA:1885,0
DA:1886,0
DA:1887,0
DA:1889,0
DA:1892,0
DA:1893,0
DA:1895,0
DA:1899,0
DA:1909,0
DA:1929,0
DA:1930,0
DA:1931,0
DA:1935,0
DA:1939,0
DA:1940,0
DA:1941,0
DA:1942,0
DA:1943,0
DA:1951,0
DA:1957,0
DA:1958,0
DA:1959,0
DA:1969,0
DA:1988,0
DA:1989,0
DA:1990,0
DA:1991,0
DA:1993,0
DA:1995,0
DA:1996,0
DA:1997,0
DA:1998,0
DA:2000,0
DA:2003,0
DA:2004,0
DA:2005,0
DA:2008,0
DA:2011,0
DA:2012,0
DA:2016,0
DA:2020,0
DA:2022,0
DA:2023,0
DA:2024,0
DA:2030,0
DA:2034,0
DA:2035,0
DA:2036,0
DA:2037,0
DA:2044,0
DA:2047,0
DA:2049,0
DA:2054,0
DA:2057,0
DA:2060,0
DA:2061,0
DA:2069,0
DA:2070,0
DA:2071,0
DA:2077,0
DA:2081,0
DA:2082,0
DA:2083,0
DA:2084,0
DA:2085,0
DA:2086,0
DA:2087,0
DA:2089,0
DA:2091,0
DA:2093,0
DA:2094,0
DA:2095,0
DA:2104,0
DA:2105,0
DA:2106,0
DA:2107,0
DA:2108,0
DA:2109,0
DA:2110,0
DA:2111,0
DA:2112,0
DA:2113,0
DA:2114,0
DA:2117,0
DA:2129,0
DA:2130,0
DA:2133,0
DA:2136,0
DA:2137,0
DA:2140,0
DA:2141,0
DA:2142,0
DA:2144,0
DA:2147,0
DA:2148,0
DA:2155,0
DA:2156,0
DA:2157,0
DA:2159,0
DA:2160,0
DA:2161,0
DA:2164,0
DA:2165,0
DA:2168,0
DA:2169,0
DA:2176,0
DA:2177,0
DA:2179,0
DA:2180,0
DA:2182,0
DA:2183,0
DA:2187,0
DA:2189,0
DA:2190,0
DA:2194,0
DA:2198,0
DA:2202,0
DA:2203,0
DA:2208,0
DA:2213,0
DA:2214,0
DA:2230,0
DA:2234,0
DA:2235,0
DA:2236,0
DA:2237,0
DA:2238,0
DA:2245,0
DA:2251,0
DA:2252,0
DA:2253,0
DA:2264,0
DA:2265,0
DA:2267,0
DA:2272,0
DA:2273,0
DA:2275,0
DA:2276,0
DA:2277,0
DA:2278,0
DA:2279,0
DA:2283,0
DA:2290,0
DA:2293,0
DA:2312,0
DA:2313,0
DA:2314,0
DA:2317,0
DA:2322,0
DA:2323,0
DA:2326,0
DA:2327,0
DA:2328,0
DA:2329,0
DA:2330,0
DA:2331,0
DA:2332,0
DA:2335,0
DA:2336,0
DA:2337,0
DA:2338,0
DA:2339,0
DA:2340,0
DA:2344,0
DA:2345,0
DA:2346,0
DA:2348,0
DA:2351,0
DA:2354,0
DA:2355,0
DA:2356,0
DA:2357,0
DA:2360,0
DA:2361,0
DA:2363,0
DA:2364,0
DA:2365,0
DA:2368,0
DA:2371,0
DA:2372,0
DA:2373,0
DA:2374,0
DA:2377,0
DA:2381,0
DA:2382,0
DA:2383,0
DA:2386,0
DA:2387,0
DA:2388,0
DA:2390,0
DA:2393,0
DA:2394,0
DA:2398,0
DA:2399,0
DA:2400,0
DA:2401,0
DA:2402,0
DA:2404,0
DA:2405,0
DA:2406,0
DA:2408,0
DA:2413,0
DA:2415,0
DA:2416,0
DA:2417,0
DA:2419,0
DA:2422,0
DA:2423,0
DA:2424,0
DA:2425,0
DA:2431,0
DA:2432,0
DA:2433,0
DA:2434,0
DA:2438,0
DA:2441,0
DA:2442,0
DA:2443,0
DA:2444,0
DA:2445,0
DA:2450,0
DA:2451,0
DA:2452,0
DA:2453,0
DA:2456,0
DA:2457,0
DA:2459,0
DA:2462,0
DA:2463,0
DA:2464,0
DA:2465,0
DA:2466,0
DA:2467,0
DA:2468,0
DA:2472,0
DA:2473,0
DA:2474,0
DA:2475,0
DA:2477,0
DA:2478,0
DA:2479,0
DA:2481,0
DA:2482,0
DA:2484,0
DA:2485,0
DA:2488,0
DA:2491,0
DA:2494,0
DA:2495,0
DA:2496,0
DA:2499,0
DA:2500,0
DA:2501,0
DA:2505,0
DA:2506,0
DA:2507,0
DA:2509,0
DA:2510,0
DA:2511,0
DA:2512,0
DA:2516,0
DA:2517,0
DA:2522,0
DA:2523,0
DA:2525,0
DA:2526,0
DA:2530,0
DA:2531,0
DA:2533,0
DA:2534,0
DA:2535,0
DA:2536,0
DA:2540,0
DA:2541,0
DA:2542,0
DA:2543,0
DA:2545,0
DA:2550,0
DA:2551,0
DA:2556,0
DA:2557,0
DA:2558,0
DA:2560,0
DA:2561,0
DA:2565,0
DA:2566,0
DA:2567,0
DA:2568,0
DA:2569,0
DA:2570,0
DA:2573,0
DA:2576,0
DA:2577,0
DA:2579,0
DA:2580,0
DA:2582,0
DA:2583,0
DA:2586,0
DA:2589,0
DA:2590,0
DA:2594,0
DA:2595,0
DA:2596,0
DA:2598,0
DA:2601,0
DA:2602,0
DA:2603,0
DA:2605,0
DA:2606,0
DA:2609,0
DA:2610,0
DA:2612,0
DA:2613,0
DA:2616,0
DA:2617,0
DA:2618,0
DA:2619,0
DA:2622,0
DA:2623,0
DA:2625,0
DA:2626,0
DA:2629,0
DA:2630,0
DA:2631,0
DA:2633,0
DA:2634,0
DA:2638,0
DA:2643,0
DA:2644,0
DA:2645,0
DA:2647,0
DA:2661,0
DA:2679,0
DA:2682,0
DA:2683,0
DA:2684,0
DA:2687,0
DA:2688,0
DA:2689,0
DA:2696,0
DA:2698,0
DA:2699,0
DA:2703,0
DA:2704,0
DA:2705,0
DA:2706,0
DA:2707,0
DA:2708,0
DA:2711,0
DA:2712,0
DA:2713,0
DA:2717,0
DA:2718,0
DA:2719,0
DA:2720,0
DA:2721,0
DA:2722,0
DA:2723,0
DA:2725,0
DA:2727,0
DA:2730,0
DA:2731,0
DA:2732,0
DA:2733,0
DA:2735,0
DA:2736,0
DA:2737,0
DA:2738,0
DA:2739,0
DA:2741,0
DA:2742,0
DA:2743,0
DA:2744,0
DA:2745,0
DA:2747,0
DA:2750,0
DA:2751,0
DA:2752,0
DA:2753,0
DA:2756,0
DA:2757,0
DA:2758,0
DA:2763,0
DA:2764,0
DA:2765,0
DA:2766,0
DA:2769,0
DA:2770,0
DA:2771,0
DA:2772,0
DA:2773,0
DA:2774,0
DA:2777,0
DA:2778,0
DA:2779,0
DA:2781,0
DA:2782,0
DA:2784,0
DA:2785,0
DA:2787,0
DA:2788,0
DA:2790,0
DA:2791,0
DA:2792,0
DA:2795,0
DA:2796,0
DA:2797,0
DA:2798,0
DA:2799,0
DA:2801,0
DA:2802,0
DA:2805,0
DA:2806,0
DA:2807,0
DA:2808,0
DA:2810,0
DA:2811,0
DA:2813,0
DA:2814,0
DA:2815,0
DA:2817,0
DA:2818,0
DA:2819,0
DA:2820,0
DA:2821,0
DA:2822,0
DA:2824,0
DA:2825,0
DA:2826,0
DA:2827,0
DA:2829,0
DA:2830,0
DA:2831,0
DA:2832,0
DA:2833,0
DA:2834,0
DA:2836,0
DA:2837,0
DA:2838,0
DA:2839,0
DA:2840,0
DA:2841,0
DA:2844,0
DA:2845,0
DA:2846,0
DA:2847,0
DA:2848,0
DA:2849,0
DA:2850,0
DA:2851,0
DA:2854,0
DA:2855,0
DA:2856,0
DA:2857,0
DA:2858,0
DA:2865,0
DA:2877,0
DA:2878,0
DA:2879,0
DA:2880,0
DA:2881,0
DA:2882,0
DA:2884,0
DA:2885,0
DA:2888,0
DA:2889,0
DA:2890,0
DA:2895,0
DA:2896,0
DA:2901,0
DA:2902,0
DA:2904,0
DA:2905,0
DA:2922,0
DA:2926,0
DA:2927,0
DA:2928,0
DA:2929,0
DA:2930,0
DA:2940,0
DA:2941,0
DA:2942,0
DA:2943,0
DA:2944,0
DA:2945,0
DA:2946,0
DA:2947,0
DA:2948,0
DA:2949,0
DA:2950,0
DA:2951,0
DA:2958,0
DA:2967,0
DA:2968,0
DA:2969,0
DA:2970,0
DA:2971,0
DA:2972,0
DA:2973,0
DA:2974,0
DA:2975,0
DA:2983,0
DA:2985,0
DA:2986,0
DA:2987,0
DA:2988,0
DA:2989,0
DA:2990,0
DA:2991,0
DA:2992,0
DA:2995,0
DA:2996,0
DA:2999,0
DA:3003,0
DA:3004,0
DA:3005,0
DA:3006,0
DA:3010,0
DA:3011,0
DA:3013,0
DA:3018,0
DA:3019,0
DA:3020,0
DA:3024,0
DA:3025,0
DA:3027,0
DA:3030,0
DA:3138,0
DA:3140,0
DA:3141,0
DA:3142,0
DA:3145,0
DA:3146,0
DA:3147,0
DA:3148,0
DA:3149,0
DA:3151,0
DA:3152,0
DA:3156,0
DA:3157,0
DA:3158,0
DA:3160,0
DA:3161,0
DA:3162,0
DA:3166,0
DA:3167,0
DA:3169,0
DA:3174,0
DA:3177,0
DA:3178,0
DA:3179,0
DA:3180,0
DA:3182,0
DA:3188,0
DA:3191,0
DA:3196,0
DA:3199,0
DA:3204,0
DA:3206,0
DA:3216,0
DA:3217,0
DA:3226,0
DA:3239,0
DA:3247,0
DA:3248,0
DA:3249,0
DA:3250,0
DA:3251,0
DA:3254,0
DA:3255,0
DA:3263,0
DA:3265,0
DA:3266,0
DA:3268,0
DA:3270,0
DA:3274,0
DA:3292,0
DA:3294,0
DA:3296,0
DA:3297,0
DA:3298,0
DA:3302,0
DA:3303,0
DA:3304,0
DA:3306,0
DA:3307,0
DA:3310,0
DA:3311,0
DA:3312,0
DA:3314,0
DA:3315,0
DA:3316,0
DA:3319,0
DA:3320,0
DA:3325,0
DA:3326,0
DA:3327,0
DA:3329,0
DA:3332,0
DA:3333,0
DA:3335,0
DA:3337,0
DA:3338,0
DA:3339,0
DA:3342,0
DA:3348,0
DA:3354,0
DA:3370,0
DA:3371,0
DA:3373,0
DA:3381,0
DA:3383,0
DA:3402,0
DA:3403,0
DA:3404,0
DA:3407,0
DA:3411,0
DA:3412,0
DA:3413,0
DA:3417,0
DA:3421,0
DA:3422,0
DA:3425,0
DA:3429,0
DA:3430,0
DA:3432,0
DA:3433,0
DA:3436,0
DA:3437,0
DA:3440,0
DA:3444,0
DA:3445,0
DA:3447,0
DA:3448,0
DA:3449,0
DA:3450,0
DA:3451,0
DA:3454,0
DA:3457,0
DA:3460,0
DA:3461,0
DA:3462,0
DA:3464,0
DA:3465,0
DA:3466,0
DA:3468,0
DA:3469,0
DA:3470,0
DA:3472,0
DA:3473,0
DA:3477,0
DA:3478,0
DA:3480,0
DA:3481,0
DA:3483,0
DA:3484,0
DA:3486,0
DA:3489,0
DA:3490,0
DA:3491,0
DA:3493,0
DA:3496,0
DA:3501,0
DA:3511,0
DA:3530,0
DA:3532,0
DA:3533,0
DA:3538,0
DA:3539,0
DA:3540,0
DA:3543,0
DA:3544,0
DA:3546,0
DA:3549,0
DA:3550,0
DA:3551,0
DA:3552,0
DA:3553,0
DA:3554,0
DA:3561,0
DA:3565,0
DA:3567,0
DA:3576,0
DA:3577,0
DA:3578,0
DA:3579,0
DA:3580,0
DA:3581,0
DA:3582,0
DA:3583,0
DA:3586,0
DA:3598,0
DA:3604,0
DA:3605,0
DA:3606,0
DA:3613,0
DA:3614,0
DA:3615,0
DA:3616,0
DA:3620,0
DA:3629,0
DA:3630,0
DA:3647,0
DA:3656,0
DA:3657,0
DA:3658,0
DA:3662,0
DA:3664,0
DA:3668,0
DA:3669,0
DA:3671,0
DA:3674,0
DA:3677,0
DA:3678,0
DA:3681,0
DA:3684,0
DA:3688,0
DA:3689,0
DA:3690,0
DA:3693,0
DA:3694,0
DA:3695,0
DA:3696,0
DA:3698,0
DA:3700,0
DA:3703,0
DA:3710,0
DA:3713,0
DA:3719,0
DA:3723,0
DA:3724,0
DA:3725,0
DA:3727,0
DA:3730,0
DA:3732,0
DA:3734,0
DA:3735,0
DA:3741,0
DA:3742,0
DA:3743,0
DA:3744,0
DA:3745,0
DA:3749,0
DA:3756,0
DA:3757,0
DA:3758,0
DA:3762,0
DA:3769,0
DA:3777,0
DA:3779,0
DA:3781,0
DA:3786,0
DA:3788,0
DA:3796,0
DA:3802,0
DA:3806,0
DA:3809,0
DA:3810,0
DA:3813,0
DA:3814,0
DA:3815,0
DA:3817,0
DA:3820,0
DA:3821,0
DA:3824,0
DA:3825,0
DA:3827,0
DA:3828,0
DA:3829,0
DA:3834,0
DA:3835,0
DA:3837,0
DA:3838,0
DA:3839,0
DA:3840,0
DA:3841,0
DA:3845,0
DA:3847,0
DA:3851,0
DA:3855,0
DA:3856,0
DA:3857,0
DA:3860,0
DA:3863,0
DA:3864,0
DA:3865,0
DA:3870,0
DA:3871,0
DA:3872,0
DA:3873,0
DA:3876,0
DA:3877,0
DA:3879,0
DA:3882,0
DA:3883,0
DA:3884,0
DA:3885,0
DA:3886,0
DA:3888,0
DA:3893,0
DA:3911,0
DA:3912,0
DA:3913,0
DA:3914,0
DA:3915,0
DA:3918,0
DA:3922,0
DA:3923,0
DA:3926,0
DA:3927,0
DA:3932,0
DA:3936,0
DA:3937,0
DA:3938,0
DA:3939,0
DA:3940,0
DA:3943,0
DA:3947,0
DA:3948,0
DA:3951,0
DA:3956,0
DA:3962,0
DA:3963,0
DA:3964,0
DA:3966,0
DA:3967,0
DA:3970,0
DA:3976,0
DA:3980,0
DA:3981,0
DA:3982,0
DA:3984,0
DA:3985,0
DA:3988,0
DA:3994,0
DA:4001,0
DA:4002,0
DA:4003,0
DA:4004,0
DA:4006,0
DA:4007,0
DA:4010,0
DA:4011,0
DA:4013,0
DA:4014,0
DA:4016,0
DA:4017,0
DA:4021,0
DA:4022,0
DA:4023,0
DA:4024,0
DA:4028,0
DA:4029,0
DA:4035,0
DA:4036,0
DA:4043,0
DA:4044,0
DA:4046,0
DA:4049,0
DA:4050,0
DA:4052,0
DA:4053,0
DA:4054,0
DA:4057,0
DA:4058,0
DA:4059,0
DA:4060,0
DA:4061,0
DA:4065,0
DA:4066,0
DA:4067,0
DA:4068,0
DA:4071,0
DA:4072,0
DA:4073,0
DA:4074,0
DA:4075,0
DA:4076,0
DA:4079,0
DA:4080,0
DA:4081,0
DA:4082,0
DA:4083,0
DA:4084,0
DA:4085,0
DA:4088,0
DA:4089,0
DA:4090,0
DA:4092,0
DA:4093,0
DA:4096,0
DA:4097,0
DA:4098,0
DA:4099,0
DA:4102,0
DA:4108,0
DA:4112,0
DA:4113,0
DA:4114,0
DA:4115,0
DA:4117,0
DA:4118,0
DA:4121,0
DA:4122,0
DA:4125,0
DA:4126,0
DA:4127,0
DA:4130,0
DA:4131,0
DA:4132,0
DA:4134,0
DA:4135,0
DA:4136,0
DA:4139,0
DA:4140,0
DA:4141,0
DA:4142,0
DA:4144,0
DA:4145,0
DA:4148,0
DA:4149,0
DA:4155,0
DA:4158,0
DA:4159,0
DA:4160,0
DA:4161,0
DA:4162,0
DA:4163,0
DA:4169,0
DA:4172,0
DA:4173,0
DA:4174,0
DA:4175,0
DA:4181,0
DA:4184,0
DA:4185,0
DA:4187,0
DA:4188,0
DA:4189,0
DA:4190,0
DA:4191,0
DA:4192,0
DA:4194,0
DA:4195,0
DA:4196,0
DA:4197,0
DA:4200,0
DA:4202,0
DA:4203,0
DA:4211,0
DA:4212,0
DA:4213,0
DA:4214,0
DA:4218,0
DA:4219,0
DA:4220,0
DA:4221,0
DA:4222,0
DA:4223,0
DA:4224,0
DA:4225,0
DA:4227,0
DA:4228,0
DA:4229,0
DA:4230,0
DA:4231,0
DA:4232,0
DA:4233,0
DA:4234,0
DA:4236,0
DA:4237,0
DA:4238,0
DA:4242,0
DA:4243,0
DA:4255,0
DA:4256,0
DA:4257,0
DA:4268,0
DA:4269,0
DA:4270,0
DA:4272,0
DA:4273,0
DA:4274,0
DA:4276,0
DA:4277,0
DA:4278,0
DA:4280,0
DA:4287,0
DA:4288,0
DA:4289,0
DA:4290,0
DA:4291,0
DA:4297,0
DA:4298,0
DA:4299,0
DA:4300,0
DA:4301,0
DA:4312,0
DA:4315,0
DA:4316,0
DA:4317,0
DA:4319,0
DA:4320,0
DA:4321,0
DA:4323,0
DA:4333,0
DA:4334,0
DA:4335,0
DA:4336,0
DA:4337,0
DA:4338,0
DA:4339,0
DA:4341,0
DA:4342,0
DA:4344,0
DA:4372,0
DA:4398,0
DA:4400,0
DA:4401,0
DA:4402,0
DA:4403,0
DA:4405,0
DA:4406,0
DA:4407,0
DA:4408,0
DA:4409,0
DA:4412,0
DA:4413,0
DA:4414,0
DA:4417,0
DA:4422,0
DA:4427,0
DA:4428,0
DA:4429,0
DA:4447,0
DA:4448,0
DA:4449,0
DA:4450,0
DA:4451,0
DA:4453,0
DA:4458,0
DA:4459,0
DA:4465,0
DA:4466,0
DA:4467,0
DA:4472,0
DA:4474,0
DA:4477,0
DA:4478,0
DA:4479,0
DA:4480,0
DA:4482,0
DA:4483,0
DA:4490,0
DA:4491,0
DA:4495,0
DA:4502,0
DA:4507,0
DA:4508,0
DA:4529,0
DA:4534,0
DA:4540,0
DA:4541,0
DA:4542,0
DA:4554,0
DA:4566,0
DA:4567,0
DA:4568,0
DA:4577,0
DA:4578,0
DA:4579,0
DA:4580,0
DA:4586,0
DA:4588,0
DA:4589,0
DA:4590,0
DA:4592,0
DA:4596,0
DA:4597,0
DA:4600,0
DA:4601,0
DA:4602,0
DA:4603,0
DA:4604,0
DA:4605,0
DA:4606,0
DA:4610,0
DA:4615,0
DA:4617,0
DA:4618,0
DA:4619,0
DA:4620,0
DA:4621,0
DA:4622,0
DA:4627,0
DA:4628,0
DA:4629,0
DA:4630,0
DA:4631,0
DA:4632,0
DA:4635,0
DA:4641,0
DA:4642,0
DA:4643,0
DA:4644,0
DA:4645,0
DA:4646,0
DA:4649,0
DA:4655,0
DA:4656,0
DA:4657,0
DA:4658,0
DA:4659,0
DA:4660,0
DA:4663,0
DA:4666,0
DA:4681,0
DA:4682,0
DA:4683,0
DA:4684,0
DA:4685,0
DA:4686,0
DA:4687,0
DA:4694,0
DA:4695,0
DA:4701,0
DA:4704,0
DA:4712,0
DA:4713,0
DA:4714,0
DA:4715,0
DA:4716,0
DA:4723,0
DA:4724,0
DA:4725,0
DA:4731,0
DA:4734,0
DA:4739,0
DA:4740,0
DA:4745,0
DA:4746,0
DA:4749,0
DA:4750,0
DA:4763,0
DA:4764,0
DA:4765,0
DA:4766,0
DA:4767,0
DA:4772,0
DA:4773,0
DA:4774,0
DA:4776,0
DA:4777,0
DA:4782,0
DA:4786,0
DA:4787,0
DA:4790,0
DA:4801,0
DA:4804,0
DA:4827,0
DA:4828,0
DA:4834,0
DA:4856,0
DA:4857,0
DA:4858,0
DA:4859,0
DA:4860,0
DA:4861,0
DA:4863,0
DA:4864,0
DA:4865,0
DA:4866,0
DA:4867,0
DA:4869,0
DA:4871,0
DA:4872,0
DA:4873,0
DA:4874,0
DA:4879,0
DA:4880,0
DA:4881,0
DA:4883,0
DA:4884,0
DA:4888,0
DA:4892,0
DA:4893,0
DA:4895,0
DA:4904,0
DA:4907,0
DA:4913,0
DA:4914,0
DA:4916,0
DA:4918,0
DA:4919,0
DA:4924,0
DA:4925,0
DA:4926,0
DA:4930,0
DA:4931,0
DA:4932,0
DA:4934,0
DA:4935,0
DA:4936,0
DA:4938,0
DA:4945,0
DA:4946,0
DA:4948,0
DA:4949,0
DA:4953,0
DA:4958,0
DA:4959,0
DA:4960,0
DA:4962,0
DA:4995,0
DA:4997,0
DA:5014,0
DA:5024,0
DA:5025,0
DA:5026,0
DA:5027,0
DA:5029,0
DA:5032,0
DA:5033,0
DA:5034,0
DA:5035,0
DA:5041,0
DA:5042,0
DA:5043,0
DA:5050,0
DA:5051,0
DA:5052,0
DA:5053,0
DA:5054,0
DA:5055,0
DA:5062,0
DA:5067,0
DA:5073,0
DA:5075,0
DA:5076,0
DA:5077,0
DA:5078,0
DA:5079,0
DA:5080,0
DA:5081,0
DA:5082,0
DA:5083,0
DA:5092,0
DA:5093,0
DA:5094,0
DA:5097,0
DA:5098,0
DA:5105,0
DA:5106,0
DA:5107,0
DA:5108,0
DA:5113,0
DA:5114,0
DA:5115,0
DA:5121,0
DA:5127,0
DA:5128,0
DA:5131,0
DA:5139,0
DA:5142,0
DA:5143,0
DA:5144,0
DA:5148,0
DA:5151,0
DA:5152,0
DA:5153,0
DA:5157,0
DA:5160,0
DA:5161,0
DA:5162,0
DA:5166,0
DA:5169,0
DA:5170,0
DA:5171,0
DA:5175,0
DA:5179,0
DA:5180,0
DA:5186,0
DA:5187,0
DA:5193,0
DA:5194,0
DA:5200,0
DA:5201,0
DA:5216,0
DA:5217,0
DA:5225,0
DA:5227,0
DA:5232,0
DA:5233,0
DA:5241,0
DA:5242,0
DA:5243,0
DA:5247,0
DA:5250,0
DA:5252,0
DA:5253,0
DA:5265,0
DA:5267,0
DA:5272,0
DA:5274,0
DA:5275,0
DA:5276,0
DA:5284,0
DA:5285,0
DA:5286,0
DA:5288,0
DA:5294,0
DA:5295,0
DA:5300,0
DA:5301,0
DA:5309,0
DA:5313,0
DA:5315,0
DA:5316,0
DA:5319,0
DA:5322,0
DA:5327,0
DA:5328,0
DA:5333,0
DA:5334,0
DA:5335,0
DA:5336,0
DA:5338,0
DA:5339,0
DA:5340,0
DA:5342,0
DA:5343,0
DA:5344,0
DA:5346,0
DA:5347,0
DA:5348,0
DA:5350,0
DA:5355,0
DA:5356,0
DA:5359,0
DA:5362,0
DA:5363,0
DA:5366,0
DA:5367,0
DA:5371,0
DA:5372,0
DA:5373,0
DA:5374,0
DA:5376,0
DA:5377,0
DA:5378,0
DA:5379,0
DA:5383,0
DA:5384,0
DA:5385,0
DA:5387,0
DA:5393,0
DA:5394,0
DA:5395,0
DA:5397,0
DA:5398,0
DA:5399,0
DA:5411,0
DA:5412,0
DA:5413,0
DA:5414,0
DA:5415,0
DA:5416,0
DA:5417,0
DA:5419,0
DA:5421,0
DA:5425,0
DA:5450,0
DA:5453,0
DA:5454,0
DA:5455,0
DA:5457,0
DA:5459,0
DA:5461,0
DA:5462,0
DA:5463,0
DA:5464,0
DA:5465,0
DA:5471,0
DA:5472,0
DA:5473,0
DA:5474,0
DA:5475,0
DA:5476,0
DA:5477,0
DA:5478,0
DA:5479,0
DA:5482,0
DA:5495,0
DA:5497,0
DA:5517,0
DA:5528,0
DA:5531,0
DA:5540,0
DA:5543,0
DA:5554,0
DA:5557,0
DA:5568,0
DA:5571,0
DA:5572,0
DA:5584,0
DA:5596,0
DA:5599,0
DA:5608,0
DA:5611,0
DA:5628,0
DA:5631,0
DA:5640,0
DA:5645,0
DA:5646,0
DA:5657,0
DA:5662,0
DA:5665,0
DA:5680,0
DA:5683,0
DA:5687,0
DA:5688,0
DA:5689,0
DA:5690,0
DA:5692,0
DA:5693,0
DA:5694,0
DA:5696,0
DA:5697,0
DA:5698,0
DA:5703,0
DA:5717,0
DA:5720,0
DA:5725,0
DA:5726,0
DA:5727,0
DA:5728,0
DA:5730,0
DA:5731,0
DA:5732,0
DA:5734,0
DA:5735,0
DA:5736,0
DA:5738,0
DA:5739,0
DA:5740,0
DA:5744,0
DA:5757,0
DA:5760,0
DA:5767,0
DA:5770,0
DA:5781,0
DA:5784,0
DA:5797,0
DA:5799,0
DA:5800,0
DA:5805,0
DA:5806,0
DA:5808,0
DA:5811,0
DA:5813,0
DA:5814,0
DA:5815,0
DA:5816,0
DA:5817,0
DA:5819,0
DA:5823,0
DA:5825,0
DA:5826,0
DA:5830,0
DA:5833,0
DA:5834,0
DA:5835,0
DA:5836,0
DA:5837,0
DA:5838,0
DA:5844,0
DA:5845,0
DA:5846,0
DA:5847,0
DA:5848,0
DA:5859,0
DA:5860,0
DA:5861,0
DA:5862,0
DA:5871,0
DA:5872,0
DA:5873,0
DA:5874,0
DA:5877,0
DA:5878,0
DA:5879,0
DA:5885,0
DA:5886,0
DA:5887,0
DA:5890,0
DA:5891,0
DA:5892,0
DA:5893,0
DA:5896,0
DA:5897,0
DA:5901,0
DA:5902,0
DA:5906,0
DA:5907,0
DA:5908,0
DA:5909,0
DA:5910,0
DA:5911,0
DA:5913,0
DA:5914,0
DA:5916,0
DA:5917,0
DA:5918,0
DA:5919,0
DA:5920,0
DA:5921,0
DA:5922,0
DA:5923,0
DA:5925,0
DA:5927,0
DA:5928,0
DA:5931,0
DA:5932,0
DA:5936,0
DA:5937,0
DA:5938,0
DA:5939,0
DA:5941,0
DA:5942,0
DA:5951,0
DA:5952,0
DA:5953,0
DA:5955,0
DA:5956,0
DA:5957,0
DA:5959,0
DA:5960,0
DA:5961,0
DA:5962,0
DA:5967,0
DA:5968,0
DA:5969,0
DA:5973,0
DA:5974,0
DA:5975,0
DA:5976,0
DA:5981,0
DA:5986,0
DA:5987,0
DA:5992,0
DA:5993,0
DA:5994,0
DA:5995,0
DA:5996,0
DA:5997,0
DA:5998,0
DA:5999,0
DA:6005,0
DA:6007,0
DA:6010,0
DA:6014,0
DA:6015,0
DA:6016,0
DA:6017,0
DA:6019,0
DA:6020,0
DA:6024,0
DA:6025,0
DA:6026,0
DA:6027,0
DA:6029,0
DA:6030,0
DA:6031,0
DA:6034,0
DA:6035,0
DA:6036,0
DA:6037,0
DA:6040,0
DA:6041,0
DA:6042,0
DA:6049,0
DA:6050,0
DA:6051,0
DA:6052,0
DA:6054,0
DA:6055,0
DA:6056,0
DA:6060,0
DA:6061,0
DA:6062,0
DA:6063,0
DA:6064,0
DA:6065,0
DA:6071,0
DA:6072,0
DA:6076,0
DA:6077,0
DA:6078,0
DA:6079,0
DA:6080,0
DA:6081,0
DA:6083,0
DA:6085,0
DA:6086,0
DA:6088,0
DA:6089,0
DA:6090,0
DA:6091,0
DA:6092,0
DA:6093,0
DA:6094,0
DA:6099,0
DA:6101,0
DA:6102,0
DA:6121,0
DA:6122,0
DA:6123,0
DA:6124,0
DA:6125,0
DA:6126,0
DA:6127,0
DA:6129,0
DA:6135,0
DA:6137,0
DA:6139,0
DA:6140,0
DA:6141,0
DA:6142,0
DA:6144,0
DA:6145,0
DA:6152,0
DA:6154,0
DA:6160,0
DA:6161,0
DA:6163,0
DA:6166,0
DA:6167,0
DA:6168,0
DA:6175,0
DA:6179,0
DA:6180,0
DA:6181,0
DA:6182,0
DA:6188,0
DA:6189,0
DA:6191,0
DA:6192,0
DA:6193,0
DA:6198,0
DA:6199,0
DA:6200,0
DA:6208,0
DA:6209,0
DA:6210,0
DA:6211,0
DA:6216,0
DA:6217,0
DA:6221,0
DA:6223,0
DA:6226,0
DA:6227,0
DA:6230,0
DA:6233,0
DA:6234,0
DA:6235,0
DA:6236,0
DA:6237,0
DA:6240,0
DA:6241,0
DA:6242,0
DA:6243,0
DA:6245,0
DA:6248,0
DA:6254,0
DA:6255,0
DA:6257,0
DA:6258,0
DA:6259,0
DA:6260,0
DA:6261,0
DA:6264,0
DA:6270,0
DA:6271,0
DA:6273,0
DA:6275,0
DA:6276,0
DA:6277,0
DA:6279,0
DA:6280,0
DA:6281,0
DA:6284,0
DA:6292,0
DA:6293,0
DA:6296,0
DA:6303,0
DA:6304,0
DA:6307,0
DA:6308,0
DA:6310,0
DA:6313,0
DA:6315,0
DA:6321,0
DA:6331,0
DA:6345,0
DA:6352,0
DA:6353,0
DA:6354,0
DA:6370,0
DA:6371,0
DA:6373,0
DA:6374,0
DA:6377,0
DA:6387,0
DA:6399,0
DA:6400,0
DA:6401,0
DA:6403,0
DA:6404,0
DA:6405,0
DA:6406,0
DA:6408,0
DA:6416,0
DA:6417,0
DA:6426,0
DA:6427,0
DA:6428,0
DA:6430,0
DA:6437,0
DA:6439,0
DA:6447,0
DA:6449,0
DA:6452,0
DA:6453,0
DA:6454,0
DA:6455,0
DA:6463,0
DA:6464,0
DA:6465,0
DA:6469,0
DA:6470,0
DA:6471,0
DA:6472,0
DA:6473,0
DA:6474,0
DA:6484,0
DA:6485,0
DA:6486,0
DA:6487,0
DA:6488,0
DA:6489,0
DA:6498,0
DA:6499,0
DA:6500,0
DA:6510,0
DA:6516,0
DA:6517,0
DA:6518,0
DA:6519,0
DA:6520,0
DA:6521,0
DA:6523,0
DA:6539,0
DA:6540,0
DA:6541,0
DA:6542,0
DA:6544,0
DA:6545,0
DA:6546,0
DA:6547,0
DA:6548,0
DA:6549,0
DA:6550,0
DA:6552,0
DA:6553,0
DA:6555,0
DA:6556,0
DA:6557,0
DA:6559,0
DA:6560,0
DA:6574,0
DA:6575,0
DA:6577,0
DA:6603,0
DA:6605,0
DA:6609,0
DA:6610,0
DA:6612,0
DA:6613,0
DA:6615,0
DA:6616,0
DA:6617,0
DA:6619,0
DA:6626,0
DA:6627,0
DA:6634,0
DA:6640,0
DA:6641,0
DA:6650,0
DA:6658,0
DA:6659,0
DA:6660,0
DA:6661,0
DA:6662,0
DA:6663,0
DA:6664,0
DA:6667,0
DA:6670,0
DA:6671,0
DA:6672,0
DA:6673,0
DA:6674,0
DA:6676,0
DA:6678,0
DA:6692,0
DA:6693,0
DA:6696,0
DA:6707,0
DA:6708,0
DA:6709,0
DA:6710,0
DA:6712,0
DA:6713,0
DA:6714,0
DA:6715,0
DA:6716,0
DA:6717,0
DA:6718,0
DA:6719,0
DA:6720,0
DA:6721,0
DA:6722,0
DA:6727,0
DA:6736,0
DA:6737,0
DA:6738,0
DA:6739,0
DA:6743,0
DA:6750,0
DA:6751,0
DA:6752,0
DA:6755,0
DA:6790,0
DA:6791,0
DA:6794,0
DA:6795,0
DA:6796,0
DA:6797,0
DA:6799,0
DA:6800,0
DA:6801,0
DA:6804,0
DA:6805,0
DA:6808,0
DA:6819,0
DA:6820,0
DA:6821,0
DA:6822,0
DA:6823,0
DA:6826,0
DA:6838,0
DA:6839,0
DA:6841,0
DA:6842,0
DA:6843,0
DA:6851,0
DA:6852,0
DA:6853,0
DA:6886,0
DA:6888,0
DA:6889,0
DA:6890,0
DA:6891,0
DA:6894,0
DA:6895,0
DA:6898,0
DA:6899,0
DA:6902,0
DA:6912,0
DA:6919,0
DA:6922,0
DA:6928,0
DA:6935,0
DA:6938,0
DA:6946,0
DA:6950,0
DA:6951,0
DA:6953,0
DA:6954,0
DA:6955,0
DA:6956,0
DA:6957,0
DA:6958,0
DA:6960,0
DA:6978,0
DA:6999,0
DA:7000,0
DA:7001,0
DA:7004,0
DA:7011,0
DA:7018,0
DA:7019,0
DA:7020,0
DA:7021,0
DA:7022,0
DA:7023,0
DA:7024,0
DA:7029,0
DA:7037,0
DA:7038,0
DA:7039,0
DA:7040,0
DA:7044,0
DA:7045,0
DA:7047,0
DA:7048,0
DA:7049,0
DA:7050,0
DA:7051,0
DA:7057,0
DA:7058,0
DA:7059,0
DA:7061,0
DA:7062,0
DA:7063,0
DA:7064,0
DA:7065,0
DA:7067,0
DA:7068,0
DA:7069,0
DA:7070,0
DA:7071,0
DA:7073,0
DA:7075,0
DA:7076,0
DA:7078,0
DA:7091,0
DA:7107,0
DA:7108,0
DA:7109,0
DA:7110,0
DA:7113,0
DA:7114,0
DA:7115,0
DA:7118,0
DA:7120,0
DA:7122,0
DA:7124,0
DA:7138,0
DA:7139,0
DA:7141,0
DA:7142,0
DA:7148,0
DA:7151,0
DA:7155,0
DA:7159,0
DA:7160,0
DA:7161,0
DA:7162,0
DA:7163,0
DA:7164,0
DA:7166,0
DA:7168,0
DA:7169,0
DA:7176,0
DA:7177,0
DA:7178,0
DA:7181,0
DA:7182,0
DA:7183,0
DA:7188,0
DA:7189,0
DA:7190,0
DA:7191,0
DA:7192,0
DA:7202,0
DA:7203,0
DA:7206,0
DA:7209,0
DA:7210,0
DA:7211,0
DA:7213,0
DA:7214,0
DA:7215,0
DA:7218,0
DA:7219,0
DA:7224,0
DA:7225,0
DA:7226,0
DA:7228,0
DA:7229,0
DA:7231,0
DA:7232,0
DA:7234,0
DA:7236,0
DA:7239,0
DA:7241,0
DA:7242,0
DA:7246,0
DA:7247,0
DA:7248,0
DA:7251,0
DA:7252,0
DA:7253,0
DA:7255,0
DA:7256,0
DA:7257,0
DA:7260,0
DA:7263,0
DA:7264,0
DA:7265,0
DA:7266,0
DA:7267,0
DA:7269,0
DA:7270,0
DA:7271,0
DA:7277,0
DA:7278,0
DA:7282,0
DA:7283,0
DA:7288,0
DA:7290,0
DA:7291,0
DA:7299,0
DA:7302,0
DA:7303,0
DA:7304,0
DA:7305,0
DA:7308,0
DA:7309,0
DA:7313,0
LF:2896
LH:0
BRDA:4,0,0,0
BRDA:4,0,1,0
BRDA:20,1,0,0
BRDA:20,1,1,0
BRDA:57,2,0,0
BRDA:57,2,1,0
BRDA:58,3,0,0
BRDA:58,3,1,0
BRDA:59,4,0,0
BRDA:59,4,1,0
BRDA:60,5,0,0
BRDA:60,5,1,0
BRDA:64,6,0,0
BRDA:64,6,1,0
BRDA:67,7,0,0
BRDA:67,7,1,0
BRDA:83,8,0,0
BRDA:83,8,1,0
BRDA:84,9,0,0
BRDA:84,9,1,0
BRDA:85,10,0,0
BRDA:85,10,1,0
BRDA:88,11,0,0
BRDA:88,11,1,0
BRDA:88,12,0,0
BRDA:88,12,1,0
BRDA:89,13,0,0
BRDA:89,13,1,0
BRDA:89,14,0,0
BRDA:89,14,1,0
BRDA:94,15,0,0
BRDA:94,15,1,0
BRDA:94,16,0,0
BRDA:94,16,1,0
BRDA:95,17,0,0
BRDA:95,17,1,0
BRDA:95,18,0,0
BRDA:95,18,1,0
BRDA:97,19,0,0
BRDA:97,19,1,0
BRDA:98,20,0,0
BRDA:98,20,1,0
BRDA:98,21,0,0
BRDA:98,21,1,0
BRDA:100,22,0,0
BRDA:100,22,1,0
BRDA:101,23,0,0
BRDA:101,23,1,0
BRDA:103,24,0,0
BRDA:103,24,1,0
BRDA:105,25,0,0
BRDA:105,25,1,0
BRDA:108,26,0,0
BRDA:108,26,1,0
BRDA:114,27,0,0
BRDA:114,27,1,0
BRDA:114,28,0,0
BRDA:114,28,1,0
BRDA:125,29,0,0
BRDA:125,29,1,0
BRDA:127,30,0,0
BRDA:127,30,1,0
BRDA:141,31,0,0
BRDA:141,31,1,0
BRDA:141,32,0,0
BRDA:141,32,1,0
BRDA:144,33,0,0
BRDA:144,33,1,0
BRDA:144,34,0,0
BRDA:144,34,1,0
BRDA:144,35,0,0
BRDA:144,35,1,0
BRDA:145,36,0,0
BRDA:145,36,1,0
BRDA:145,37,0,0
BRDA:145,37,1,0
BRDA:145,37,2,0
BRDA:145,37,3,0
BRDA:146,38,0,0
BRDA:146,38,1,0
BRDA:151,39,0,0
BRDA:151,39,1,0
BRDA:153,40,0,0
BRDA:153,40,1,0
BRDA:154,41,0,0
BRDA:154,41,1,0
BRDA:160,42,0,0
BRDA:160,42,1,0
BRDA:190,43,0,0
BRDA:190,43,1,0
BRDA:208,44,0,0
BRDA:208,44,1,0
BRDA:209,45,0,0
BRDA:209,45,1,0
BRDA:226,46,0,0
BRDA:226,46,1,0
BRDA:226,46,2,0
BRDA:227,47,0,0
BRDA:227,47,1,0
BRDA:232,48,0,0
BRDA:232,48,1,0
BRDA:237,49,0,0
BRDA:237,49,1,0
BRDA:237,49,2,0
BRDA:261,50,0,0
BRDA:261,50,1,0
BRDA:273,51,0,0
BRDA:273,51,1,0
BRDA:284,52,0,0
BRDA:284,52,1,0
BRDA:345,53,0,0
BRDA:345,53,1,0
BRDA:345,54,0,0
BRDA:345,54,1,0
BRDA:359,55,0,0
BRDA:366,56,0,0
BRDA:366,56,1,0
BRDA:377,57,0,0
BRDA:377,57,1,0
BRDA:387,58,0,0
BRDA:387,58,1,0
BRDA:391,59,0,0
BRDA:391,59,1,0
BRDA:394,60,0,0
BRDA:394,60,1,0
BRDA:399,61,0,0
BRDA:399,61,1,0
BRDA:400,62,0,0
BRDA:400,62,1,0
BRDA:406,63,0,0
BRDA:406,63,1,0
BRDA:410,64,0,0
BRDA:410,64,1,0
BRDA:417,65,0,0
BRDA:417,65,1,0
BRDA:420,66,0,0
BRDA:420,66,1,0
BRDA:421,67,0,0
BRDA:421,67,1,0
BRDA:421,68,0,0
BRDA:421,68,1,0
BRDA:433,69,0,0
BRDA:433,69,1,0
BRDA:434,70,0,0
BRDA:434,70,1,0
BRDA:435,71,0,0
BRDA:435,71,1,0
BRDA:439,72,0,0
BRDA:439,72,1,0
BRDA:440,73,0,0
BRDA:440,73,1,0
BRDA:440,74,0,0
BRDA:440,74,1,0
BRDA:441,75,0,0
BRDA:441,75,1,0
BRDA:442,76,0,0
BRDA:442,76,1,0
BRDA:480,77,0,0
BRDA:480,77,1,0
BRDA:492,78,0,0
BRDA:492,78,1,0
BRDA:494,79,0,0
BRDA:494,79,1,0
BRDA:502,80,0,0
BRDA:502,80,1,0
BRDA:504,81,0,0
BRDA:504,81,1,0
BRDA:504,82,0,0
BRDA:504,82,1,0
BRDA:505,83,0,0
BRDA:505,83,1,0
BRDA:506,84,0,0
BRDA:506,84,1,0
BRDA:521,85,0,0
BRDA:521,85,1,0
BRDA:521,86,0,0
BRDA:521,86,1,0
BRDA:525,87,0,0
BRDA:525,87,1,0
BRDA:535,88,0,0
BRDA:535,88,1,0
BRDA:536,89,0,0
BRDA:536,89,1,0
BRDA:537,90,0,0
BRDA:537,90,1,0
BRDA:538,91,0,0
BRDA:538,91,1,0
BRDA:549,92,0,0
BRDA:549,92,1,0
BRDA:549,92,2,0
BRDA:568,93,0,0
BRDA:568,93,1,0
BRDA:568,93,2,0
BRDA:568,93,3,0
BRDA:575,94,0,0
BRDA:575,94,1,0
BRDA:575,94,2,0
BRDA:575,94,3,0
BRDA:575,95,0,0
BRDA:575,95,1,0
BRDA:578,96,0,0
BRDA:578,96,1,0
BRDA:588,97,0,0
BRDA:588,97,1,0
BRDA:588,98,0,0
BRDA:588,98,1,0
BRDA:590,99,0,0
BRDA:590,99,1,0
BRDA:601,100,0,0
BRDA:601,100,1,0
BRDA:609,101,0,0
BRDA:609,101,1,0
BRDA:618,102,0,0
BRDA:618,102,1,0
BRDA:632,103,0,0
BRDA:632,103,1,0
BRDA:634,104,0,0
BRDA:634,104,1,0
BRDA:642,105,0,0
BRDA:642,105,1,0
BRDA:659,106,0,0
BRDA:659,106,1,0
BRDA:665,107,0,0
BRDA:665,107,1,0
BRDA:667,108,0,0
BRDA:667,108,1,0
BRDA:668,109,0,0
BRDA:668,109,1,0
BRDA:673,110,0,0
BRDA:673,110,1,0
BRDA:673,110,2,0
BRDA:678,111,0,0
BRDA:678,111,1,0
BRDA:679,112,0,0
BRDA:679,112,1,0
BRDA:697,113,0,0
BRDA:697,113,1,0
BRDA:701,114,0,0
BRDA:701,114,1,0
BRDA:702,115,0,0
BRDA:702,115,1,0
BRDA:718,116,0,0
BRDA:718,116,1,0
BRDA:718,116,2,0
BRDA:719,117,0,0
BRDA:719,117,1,0
BRDA:719,118,0,0
BRDA:719,118,1,0
BRDA:727,119,0,0
BRDA:727,119,1,0
BRDA:728,120,0,0
BRDA:728,120,1,0
BRDA:729,121,0,0
BRDA:729,121,1,0
BRDA:734,122,0,0
BRDA:734,122,1,0
BRDA:734,123,0,0
BRDA:734,123,1,0
BRDA:761,124,0,0
BRDA:761,124,1,0
BRDA:763,125,0,0
BRDA:763,125,1,0
BRDA:803,126,0,0
BRDA:803,126,1,0
BRDA:803,127,0,0
BRDA:803,127,1,0
BRDA:807,128,0,0
BRDA:807,128,1,0
BRDA:808,129,0,0
BRDA:808,129,1,0
BRDA:809,130,0,0
BRDA:809,130,1,0
BRDA:809,131,0,0
BRDA:809,131,1,0
BRDA:811,132,0,0
BRDA:811,132,1,0
BRDA:812,133,0,0
BRDA:812,133,1,0
BRDA:813,134,0,0
BRDA:813,134,1,0
BRDA:816,135,0,0
BRDA:816,135,1,0
BRDA:834,136,0,0
BRDA:834,136,1,0
BRDA:836,137,0,0
BRDA:836,137,1,0
BRDA:836,138,0,0
BRDA:836,138,1,0
BRDA:837,139,0,0
BRDA:837,139,1,0
BRDA:837,140,0,0
BRDA:837,140,1,0
BRDA:837,141,0,0
BRDA:837,141,1,0
BRDA:850,142,0,0
BRDA:850,142,1,0
BRDA:851,143,0,0
BRDA:851,143,1,0
BRDA:854,144,0,0
BRDA:854,144,1,0
BRDA:857,145,0,0
BRDA:857,145,1,0
BRDA:863,146,0,0
BRDA:863,146,1,0
BRDA:865,147,0,0
BRDA:865,147,1,0
BRDA:866,148,0,0
BRDA:866,148,1,0
BRDA:866,149,0,0
BRDA:866,149,1,0
BRDA:866,149,2,0
BRDA:867,150,0,0
BRDA:867,150,1,0
BRDA:869,151,0,0
BRDA:869,151,1,0
BRDA:871,152,0,0
BRDA:871,152,1,0
BRDA:873,153,0,0
BRDA:873,153,1,0
BRDA:874,154,0,0
BRDA:874,154,1,0
BRDA:875,155,0,0
BRDA:875,155,1,0
BRDA:876,156,0,0
BRDA:876,156,1,0
BRDA:879,157,0,0
BRDA:879,157,1,0
BRDA:881,158,0,0
BRDA:881,158,1,0
BRDA:881,159,0,0
BRDA:881,159,1,0
BRDA:888,160,0,0
BRDA:888,160,1,0
BRDA:891,161,0,0
BRDA:891,161,1,0
BRDA:892,162,0,0
BRDA:892,162,1,0
BRDA:894,163,0,0
BRDA:894,163,1,0
BRDA:894,164,0,0
BRDA:894,164,1,0
BRDA:905,165,0,0
BRDA:905,165,1,0
BRDA:907,166,0,0
BRDA:907,166,1,0
BRDA:910,167,0,0
BRDA:910,167,1,0
BRDA:910,168,0,0
BRDA:910,168,1,0
BRDA:911,169,0,0
BRDA:911,169,1,0
BRDA:912,170,0,0
BRDA:912,170,1,0
BRDA:913,171,0,0
BRDA:913,171,1,0
BRDA:913,172,0,0
BRDA:913,172,1,0
BRDA:913,172,2,0
BRDA:914,173,0,0
BRDA:914,173,1,0
BRDA:914,174,0,0
BRDA:914,174,1,0
BRDA:914,174,2,0
BRDA:922,175,0,0
BRDA:922,175,1,0
BRDA:922,175,2,0
BRDA:945,176,0,0
BRDA:945,176,1,0
BRDA:946,177,0,0
BRDA:946,177,1,0
BRDA:948,178,0,0
BRDA:948,178,1,0
BRDA:950,179,0,0
BRDA:950,179,1,0
BRDA:951,180,0,0
BRDA:951,180,1,0
BRDA:952,181,0,0
BRDA:952,181,1,0
BRDA:952,182,0,0
BRDA:952,182,1,0
BRDA:956,183,0,0
BRDA:956,183,1,0
BRDA:957,184,0,0
BRDA:957,184,1,0
BRDA:959,185,0,0
BRDA:959,185,1,0
BRDA:971,186,0,0
BRDA:971,186,1,0
BRDA:971,187,0,0
BRDA:971,187,1,0
BRDA:974,188,0,0
BRDA:974,188,1,0
BRDA:977,189,0,0
BRDA:977,189,1,0
BRDA:977,189,2,0
BRDA:992,190,0,0
BRDA:992,190,1,0
BRDA:992,191,0,0
BRDA:992,191,1,0
BRDA:993,192,0,0
BRDA:993,192,1,0
BRDA:994,193,0,0
BRDA:994,193,1,0
BRDA:995,194,0,0
BRDA:995,194,1,0
BRDA:995,195,0,0
BRDA:995,195,1,0
BRDA:995,195,2,0
BRDA:996,196,0,0
BRDA:996,196,1,0
BRDA:996,197,0,0
BRDA:996,197,1,0
BRDA:996,197,2,0
BRDA:1006,198,0,0
BRDA:1006,198,1,0
BRDA:1007,199,0,0
BRDA:1007,199,1,0
BRDA:1007,199,2,0
BRDA:1007,199,3,0
BRDA:1016,200,0,0
BRDA:1016,200,1,0
BRDA:1016,201,0,0
BRDA:1016,201,1,0
BRDA:1019,202,0,0
BRDA:1019,202,1,0
BRDA:1019,203,0,0
BRDA:1019,203,1,0
BRDA:1036,204,0,0
BRDA:1036,204,1,0
BRDA:1044,205,0,0
BRDA:1044,205,1,0
BRDA:1055,206,0,0
BRDA:1055,206,1,0
BRDA:1074,207,0,0
BRDA:1074,207,1,0
BRDA:1075,208,0,0
BRDA:1075,208,1,0
BRDA:1085,209,0,0
BRDA:1085,209,1,0
BRDA:1087,210,0,0
BRDA:1087,210,1,0
BRDA:1101,211,0,0
BRDA:1101,211,1,0
BRDA:1117,212,0,0
BRDA:1117,212,1,0
BRDA:1117,213,0,0
BRDA:1117,213,1,0
BRDA:1119,214,0,0
BRDA:1119,214,1,0
BRDA:1121,215,0,0
BRDA:1121,215,1,0
BRDA:1122,216,0,0
BRDA:1122,216,1,0
BRDA:1123,217,0,0
BRDA:1123,217,1,0
BRDA:1124,218,0,0
BRDA:1124,218,1,0
BRDA:1139,219,0,0
BRDA:1139,219,1,0
BRDA:1140,220,0,0
BRDA:1140,220,1,0
BRDA:1143,221,0,0
BRDA:1143,221,1,0
BRDA:1143,222,0,0
BRDA:1143,222,1,0
BRDA:1153,223,0,0
BRDA:1153,223,1,0
BRDA:1158,224,0,0
BRDA:1158,224,1,0
BRDA:1163,225,0,0
BRDA:1163,225,1,0
BRDA:1164,226,0,0
BRDA:1164,226,1,0
BRDA:1179,227,0,0
BRDA:1179,227,1,0
BRDA:1194,228,0,0
BRDA:1194,228,1,0
BRDA:1197,229,0,0
BRDA:1197,229,1,0
BRDA:1201,230,0,0
BRDA:1201,230,1,0
BRDA:1221,231,0,0
BRDA:1221,231,1,0
BRDA:1222,232,0,0
BRDA:1222,232,1,0
BRDA:1222,233,0,0
BRDA:1222,233,1,0
BRDA:1224,234,0,0
BRDA:1224,234,1,0
BRDA:1225,235,0,0
BRDA:1225,235,1,0
BRDA:1228,236,0,0
BRDA:1228,236,1,0
BRDA:1231,237,0,0
BRDA:1231,237,1,0
BRDA:1232,238,0,0
BRDA:1232,238,1,0
BRDA:1255,239,0,0
BRDA:1255,239,1,0
BRDA:1259,240,0,0
BRDA:1259,240,1,0
BRDA:1260,241,0,0
BRDA:1260,241,1,0
BRDA:1260,241,2,0
BRDA:1261,242,0,0
BRDA:1261,242,1,0
BRDA:1262,243,0,0
BRDA:1262,243,1,0
BRDA:1271,244,0,0
BRDA:1281,245,0,0
BRDA:1281,245,1,0
BRDA:1282,246,0,0
BRDA:1282,246,1,0
BRDA:1284,247,0,0
BRDA:1284,247,1,0
BRDA:1285,248,0,0
BRDA:1285,248,1,0
BRDA:1287,249,0,0
BRDA:1287,249,1,0
BRDA:1291,250,0,0
BRDA:1291,250,1,0
BRDA:1305,251,0,0
BRDA:1305,251,1,0
BRDA:1307,252,0,0
BRDA:1307,252,1,0
BRDA:1308,253,0,0
BRDA:1308,253,1,0
BRDA:1308,253,2,0
BRDA:1319,254,0,0
BRDA:1319,254,1,0
BRDA:1341,255,0,0
BRDA:1341,255,1,0
BRDA:1341,256,0,0
BRDA:1341,256,1,0
BRDA:1341,256,2,0
BRDA:1341,256,3,0
BRDA:1341,256,4,0
BRDA:1341,256,5,0
BRDA:1365,257,0,0
BRDA:1365,257,1,0
BRDA:1370,258,0,0
BRDA:1370,258,1,0
BRDA:1381,259,0,0
BRDA:1381,259,1,0
BRDA:1381,260,0,0
BRDA:1381,260,1,0
BRDA:1388,261,0,0
BRDA:1388,261,1,0
BRDA:1422,262,0,0
BRDA:1422,262,1,0
BRDA:1426,263,0,0
BRDA:1426,263,1,0
BRDA:1463,264,0,0
BRDA:1463,264,1,0
BRDA:1469,265,0,0
BRDA:1469,265,1,0
BRDA:1471,266,0,0
BRDA:1471,266,1,0
BRDA:1524,267,0,0
BRDA:1524,267,1,0
BRDA:1528,268,0,0
BRDA:1528,268,1,0
BRDA:1558,269,0,0
BRDA:1558,269,1,0
BRDA:1559,270,0,0
BRDA:1559,270,1,0
BRDA:1560,271,0,0
BRDA:1560,271,1,0
BRDA:1572,272,0,0
BRDA:1572,272,1,0
BRDA:1575,273,0,0
BRDA:1575,273,1,0
BRDA:1584,274,0,0
BRDA:1584,274,1,0
BRDA:1607,275,0,0
BRDA:1607,275,1,0
BRDA:1613,276,0,0
BRDA:1613,276,1,0
BRDA:1617,277,0,0
BRDA:1617,277,1,0
BRDA:1618,278,0,0
BRDA:1618,278,1,0
BRDA:1619,279,0,0
BRDA:1619,279,1,0
BRDA:1627,280,0,0
BRDA:1627,280,1,0
BRDA:1628,281,0,0
BRDA:1628,281,1,0
BRDA:1629,282,0,0
BRDA:1629,282,1,0
BRDA:1629,283,0,0
BRDA:1629,283,1,0
BRDA:1632,284,0,0
BRDA:1632,284,1,0
BRDA:1632,285,0,0
BRDA:1632,285,1,0
BRDA:1634,286,0,0
BRDA:1634,286,1,0
BRDA:1636,287,0,0
BRDA:1636,287,1,0
BRDA:1641,288,0,0
BRDA:1641,288,1,0
BRDA:1647,289,0,0
BRDA:1647,289,1,0
BRDA:1647,290,0,0
BRDA:1647,290,1,0
BRDA:1653,291,0,0
BRDA:1653,291,1,0
BRDA:1654,292,0,0
BRDA:1654,292,1,0
BRDA:1655,293,0,0
BRDA:1655,293,1,0
BRDA:1657,294,0,0
BRDA:1657,294,1,0
BRDA:1660,295,0,0
BRDA:1660,295,1,0
BRDA:1663,296,0,0
BRDA:1663,296,1,0
BRDA:1665,297,0,0
BRDA:1665,297,1,0
BRDA:1670,298,0,0
BRDA:1670,298,1,0
BRDA:1711,299,0,0
BRDA:1711,299,1,0
BRDA:1713,300,0,0
BRDA:1713,300,1,0
BRDA:1720,301,0,0
BRDA:1720,301,1,0
BRDA:1729,302,0,0
BRDA:1729,302,1,0
BRDA:1734,303,0,0
BRDA:1734,303,1,0
BRDA:1739,304,0,0
BRDA:1739,304,1,0
BRDA:1739,305,0,0
BRDA:1739,305,1,0
BRDA:1739,305,2,0
BRDA:1743,306,0,0
BRDA:1743,306,1,0
BRDA:1789,307,0,0
BRDA:1789,308,0,0
BRDA:1789,309,0,0
BRDA:1789,309,1,0
BRDA:1791,310,0,0
BRDA:1791,310,1,0
BRDA:1791,311,0,0
BRDA:1791,311,1,0
BRDA:1791,311,2,0
BRDA:1791,311,3,0
BRDA:1791,311,4,0
BRDA:1795,312,0,0
BRDA:1795,312,1,0
BRDA:1797,313,0,0
BRDA:1797,313,1,0
BRDA:1800,314,0,0
BRDA:1800,314,1,0
BRDA:1803,315,0,0
BRDA:1803,315,1,0
BRDA:1806,316,0,0
BRDA:1806,316,1,0
BRDA:1830,317,0,0
BRDA:1830,317,1,0
BRDA:1840,318,0,0
BRDA:1840,318,1,0
BRDA:1842,319,0,0
BRDA:1842,319,1,0
BRDA:1842,320,0,0
BRDA:1842,320,1,0
BRDA:1842,320,2,0
BRDA:1862,321,0,0
BRDA:1862,321,1,0
BRDA:1866,322,0,0
BRDA:1866,322,1,0
BRDA:1872,323,0,0
BRDA:1872,323,1,0
BRDA:1875,324,0,0
BRDA:1875,324,1,0
BRDA:1876,325,0,0
BRDA:1876,325,1,0
BRDA:1881,326,0,0
BRDA:1881,326,1,0
BRDA:1881,327,0,0
BRDA:1881,327,1,0
BRDA:1883,328,0,0
BRDA:1883,328,1,0
BRDA:1883,329,0,0
BRDA:1883,329,1,0
BRDA:1884,330,0,0
BRDA:1884,330,1,0
BRDA:1884,331,0,0
BRDA:1884,331,1,0
BRDA:1886,332,0,0
BRDA:1886,332,1,0
BRDA:1886,333,0,0
BRDA:1886,333,1,0
BRDA:1929,334,0,0
BRDA:1929,334,1,0
BRDA:1946,335,0,0
BRDA:1946,335,1,0
BRDA:1946,336,0,0
BRDA:1946,336,1,0
BRDA:1946,336,2,0
BRDA:1989,337,0,0
BRDA:1989,337,1,0
BRDA:1990,338,0,0
BRDA:1990,338,1,0
BRDA:1990,339,0,0
BRDA:1990,339,1,0
BRDA:1990,339,2,0
BRDA:1996,340,0,0
BRDA:1996,340,1,0
BRDA:1997,341,0,0
BRDA:1997,341,1,0
BRDA:1997,342,0,0
BRDA:1997,342,1,0
BRDA:1997,342,2,0
BRDA:2004,343,0,0
BRDA:2004,343,1,0
BRDA:2005,344,0,0
BRDA:2005,344,1,0
BRDA:2008,345,0,0
BRDA:2008,345,1,0
BRDA:2011,346,0,0
BRDA:2011,346,1,0
BRDA:2011,347,0,0
BRDA:2011,347,1,0
BRDA:2020,348,0,0
BRDA:2020,348,1,0
BRDA:2020,349,0,0
BRDA:2020,349,1,0
BRDA:2020,349,2,0
BRDA:2034,350,0,0
BRDA:2034,350,1,0
BRDA:2047,351,0,0
BRDA:2047,351,1,0
BRDA:2049,352,0,0
BRDA:2049,352,1,0
BRDA:2049,353,0,0
BRDA:2049,353,1,0
BRDA:2054,354,0,0
BRDA:2054,354,1,0
BRDA:2060,355,0,0
BRDA:2060,355,1,0
BRDA:2060,356,0,0
BRDA:2060,356,1,0
BRDA:2081,357,0,0
BRDA:2081,357,1,0
BRDA:2081,358,0,0
BRDA:2081,358,1,0
BRDA:2083,359,0,0
BRDA:2083,359,1,0
BRDA:2083,360,0,0
BRDA:2083,360,1,0
BRDA:2084,361,0,0
BRDA:2084,361,1,0
BRDA:2084,362,0,0
BRDA:2084,362,1,0
BRDA:2086,363,0,0
BRDA:2086,363,1,0
BRDA:2086,364,0,0
BRDA:2086,364,1,0
BRDA:2105,365,0,0
BRDA:2105,365,1,0
BRDA:2106,366,0,0
BRDA:2106,366,1,0
BRDA:2121,367,0,0
BRDA:2121,367,1,0
BRDA:2129,368,0,0
BRDA:2129,368,1,0
BRDA:2136,369,0,0
BRDA:2136,369,1,0
BRDA:2137,370,0,0
BRDA:2137,370,1,0
BRDA:2179,371,0,0
BRDA:2179,371,1,0
BRDA:2179,372,0,0
BRDA:2179,372,1,0
BRDA:2182,373,0,0
BRDA:2182,373,1,0
BRDA:2189,374,0,0
BRDA:2189,374,1,0
BRDA:2206,375,0,0
BRDA:2206,375,1,0
BRDA:2213,376,0,0
BRDA:2213,376,1,0
BRDA:2219,377,0,0
BRDA:2219,377,1,0
BRDA:2219,378,0,0
BRDA:2219,378,1,0
BRDA:2241,379,0,0
BRDA:2241,379,1,0
BRDA:2241,380,0,0
BRDA:2241,380,1,0
BRDA:2241,380,2,0
BRDA:2241,381,0,0
BRDA:2241,381,1,0
BRDA:2241,382,0,0
BRDA:2241,382,1,0
BRDA:2264,383,0,0
BRDA:2264,383,1,0
BRDA:2273,384,0,0
BRDA:2273,384,1,0
BRDA:2276,385,0,0
BRDA:2276,385,1,0
BRDA:2276,386,0,0
BRDA:2276,386,1,0
BRDA:2277,387,0,0
BRDA:2277,387,1,0
BRDA:2277,388,0,0
BRDA:2277,388,1,0
BRDA:2278,389,0,0
BRDA:2278,389,1,0
BRDA:2279,390,0,0
BRDA:2279,390,1,0
BRDA:2285,391,0,0
BRDA:2285,391,1,0
BRDA:2301,392,0,0
BRDA:2301,392,1,0
BRDA:2304,393,0,0
BRDA:2304,393,1,0
BRDA:2313,394,0,0
BRDA:2313,394,1,0
BRDA:2327,395,0,0
BRDA:2327,395,1,0
BRDA:2328,396,0,0
BRDA:2328,396,1,0
BRDA:2329,397,0,0
BRDA:2329,397,1,0
BRDA:2329,398,0,0
BRDA:2329,398,1,0
BRDA:2336,399,0,0
BRDA:2336,399,1,0
BRDA:2338,400,0,0
BRDA:2338,400,1,0
BRDA:2348,401,0,0
BRDA:2348,401,1,0
BRDA:2351,402,0,0
BRDA:2351,402,1,0
BRDA:2355,403,0,0
BRDA:2355,403,1,0
BRDA:2363,404,0,0
BRDA:2363,404,1,0
BRDA:2371,405,0,0
BRDA:2371,405,1,0
BRDA:2372,406,0,0
BRDA:2372,406,1,0
BRDA:2372,407,0,0
BRDA:2372,407,1,0
BRDA:2387,408,0,0
BRDA:2387,408,1,0
BRDA:2388,409,0,0
BRDA:2388,409,1,0
BRDA:2388,410,0,0
BRDA:2388,410,1,0
BRDA:2393,411,0,0
BRDA:2393,411,1,0
BRDA:2393,412,0,0
BRDA:2393,412,1,0
BRDA:2399,413,0,0
BRDA:2399,413,1,0
BRDA:2401,414,0,0
BRDA:2401,414,1,0
BRDA:2404,415,0,0
BRDA:2404,415,1,0
BRDA:2405,416,0,0
BRDA:2405,416,1,0
BRDA:2413,417,0,0
BRDA:2413,417,1,0
BRDA:2415,418,0,0
BRDA:2415,418,1,0
BRDA:2419,419,0,0
BRDA:2419,419,1,0
BRDA:2422,420,0,0
BRDA:2422,420,1,0
BRDA:2423,421,0,0
BRDA:2423,421,1,0
BRDA:2432,422,0,0
BRDA:2432,422,1,0
BRDA:2432,423,0,0
BRDA:2432,423,1,0
BRDA:2441,424,0,0
BRDA:2441,424,1,0
BRDA:2443,425,0,0
BRDA:2443,425,1,0
BRDA:2463,426,0,0
BRDA:2463,426,1,0
BRDA:2464,427,0,0
BRDA:2464,427,1,0
BRDA:2464,428,0,0
BRDA:2464,428,1,0
BRDA:2466,429,0,0
BRDA:2466,429,1,0
BRDA:2474,430,0,0
BRDA:2474,430,1,0
BRDA:2477,431,0,0
BRDA:2477,431,1,0
BRDA:2481,432,0,0
BRDA:2481,432,1,0
BRDA:2481,433,0,0
BRDA:2481,433,1,0
BRDA:2484,434,0,0
BRDA:2484,434,1,0
BRDA:2484,435,0,0
BRDA:2484,435,1,0
BRDA:2491,436,0,0
BRDA:2491,436,1,0
BRDA:2495,437,0,0
BRDA:2495,437,1,0
BRDA:2500,438,0,0
BRDA:2500,438,1,0
BRDA:2506,439,0,0
BRDA:2506,439,1,0
BRDA:2506,440,0,0
BRDA:2506,440,1,0
BRDA:2510,441,0,0
BRDA:2510,441,1,0
BRDA:2511,442,0,0
BRDA:2511,442,1,0
BRDA:2522,443,0,0
BRDA:2522,443,1,0
BRDA:2523,444,0,0
BRDA:2523,444,1,0
BRDA:2525,445,0,0
BRDA:2525,445,1,0
BRDA:2534,446,0,0
BRDA:2534,446,1,0
BRDA:2534,447,0,0
BRDA:2534,447,1,0
BRDA:2535,448,0,0
BRDA:2535,448,1,0
BRDA:2543,449,0,0
BRDA:2543,449,1,0
BRDA:2567,450,0,0
BRDA:2567,450,1,0
BRDA:2569,451,0,0
BRDA:2569,451,1,0
BRDA:2570,452,0,0
BRDA:2570,452,1,0
BRDA:2573,453,0,0
BRDA:2573,453,1,0
BRDA:2576,454,0,0
BRDA:2576,454,1,0
BRDA:2579,455,0,0
BRDA:2579,455,1,0
BRDA:2579,456,0,0
BRDA:2579,456,1,0
BRDA:2582,457,0,0
BRDA:2582,457,1,0
BRDA:2582,458,0,0
BRDA:2582,458,1,0
BRDA:2589,459,0,0
BRDA:2589,459,1,0
BRDA:2589,460,0,0
BRDA:2589,460,1,0
BRDA:2595,461,0,0
BRDA:2595,461,1,0
BRDA:2595,462,0,0
BRDA:2595,462,1,0
BRDA:2601,463,0,0
BRDA:2601,463,1,0
BRDA:2602,464,0,0
BRDA:2602,464,1,0
BRDA:2605,465,0,0
BRDA:2605,465,1,0
BRDA:2612,466,0,0
BRDA:2612,466,1,0
BRDA:2613,467,0,0
BRDA:2613,467,1,0
BRDA:2625,468,0,0
BRDA:2625,468,1,0
BRDA:2633,469,0,0
BRDA:2633,469,1,0
BRDA:2698,470,0,0
BRDA:2698,470,1,0
BRDA:2699,471,0,0
BRDA:2699,471,1,0
BRDA:2706,472,0,0
BRDA:2706,472,1,0
BRDA:2721,473,0,0
BRDA:2721,473,1,0
BRDA:2733,474,0,0
BRDA:2733,474,1,0
BRDA:2735,475,0,0
BRDA:2735,475,1,0
BRDA:2737,476,0,0
BRDA:2737,476,1,0
BRDA:2738,477,0,0
BRDA:2738,477,1,0
BRDA:2741,478,0,0
BRDA:2741,478,1,0
BRDA:2742,479,0,0
BRDA:2742,479,1,0
BRDA:2743,480,0,0
BRDA:2743,480,1,0
BRDA:2744,481,0,0
BRDA:2744,481,1,0
BRDA:2744,482,0,0
BRDA:2744,482,1,0
BRDA:2744,482,2,0
BRDA:2750,483,0,0
BRDA:2750,483,1,0
BRDA:2772,484,0,0
BRDA:2772,484,1,0
BRDA:2773,485,0,0
BRDA:2773,485,1,0
BRDA:2778,486,0,0
BRDA:2778,486,1,0
BRDA:2779,487,0,0
BRDA:2779,487,1,0
BRDA:2781,488,0,0
BRDA:2781,488,1,0
BRDA:2788,489,0,0
BRDA:2788,489,1,0
BRDA:2790,490,0,0
BRDA:2790,490,1,0
BRDA:2790,490,2,0
BRDA:2791,491,0,0
BRDA:2791,491,1,0
BRDA:2791,492,0,0
BRDA:2791,492,1,0
BRDA:2797,493,0,0
BRDA:2797,493,1,0
BRDA:2798,494,0,0
BRDA:2798,494,1,0
BRDA:2798,495,0,0
BRDA:2798,495,1,0
BRDA:2798,495,2,0
BRDA:2807,496,0,0
BRDA:2807,496,1,0
BRDA:2808,497,0,0
BRDA:2808,497,1,0
BRDA:2811,498,0,0
BRDA:2811,498,1,0
BRDA:2815,499,0,0
BRDA:2815,499,1,0
BRDA:2817,500,0,0
BRDA:2817,500,1,0
BRDA:2818,501,0,0
BRDA:2818,501,1,0
BRDA:2818,501,2,0
BRDA:2818,501,3,0
BRDA:2819,502,0,0
BRDA:2819,502,1,0
BRDA:2820,503,0,0
BRDA:2820,503,1,0
BRDA:2821,504,0,0
BRDA:2821,504,1,0
BRDA:2822,505,0,0
BRDA:2822,505,1,0
BRDA:2824,506,0,0
BRDA:2824,506,1,0
BRDA:2824,506,2,0
BRDA:2826,507,0,0
BRDA:2826,507,1,0
BRDA:2826,507,2,0
BRDA:2827,508,0,0
BRDA:2827,508,1,0
BRDA:2827,509,0,0
BRDA:2827,509,1,0
BRDA:2829,510,0,0
BRDA:2829,510,1,0
BRDA:2830,511,0,0
BRDA:2830,511,1,0
BRDA:2831,512,0,0
BRDA:2831,512,1,0
BRDA:2832,513,0,0
BRDA:2832,513,1,0
BRDA:2833,514,0,0
BRDA:2833,514,1,0
BRDA:2834,515,0,0
BRDA:2834,515,1,0
BRDA:2836,516,0,0
BRDA:2836,516,1,0
BRDA:2838,517,0,0
BRDA:2838,517,1,0
BRDA:2839,518,0,0
BRDA:2839,518,1,0
BRDA:2844,519,0,0
BRDA:2844,519,1,0
BRDA:2845,520,0,0
BRDA:2845,520,1,0
BRDA:2846,521,0,0
BRDA:2846,521,1,0
BRDA:2846,522,0,0
BRDA:2846,522,1,0
BRDA:2847,523,0,0
BRDA:2847,523,1,0
BRDA:2849,524,0,0
BRDA:2849,524,1,0
BRDA:2849,525,0,0
BRDA:2849,525,1,0
BRDA:2855,526,0,0
BRDA:2855,526,1,0
BRDA:2855,527,0,0
BRDA:2855,527,1,0
BRDA:2878,528,0,0
BRDA:2878,528,1,0
BRDA:2880,529,0,0
BRDA:2880,529,1,0
BRDA:2880,530,0,0
BRDA:2880,530,1,0
BRDA:2882,531,0,0
BRDA:2882,531,1,0
BRDA:2884,532,0,0
BRDA:2884,532,1,0
BRDA:2884,533,0,0
BRDA:2884,533,1,0
BRDA:2896,534,0,0
BRDA:2896,534,1,0
BRDA:2897,535,0,0
BRDA:2897,535,1,0
BRDA:2897,536,0,0
BRDA:2897,536,1,0
BRDA:2899,537,0,0
BRDA:2899,537,1,0
BRDA:2900,538,0,0
BRDA:2900,538,1,0
BRDA:2902,539,0,0
BRDA:2902,539,1,0
BRDA:2902,539,2,0
BRDA:2906,540,0,0
BRDA:2906,540,1,0
BRDA:2907,541,0,0
BRDA:2907,541,1,0
BRDA:2907,541,2,0
BRDA:2909,542,0,0
BRDA:2909,542,1,0
BRDA:2909,543,0,0
BRDA:2909,543,1,0
BRDA:2909,544,0,0
BRDA:2909,544,1,0
BRDA:2910,545,0,0
BRDA:2910,545,1,0
BRDA:2914,546,0,0
BRDA:2914,546,1,0
BRDA:2915,547,0,0
BRDA:2915,547,1,0
BRDA:2916,548,0,0
BRDA:2916,548,1,0
BRDA:2917,549,0,0
BRDA:2917,549,1,0
BRDA:2940,550,0,0
BRDA:2940,550,1,0
BRDA:2941,551,0,0
BRDA:2941,551,1,0
BRDA:2941,551,2,0
BRDA:2944,552,0,0
BRDA:2944,552,1,0
BRDA:2945,553,0,0
BRDA:2945,553,1,0
BRDA:2947,554,0,0
BRDA:2947,554,1,0
BRDA:2948,555,0,0
BRDA:2948,555,1,0
BRDA:2948,556,0,0
BRDA:2948,556,1,0
BRDA:2949,557,0,0
BRDA:2949,557,1,0
BRDA:2952,558,0,0
BRDA:2952,558,1,0
BRDA:2969,559,0,0
BRDA:2969,559,1,0
BRDA:2970,560,0,0
BRDA:2970,560,1,0
BRDA:2971,561,0,0
BRDA:2971,561,1,0
BRDA:2972,562,0,0
BRDA:2972,562,1,0
BRDA:2972,563,0,0
BRDA:2972,563,1,0
BRDA:2972,564,0,0
BRDA:2972,564,1,0
BRDA:2973,565,0,0
BRDA:2973,565,1,0
BRDA:2974,566,0,0
BRDA:2974,566,1,0
BRDA:2977,567,0,0
BRDA:2977,567,1,0
BRDA:2980,568,0,0
BRDA:2980,568,1,0
BRDA:2983,569,0,0
BRDA:2983,569,1,0
BRDA:2985,570,0,0
BRDA:2985,570,1,0
BRDA:2985,571,0,0
BRDA:2985,571,1,0
BRDA:2985,571,2,0
BRDA:2985,572,0,0
BRDA:2985,572,1,0
BRDA:2986,573,0,0
BRDA:2986,573,1,0
BRDA:2988,574,0,0
BRDA:2988,574,1,0
BRDA:2990,575,0,0
BRDA:2990,575,1,0
BRDA:2991,576,0,0
BRDA:2991,576,1,0
BRDA:2992,577,0,0
BRDA:2992,577,1,0
BRDA:2993,578,0,0
BRDA:2993,578,1,0
BRDA:2995,579,0,0
BRDA:2995,579,1,0
BRDA:2996,580,0,0
BRDA:2996,580,1,0
BRDA:3007,581,0,0
BRDA:3007,581,1,0
BRDA:3008,582,0,0
BRDA:3008,582,1,0
BRDA:3008,582,2,0
BRDA:3010,583,0,0
BRDA:3010,583,1,0
BRDA:3011,584,0,0
BRDA:3011,584,1,0
BRDA:3024,585,0,0
BRDA:3024,585,1,0
BRDA:3024,585,2,0
BRDA:3025,586,0,0
BRDA:3025,586,1,0
BRDA:3031,587,0,0
BRDA:3031,587,1,0
BRDA:3035,588,0,0
BRDA:3035,588,1,0
BRDA:3038,589,0,0
BRDA:3038,589,1,0
BRDA:3038,590,0,0
BRDA:3038,590,1,0
BRDA:3040,591,0,0
BRDA:3040,591,1,0
BRDA:3040,591,2,0
BRDA:3041,592,0,0
BRDA:3041,592,1,0
BRDA:3041,592,2,0
BRDA:3044,593,0,0
BRDA:3044,593,1,0
BRDA:3045,594,0,0
BRDA:3045,594,1,0
BRDA:3049,595,0,0
BRDA:3049,595,1,0
BRDA:3057,596,0,0
BRDA:3057,596,1,0
BRDA:3062,597,0,0
BRDA:3062,597,1,0
BRDA:3091,598,0,0
BRDA:3091,598,1,0
BRDA:3092,599,0,0
BRDA:3092,599,1,0
BRDA:3115,600,0,0
BRDA:3115,600,1,0
BRDA:3115,601,0,0
BRDA:3115,601,1,0
BRDA:3117,602,0,0
BRDA:3117,602,1,0
BRDA:3121,603,0,0
BRDA:3121,603,1,0
BRDA:3126,604,0,0
BRDA:3126,604,1,0
BRDA:3126,605,0,0
BRDA:3126,605,1,0
BRDA:3129,606,0,0
BRDA:3129,606,1,0
BRDA:3130,607,0,0
BRDA:3130,607,1,0
BRDA:3131,608,0,0
BRDA:3131,608,1,0
BRDA:3133,609,0,0
BRDA:3133,609,1,0
BRDA:3134,610,0,0
BRDA:3134,610,1,0
BRDA:3147,611,0,0
BRDA:3147,611,1,0
BRDA:3148,612,0,0
BRDA:3148,612,1,0
BRDA:3148,613,0,0
BRDA:3148,613,1,0
BRDA:3157,614,0,0
BRDA:3157,614,1,0
BRDA:3160,615,0,0
BRDA:3160,615,1,0
BRDA:3174,616,0,0
BRDA:3174,616,1,0
BRDA:3188,617,0,0
BRDA:3188,617,1,0
BRDA:3196,618,0,0
BRDA:3196,618,1,0
BRDA:3204,619,0,0
BRDA:3204,619,1,0
BRDA:3249,620,0,0
BRDA:3249,620,1,0
BRDA:3250,621,0,0
BRDA:3250,621,1,0
BRDA:3265,622,0,0
BRDA:3265,622,1,0
BRDA:3265,623,0,0
BRDA:3265,623,1,0
BRDA:3266,624,0,0
BRDA:3266,624,1,0
BRDA:3274,625,0,0
BRDA:3274,625,1,0
BRDA:3276,626,0,0
BRDA:3276,626,1,0
BRDA:3277,627,0,0
BRDA:3277,627,1,0
BRDA:3278,628,0,0
BRDA:3278,628,1,0
BRDA:3296,629,0,0
BRDA:3296,629,1,0
BRDA:3303,630,0,0
BRDA:3303,630,1,0
BRDA:3306,631,0,0
BRDA:3306,631,1,0
BRDA:3306,632,0,0
BRDA:3306,632,1,0
BRDA:3311,633,0,0
BRDA:3311,633,1,0
BRDA:3312,634,0,0
BRDA:3312,634,1,0
BRDA:3315,635,0,0
BRDA:3315,635,1,0
BRDA:3315,636,0,0
BRDA:3315,636,1,0
BRDA:3315,636,2,0
BRDA:3319,637,0,0
BRDA:3319,637,1,0
BRDA:3319,638,0,0
BRDA:3319,638,1,0
BRDA:3332,639,0,0
BRDA:3332,639,1,0
BRDA:3335,640,0,0
BRDA:3335,640,1,0
BRDA:3411,641,0,0
BRDA:3411,641,1,0
BRDA:3412,642,0,0
BRDA:3412,642,1,0
BRDA:3421,643,0,0
BRDA:3421,643,1,0
BRDA:3421,644,0,0
BRDA:3421,644,1,0
BRDA:3430,645,0,0
BRDA:3430,646,0,0
BRDA:3430,647,0,0
BRDA:3430,648,0,0
BRDA:3430,649,0,0
BRDA:3432,650,0,0
BRDA:3432,650,1,0
BRDA:3432,651,0,0
BRDA:3432,651,1,0
BRDA:3432,651,2,0
BRDA:3432,651,3,0
BRDA:3432,651,4,0
BRDA:3437,652,0,0
BRDA:3437,652,1,0
BRDA:3445,653,0,0
BRDA:3445,653,1,0
BRDA:3447,654,0,0
BRDA:3447,654,1,0
BRDA:3448,655,0,0
BRDA:3448,655,1,0
BRDA:3449,656,0,0
BRDA:3449,656,1,0
BRDA:3450,657,0,0
BRDA:3450,657,1,0
BRDA:3450,658,0,0
BRDA:3450,658,1,0
BRDA:3451,659,0,0
BRDA:3451,659,1,0
BRDA:3451,660,0,0
BRDA:3451,660,1,0
BRDA:3460,661,0,0
BRDA:3460,661,1,0
BRDA:3464,662,0,0
BRDA:3464,662,1,0
BRDA:3468,663,0,0
BRDA:3468,663,1,0
BRDA:3472,664,0,0
BRDA:3472,664,1,0
BRDA:3477,665,0,0
BRDA:3477,665,1,0
BRDA:3478,666,0,0
BRDA:3478,666,1,0
BRDA:3481,667,0,0
BRDA:3481,667,1,0
BRDA:3481,668,0,0
BRDA:3481,668,1,0
BRDA:3489,669,0,0
BRDA:3489,669,1,0
BRDA:3491,670,0,0
BRDA:3491,670,1,0
BRDA:3530,671,0,0
BRDA:3530,671,1,0
BRDA:3530,672,0,0
BRDA:3530,672,1,0
BRDA:3539,673,0,0
BRDA:3539,673,1,0
BRDA:3539,674,0,0
BRDA:3539,674,1,0
BRDA:3540,675,0,0
BRDA:3540,675,1,0
BRDA:3543,676,0,0
BRDA:3543,676,1,0
BRDA:3546,677,0,0
BRDA:3546,677,1,0
BRDA:3549,678,0,0
BRDA:3549,678,1,0
BRDA:3550,679,0,0
BRDA:3550,679,1,0
BRDA:3553,680,0,0
BRDA:3553,680,1,0
BRDA:3565,681,0,0
BRDA:3565,681,1,0
BRDA:3577,682,0,0
BRDA:3577,682,1,0
BRDA:3577,683,0,0
BRDA:3577,683,1,0
BRDA:3578,684,0,0
BRDA:3578,684,1,0
BRDA:3587,685,0,0
BRDA:3587,685,1,0
BRDA:3604,686,0,0
BRDA:3604,686,1,0
BRDA:3613,687,0,0
BRDA:3613,687,1,0
BRDA:3613,688,0,0
BRDA:3613,688,1,0
BRDA:3635,689,0,0
BRDA:3635,689,1,0
BRDA:3635,690,0,0
BRDA:3635,690,1,0
BRDA:3651,691,0,0
BRDA:3651,691,1,0
BRDA:3662,692,0,0
BRDA:3662,692,1,0
BRDA:3674,693,0,0
BRDA:3674,693,1,0
BRDA:3681,694,0,0
BRDA:3681,694,1,0
BRDA:3689,695,0,0
BRDA:3689,695,1,0
BRDA:3698,696,0,0
BRDA:3698,696,1,0
BRDA:3725,697,0,0
BRDA:3725,697,1,0
BRDA:3730,698,0,0
BRDA:3730,698,1,0
BRDA:3773,699,0,0
BRDA:3773,699,1,0
BRDA:3779,700,0,0
BRDA:3779,700,1,0
BRDA:3820,701,0,0
BRDA:3820,701,1,0
BRDA:3824,702,0,0
BRDA:3824,702,1,0
BRDA:3825,703,0,0
BRDA:3825,703,1,0
BRDA:3837,704,0,0
BRDA:3837,704,1,0
BRDA:3839,705,0,0
BRDA:3839,705,1,0
BRDA:3857,706,0,0
BRDA:3857,706,1,0
BRDA:3863,707,0,0
BRDA:3863,707,1,0
BRDA:3864,708,0,0
BRDA:3864,708,1,0
BRDA:3876,709,0,0
BRDA:3876,709,1,0
BRDA:3879,710,0,0
BRDA:3879,710,1,0
BRDA:3885,711,0,0
BRDA:3885,711,1,0
BRDA:3914,712,0,0
BRDA:3914,712,1,0
BRDA:3922,713,0,0
BRDA:3922,713,1,0
BRDA:3932,714,0,0
BRDA:3932,714,1,0
BRDA:3939,715,0,0
BRDA:3939,715,1,0
BRDA:3947,716,0,0
BRDA:3947,716,1,0
BRDA:3964,717,0,0
BRDA:3964,717,1,0
BRDA:3966,718,0,0
BRDA:3966,718,1,0
BRDA:3982,719,0,0
BRDA:3982,719,1,0
BRDA:3984,720,0,0
BRDA:3984,720,1,0
BRDA:4003,721,0,0
BRDA:4003,721,1,0
BRDA:4006,722,0,0
BRDA:4006,722,1,0
BRDA:4006,723,0,0
BRDA:4006,723,1,0
BRDA:4006,723,2,0
BRDA:4006,723,3,0
BRDA:4006,723,4,0
BRDA:4011,724,0,0
BRDA:4011,724,1,0
BRDA:4014,725,0,0
BRDA:4014,725,1,0
BRDA:4016,726,0,0
BRDA:4016,726,1,0
BRDA:4016,727,0,0
BRDA:4016,727,1,0
BRDA:4021,728,0,0
BRDA:4021,728,1,0
BRDA:4022,729,0,0
BRDA:4022,729,1,0
BRDA:4028,730,0,0
BRDA:4028,730,1,0
BRDA:4035,731,0,0
BRDA:4035,731,1,0
BRDA:4050,732,0,0
BRDA:4050,732,1,0
BRDA:4058,733,0,0
BRDA:4058,733,1,0
BRDA:4072,734,0,0
BRDA:4072,734,1,0
BRDA:4073,735,0,0
BRDA:4073,735,1,0
BRDA:4073,736,0,0
BRDA:4073,736,1,0
BRDA:4084,737,0,0
BRDA:4084,737,1,0
BRDA:4090,738,0,0
BRDA:4090,738,1,0
BRDA:4092,739,0,0
BRDA:4092,739,1,0
BRDA:4092,740,0,0
BRDA:4092,740,1,0
BRDA:4098,741,0,0
BRDA:4098,741,1,0
BRDA:4113,742,0,0
BRDA:4113,742,1,0
BRDA:4114,743,0,0
BRDA:4114,743,1,0
BRDA:4114,744,0,0
BRDA:4114,744,1,0
BRDA:4114,744,2,0
BRDA:4114,744,3,0
BRDA:4117,745,0,0
BRDA:4117,745,1,0
BRDA:4132,746,0,0
BRDA:4132,746,1,0
BRDA:4132,747,0,0
BRDA:4132,747,1,0
BRDA:4135,748,0,0
BRDA:4135,748,1,0
BRDA:4141,749,0,0
BRDA:4141,749,1,0
BRDA:4142,750,0,0
BRDA:4142,750,1,0
BRDA:4142,751,0,0
BRDA:4142,751,1,0
BRDA:4197,752,0,0
BRDA:4197,752,1,0
BRDA:4213,753,0,0
BRDA:4213,753,1,0
BRDA:4219,754,0,0
BRDA:4219,754,1,0
BRDA:4221,755,0,0
BRDA:4221,755,1,0
BRDA:4221,756,0,0
BRDA:4221,756,1,0
BRDA:4221,756,2,0
BRDA:4221,756,3,0
BRDA:4222,757,0,0
BRDA:4222,757,1,0
BRDA:4222,758,0,0
BRDA:4222,758,1,0
BRDA:4222,758,2,0
BRDA:4222,758,3,0
BRDA:4223,759,0,0
BRDA:4223,759,1,0
BRDA:4223,760,0,0
BRDA:4223,760,1,0
BRDA:4223,760,2,0
BRDA:4223,760,3,0
BRDA:4224,761,0,0
BRDA:4224,761,1,0
BRDA:4224,762,0,0
BRDA:4224,762,1,0
BRDA:4225,763,0,0
BRDA:4225,763,1,0
BRDA:4229,764,0,0
BRDA:4229,764,1,0
BRDA:4230,765,0,0
BRDA:4230,765,1,0
BRDA:4231,766,0,0
BRDA:4231,766,1,0
BRDA:4232,767,0,0
BRDA:4232,767,1,0
BRDA:4270,768,0,0
BRDA:4270,768,1,0
BRDA:4273,769,0,0
BRDA:4273,769,1,0
BRDA:4289,770,0,0
BRDA:4289,770,1,0
BRDA:4299,771,0,0
BRDA:4299,771,1,0
BRDA:4315,772,0,0
BRDA:4315,772,1,0
BRDA:4333,773,0,0
BRDA:4333,773,1,0
BRDA:4334,774,0,0
BRDA:4334,774,1,0
BRDA:4335,775,0,0
BRDA:4335,775,1,0
BRDA:4337,776,0,0
BRDA:4337,776,1,0
BRDA:4339,777,0,0
BRDA:4339,777,1,0
BRDA:4402,778,0,0
BRDA:4402,778,1,0
BRDA:4406,779,0,0
BRDA:4406,779,1,0
BRDA:4407,780,0,0
BRDA:4407,780,1,0
BRDA:4414,781,0,0
BRDA:4414,781,1,0
BRDA:4417,782,0,0
BRDA:4417,782,1,0
BRDA:4419,783,0,0
BRDA:4419,783,1,0
BRDA:4420,784,0,0
BRDA:4420,784,1,0
BRDA:4421,785,0,0
BRDA:4421,785,1,0
BRDA:4427,786,0,0
BRDA:4427,786,1,0
BRDA:4428,787,0,0
BRDA:4428,787,1,0
BRDA:4465,788,0,0
BRDA:4465,788,1,0
BRDA:4466,789,0,0
BRDA:4466,789,1,0
BRDA:4466,790,0,0
BRDA:4466,790,1,0
BRDA:4483,791,0,0
BRDA:4483,791,1,0
BRDA:4490,792,0,0
BRDA:4490,792,1,0
BRDA:4491,793,0,0
BRDA:4491,793,1,0
BRDA:4493,794,0,0
BRDA:4493,794,1,0
BRDA:4502,795,0,0
BRDA:4502,795,1,0
BRDA:4502,796,0,0
BRDA:4502,796,1,0
BRDA:4507,797,0,0
BRDA:4507,797,1,0
BRDA:4508,798,0,0
BRDA:4508,798,1,0
BRDA:4542,799,0,0
BRDA:4542,799,1,0
BRDA:4566,800,0,0
BRDA:4566,800,1,0
BRDA:4588,801,0,0
BRDA:4588,801,1,0
BRDA:4588,802,0,0
BRDA:4588,802,1,0
BRDA:4588,802,2,0
BRDA:4588,803,0,0
BRDA:4588,803,1,0
BRDA:4596,804,0,0
BRDA:4596,804,1,0
BRDA:4600,805,0,0
BRDA:4600,805,1,0
BRDA:4602,806,0,0
BRDA:4602,806,1,0
BRDA:4604,807,0,0
BRDA:4604,807,1,0
BRDA:4615,808,0,0
BRDA:4615,808,1,0
BRDA:4618,809,0,0
BRDA:4618,809,1,0
BRDA:4620,810,0,0
BRDA:4620,810,1,0
BRDA:4628,811,0,0
BRDA:4628,811,1,0
BRDA:4628,812,0,0
BRDA:4628,812,1,0
BRDA:4630,813,0,0
BRDA:4630,813,1,0
BRDA:4642,814,0,0
BRDA:4642,814,1,0
BRDA:4642,815,0,0
BRDA:4642,815,1,0
BRDA:4644,816,0,0
BRDA:4644,816,1,0
BRDA:4656,817,0,0
BRDA:4656,817,1,0
BRDA:4656,818,0,0
BRDA:4656,818,1,0
BRDA:4658,819,0,0
BRDA:4658,819,1,0
BRDA:4669,820,0,0
BRDA:4669,820,1,0
BRDA:4670,821,0,0
BRDA:4670,821,1,0
BRDA:4671,822,0,0
BRDA:4671,822,1,0
BRDA:4672,823,0,0
BRDA:4672,823,1,0
BRDA:4681,824,0,0
BRDA:4681,824,1,0
BRDA:4681,825,0,0
BRDA:4681,825,1,0
BRDA:4683,826,0,0
BRDA:4683,826,1,0
BRDA:4684,827,0,0
BRDA:4684,827,1,0
BRDA:4694,828,0,0
BRDA:4694,828,1,0
BRDA:4712,829,0,0
BRDA:4712,829,1,0
BRDA:4712,829,2,0
BRDA:4713,830,0,0
BRDA:4713,830,1,0
BRDA:4723,831,0,0
BRDA:4723,831,1,0
BRDA:4739,832,0,0
BRDA:4739,832,1,0
BRDA:4739,833,0,0
BRDA:4739,833,1,0
BRDA:4745,834,0,0
BRDA:4745,834,1,0
BRDA:4766,835,0,0
BRDA:4766,835,1,0
BRDA:4767,836,0,0
BRDA:4767,836,1,0
BRDA:4769,837,0,0
BRDA:4769,837,1,0
BRDA:4770,838,0,0
BRDA:4770,838,1,0
BRDA:4771,839,0,0
BRDA:4771,839,1,0
BRDA:4774,840,0,0
BRDA:4774,840,1,0
BRDA:4774,841,0,0
BRDA:4774,841,1,0
BRDA:4776,842,0,0
BRDA:4776,842,1,0
BRDA:4781,843,0,0
BRDA:4781,843,1,0
BRDA:4786,844,0,0
BRDA:4786,844,1,0
BRDA:4796,845,0,0
BRDA:4796,845,1,0
BRDA:4809,846,0,0
BRDA:4809,846,1,0
BRDA:4860,847,0,0
BRDA:4860,847,1,0
BRDA:4864,848,0,0
BRDA:4864,848,1,0
BRDA:4865,849,0,0
BRDA:4865,849,1,0
BRDA:4873,850,0,0
BRDA:4873,850,1,0
BRDA:4874,851,0,0
BRDA:4874,851,1,0
BRDA:4876,852,0,0
BRDA:4876,852,1,0
BRDA:4877,853,0,0
BRDA:4877,853,1,0
BRDA:4878,854,0,0
BRDA:4878,854,1,0
BRDA:4881,855,0,0
BRDA:4881,855,1,0
BRDA:4881,856,0,0
BRDA:4881,856,1,0
BRDA:4883,857,0,0
BRDA:4883,857,1,0
BRDA:4892,858,0,0
BRDA:4892,858,1,0
BRDA:4904,859,0,0
BRDA:4904,859,1,0
BRDA:4904,859,2,0
BRDA:4913,860,0,0
BRDA:4913,860,1,0
BRDA:4914,861,0,0
BRDA:4914,861,1,0
BRDA:4932,862,0,0
BRDA:4932,862,1,0
BRDA:4932,863,0,0
BRDA:4932,863,1,0
BRDA:4935,864,0,0
BRDA:4935,864,1,0
BRDA:4945,865,0,0
BRDA:4945,865,1,0
BRDA:4950,866,0,0
BRDA:4950,866,1,0
BRDA:4950,867,0,0
BRDA:4950,867,1,0
BRDA:5025,868,0,0
BRDA:5025,868,1,0
BRDA:5026,869,0,0
BRDA:5026,869,1,0
BRDA:5026,870,0,0
BRDA:5026,870,1,0
BRDA:5034,871,0,0
BRDA:5034,871,1,0
BRDA:5050,872,0,0
BRDA:5050,872,1,0
BRDA:5051,873,0,0
BRDA:5051,873,1,0
BRDA:5051,874,0,0
BRDA:5051,874,1,0
BRDA:5054,875,0,0
BRDA:5054,875,1,0
BRDA:5086,876,0,0
BRDA:5086,876,1,0
BRDA:5092,877,0,0
BRDA:5092,877,1,0
BRDA:5093,878,0,0
BRDA:5093,878,1,0
BRDA:5106,879,0,0
BRDA:5106,879,1,0
BRDA:5113,880,0,0
BRDA:5113,880,1,0
BRDA:5142,881,0,0
BRDA:5142,881,1,0
BRDA:5151,882,0,0
BRDA:5151,882,1,0
BRDA:5160,883,0,0
BRDA:5160,883,1,0
BRDA:5169,884,0,0
BRDA:5169,884,1,0
BRDA:5241,885,0,0
BRDA:5241,885,1,0
BRDA:5241,886,0,0
BRDA:5241,886,1,0
BRDA:5284,887,0,0
BRDA:5284,887,1,0
BRDA:5284,888,0,0
BRDA:5284,888,1,0
BRDA:5294,889,0,0
BRDA:5294,889,1,0
BRDA:5300,890,0,0
BRDA:5300,890,1,0
BRDA:5334,891,0,0
BRDA:5334,891,1,0
BRDA:5338,892,0,0
BRDA:5338,892,1,0
BRDA:5342,893,0,0
BRDA:5342,893,1,0
BRDA:5346,894,0,0
BRDA:5346,894,1,0
BRDA:5350,895,0,0
BRDA:5350,895,1,0
BRDA:5376,896,0,0
BRDA:5376,896,1,0
BRDA:5376,897,0,0
BRDA:5376,897,1,0
BRDA:5383,898,0,0
BRDA:5383,898,1,0
BRDA:5384,899,0,0
BRDA:5384,899,1,0
BRDA:5384,900,0,0
BRDA:5384,900,1,0
BRDA:5384,900,2,0
BRDA:5463,901,0,0
BRDA:5463,901,1,0
BRDA:5571,902,0,0
BRDA:5571,902,1,0
BRDA:5645,903,0,0
BRDA:5645,903,1,0
BRDA:5688,904,0,0
BRDA:5688,904,1,0
BRDA:5692,905,0,0
BRDA:5692,905,1,0
BRDA:5696,906,0,0
BRDA:5696,906,1,0
BRDA:5726,907,0,0
BRDA:5726,907,1,0
BRDA:5730,908,0,0
BRDA:5730,908,1,0
BRDA:5734,909,0,0
BRDA:5734,909,1,0
BRDA:5738,910,0,0
BRDA:5738,910,1,0
BRDA:5837,911,0,0
BRDA:5837,911,1,0
BRDA:5841,912,0,0
BRDA:5841,912,1,0
BRDA:5841,913,0,0
BRDA:5841,913,1,0
BRDA:5841,914,0,0
BRDA:5841,914,1,0
BRDA:5841,915,0,0
BRDA:5841,915,1,0
BRDA:5847,916,0,0
BRDA:5847,916,1,0
BRDA:5847,917,0,0
BRDA:5847,917,1,0
BRDA:5847,917,2,0
BRDA:5850,918,0,0
BRDA:5850,918,1,0
BRDA:5851,919,0,0
BRDA:5851,919,1,0
BRDA:5852,920,0,0
BRDA:5852,920,1,0
BRDA:5859,921,0,0
BRDA:5859,921,1,0
BRDA:5877,922,0,0
BRDA:5877,922,1,0
BRDA:5885,923,0,0
BRDA:5885,923,1,0
BRDA:5886,924,0,0
BRDA:5886,924,1,0
BRDA:5886,925,0,0
BRDA:5886,925,1,0
BRDA:5886,925,2,0
BRDA:5891,926,0,0
BRDA:5891,926,1,0
BRDA:5892,927,0,0
BRDA:5892,927,1,0
BRDA:5892,928,0,0
BRDA:5892,928,1,0
BRDA:5892,928,2,0
BRDA:5913,929,0,0
BRDA:5913,929,1,0
BRDA:5932,930,0,0
BRDA:5932,930,1,0
BRDA:5942,931,0,0
BRDA:5942,931,1,0
BRDA:5953,932,0,0
BRDA:5953,932,1,0
BRDA:5955,933,0,0
BRDA:5955,933,1,0
BRDA:5959,934,0,0
BRDA:5959,934,1,0
BRDA:5960,935,0,0
BRDA:5960,935,1,0
BRDA:5961,936,0,0
BRDA:5961,936,1,0
BRDA:5973,937,0,0
BRDA:5973,937,1,0
BRDA:5974,938,0,0
BRDA:5974,938,1,0
BRDA:5975,939,0,0
BRDA:5975,939,1,0
BRDA:5991,940,0,0
BRDA:5995,941,0,0
BRDA:5995,941,1,0
BRDA:5997,942,0,0
BRDA:5997,942,1,0
BRDA:6016,943,0,0
BRDA:6016,943,1,0
BRDA:6016,944,0,0
BRDA:6016,944,1,0
BRDA:6026,945,0,0
BRDA:6026,945,1,0
BRDA:6026,946,0,0
BRDA:6026,946,1,0
BRDA:6029,947,0,0
BRDA:6029,947,1,0
BRDA:6031,948,0,0
BRDA:6031,948,1,0
BRDA:6035,949,0,0
BRDA:6035,949,1,0
BRDA:6036,950,0,0
BRDA:6036,950,1,0
BRDA:6036,951,0,0
BRDA:6036,951,1,0
BRDA:6036,951,2,0
BRDA:6051,952,0,0
BRDA:6051,952,1,0
BRDA:6051,953,0,0
BRDA:6051,953,1,0
BRDA:6055,954,0,0
BRDA:6055,954,1,0
BRDA:6056,955,0,0
BRDA:6056,955,1,0
BRDA:6056,956,0,0
BRDA:6056,956,1,0
BRDA:6061,957,0,0
BRDA:6061,957,1,0
BRDA:6063,958,0,0
BRDA:6063,958,1,0
BRDA:6079,959,0,0
BRDA:6079,959,1,0
BRDA:6080,960,0,0
BRDA:6080,960,1,0
BRDA:6080,961,0,0
BRDA:6080,961,1,0
BRDA:6083,962,0,0
BRDA:6083,962,1,0
BRDA:6083,963,0,0
BRDA:6083,963,1,0
BRDA:6086,964,0,0
BRDA:6086,964,1,0
BRDA:6120,965,0,0
BRDA:6120,966,0,0
BRDA:6120,967,0,0
BRDA:6126,968,0,0
BRDA:6126,968,1,0
BRDA:6126,968,2,0
BRDA:6127,969,0,0
BRDA:6127,969,1,0
BRDA:6135,970,0,0
BRDA:6135,970,1,0
BRDA:6141,971,0,0
BRDA:6141,971,1,0
BRDA:6152,972,0,0
BRDA:6152,972,1,0
BRDA:6160,973,0,0
BRDA:6160,973,1,0
BRDA:6163,974,0,0
BRDA:6163,974,1,0
BRDA:6166,975,0,0
BRDA:6166,975,1,0
BRDA:6175,976,0,0
BRDA:6175,976,1,0
BRDA:6181,977,0,0
BRDA:6181,977,1,0
BRDA:6191,978,0,0
BRDA:6191,978,1,0
BRDA:6208,979,0,0
BRDA:6208,979,1,0
BRDA:6210,980,0,0
BRDA:6210,980,1,0
BRDA:6226,981,0,0
BRDA:6226,981,1,0
BRDA:6227,982,0,0
BRDA:6227,982,1,0
BRDA:6235,983,0,0
BRDA:6235,983,1,0
BRDA:6236,984,0,0
BRDA:6236,984,1,0
BRDA:6236,984,2,0
BRDA:6237,985,0,0
BRDA:6237,985,1,0
BRDA:6240,986,0,0
BRDA:6240,986,1,0
BRDA:6241,987,0,0
BRDA:6241,987,1,0
BRDA:6242,988,0,0
BRDA:6242,988,1,0
BRDA:6242,989,0,0
BRDA:6242,989,1,0
BRDA:6243,990,0,0
BRDA:6243,990,1,0
BRDA:6243,991,0,0
BRDA:6243,991,1,0
BRDA:6254,992,0,0
BRDA:6254,992,1,0
BRDA:6258,993,0,0
BRDA:6258,993,1,0
BRDA:6259,994,0,0
BRDA:6259,994,1,0
BRDA:6270,995,0,0
BRDA:6270,995,1,0
BRDA:6281,996,0,0
BRDA:6281,996,1,0
BRDA:6292,997,0,0
BRDA:6292,997,1,0
BRDA:6303,998,0,0
BRDA:6303,998,1,0
BRDA:6310,999,0,0
BRDA:6310,999,1,0
BRDA:6313,1000,0,0
BRDA:6313,1000,1,0
BRDA:6323,1001,0,0
BRDA:6323,1001,1,0
BRDA:6324,1002,0,0
BRDA:6324,1002,1,0
BRDA:6335,1003,0,0
BRDA:6335,1003,1,0
BRDA:6336,1004,0,0
BRDA:6336,1004,1,0
BRDA:6340,1005,0,0
BRDA:6340,1005,1,0
BRDA:6359,1006,0,0
BRDA:6359,1006,1,0
BRDA:6403,1007,0,0
BRDA:6403,1007,1,0
BRDA:6404,1008,0,0
BRDA:6404,1008,1,0
BRDA:6405,1009,0,0
BRDA:6405,1009,1,0
BRDA:6406,1010,0,0
BRDA:6406,1010,1,0
BRDA:6406,1011,0,0
BRDA:6406,1011,1,0
BRDA:6411,1012,0,0
BRDA:6411,1012,1,0
BRDA:6428,1013,0,0
BRDA:6428,1013,1,0
BRDA:6437,1014,0,0
BRDA:6437,1014,1,0
BRDA:6447,1015,0,0
BRDA:6447,1015,1,0
BRDA:6453,1016,0,0
BRDA:6453,1016,1,0
BRDA:6463,1017,0,0
BRDA:6463,1017,1,0
BRDA:6471,1018,0,0
BRDA:6471,1018,1,0
BRDA:6472,1019,0,0
BRDA:6472,1019,1,0
BRDA:6486,1020,0,0
BRDA:6486,1020,1,0
BRDA:6487,1021,0,0
BRDA:6487,1021,1,0
BRDA:6487,1022,0,0
BRDA:6487,1022,1,0
BRDA:6487,1022,2,0
BRDA:6498,1023,0,0
BRDA:6498,1023,1,0
BRDA:6502,1024,0,0
BRDA:6502,1024,1,0
BRDA:6518,1025,0,0
BRDA:6518,1025,1,0
BRDA:6519,1026,0,0
BRDA:6519,1026,1,0
BRDA:6520,1027,0,0
BRDA:6520,1027,1,0
BRDA:6521,1028,0,0
BRDA:6521,1028,1,0
BRDA:6521,1029,0,0
BRDA:6521,1029,1,0
BRDA:6534,1030,0,0
BRDA:6534,1030,1,0
BRDA:6544,1031,0,0
BRDA:6544,1031,1,0
BRDA:6546,1032,0,0
BRDA:6546,1032,1,0
BRDA:6547,1033,0,0
BRDA:6547,1033,1,0
BRDA:6548,1034,0,0
BRDA:6548,1034,1,0
BRDA:6555,1035,0,0
BRDA:6555,1035,1,0
BRDA:6556,1036,0,0
BRDA:6556,1036,1,0
BRDA:6559,1037,0,0
BRDA:6559,1037,1,0
BRDA:6559,1038,0,0
BRDA:6559,1038,1,0
BRDA:6589,1039,0,0
BRDA:6589,1039,1,0
BRDA:6592,1040,0,0
BRDA:6592,1040,1,0
BRDA:6592,1041,0,0
BRDA:6592,1041,1,0
BRDA:6609,1042,0,0
BRDA:6609,1042,1,0
BRDA:6615,1043,0,0
BRDA:6615,1043,1,0
BRDA:6617,1044,0,0
BRDA:6617,1044,1,0
BRDA:6626,1045,0,0
BRDA:6626,1045,1,0
BRDA:6626,1046,0,0
BRDA:6626,1046,1,0
BRDA:6627,1047,0,0
BRDA:6627,1047,1,0
BRDA:6629,1048,0,0
BRDA:6629,1048,1,0
BRDA:6630,1049,0,0
BRDA:6630,1049,1,0
BRDA:6640,1050,0,0
BRDA:6640,1050,1,0
BRDA:6640,1051,0,0
BRDA:6640,1051,1,0
BRDA:6641,1052,0,0
BRDA:6641,1052,1,0
BRDA:6645,1053,0,0
BRDA:6645,1053,1,0
BRDA:6646,1054,0,0
[...]
BRDA:210,26,1,0
BRDA:217,27,0,0
BRDA:217,27,1,0
BRDA:251,28,0,0
BRDA:251,28,1,0
BRDA:281,29,0,0
BRDA:281,29,1,0
BRDA:283,30,0,0
BRDA:283,30,1,0
BRDA:283,31,0,0
BRDA:283,31,1,0
BRDA:288,32,0,0
BRDA:288,32,1,0
BRDA:289,33,0,0
BRDA:289,33,1,0
BRDA:290,34,0,0
BRDA:290,34,1,0
BRDA:291,35,0,0
BRDA:291,35,1,0
BRDA:293,36,0,0
BRDA:293,36,1,0
BRDA:306,37,0,0
BRDA:306,37,1,0
BRDA:306,38,0,0
BRDA:306,38,1,0
BRDA:314,39,0,0
BRDA:314,39,1,0
BRDA:314,40,0,0
BRDA:314,40,1,0
BRDA:318,41,0,0
BRDA:318,41,1,0
BRDA:324,42,0,0
BRDA:324,42,1,0
BRDA:324,43,0,0
BRDA:324,43,1,0
BRF:88
BRH:0
end_of_record
TN:
SF:src\routes\auth.routes.js
FN:8,registerAuthRoutes
FNF:1
FNH:0
FNDA:0,registerAuthRoutes
DA:8,0
DA:18,0
DA:19,0
DA:20,0
DA:21,0
DA:22,0
LF:6
LH:0
BRF:0
BRH:0
end_of_record
TN:
SF:src\routes\cards.routes.js
FN:8,registerCardsRoutes
FN:23,(anonymous_1)
FN:90,(anonymous_2)
FN:103,(anonymous_3)
FN:124,(anonymous_4)
FN:170,(anonymous_5)
FN:225,(anonymous_6)
FN:249,(anonymous_7)
FN:272,(anonymous_8)
FN:289,(anonymous_9)
FNF:10
FNH:0
FNDA:0,registerCardsRoutes
FNDA:0,(anonymous_1)
FNDA:0,(anonymous_2)
FNDA:0,(anonymous_3)
FNDA:0,(anonymous_4)
FNDA:0,(anonymous_5)
FNDA:0,(anonymous_6)
FNDA:0,(anonymous_7)
FNDA:0,(anonymous_8)
FNDA:0,(anonymous_9)
DA:8,0
DA:23,0
DA:24,0
DA:25,0
DA:27,0
DA:28,0
DA:31,0
DA:32,0
DA:33,0
DA:35,0
DA:36,0
DA:37,0
DA:40,0
DA:41,0
DA:46,0
DA:47,0
DA:48,0
DA:50,0
DA:53,0
DA:54,0
DA:56,0
DA:58,0
DA:59,0
DA:60,0
DA:63,0
DA:69,0
DA:75,0
DA:90,0
DA:91,0
DA:93,0
DA:101,0
DA:103,0
DA:122,0
DA:125,0
DA:126,0
DA:129,0
DA:130,0
DA:131,0
DA:133,0
DA:136,0
DA:137,0
DA:140,0
DA:141,0
DA:143,0
DA:144,0
DA:145,0
DA:150,0
DA:151,0
DA:153,0
DA:154,0
DA:155,0
DA:156,0
DA:157,0
DA:161,0
DA:163,0
DA:167,0
DA:170,0
DA:171,0
DA:172,0
DA:175,0
DA:178,0
DA:179,0
DA:180,0
DA:185,0
DA:186,0
DA:187,0
DA:188,0
DA:191,0
DA:192,0
DA:194,0
DA:197,0
DA:198,0
DA:199,0
DA:200,0
DA:201,0
DA:203,0
DA:208,0
DA:225,0
DA:226,0
DA:227,0
DA:228,0
DA:229,0
DA:232,0
DA:236,0
DA:237,0
DA:240,0
DA:241,0
DA:246,0
DA:249,0
DA:250,0
DA:251,0
DA:252,0
DA:253,0
DA:256,0
DA:260,0
DA:261,0
DA:264,0
DA:269,0
DA:272,0
DA:273,0
DA:274,0
DA:276,0
DA:277,0
DA:280,0
DA:286,0
DA:289,0
DA:290,0
DA:291,0
DA:293,0
DA:294,0
DA:297,0
DA:303,0
LF:112
LH:0
BRDA:24,0,0,0
BRDA:24,0,1,0
BRDA:27,1,0,0
BRDA:27,1,1,0
BRDA:27,2,0,0
BRDA:27,2,1,0
BRDA:32,3,0,0
BRDA:32,3,1,0
BRDA:33,4,0,0
BRDA:33,4,1,0
BRDA:36,5,0,0
BRDA:36,5,1,0
BRDA:36,6,0,0
BRDA:36,6,1,0
BRDA:36,6,2,0
BRDA:40,7,0,0
BRDA:40,7,1,0
BRDA:40,8,0,0
BRDA:40,8,1,0
BRDA:53,9,0,0
BRDA:53,9,1,0
BRDA:56,10,0,0
BRDA:56,10,1,0
BRDA:136,11,0,0
BRDA:136,11,1,0
BRDA:140,12,0,0
BRDA:140,12,1,0
BRDA:141,13,0,0
BRDA:141,13,1,0
BRDA:153,14,0,0
BRDA:153,14,1,0
BRDA:155,15,0,0
BRDA:155,15,1,0
BRDA:172,16,0,0
BRDA:172,16,1,0
BRDA:178,17,0,0
BRDA:178,17,1,0
BRDA:179,18,0,0
BRDA:179,18,1,0
BRDA:191,19,0,0
BRDA:191,19,1,0
BRDA:194,20,0,0
BRDA:194,20,1,0
BRDA:200,21,0,0
BRDA:200,21,1,0
BRDA:228,22,0,0
BRDA:228,22,1,0
BRDA:236,23,0,0
BRDA:236,23,1,0
BRDA:246,24,0,0
BRDA:246,24,1,0
BRDA:252,25,0,0
BRDA:252,25,1,0
BRDA:260,26,0,0
BRDA:260,26,1,0
BRDA:274,27,0,0
BRDA:274,27,1,0
BRDA:276,28,0,0
BRDA:276,28,1,0
BRDA:291,29,0,0
BRDA:291,29,1,0
BRDA:293,30,0,0
BRDA:293,30,1,0
BRF:63
BRH:0
end_of_record
TN:
SF:src\routes\invoice.routes.js
FN:8,registerInvoiceRoutes
FNF:1
FNH:0
FNDA:0,registerInvoiceRoutes
DA:8,0
DA:10,0
DA:11,0
DA:12,0
DA:15,0
DA:18,0
DA:19,0
DA:22,0
DA:25,0
DA:28,0
DA:31,0
DA:34,0
LF:12
LH:0
BRF:0
BRH:0
end_of_record
TN:
SF:src\routes\misc.routes.js
FN:10,registerMiscRoutes
FN:36,asyncHandlerRoute
FN:37,(anonymous_2)
FNF:3
FNH:0
FNDA:0,registerMiscRoutes
FNDA:0,asyncHandlerRoute
FNDA:0,(anonymous_2)
DA:10,0
DA:19,0
DA:20,0
DA:21,0
DA:22,0
DA:23,0
DA:24,0
DA:25,0
DA:26,0
DA:27,0
DA:32,0
DA:33,0
DA:37,0
LF:13
LH:0
BRF:0
BRH:0
end_of_record
TN:
SF:src\routes\pix.routes.js
FN:8,registerPixRoutes
FN:9,(anonymous_1)
FN:14,(anonymous_2)
FN:23,(anonymous_3)
FN:32,(anonymous_4)
FN:41,(anonymous_5)
FN:78,(anonymous_6)
FN:83,(anonymous_7)
FN:129,(anonymous_8)
FN:153,(anonymous_9)
FN:159,(anonymous_10)
FN:169,(anonymous_11)
FN:254,(anonymous_12)
FN:255,(anonymous_13)
FN:262,(anonymous_14)
FN:341,(anonymous_15)
FN:342,(anonymous_16)
FNF:17
FNH:0
FNDA:0,registerPixRoutes
FNDA:0,(anonymous_1)
FNDA:0,(anonymous_2)
FNDA:0,(anonymous_3)
FNDA:0,(anonymous_4)
FNDA:0,(anonymous_5)
FNDA:0,(anonymous_6)
FNDA:0,(anonymous_7)
FNDA:0,(anonymous_8)
FNDA:0,(anonymous_9)
FNDA:0,(anonymous_10)
FNDA:0,(anonymous_11)
FNDA:0,(anonymous_12)
FNDA:0,(anonymous_13)
FNDA:0,(anonymous_14)
FNDA:0,(anonymous_15)
FNDA:0,(anonymous_16)
DA:8,0
DA:9,0
DA:10,0
DA:11,0
DA:14,0
DA:19,0
DA:20,0
DA:23,0
DA:24,0
DA:25,0
DA:26,0
DA:27,0
DA:28,0
DA:29,0
DA:32,0
DA:33,0
DA:34,0
DA:35,0
DA:36,0
DA:37,0
DA:41,0
DA:42,0
DA:43,0
DA:45,0
DA:48,0
DA:51,0
DA:52,0
DA:53,0
DA:54,0
DA:57,0
DA:58,0
DA:60,0
DA:61,0
DA:62,0
DA:65,0
DA:68,0
DA:69,0
DA:70,0
DA:71,0
DA:74,0
DA:78,0
DA:79,0
DA:80,0
DA:83,0
DA:84,0
DA:85,0
DA:87,0
DA:90,0
DA:91,0
DA:95,0
DA:96,0
DA:97,0
DA:98,0
DA:99,0
DA:101,0
DA:102,0
DA:103,0
DA:105,0
DA:110,0
DA:112,0
DA:113,0
DA:114,0
DA:116,0
DA:119,0
DA:120,0
DA:121,0
DA:122,0
DA:128,0
DA:129,0
DA:130,0
DA:131,0
DA:135,0
DA:138,0
DA:139,0
DA:140,0
DA:141,0
DA:142,0
DA:147,0
DA:148,0
DA:149,0
DA:150,0
DA:153,0
DA:154,0
DA:156,0
DA:159,0
DA:160,0
DA:161,0
DA:162,0
DA:163,0
DA:164,0
DA:165,0
DA:169,0
DA:170,0
DA:171,0
DA:172,0
DA:174,0
DA:175,0
DA:176,0
DA:178,0
DA:179,0
DA:181,0
DA:182,0
DA:185,0
DA:188,0
DA:191,0
DA:192,0
DA:193,0
DA:196,0
DA:197,0
DA:198,0
DA:202,0
DA:203,0
DA:204,0
DA:206,0
DA:207,0
DA:208,0
DA:209,0
DA:213,0
DA:214,0
DA:219,0
DA:220,0
DA:222,0
DA:223,0
DA:227,0
DA:228,0
DA:230,0
DA:231,0
DA:232,0
DA:233,0
DA:237,0
DA:238,0
DA:239,0
DA:240,0
DA:242,0
DA:247,0
DA:248,0
DA:253,0
DA:254,0
DA:255,0
DA:257,0
DA:258,0
DA:262,0
DA:263,0
DA:264,0
DA:265,0
DA:266,0
DA:267,0
DA:270,0
DA:273,0
DA:274,0
DA:276,0
DA:277,0
DA:279,0
DA:280,0
DA:283,0
DA:286,0
DA:287,0
DA:291,0
DA:292,0
DA:293,0
DA:295,0
DA:298,0
DA:299,0
DA:300,0
DA:302,0
DA:303,0
DA:306,0
DA:307,0
DA:309,0
DA:310,0
DA:313,0
DA:314,0
DA:315,0
DA:316,0
DA:319,0
DA:320,0
DA:322,0
DA:323,0
DA:326,0
DA:327,0
DA:328,0
DA:330,0
DA:331,0
DA:335,0
DA:340,0
DA:341,0
DA:342,0
DA:344,0
LF:188
LH:0
BRDA:10,0,0,0
BRDA:10,0,1,0
BRDA:24,1,0,0
BRDA:24,1,1,0
BRDA:25,2,0,0
BRDA:25,2,1,0
BRDA:26,3,0,0
BRDA:26,3,1,0
BRDA:26,4,0,0
BRDA:26,4,1,0
BRDA:33,5,0,0
BRDA:33,5,1,0
BRDA:35,6,0,0
BRDA:35,6,1,0
BRDA:45,7,0,0
BRDA:45,7,1,0
BRDA:48,8,0,0
BRDA:48,8,1,0
BRDA:52,9,0,0
BRDA:52,9,1,0
BRDA:60,10,0,0
BRDA:60,10,1,0
BRDA:68,11,0,0
BRDA:68,11,1,0
BRDA:69,12,0,0
BRDA:69,12,1,0
BRDA:69,13,0,0
BRDA:69,13,1,0
BRDA:84,14,0,0
BRDA:84,14,1,0
BRDA:85,15,0,0
BRDA:85,15,1,0
BRDA:85,16,0,0
BRDA:85,16,1,0
BRDA:90,17,0,0
BRDA:90,17,1,0
BRDA:90,18,0,0
BRDA:90,18,1,0
BRDA:96,19,0,0
BRDA:96,19,1,0
BRDA:98,20,0,0
BRDA:98,20,1,0
BRDA:101,21,0,0
BRDA:101,21,1,0
BRDA:102,22,0,0
BRDA:102,22,1,0
BRDA:110,23,0,0
BRDA:110,23,1,0
BRDA:112,24,0,0
BRDA:112,24,1,0
BRDA:116,25,0,0
BRDA:116,25,1,0
BRDA:119,26,0,0
BRDA:119,26,1,0
BRDA:120,27,0,0
BRDA:120,27,1,0
BRDA:129,28,0,0
BRDA:129,28,1,0
BRDA:129,29,0,0
BRDA:129,29,1,0
BRDA:138,30,0,0
BRDA:138,30,1,0
BRDA:140,31,0,0
BRDA:140,31,1,0
BRDA:160,32,0,0
BRDA:160,32,1,0
BRDA:161,33,0,0
BRDA:161,33,1,0
BRDA:161,34,0,0
BRDA:161,34,1,0
BRDA:163,35,0,0
BRDA:163,35,1,0
BRDA:171,36,0,0
BRDA:171,36,1,0
BRDA:174,37,0,0
BRDA:174,37,1,0
BRDA:178,38,0,0
BRDA:178,38,1,0
BRDA:178,39,0,0
BRDA:178,39,1,0
BRDA:181,40,0,0
BRDA:181,40,1,0
BRDA:181,41,0,0
BRDA:181,41,1,0
BRDA:188,42,0,0
BRDA:188,42,1,0
BRDA:192,43,0,0
BRDA:192,43,1,0
BRDA:197,44,0,0
BRDA:197,44,1,0
BRDA:203,45,0,0
BRDA:203,45,1,0
BRDA:203,46,0,0
BRDA:203,46,1,0
BRDA:207,47,0,0
BRDA:207,47,1,0
BRDA:208,48,0,0
BRDA:208,48,1,0
BRDA:219,49,0,0
BRDA:219,49,1,0
BRDA:220,50,0,0
BRDA:220,50,1,0
BRDA:222,51,0,0
BRDA:222,51,1,0
BRDA:231,52,0,0
BRDA:231,52,1,0
BRDA:231,53,0,0
BRDA:231,53,1,0
BRDA:232,54,0,0
BRDA:232,54,1,0
BRDA:240,55,0,0
BRDA:240,55,1,0
BRDA:264,56,0,0
BRDA:264,56,1,0
BRDA:266,57,0,0
BRDA:266,57,1,0
BRDA:267,58,0,0
BRDA:267,58,1,0
BRDA:270,59,0,0
BRDA:270,59,1,0
BRDA:273,60,0,0
BRDA:273,60,1,0
BRDA:276,61,0,0
BRDA:276,61,1,0
BRDA:276,62,0,0
BRDA:276,62,1,0
BRDA:279,63,0,0
BRDA:279,63,1,0
BRDA:279,64,0,0
BRDA:279,64,1,0
BRDA:286,65,0,0
BRDA:286,65,1,0
BRDA:286,66,0,0
BRDA:286,66,1,0
BRDA:292,67,0,0
BRDA:292,67,1,0
BRDA:292,68,0,0
BRDA:292,68,1,0
BRDA:298,69,0,0
BRDA:298,69,1,0
BRDA:299,70,0,0
BRDA:299,70,1,0
BRDA:302,71,0,0
BRDA:302,71,1,0
BRDA:309,72,0,0
BRDA:309,72,1,0
BRDA:310,73,0,0
BRDA:310,73,1,0
BRDA:322,74,0,0
BRDA:322,74,1,0
BRDA:330,75,0,0
BRDA:330,75,1,0
BRF:152
BRH:0
end_of_record
TN:
SF:src\routes\recurringBills.routes.js
FN:8,registerRecurringBillsRoutes
FN:9,(anonymous_1)
FN:18,(anonymous_2)
FN:32,(anonymous_3)
FN:42,(anonymous_4)
FN:58,(anonymous_5)
FN:73,(anonymous_6)
FN:85,(anonymous_7)
FN:93,(anonymous_8)
FN:114,(anonymous_9)
FN:169,(anonymous_10)
FNF:11
FNH:0
FNDA:0,registerRecurringBillsRoutes
FNDA:0,(anonymous_1)
FNDA:0,(anonymous_2)
FNDA:0,(anonymous_3)
FNDA:0,(anonymous_4)
FNDA:0,(anonymous_5)
FNDA:0,(anonymous_6)
FNDA:0,(anonymous_7)
FNDA:0,(anonymous_8)
FNDA:0,(anonymous_9)
FNDA:0,(anonymous_10)
DA:8,0
DA:9,0
DA:10,0
DA:11,0
DA:13,0
DA:14,0
DA:15,0
DA:18,0
DA:19,0
DA:20,0
DA:21,0
DA:23,0
DA:24,0
DA:27,0
DA:33,0
DA:34,0
DA:35,0
DA:37,0
DA:38,0
DA:39,0
DA:42,0
DA:43,0
DA:44,0
DA:45,0
DA:47,0
DA:48,0
DA:49,0
DA:51,0
DA:52,0
DA:54,0
DA:55,0
DA:58,0
DA:59,0
DA:60,0
DA:61,0
DA:63,0
DA:65,0
DA:66,0
DA:73,0
DA:74,0
DA:75,0
DA:76,0
DA:79,0
DA:80,0
DA:81,0
DA:84,0
DA:85,0
DA:86,0
DA:87,0
DA:88,0
DA:89,0
DA:93,0
DA:94,0
DA:95,0
DA:96,0
DA:97,0
DA:99,0
DA:100,0
DA:101,0
DA:111,0
DA:114,0
DA:117,0
DA:118,0
DA:121,0
DA:124,0
DA:125,0
DA:127,0
DA:131,0
DA:132,0
DA:133,0
DA:134,0
DA:136,0
DA:139,0
DA:140,0
DA:145,0
DA:146,0
DA:147,0
DA:149,0
DA:152,0
DA:153,0
DA:160,0
DA:169,0
DA:170,0
DA:175,0
DA:185,0
LF:85
LH:0
BRDA:10,0,0,0
BRDA:10,0,1,0
BRDA:20,1,0,0
BRDA:20,1,1,0
BRDA:20,2,0,0
BRDA:20,2,1,0
BRDA:34,3,0,0
BRDA:34,3,1,0
BRDA:34,4,0,0
BRDA:34,4,1,0
BRDA:44,5,0,0
BRDA:44,5,1,0
BRDA:44,6,0,0
BRDA:44,6,1,0
BRDA:47,7,0,0
BRDA:47,7,1,0
BRDA:48,8,0,0
BRDA:48,8,1,0
BRDA:48,9,0,0
BRDA:48,9,1,0
BRDA:52,10,0,0
BRDA:52,10,1,0
BRDA:54,11,0,0
BRDA:54,11,1,0
BRDA:60,12,0,0
BRDA:60,12,1,0
BRDA:60,13,0,0
BRDA:60,13,1,0
BRDA:65,14,0,0
BRDA:65,14,1,0
BRDA:75,15,0,0
BRDA:75,15,1,0
BRDA:75,16,0,0
BRDA:75,16,1,0
BRDA:79,17,0,0
BRDA:79,17,1,0
BRDA:80,18,0,0
BRDA:80,18,1,0
BRDA:87,19,0,0
BRDA:87,19,1,0
BRDA:87,20,0,0
BRDA:87,20,1,0
BRDA:93,21,0,0
BRDA:93,21,1,0
BRDA:94,22,0,0
BRDA:94,22,1,0
BRDA:95,23,0,0
BRDA:95,23,1,0
BRDA:96,24,0,0
BRDA:96,24,1,0
BRDA:96,25,0,0
BRDA:96,25,1,0
BRDA:96,25,2,0
BRDA:100,26,0,0
BRDA:100,26,1,0
BRDA:105,27,0,0
BRDA:105,27,1,0
BRDA:106,28,0,0
BRDA:106,28,1,0
BRDA:107,29,0,0
BRDA:107,29,1,0
BRDA:118,30,0,0
BRDA:118,30,1,0
BRDA:124,31,0,0
BRDA:124,31,1,0
BRDA:124,32,0,0
BRDA:124,32,1,0
BRDA:131,33,0,0
BRDA:131,33,1,0
BRDA:132,34,0,0
BRDA:132,34,1,0
BRDA:133,35,0,0
BRDA:133,35,1,0
BRDA:145,36,0,0
BRDA:145,36,1,0
BRDA:146,37,0,0
BRDA:146,37,1,0
BRDA:175,38,0,0
BRDA:175,38,1,0
BRDA:182,39,0,0
BRDA:182,39,1,0
BRDA:187,40,0,0
BRDA:187,40,1,0
BRDA:191,41,0,0
BRDA:191,41,1,0
BRF:85
BRH:0
end_of_record
TN:
SF:src\routes\shop.routes.js
FN:9,registerShopRoutes
FN:26,(anonymous_1)
FN:31,(anonymous_2)
FN:60,(anonymous_3)
FN:62,(anonymous_4)
FN:63,(anonymous_5)
FN:154,(anonymous_6)
FN:174,(anonymous_7)
FN:182,(anonymous_8)
FN:204,(anonymous_9)
FN:274,(anonymous_10)
FN:294,(anonymous_11)
FN:369,(anonymous_12)
FN:436,(anonymous_13)
FN:486,(anonymous_14)
FN:537,(anonymous_15)
FN:561,(anonymous_16)
FN:620,(anonymous_17)
FNF:18
FNH:0
FNDA:0,registerShopRoutes
FNDA:0,(anonymous_1)
FNDA:0,(anonymous_2)
FNDA:0,(anonymous_3)
FNDA:0,(anonymous_4)
FNDA:0,(anonymous_5)
FNDA:0,(anonymous_6)
FNDA:0,(anonymous_7)
FNDA:0,(anonymous_8)
FNDA:0,(anonymous_9)
FNDA:0,(anonymous_10)
FNDA:0,(anonymous_11)
FNDA:0,(anonymous_12)
FNDA:0,(anonymous_13)
FNDA:0,(anonymous_14)
FNDA:0,(anonymous_15)
FNDA:0,(anonymous_16)
FNDA:0,(anonymous_17)
DA:1,0
DA:9,0
DA:26,0
DA:27,0
DA:28,0
DA:31,0
DA:32,0
DA:33,0
DA:34,0
DA:36,0
DA:38,0
DA:39,0
DA:42,0
DA:43,0
DA:44,0
DA:45,0
DA:47,0
DA:48,0
DA:50,0
DA:51,0
DA:53,0
DA:54,0
DA:58,0
DA:59,0
DA:60,0
DA:62,0
DA:63,0
DA:65,0
DA:66,0
DA:67,0
DA:77,0
DA:78,0
DA:79,0
DA:80,0
DA:87,0
DA:89,0
DA:90,0
DA:95,0
DA:102,0
DA:103,0
DA:106,0
DA:109,0
DA:110,0
DA:113,0
DA:114,0
DA:117,0
DA:119,0
DA:120,0
DA:121,0
DA:122,0
DA:123,0
DA:124,0
DA:128,0
DA:129,0
DA:130,0
DA:131,0
DA:132,0
DA:133,0
DA:134,0
DA:136,0
DA:139,0
DA:140,0
DA:142,0
DA:146,0
DA:156,0
DA:176,0
DA:177,0
DA:178,0
DA:182,0
DA:186,0
DA:187,0
DA:188,0
DA:189,0
DA:190,0
DA:198,0
DA:204,0
DA:205,0
DA:206,0
DA:216,0
DA:235,0
DA:236,0
DA:237,0
DA:238,0
DA:239,0
DA:240,0
DA:241,0
DA:242,0
DA:246,0
DA:247,0
DA:248,0
DA:249,0
DA:250,0
DA:251,0
DA:252,0
DA:254,0
DA:256,0
DA:258,0
DA:266,0
DA:276,0
DA:296,0
DA:297,0
DA:298,0
DA:299,0
DA:301,0
DA:303,0
DA:304,0
DA:305,0
DA:306,0
DA:308,0
DA:311,0
DA:312,0
DA:313,0
DA:316,0
DA:319,0
DA:320,0
DA:324,0
DA:328,0
DA:330,0
DA:331,0
DA:332,0
DA:338,0
DA:342,0
DA:343,0
DA:344,0
DA:345,0
DA:352,0
DA:355,0
DA:357,0
DA:362,0
DA:365,0
DA:368,0
DA:369,0
DA:370,0
DA:378,0
DA:379,0
DA:380,0
DA:386,0
DA:387,0
DA:391,0
DA:392,0
DA:393,0
DA:394,0
DA:395,0
DA:396,0
DA:397,0
DA:399,0
DA:401,0
DA:403,0
DA:404,0
DA:405,0
DA:414,0
DA:415,0
DA:416,0
DA:417,0
DA:418,0
DA:419,0
DA:420,0
DA:421,0
DA:422,0
DA:423,0
DA:424,0
DA:427,0
DA:439,0
DA:440,0
DA:443,0
DA:446,0
DA:447,0
DA:450,0
DA:451,0
DA:452,0
DA:454,0
DA:457,0
DA:458,0
DA:465,0
DA:466,0
DA:467,0
DA:469,0
DA:470,0
DA:471,0
DA:474,0
DA:475,0
DA:478,0
DA:479,0
DA:486,0
DA:487,0
DA:489,0
DA:490,0
DA:492,0
DA:493,0
DA:497,0
DA:499,0
DA:500,0
DA:504,0
DA:508,0
DA:512,0
DA:513,0
DA:518,0
DA:523,0
DA:524,0
DA:540,0
DA:544,0
DA:545,0
DA:546,0
DA:547,0
DA:548,0
DA:555,0
DA:561,0
DA:562,0
DA:563,0
DA:574,0
DA:575,0
DA:577,0
DA:582,0
DA:583,0
DA:585,0
DA:586,0
DA:587,0
DA:588,0
DA:589,0
DA:593,0
DA:600,0
DA:603,0
DA:620,0
DA:621,0
DA:622,0
DA:623,0
DA:625,0
DA:626,0
LF:228
LH:0
BRDA:36,0,0,0
BRDA:36,1,0,0
BRDA:36,2,0,0
BRDA:36,2,1,0
BRDA:38,3,0,0
BRDA:38,3,1,0
BRDA:38,4,0,0
BRDA:38,4,1,0
BRDA:38,4,2,0
BRDA:38,4,3,0
BRDA:38,4,4,0
BRDA:42,5,0,0
BRDA:42,5,1,0
BRDA:44,6,0,0
BRDA:44,6,1,0
BRDA:47,7,0,0
BRDA:47,7,1,0
BRDA:50,8,0,0
BRDA:50,8,1,0
BRDA:53,9,0,0
BRDA:53,9,1,0
BRDA:77,10,0,0
BRDA:77,10,1,0
BRDA:87,11,0,0
BRDA:87,11,1,0
BRDA:89,12,0,0
BRDA:89,12,1,0
BRDA:89,13,0,0
BRDA:89,13,1,0
BRDA:89,13,2,0
BRDA:109,14,0,0
BRDA:109,14,1,0
BRDA:113,15,0,0
BRDA:113,15,1,0
BRDA:119,16,0,0
BRDA:119,16,1,0
BRDA:122,17,0,0
BRDA:122,17,1,0
BRDA:123,18,0,0
BRDA:123,18,1,0
BRDA:128,19,0,0
BRDA:128,19,1,0
BRDA:128,20,0,0
BRDA:128,20,1,0
BRDA:130,21,0,0
BRDA:130,21,1,0
BRDA:130,22,0,0
BRDA:130,22,1,0
BRDA:131,23,0,0
BRDA:131,23,1,0
BRDA:131,24,0,0
BRDA:131,24,1,0
BRDA:133,25,0,0
BRDA:133,25,1,0
BRDA:133,26,0,0
BRDA:133,26,1,0
BRDA:176,27,0,0
BRDA:176,27,1,0
BRDA:193,28,0,0
BRDA:193,28,1,0
BRDA:193,29,0,0
BRDA:193,29,1,0
BRDA:193,29,2,0
BRDA:236,30,0,0
BRDA:236,30,1,0
BRDA:241,31,0,0
BRDA:241,31,1,0
BRDA:246,32,0,0
BRDA:246,32,1,0
BRDA:246,33,0,0
BRDA:246,33,1,0
BRDA:248,34,0,0
BRDA:248,34,1,0
BRDA:248,35,0,0
BRDA:248,35,1,0
BRDA:249,36,0,0
BRDA:249,36,1,0
BRDA:249,37,0,0
BRDA:249,37,1,0
BRDA:251,38,0,0
BRDA:251,38,1,0
BRDA:251,39,0,0
BRDA:251,39,1,0
BRDA:297,40,0,0
BRDA:297,40,1,0
BRDA:298,41,0,0
BRDA:298,41,1,0
BRDA:298,42,0,0
BRDA:298,42,1,0
BRDA:298,42,2,0
BRDA:304,43,0,0
BRDA:304,43,1,0
BRDA:305,44,0,0
BRDA:305,44,1,0
BRDA:305,45,0,0
BRDA:305,45,1,0
BRDA:305,45,2,0
BRDA:312,46,0,0
BRDA:312,46,1,0
BRDA:313,47,0,0
BRDA:313,47,1,0
BRDA:316,48,0,0
BRDA:316,48,1,0
BRDA:319,49,0,0
BRDA:319,49,1,0
BRDA:319,50,0,0
BRDA:319,50,1,0
BRDA:328,51,0,0
BRDA:328,51,1,0
BRDA:328,52,0,0
BRDA:328,52,1,0
BRDA:328,52,2,0
BRDA:342,53,0,0
BRDA:342,53,1,0
BRDA:355,54,0,0
BRDA:355,54,1,0
BRDA:357,55,0,0
BRDA:357,55,1,0
BRDA:357,56,0,0
BRDA:357,56,1,0
BRDA:362,57,0,0
BRDA:362,57,1,0
BRDA:368,58,0,0
BRDA:368,58,1,0
BRDA:368,59,0,0
BRDA:368,59,1,0
BRDA:391,60,0,0
BRDA:391,60,1,0
BRDA:391,61,0,0
BRDA:391,61,1,0
BRDA:393,62,0,0
BRDA:393,62,1,0
BRDA:393,63,0,0
BRDA:393,63,1,0
BRDA:394,64,0,0
BRDA:394,64,1,0
BRDA:394,65,0,0
BRDA:394,65,1,0
BRDA:396,66,0,0
BRDA:396,66,1,0
BRDA:396,67,0,0
BRDA:396,67,1,0
BRDA:415,68,0,0
BRDA:415,68,1,0
BRDA:416,69,0,0
BRDA:416,69,1,0
BRDA:431,70,0,0
BRDA:431,70,1,0
BRDA:439,71,0,0
BRDA:439,71,1,0
BRDA:446,72,0,0
BRDA:446,72,1,0
BRDA:447,73,0,0
BRDA:447,73,1,0
BRDA:489,74,0,0
BRDA:489,74,1,0
BRDA:489,75,0,0
BRDA:489,75,1,0
BRDA:492,76,0,0
BRDA:492,76,1,0
BRDA:499,77,0,0
BRDA:499,77,1,0
BRDA:516,78,0,0
BRDA:516,78,1,0
BRDA:523,79,0,0
BRDA:523,79,1,0
BRDA:529,80,0,0
BRDA:529,80,1,0
BRDA:529,81,0,0
BRDA:529,81,1,0
BRDA:551,82,0,0
BRDA:551,82,1,0
BRDA:551,83,0,0
BRDA:551,83,1,0
BRDA:551,83,2,0
BRDA:551,84,0,0
BRDA:551,84,1,0
BRDA:551,85,0,0
BRDA:551,85,1,0
BRDA:574,86,0,0
BRDA:574,86,1,0
BRDA:583,87,0,0
BRDA:583,87,1,0
BRDA:586,88,0,0
BRDA:586,88,1,0
BRDA:586,89,0,0
BRDA:586,89,1,0
BRDA:587,90,0,0
BRDA:587,90,1,0
BRDA:587,91,0,0
BRDA:587,91,1,0
BRDA:588,92,0,0
BRDA:588,92,1,0
BRDA:589,93,0,0
BRDA:589,93,1,0
BRDA:595,94,0,0
BRDA:595,94,1,0
BRDA:611,95,0,0
BRDA:611,95,1,0
BRDA:614,96,0,0
BRDA:614,96,1,0
BRDA:622,97,0,0
BRDA:622,97,1,0
BRDA:622,98,0,0
BRDA:622,98,1,0
BRF:205
BRH:0
end_of_record
TN:
SF:src\routes\subscriptions.routes.js
FN:8,registerSubscriptionsRoutes
FN:22,(anonymous_1)
FN:28,(anonymous_2)
FN:36,(anonymous_3)
FN:46,(anonymous_4)
FN:55,(anonymous_5)
FN:76,(anonymous_6)
FNF:7
FNH:0
FNDA:0,registerSubscriptionsRoutes
FNDA:0,(anonymous_1)
FNDA:0,(anonymous_2)
FNDA:0,(anonymous_3)
FNDA:0,(anonymous_4)
FNDA:0,(anonymous_5)
FNDA:0,(anonymous_6)
DA:8,0
DA:22,0
DA:23,0
DA:24,0
DA:25,0
DA:28,0
DA:29,0
DA:30,0
DA:31,0
DA:32,0
DA:33,0
DA:36,0
DA:37,0
DA:38,0
DA:39,0
DA:40,0
DA:41,0
DA:42,0
DA:46,0
DA:47,0
DA:48,0
DA:49,0
DA:51,0
DA:52,0
DA:55,0
DA:56,0
DA:57,0
DA:58,0
DA:60,0
DA:61,0
DA:62,0
DA:65,0
DA:66,0
DA:67,0
DA:68,0
DA:71,0
DA:72,0
DA:73,0
DA:76,0
DA:77,0
DA:78,0
DA:79,0
DA:81,0
DA:82,0
DA:83,0
DA:87,0
DA:88,0
DA:89,0
DA:90,0
DA:91,0
DA:92,0
DA:96,0
DA:97,0
LF:53
LH:0
BRDA:29,0,0,0
BRDA:29,0,1,0
BRDA:30,1,0,0
BRDA:30,1,1,0
BRDA:30,2,0,0
BRDA:30,2,1,0
BRDA:41,3,0,0
BRDA:41,3,1,0
BRDA:48,4,0,0
BRDA:48,4,1,0
BRDA:48,5,0,0
BRDA:48,5,1,0
BRDA:57,6,0,0
BRDA:57,6,1,0
BRDA:57,7,0,0
BRDA:57,7,1,0
BRDA:60,8,0,0
BRDA:60,8,1,0
BRDA:62,9,0,0
BRDA:62,9,1,0
BRDA:66,10,0,0
BRDA:66,10,1,0
BRDA:67,11,0,0
BRDA:67,11,1,0
BRDA:67,12,0,0
BRDA:67,12,1,0
BRDA:67,12,2,0
BRDA:78,13,0,0
BRDA:78,13,1,0
BRDA:78,14,0,0
BRDA:78,14,1,0
BRDA:82,15,0,0
BRDA:82,15,1,0
BRDA:83,16,0,0
BRDA:83,16,1,0
BRDA:83,17,0,0
BRDA:83,17,1,0
BRDA:88,18,0,0
BRDA:88,18,1,0
BRDA:90,19,0,0
BRDA:90,19,1,0
BRF:41
BRH:0
end_of_record
TN:
SF:src\routes\users.routes.js
FN:8,registerUsersRoutes
FNF:1
FNH:0
FNDA:0,registerUsersRoutes
DA:8,0
DA:9,0
DA:10,0
DA:12,0
DA:14,0
DA:15,0
DA:18,0
DA:19,0
DA:21,0
DA:24,0
DA:25,0
DA:27,0
LF:12
LH:0
BRF:0
BRH:0
end_of_record
TN:
SF:src\routes\admin\notifications.routes.js
FN:7,registerAdminNotificationsRoutes
FN:18,asyncHandlerRoute
FN:19,(anonymous_2)
FNF:3
FNH:0
FNDA:0,registerAdminNotificationsRoutes
FNDA:0,asyncHandlerRoute
FNDA:0,(anonymous_2)
DA:7,0
DA:13,0
DA:14,0
DA:15,0
DA:19,0
LF:5
LH:0
BRF:0
BRH:0
end_of_record
TN:
SF:src\routes\admin\users.routes.js
FN:9,registerAdminUsersRoutes
FNF:1
FNH:0
FNDA:0,registerAdminUsersRoutes
DA:9,0
DA:10,0
DA:11,0
DA:12,0
DA:13,0
DA:14,0
DA:15,0
DA:16,0
DA:17,0
DA:18,0
DA:19,0
DA:20,0
DA:21,0
DA:22,0
DA:23,0
LF:15
LH:0
BRF:0
BRH:0
end_of_record
TN:
SF:src\services\transactionService.js
FN:12,createTransactionService
FN:19,applyTransactionCancellation
FNF:2
FNH:0
FNDA:0,createTransactionService
FNDA:0,applyTransactionCancellation
DA:12,0
DA:20,0
DA:21,0
DA:22,0
DA:24,0
DA:26,0
DA:27,0
DA:28,0
DA:30,0
DA:31,0
DA:32,0
DA:33,0
DA:34,0
DA:35,0
DA:36,0
DA:37,0
DA:40,0
DA:41,0
DA:44,0
DA:47,0
LF:20
LH:0
BRDA:22,0,0,0
BRDA:22,0,1,0
BRDA:30,1,0,0
BRDA:30,1,1,0
BRDA:32,2,0,0
BRDA:32,2,1,0
BRDA:35,3,0,0
BRDA:35,3,1,0
BRF:8
BRH:0
end_of_record
